<?xml version="1.0" encoding="UTF-8"?>
<testsuite xmlns:xsi="http://www.w3.org/2001/XMLSchema-instance" xsi:noNamespaceSchemaLocation="https://maven.apache.org/surefire/maven-surefire-plugin/xsd/surefire-test-report.xsd" version="3.0.2" name="TestSuite" time="141.245" tests="5" errors="0" skipped="0" failures="1">
  <properties>
    <property name="java.specification.version" value="22"/>
    <property name="sun.cpu.isalist" value="amd64"/>
    <property name="sun.jnu.encoding" value="Cp1252"/>
    <property name="java.class.path" value="C:\Users\HOME\OneDrive\Desktop\Appium\AppiumFrameWorkDesign\target\test-classes;C:\Users\HOME\OneDrive\Desktop\Appium\AppiumFrameWorkDesign\target\classes;C:\Users\HOME\.m2\repository\io\appium\java-client\9.2.3\java-client-9.2.3.jar;C:\Users\HOME\.m2\repository\org\seleniumhq\selenium\selenium-api\4.23.0\selenium-api-4.23.0.jar;C:\Users\HOME\.m2\repository\org\seleniumhq\selenium\selenium-remote-driver\4.23.0\selenium-remote-driver-4.23.0.jar;C:\Users\HOME\.m2\repository\io\opentelemetry\semconv\opentelemetry-semconv\1.25.0-alpha\opentelemetry-semconv-1.25.0-alpha.jar;C:\Users\HOME\.m2\repository\io\opentelemetry\opentelemetry-api\1.40.0\opentelemetry-api-1.40.0.jar;C:\Users\HOME\.m2\repository\io\opentelemetry\opentelemetry-context\1.40.0\opentelemetry-context-1.40.0.jar;C:\Users\HOME\.m2\repository\io\opentelemetry\opentelemetry-exporter-logging\1.40.0\opentelemetry-exporter-logging-1.40.0.jar;C:\Users\HOME\.m2\repository\io\opentelemetry\opentelemetry-sdk-common\1.40.0\opentelemetry-sdk-common-1.40.0.jar;C:\Users\HOME\.m2\repository\io\opentelemetry\opentelemetry-sdk-extension-autoconfigure-spi\1.40.0\opentelemetry-sdk-extension-autoconfigure-spi-1.40.0.jar;C:\Users\HOME\.m2\repository\io\opentelemetry\opentelemetry-sdk-extension-autoconfigure\1.40.0\opentelemetry-sdk-extension-autoconfigure-1.40.0.jar;C:\Users\HOME\.m2\repository\io\opentelemetry\opentelemetry-api-incubator\1.40.0-alpha\opentelemetry-api-incubator-1.40.0-alpha.jar;C:\Users\HOME\.m2\repository\io\opentelemetry\opentelemetry-sdk-trace\1.40.0\opentelemetry-sdk-trace-1.40.0.jar;C:\Users\HOME\.m2\repository\io\opentelemetry\opentelemetry-sdk\1.40.0\opentelemetry-sdk-1.40.0.jar;C:\Users\HOME\.m2\repository\io\opentelemetry\opentelemetry-sdk-metrics\1.40.0\opentelemetry-sdk-metrics-1.40.0.jar;C:\Users\HOME\.m2\repository\io\opentelemetry\opentelemetry-sdk-logs\1.40.0\opentelemetry-sdk-logs-1.40.0.jar;C:\Users\HOME\.m2\repository\org\seleniumhq\selenium\selenium-http\4.23.0\selenium-http-4.23.0.jar;C:\Users\HOME\.m2\repository\dev\failsafe\failsafe\3.3.2\failsafe-3.3.2.jar;C:\Users\HOME\.m2\repository\org\seleniumhq\selenium\selenium-manager\4.23.0\selenium-manager-4.23.0.jar;C:\Users\HOME\.m2\repository\org\seleniumhq\selenium\selenium-os\4.23.0\selenium-os-4.23.0.jar;C:\Users\HOME\.m2\repository\org\apache\commons\commons-exec\1.4.0\commons-exec-1.4.0.jar;C:\Users\HOME\.m2\repository\com\google\code\gson\gson\2.11.0\gson-2.11.0.jar;C:\Users\HOME\.m2\repository\com\google\errorprone\error_prone_annotations\2.27.0\error_prone_annotations-2.27.0.jar;C:\Users\HOME\.m2\repository\org\slf4j\slf4j-api\2.0.13\slf4j-api-2.0.13.jar;C:\Users\HOME\.m2\repository\commons-io\commons-io\2.16.1\commons-io-2.16.1.jar;C:\Users\HOME\.m2\repository\com\aventstack\extentreports\5.1.2\extentreports-5.1.2.jar;C:\Users\HOME\.m2\repository\io\reactivex\rxjava3\rxjava\3.1.6\rxjava-3.1.6.jar;C:\Users\HOME\.m2\repository\org\reactivestreams\reactive-streams\1.0.4\reactive-streams-1.0.4.jar;C:\Users\HOME\.m2\repository\org\freemarker\freemarker\2.3.32\freemarker-2.3.32.jar;C:\Users\HOME\.m2\repository\org\projectlombok\lombok\1.18.26\lombok-1.18.26.jar;C:\Users\HOME\.m2\repository\com\fasterxml\jackson\core\jackson-databind\2.17.2\jackson-databind-2.17.2.jar;C:\Users\HOME\.m2\repository\com\fasterxml\jackson\core\jackson-annotations\2.17.2\jackson-annotations-2.17.2.jar;C:\Users\HOME\.m2\repository\com\fasterxml\jackson\core\jackson-core\2.17.2\jackson-core-2.17.2.jar;C:\Users\HOME\.m2\repository\org\testng\testng\7.10.2\testng-7.10.2.jar;C:\Users\HOME\.m2\repository\com\beust\jcommander\1.82\jcommander-1.82.jar;C:\Users\HOME\.m2\repository\org\webjars\jquery\3.7.1\jquery-3.7.1.jar;C:\Users\HOME\.m2\repository\org\seleniumhq\selenium\selenium-support\4.23.0\selenium-support-4.23.0.jar;C:\Users\HOME\.m2\repository\com\google\auto\service\auto-service-annotations\1.1.1\auto-service-annotations-1.1.1.jar;C:\Users\HOME\.m2\repository\com\google\guava\guava\33.2.1-jre\guava-33.2.1-jre.jar;C:\Users\HOME\.m2\repository\com\google\guava\failureaccess\1.0.2\failureaccess-1.0.2.jar;C:\Users\HOME\.m2\repository\com\google\guava\listenablefuture\9999.0-empty-to-avoid-conflict-with-guava\listenablefuture-9999.0-empty-to-avoid-conflict-with-guava.jar;C:\Users\HOME\.m2\repository\com\google\code\findbugs\jsr305\3.0.2\jsr305-3.0.2.jar;C:\Users\HOME\.m2\repository\org\checkerframework\checker-qual\3.42.0\checker-qual-3.42.0.jar;C:\Users\HOME\.m2\repository\com\google\j2objc\j2objc-annotations\3.0.0\j2objc-annotations-3.0.0.jar;C:\Users\HOME\.m2\repository\net\bytebuddy\byte-buddy\1.14.18\byte-buddy-1.14.18.jar;C:\Users\HOME\.m2\repository\org\seleniumhq\selenium\selenium-json\4.23.0\selenium-json-4.23.0.jar;"/>
    <property name="java.vm.vendor" value="Oracle Corporation"/>
    <property name="sun.arch.data.model" value="64"/>
    <property name="user.variant" value=""/>
    <property name="java.vendor.url" value="https://java.oracle.com/"/>
    <property name="user.timezone" value="Asia/Calcutta"/>
    <property name="os.name" value="Windows 11"/>
    <property name="java.vm.specification.version" value="22"/>
    <property name="sun.java.launcher" value="SUN_STANDARD"/>
    <property name="user.country" value="IN"/>
    <property name="sun.boot.library.path" value="C:\Program Files\Java\jdk-22\bin"/>
    <property name="sun.java.command" value="C:\Users\HOME\AppData\Local\Temp\surefire7256561800002179348\surefirebooter-20240806153154244_3.jar C:\Users\HOME\AppData\Local\Temp\surefire7256561800002179348 2024-08-06T15-31-54_074-jvmRun1 surefire-20240806153154244_1tmp surefire_0-20240806153154244_2tmp"/>
    <property name="jdk.debug" value="release"/>
    <property name="surefire.test.class.path" value="C:\Users\HOME\OneDrive\Desktop\Appium\AppiumFrameWorkDesign\target\test-classes;C:\Users\HOME\OneDrive\Desktop\Appium\AppiumFrameWorkDesign\target\classes;C:\Users\HOME\.m2\repository\io\appium\java-client\9.2.3\java-client-9.2.3.jar;C:\Users\HOME\.m2\repository\org\seleniumhq\selenium\selenium-api\4.23.0\selenium-api-4.23.0.jar;C:\Users\HOME\.m2\repository\org\seleniumhq\selenium\selenium-remote-driver\4.23.0\selenium-remote-driver-4.23.0.jar;C:\Users\HOME\.m2\repository\io\opentelemetry\semconv\opentelemetry-semconv\1.25.0-alpha\opentelemetry-semconv-1.25.0-alpha.jar;C:\Users\HOME\.m2\repository\io\opentelemetry\opentelemetry-api\1.40.0\opentelemetry-api-1.40.0.jar;C:\Users\HOME\.m2\repository\io\opentelemetry\opentelemetry-context\1.40.0\opentelemetry-context-1.40.0.jar;C:\Users\HOME\.m2\repository\io\opentelemetry\opentelemetry-exporter-logging\1.40.0\opentelemetry-exporter-logging-1.40.0.jar;C:\Users\HOME\.m2\repository\io\opentelemetry\opentelemetry-sdk-common\1.40.0\opentelemetry-sdk-common-1.40.0.jar;C:\Users\HOME\.m2\repository\io\opentelemetry\opentelemetry-sdk-extension-autoconfigure-spi\1.40.0\opentelemetry-sdk-extension-autoconfigure-spi-1.40.0.jar;C:\Users\HOME\.m2\repository\io\opentelemetry\opentelemetry-sdk-extension-autoconfigure\1.40.0\opentelemetry-sdk-extension-autoconfigure-1.40.0.jar;C:\Users\HOME\.m2\repository\io\opentelemetry\opentelemetry-api-incubator\1.40.0-alpha\opentelemetry-api-incubator-1.40.0-alpha.jar;C:\Users\HOME\.m2\repository\io\opentelemetry\opentelemetry-sdk-trace\1.40.0\opentelemetry-sdk-trace-1.40.0.jar;C:\Users\HOME\.m2\repository\io\opentelemetry\opentelemetry-sdk\1.40.0\opentelemetry-sdk-1.40.0.jar;C:\Users\HOME\.m2\repository\io\opentelemetry\opentelemetry-sdk-metrics\1.40.0\opentelemetry-sdk-metrics-1.40.0.jar;C:\Users\HOME\.m2\repository\io\opentelemetry\opentelemetry-sdk-logs\1.40.0\opentelemetry-sdk-logs-1.40.0.jar;C:\Users\HOME\.m2\repository\org\seleniumhq\selenium\selenium-http\4.23.0\selenium-http-4.23.0.jar;C:\Users\HOME\.m2\repository\dev\failsafe\failsafe\3.3.2\failsafe-3.3.2.jar;C:\Users\HOME\.m2\repository\org\seleniumhq\selenium\selenium-manager\4.23.0\selenium-manager-4.23.0.jar;C:\Users\HOME\.m2\repository\org\seleniumhq\selenium\selenium-os\4.23.0\selenium-os-4.23.0.jar;C:\Users\HOME\.m2\repository\org\apache\commons\commons-exec\1.4.0\commons-exec-1.4.0.jar;C:\Users\HOME\.m2\repository\com\google\code\gson\gson\2.11.0\gson-2.11.0.jar;C:\Users\HOME\.m2\repository\com\google\errorprone\error_prone_annotations\2.27.0\error_prone_annotations-2.27.0.jar;C:\Users\HOME\.m2\repository\org\slf4j\slf4j-api\2.0.13\slf4j-api-2.0.13.jar;C:\Users\HOME\.m2\repository\commons-io\commons-io\2.16.1\commons-io-2.16.1.jar;C:\Users\HOME\.m2\repository\com\aventstack\extentreports\5.1.2\extentreports-5.1.2.jar;C:\Users\HOME\.m2\repository\io\reactivex\rxjava3\rxjava\3.1.6\rxjava-3.1.6.jar;C:\Users\HOME\.m2\repository\org\reactivestreams\reactive-streams\1.0.4\reactive-streams-1.0.4.jar;C:\Users\HOME\.m2\repository\org\freemarker\freemarker\2.3.32\freemarker-2.3.32.jar;C:\Users\HOME\.m2\repository\org\projectlombok\lombok\1.18.26\lombok-1.18.26.jar;C:\Users\HOME\.m2\repository\com\fasterxml\jackson\core\jackson-databind\2.17.2\jackson-databind-2.17.2.jar;C:\Users\HOME\.m2\repository\com\fasterxml\jackson\core\jackson-annotations\2.17.2\jackson-annotations-2.17.2.jar;C:\Users\HOME\.m2\repository\com\fasterxml\jackson\core\jackson-core\2.17.2\jackson-core-2.17.2.jar;C:\Users\HOME\.m2\repository\org\testng\testng\7.10.2\testng-7.10.2.jar;C:\Users\HOME\.m2\repository\com\beust\jcommander\1.82\jcommander-1.82.jar;C:\Users\HOME\.m2\repository\org\webjars\jquery\3.7.1\jquery-3.7.1.jar;C:\Users\HOME\.m2\repository\org\seleniumhq\selenium\selenium-support\4.23.0\selenium-support-4.23.0.jar;C:\Users\HOME\.m2\repository\com\google\auto\service\auto-service-annotations\1.1.1\auto-service-annotations-1.1.1.jar;C:\Users\HOME\.m2\repository\com\google\guava\guava\33.2.1-jre\guava-33.2.1-jre.jar;C:\Users\HOME\.m2\repository\com\google\guava\failureaccess\1.0.2\failureaccess-1.0.2.jar;C:\Users\HOME\.m2\repository\com\google\guava\listenablefuture\9999.0-empty-to-avoid-conflict-with-guava\listenablefuture-9999.0-empty-to-avoid-conflict-with-guava.jar;C:\Users\HOME\.m2\repository\com\google\code\findbugs\jsr305\3.0.2\jsr305-3.0.2.jar;C:\Users\HOME\.m2\repository\org\checkerframework\checker-qual\3.42.0\checker-qual-3.42.0.jar;C:\Users\HOME\.m2\repository\com\google\j2objc\j2objc-annotations\3.0.0\j2objc-annotations-3.0.0.jar;C:\Users\HOME\.m2\repository\net\bytebuddy\byte-buddy\1.14.18\byte-buddy-1.14.18.jar;C:\Users\HOME\.m2\repository\org\seleniumhq\selenium\selenium-json\4.23.0\selenium-json-4.23.0.jar;"/>
    <property name="sun.cpu.endian" value="little"/>
    <property name="user.home" value="C:\Users\HOME"/>
    <property name="user.language" value="en"/>
    <property name="java.specification.vendor" value="Oracle Corporation"/>
    <property name="java.version.date" value="2024-07-16"/>
    <property name="java.home" value="C:\Program Files\Java\jdk-22"/>
    <property name="file.separator" value="\"/>
    <property name="basedir" value="C:\Users\HOME\OneDrive\Desktop\Appium\AppiumFrameWorkDesign"/>
    <property name="java.vm.compressedOopsMode" value="Zero based"/>
    <property name="line.separator" value="&#10;"/>
    <property name="java.vm.specification.vendor" value="Oracle Corporation"/>
    <property name="java.specification.name" value="Java Platform API Specification"/>
    <property name="surefire.real.class.path" value="C:\Users\HOME\AppData\Local\Temp\surefire7256561800002179348\surefirebooter-20240806153154244_3.jar"/>
    <property name="user.script" value=""/>
    <property name="sun.management.compiler" value="HotSpot 64-Bit Tiered Compilers"/>
    <property name="java.runtime.version" value="22.0.2+9-70"/>
    <property name="user.name" value="HOME"/>
    <property name="stdout.encoding" value="Cp1252"/>
    <property name="path.separator" value=";"/>
    <property name="os.version" value="10.0"/>
    <property name="java.runtime.name" value="Java(TM) SE Runtime Environment"/>
    <property name="file.encoding" value="UTF-8"/>
    <property name="java.vm.name" value="Java HotSpot(TM) 64-Bit Server VM"/>
    <property name="localRepository" value="C:\Users\HOME\.m2\repository"/>
    <property name="java.vendor.url.bug" value="https://bugreport.java.com/bugreport/"/>
    <property name="java.io.tmpdir" value="C:\Users\HOME\AppData\Local\Temp\"/>
    <property name="java.version" value="22.0.2"/>
    <property name="user.dir" value="C:\Users\HOME\OneDrive\Desktop\Appium\AppiumFrameWorkDesign"/>
    <property name="os.arch" value="amd64"/>
    <property name="java.vm.specification.name" value="Java Virtual Machine Specification"/>
    <property name="sun.os.patch.level" value=""/>
    <property name="native.encoding" value="Cp1252"/>
    <property name="java.library.path" value="C:\Program Files\Java\jdk-22\bin;C:\WINDOWS\Sun\Java\bin;C:\WINDOWS\system32;C:\WINDOWS;C:\Program Files\Common Files\Oracle\Java\javapath;C:\WINDOWS\system32;C:\WINDOWS;C:\WINDOWS\System32\Wbem;C:\WINDOWS\System32\WindowsPowerShell\v1.0\;C:\WINDOWS\System32\OpenSSH\;C:\Program Files\Java\jdk-22\bin;C:\Program Files\nodejs\;C:\Users\HOME\AppData\Local\Android\Sdk\tools;C:\Users\HOME\AppData\Local\Android\Sdk\tools\bin;C:\Users\HOME\AppData\Local\Android\Sdk\platform-tools;C:\Program Files\nodejs\node_modules\npm\bin;C:\Program Files\Maven\apache-maven-3.9.8\bin;C:\Users\HOME\AppData\Local\Microsoft\WindowsApps;C:\Users\HOME\AppData\Roaming\npm;;."/>
    <property name="java.vm.info" value="mixed mode, sharing"/>
    <property name="stderr.encoding" value="Cp1252"/>
    <property name="java.vendor" value="Oracle Corporation"/>
    <property name="java.vm.version" value="22.0.2+9-70"/>
    <property name="sun.io.unicode.encoding" value="UnicodeLittle"/>
    <property name="java.class.version" value="66.0"/>
  </properties>
  <testcase name="ecommerce_Test3_switch_from_Apps_to_Webbrowser" classname="Pranavraj.AppiumFrameWorkDesign.eCommerceWithoutPageObject" time="23.089">
    <system-out><![CDATA[&amp#27;[38;5;112m[Appium]&amp#27;[0m Welcome to Appium v2.11.2
&amp#27;[38;5;112m[Appium]&amp#27;[0m The autodetected Appium home path: C:\Users\HOME\.appium
&amp#27;[38;5;112m[Appium]&amp#27;[0m Attempting to load driver uiautomator2...
&amp#27;[38;5;112m[Appium]&amp#27;[0m Requiring driver at C:\Users\HOME\.appium\node_modules\appium-uiautomator2-driver\build\index.js
&amp#27;[38;5;112m[Appium]&amp#27;[0m AndroidUiautomator2Driver has been successfully loaded in 0.805s
&amp#27;[38;5;112m[Appium]&amp#27;[0m Appium REST http interface listener started on http://0.0.0.0:4723
&amp#27;[38;5;112m[Appium]&amp#27;[0m You can provide the following URLs in your client code to connect to this server:
	http://192.168.29.147:4723/
	http://127.0.0.1:4723/ (only accessible from the same host)
&amp#27;[38;5;112m[Appium]&amp#27;[0m Available drivers:
&amp#27;[38;5;112m[Appium]&amp#27;[0m   - uiautomator2@3.7.4 (automationName 'UiAutomator2')
&amp#27;[38;5;112m[Appium]&amp#27;[0m No plugins have been installed. Use the "appium plugin" command to install the one(s) you want to use.
&amp#27;[38;5;86m[HTTP]&amp#27;[0m &amp#27;[37m-->&amp#27;[39m &amp#27;[37mGET&amp#27;[39m &amp#27;[37m/status&amp#27;[39m &amp#27;[90m{}&amp#27;[39m
&amp#27;[38;5;56m[AppiumDriver@f9e2]&amp#27;[0m Calling AppiumDriver.getStatus() with args: []
&amp#27;[38;5;56m[AppiumDriver@f9e2]&amp#27;[0m Responding to client with driver.getStatus() result: {"ready":true,"message":"The server is ready to accept new connections","build":{"version":"2.11.2"}}
&amp#27;[38;5;86m[HTTP]&amp#27;[0m &amp#27;[37m<-- GET /status &amp#27;[39m&amp#27;[32m200&amp#27;[39m &amp#27;[90m6 ms - 111&amp#27;[39m &amp#27;[90m&amp#27;[39m
&amp#27;[38;5;86m[HTTP]&amp#27;[0m Request idempotency key: bce91e20-9759-4f0b-a221-ea718cb37739
&amp#27;[38;5;86m[HTTP]&amp#27;[0m &amp#27;[37m-->&amp#27;[39m &amp#27;[37mPOST&amp#27;[39m &amp#27;[37m/session&amp#27;[39m &amp#27;[90m{"capabilities":{"firstMatch":[{"appium:deviceName":"Lucky","platformName":"ANDROID","appium:automationName":"UIAutomator2","appium:app":"C:\\Users\\HOME\\OneDrive\\Desktop\\Appium\\AppiumFrameWorkDesign\\src\\main\\java\\Pranavraj\\AppiumFrameWorkDesign\\resources\\General-Store.apk"}]}}&amp#27;[39m
&amp#27;[38;5;56m[AppiumDriver@f9e2]&amp#27;[0m Calling AppiumDriver.createSession() with args: [null,null,{"firstMatch":[{"appium:deviceName":"Lucky","platformName":"ANDROID","appium:automationName":"UIAutomator2","appium:app":"C:\\Users\\HOME\\OneDrive\\Desktop\\Appium\\AppiumFrameWorkDesign\\src\\main\\java\\Pranavraj\\AppiumFrameWorkDesign\\resources\\General-Store.apk"}]}]
&amp#27;[38;5;56m[AppiumDriver@f9e2]&amp#27;[0m Event 'newSessionRequested' logged at 1722938518524 (15:31:58 GMT+0530 (India Standard Time))
&amp#27;[38;5;112m[Appium]&amp#27;[0m Attempting to find matching driver for automationName 'UIAutomator2' and platformName 'ANDROID'
&amp#27;[38;5;112m[Appium]&amp#27;[0m The 'uiautomator2' driver was installed and matched caps.
&amp#27;[38;5;112m[Appium]&amp#27;[0m Will require it at C:\Users\HOME\.appium\node_modules\appium-uiautomator2-driver
&amp#27;[38;5;112m[Appium]&amp#27;[0m Requiring driver at C:\Users\HOME\.appium\node_modules\appium-uiautomator2-driver\build\index.js
&amp#27;[38;5;56m[AppiumDriver@f9e2]&amp#27;[0m Appium v2.11.2 creating new AndroidUiautomator2Driver (v3.7.4) session
&amp#27;[38;5;56m[AppiumDriver@f9e2]&amp#27;[0m Checking BaseDriver versions for Appium and AndroidUiautomator2Driver
&amp#27;[38;5;56m[AppiumDriver@f9e2]&amp#27;[0m Appium's BaseDriver version is 9.11.2
&amp#27;[38;5;56m[AppiumDriver@f9e2]&amp#27;[0m AndroidUiautomator2Driver's BaseDriver version is 9.11.2
&amp#27;[38;5;9m[AndroidUiautomator2Driver@8dd2]&amp#27;[0m undefined
&amp#27;[38;5;9m[AndroidUiautomator2Driver@8dd2]&amp#27;[0m Creating session with W3C capabilities: {
  "alwaysMatch": {
    "platformName": "ANDROID",
    "appium:deviceName": "Lucky",
    "appium:automationName": "UIAutomator2",
    "appium:app": "C:\\Users\\HOME\\OneDrive\\Desktop\\Appium\\AppiumFrameWorkDesign\\src\\main\\java\\Pranavraj\\AppiumFrameWorkDesign\\resources\\General-Store.apk"
  },
  "firstMatch": [
    {}
  ]
}
&amp#27;[38;5;212m[c4148d3a]&amp#27;[0m&amp#27;[38;5;9m[AndroidUiautomator2Driver@8dd2]&amp#27;[0m Session created with session id: c4148d3a-cb7c-4a90-ac66-ac6537bcf08d
&amp#27;[38;5;212m[c4148d3a]&amp#27;[0m&amp#27;[38;5;229m[ADB]&amp#27;[0m Found 2 'build-tools' folders under 'C:\Users\HOME\AppData\Local\Android\Sdk' (newest first):
&amp#27;[38;5;212m[c4148d3a]&amp#27;[0m&amp#27;[38;5;229m[ADB]&amp#27;[0m     C:\Users\HOME\AppData\Local\Android\Sdk\build-tools\35.0.0
&amp#27;[38;5;212m[c4148d3a]&amp#27;[0m&amp#27;[38;5;229m[ADB]&amp#27;[0m     C:\Users\HOME\AppData\Local\Android\Sdk\build-tools\34.0.0
&amp#27;[38;5;212m[c4148d3a]&amp#27;[0m&amp#27;[38;5;229m[ADB]&amp#27;[0m Using 'adb.exe' from 'C:\Users\HOME\AppData\Local\Android\Sdk\platform-tools\adb.exe'
&amp#27;[38;5;212m[c4148d3a]&amp#27;[0m&amp#27;[38;5;229m[ADB]&amp#27;[0m Running 'C:\Users\HOME\AppData\Local\Android\Sdk\platform-tools\adb.exe -P 5037 start-server'
&amp#27;[38;5;212m[c4148d3a]&amp#27;[0m&amp#27;[38;5;9m[AndroidUiautomator2Driver@8dd2]&amp#27;[0m Retrieving device list
&amp#27;[38;5;212m[c4148d3a]&amp#27;[0m&amp#27;[38;5;229m[ADB]&amp#27;[0m Trying to find connected Android devices
&amp#27;[38;5;212m[c4148d3a]&amp#27;[0m&amp#27;[38;5;229m[ADB]&amp#27;[0m Getting connected devices
&amp#27;[38;5;212m[c4148d3a]&amp#27;[0m&amp#27;[38;5;229m[ADB]&amp#27;[0m Connected devices: [{"udid":"emulator-5554","state":"device"}]
&amp#27;[38;5;212m[c4148d3a]&amp#27;[0m&amp#27;[38;5;9m[AndroidUiautomator2Driver@8dd2]&amp#27;[0m Using device: emulator-5554
&amp#27;[38;5;212m[c4148d3a]&amp#27;[0m&amp#27;[38;5;229m[ADB]&amp#27;[0m Using 'adb.exe' from 'C:\Users\HOME\AppData\Local\Android\Sdk\platform-tools\adb.exe'
&amp#27;[38;5;212m[c4148d3a]&amp#27;[0m&amp#27;[38;5;229m[ADB]&amp#27;[0m Running 'C:\Users\HOME\AppData\Local\Android\Sdk\platform-tools\adb.exe -P 5037 start-server'
&amp#27;[38;5;212m[c4148d3a]&amp#27;[0m&amp#27;[38;5;229m[ADB]&amp#27;[0m Setting device id to emulator-5554
&amp#27;[38;5;212m[c4148d3a]&amp#27;[0m&amp#27;[38;5;123m[BaseDriver]&amp#27;[0m Using local app 'C:\Users\HOME\OneDrive\Desktop\Appium\AppiumFrameWorkDesign\src\main\java\Pranavraj\AppiumFrameWorkDesign\resources\General-Store.apk'
&amp#27;[38;5;212m[c4148d3a]&amp#27;[0m&amp#27;[38;5;9m[AndroidUiautomator2Driver@8dd2]&amp#27;[0m Checking whether app is actually present
&amp#27;[38;5;212m[c4148d3a]&amp#27;[0m&amp#27;[38;5;229m[ADB]&amp#27;[0m Running 'C:\Users\HOME\AppData\Local\Android\Sdk\platform-tools\adb.exe -P 5037 -s emulator-5554 shell getprop ro.build.version.sdk'
&amp#27;[38;5;212m[c4148d3a]&amp#27;[0m&amp#27;[38;5;229m[ADB]&amp#27;[0m Current device property 'ro.build.version.sdk': 35
&amp#27;[38;5;212m[c4148d3a]&amp#27;[0m&amp#27;[38;5;229m[ADB]&amp#27;[0m Getting device platform version
&amp#27;[38;5;212m[c4148d3a]&amp#27;[0m&amp#27;[38;5;229m[ADB]&amp#27;[0m Running 'C:\Users\HOME\AppData\Local\Android\Sdk\platform-tools\adb.exe -P 5037 -s emulator-5554 shell getprop ro.build.version.release'
&amp#27;[38;5;212m[c4148d3a]&amp#27;[0m&amp#27;[38;5;229m[ADB]&amp#27;[0m Current device property 'ro.build.version.release': 15
&amp#27;[38;5;212m[c4148d3a]&amp#27;[0m&amp#27;[38;5;229m[ADB]&amp#27;[0m Device API level: 35
&amp#27;[38;5;212m[c4148d3a]&amp#27;[0m&amp#27;[38;5;9m[AndroidUiautomator2Driver@8dd2]&amp#27;[0m Relaxing hidden api policy
&amp#27;[38;5;212m[c4148d3a]&amp#27;[0m&amp#27;[38;5;229m[ADB]&amp#27;[0m Running 'C:\Users\HOME\AppData\Local\Android\Sdk\platform-tools\adb.exe -P 5037 -s emulator-5554 shell 'settings put global hidden_api_policy_pre_p_apps 1;settings put global hidden_api_policy_p_apps 1;settings put global hidden_api_policy 1''
&amp#27;[38;5;212m[c4148d3a]&amp#27;[0m&amp#27;[38;5;9m[AndroidUiautomator2Driver@8dd2]&amp#27;[0m Parsing package and activity from app manifest
&amp#27;[38;5;212m[c4148d3a]&amp#27;[0m&amp#27;[38;5;229m[ADB]&amp#27;[0m Running 'C:\Users\HOME\AppData\Local\Android\Sdk\platform-tools\adb.exe -P 5037 -s emulator-5554 wait-for-device'
&amp#27;[38;5;212m[c4148d3a]&amp#27;[0m&amp#27;[38;5;229m[ADB]&amp#27;[0m Using 'aapt2.exe' from 'C:\Users\HOME\AppData\Local\Android\Sdk\build-tools\35.0.0\aapt2.exe'
&amp#27;[38;5;212m[c4148d3a]&amp#27;[0m&amp#27;[38;5;229m[ADB]&amp#27;[0m Reading package manifest: 'C:\\Users\\HOME\\AppData\\Local\\Android\\Sdk\\build-tools\\35.0.0\\aapt2.exe dump badging C:\\Users\\HOME\\OneDrive\\Desktop\\Appium\\AppiumFrameWorkDesign\\src\\main\\java\\Pranavraj\\AppiumFrameWorkDesign\\resources\\General-Store.apk'
&amp#27;[38;5;212m[c4148d3a]&amp#27;[0m&amp#27;[38;5;229m[ADB]&amp#27;[0m Running 'C:\Users\HOME\AppData\Local\Android\Sdk\platform-tools\adb.exe -P 5037 -s emulator-5554 shell echo ping'
&amp#27;[38;5;212m[c4148d3a]&amp#27;[0m&amp#27;[38;5;229m[ADB]&amp#27;[0m Package name: 'com.androidsample.generalstore'
&amp#27;[38;5;212m[c4148d3a]&amp#27;[0m&amp#27;[38;5;229m[ADB]&amp#27;[0m Main activity name: 'com.androidsample.generalstore.SplashActivity'
&amp#27;[38;5;212m[c4148d3a]&amp#27;[0m&amp#27;[38;5;9m[AndroidUiautomator2Driver@8dd2]&amp#27;[0m Parsed package and activity are: com.androidsample.generalstore/com.androidsample.generalstore.SplashActivity
&amp#27;[38;5;212m[c4148d3a]&amp#27;[0m&amp#27;[38;5;9m[AndroidUiautomator2Driver@8dd2]&amp#27;[0m Pushing settings apk to the device...
&amp#27;[38;5;212m[c4148d3a]&amp#27;[0m&amp#27;[38;5;229m[ADB]&amp#27;[0m Getting package info for 'io.appium.settings'
&amp#27;[38;5;212m[c4148d3a]&amp#27;[0m&amp#27;[38;5;229m[ADB]&amp#27;[0m Running 'C:\Users\HOME\AppData\Local\Android\Sdk\platform-tools\adb.exe -P 5037 -s emulator-5554 shell dumpsys package io.appium.settings'
&amp#27;[38;5;212m[c4148d3a]&amp#27;[0m&amp#27;[38;5;229m[ADB]&amp#27;[0m Reading package manifest: 'C:\\Users\\HOME\\AppData\\Local\\Android\\Sdk\\build-tools\\35.0.0\\aapt2.exe dump badging C:\\Users\\HOME\\.appium\\node_modules\\appium-uiautomator2-driver\\node_modules\\io.appium.settings\\apks\\settings_apk-debug.apk'
&amp#27;[38;5;212m[c4148d3a]&amp#27;[0m&amp#27;[38;5;229m[ADB]&amp#27;[0m The version name of the installed 'io.appium.settings' is greater or equal to the application version name ('5.12.7' >= '5.12.7')
&amp#27;[38;5;212m[c4148d3a]&amp#27;[0m&amp#27;[38;5;229m[ADB]&amp#27;[0m There is no need to install/upgrade 'C:\Users\HOME\.appium\node_modules\appium-uiautomator2-driver\node_modules\io.appium.settings\apks\settings_apk-debug.apk'
&amp#27;[38;5;212m[c4148d3a]&amp#27;[0m&amp#27;[38;5;229m[ADB]&amp#27;[0m Running 'C:\Users\HOME\AppData\Local\Android\Sdk\platform-tools\adb.exe -P 5037 -s emulator-5554 shell dumpsys activity services io.appium.settings'
&amp#27;[38;5;212m[c4148d3a]&amp#27;[0m&amp#27;[38;5;9m[AndroidUiautomator2Driver@8dd2]&amp#27;[0m io.appium.settings is already running. There is no need to reset its permissions.
&amp#27;[38;5;212m[c4148d3a]&amp#27;[0m&amp#27;[38;5;160m[Logcat]&amp#27;[0m Starting logs capture with command: C:\\Users\\HOME\\AppData\\Local\\Android\\Sdk\\platform-tools\\adb.exe -P 5037 -s emulator-5554 logcat -v threadtime
&amp#27;[38;5;212m[c4148d3a]&amp#27;[0m&amp#27;[38;5;9m[AndroidUiautomator2Driver@8dd2]&amp#27;[0m Forwarding UiAutomator2 Server port 6790 to local port 8200
&amp#27;[38;5;212m[c4148d3a]&amp#27;[0m&amp#27;[38;5;229m[ADB]&amp#27;[0m Forwarding system: 8200 to device: 6790
&amp#27;[38;5;212m[c4148d3a]&amp#27;[0m&amp#27;[38;5;229m[ADB]&amp#27;[0m Running 'C:\Users\HOME\AppData\Local\Android\Sdk\platform-tools\adb.exe -P 5037 -s emulator-5554 forward tcp:8200 tcp:6790'
&amp#27;[38;5;212m[c4148d3a]&amp#27;[0m&amp#27;[38;5;229m[ADB]&amp#27;[0m Getting package info for 'io.appium.uiautomator2.server'
&amp#27;[38;5;212m[c4148d3a]&amp#27;[0m&amp#27;[38;5;229m[ADB]&amp#27;[0m Running 'C:\Users\HOME\AppData\Local\Android\Sdk\platform-tools\adb.exe -P 5037 -s emulator-5554 shell dumpsys package io.appium.uiautomator2.server'
&amp#27;[38;5;212m[c4148d3a]&amp#27;[0m&amp#27;[38;5;229m[ADB]&amp#27;[0m Getting install status for io.appium.uiautomator2.server.test
&amp#27;[38;5;212m[c4148d3a]&amp#27;[0m&amp#27;[38;5;229m[ADB]&amp#27;[0m Checking app cert for C:\Users\HOME\OneDrive\Desktop\Appium\AppiumFrameWorkDesign\src\main\java\Pranavraj\AppiumFrameWorkDesign\resources\General-Store.apk
&amp#27;[38;5;212m[c4148d3a]&amp#27;[0m&amp#27;[38;5;229m[ADB]&amp#27;[0m Running 'C:\Users\HOME\AppData\Local\Android\Sdk\platform-tools\adb.exe -P 5037 -s emulator-5554 shell cmd package list packages'
&amp#27;[38;5;212m[c4148d3a]&amp#27;[0m&amp#27;[38;5;229m[ADB]&amp#27;[0m Using 'apksigner.jar' from 'C:\Users\HOME\AppData\Local\Android\Sdk\build-tools\35.0.0\lib\apksigner.jar'
&amp#27;[38;5;212m[c4148d3a]&amp#27;[0m&amp#27;[38;5;229m[ADB]&amp#27;[0m Starting apksigner: 'C:\\Program Files\\Java\\jdk-22\\bin\\java.exe' -Xmx1024M -Xss1m -jar C:\\Users\\HOME\\AppData\\Local\\Android\\Sdk\\build-tools\\35.0.0\\lib\\apksigner.jar verify --print-certs C:\\Users\\HOME\\OneDrive\\Desktop\\Appium\\AppiumFrameWorkDesign\\src\\main\\java\\Pranavraj\\AppiumFrameWorkDesign\\resources\\General-Store.apk
&amp#27;[38;5;212m[c4148d3a]&amp#27;[0m&amp#27;[38;5;229m[ADB]&amp#27;[0m Reading package manifest: 'C:\\Users\\HOME\\AppData\\Local\\Android\\Sdk\\build-tools\\35.0.0\\aapt2.exe dump badging C:\\Users\\HOME\\.appium\\node_modules\\appium-uiautomator2-driver\\node_modules\\appium-uiautomator2-server\\apks\\appium-uiautomator2-server-v7.0.20.apk'
&amp#27;[38;5;212m[c4148d3a]&amp#27;[0m&amp#27;[38;5;229m[ADB]&amp#27;[0m 'io.appium.uiautomator2.server.test' is installed
&amp#27;[38;5;212m[c4148d3a]&amp#27;[0m&amp#27;[38;5;229m[ADB]&amp#27;[0m The version name of the installed 'io.appium.uiautomator2.server' is greater or equal to the application version name ('7.0.20' >= '7.0.20')
&amp#27;[38;5;212m[c4148d3a]&amp#27;[0m&amp#27;[38;5;9m[AndroidUiautomator2Driver@8dd2]&amp#27;[0m Server packages status: [{"installState":"sameVersionInstalled","appPath":"C:\\Users\\HOME\\.appium\\node_modules\\appium-uiautomator2-driver\\node_modules\\appium-uiautomator2-server\\apks\\appium-uiautomator2-server-v7.0.20.apk","appId":"io.appium.uiautomator2.server"},{"installState":"sameVersionInstalled","appPath":"C:\\Users\\HOME\\.appium\\node_modules\\appium-uiautomator2-driver\\node_modules\\appium-uiautomator2-server\\apks\\appium-uiautomator2-server-debug-androidTest.apk","appId":"io.appium.uiautomator2.server.test"}]
&amp#27;[38;5;212m[c4148d3a]&amp#27;[0m&amp#27;[38;5;9m[AndroidUiautomator2Driver@8dd2]&amp#27;[0m Server packages are not going to be (re)installed
&amp#27;[38;5;212m[c4148d3a]&amp#27;[0m&amp#27;[38;5;9m[AndroidUiautomator2Driver@8dd2]&amp#27;[0m Waiting up to 30000ms for services to be available
&amp#27;[38;5;212m[c4148d3a]&amp#27;[0m&amp#27;[38;5;229m[ADB]&amp#27;[0m Running 'C:\Users\HOME\AppData\Local\Android\Sdk\platform-tools\adb.exe -P 5037 -s emulator-5554 shell pm list instrumentation'
&amp#27;[38;5;212m[c4148d3a]&amp#27;[0m&amp#27;[38;5;9m[AndroidUiautomator2Driver@8dd2]&amp#27;[0m Instrumentation target 'io.appium.uiautomator2.server.test/androidx.test.runner.AndroidJUnitRunner' is available
&amp#27;[38;5;212m[c4148d3a]&amp#27;[0m&amp#27;[38;5;229m[ADB]&amp#27;[0m Adding packages ["io.appium.settings","io.appium.uiautomator2.server","io.appium.uiautomator2.server.test"] to Doze whitelist
&amp#27;[38;5;212m[c4148d3a]&amp#27;[0m&amp#27;[38;5;229m[ADB]&amp#27;[0m Got the following command chunks to execute: [["dumpsys","deviceidle","whitelist","+io.appium.settings",";","dumpsys","deviceidle","whitelist","+io.appium.uiautomator2.server",";","dumpsys","deviceidle","whitelist","+io.appium.uiautomator2.server.test",";"]]
&amp#27;[38;5;212m[c4148d3a]&amp#27;[0m&amp#27;[38;5;229m[ADB]&amp#27;[0m Running 'C:\Users\HOME\AppData\Local\Android\Sdk\platform-tools\adb.exe -P 5037 -s emulator-5554 shell dumpsys deviceidle whitelist +io.appium.settings ; dumpsys deviceidle whitelist +io.appium.uiautomator2.server ; dumpsys deviceidle whitelist +io.appium.uiautomator2.server.test ;'
&amp#27;[38;5;212m[c4148d3a]&amp#27;[0m&amp#27;[38;5;229m[ADB]&amp#27;[0m apksigner stdout: Signer #1 certificate DN: EMAILADDRESS=android@android.com, CN=Android, OU=Android, O=Android, L=Mountain View, ST=California, C=US
Signer #1 certificate SHA-256 digest: a40da80a59d170caa950cf15c18c454d47a39b26989d8b640ecd745ba71bf5dc
Signer #1 certificate SHA-1 digest: 61ed377e85d386a8dfee6b864bd85b0bfaa5af81
Signer #1 certificate MD5 digest: e89b158e4bcf988ebd09eb83f5378e87

&amp#27;[38;5;212m[c4148d3a]&amp#27;[0m&amp#27;[38;5;229m[ADB]&amp#27;[0m sha256 hash did match for 'General-Store.apk'
&amp#27;[38;5;212m[c4148d3a]&amp#27;[0m&amp#27;[38;5;229m[ADB]&amp#27;[0m 'C:\Users\HOME\OneDrive\Desktop\Appium\AppiumFrameWorkDesign\src\main\java\Pranavraj\AppiumFrameWorkDesign\resources\General-Store.apk' is signed with the default certificate
&amp#27;[38;5;212m[c4148d3a]&amp#27;[0m&amp#27;[38;5;229m[ADB]&amp#27;[0m Getting package info for 'com.androidsample.generalstore'
&amp#27;[38;5;212m[c4148d3a]&amp#27;[0m&amp#27;[38;5;229m[ADB]&amp#27;[0m Running 'C:\Users\HOME\AppData\Local\Android\Sdk\platform-tools\adb.exe -P 5037 -s emulator-5554 shell dumpsys package com.androidsample.generalstore'
&amp#27;[38;5;212m[c4148d3a]&amp#27;[0m&amp#27;[38;5;229m[ADB]&amp#27;[0m Reading package manifest: 'C:\\Users\\HOME\\AppData\\Local\\Android\\Sdk\\build-tools\\35.0.0\\aapt2.exe dump badging C:\\Users\\HOME\\OneDrive\\Desktop\\Appium\\AppiumFrameWorkDesign\\src\\main\\java\\Pranavraj\\AppiumFrameWorkDesign\\resources\\General-Store.apk'
&amp#27;[38;5;212m[c4148d3a]&amp#27;[0m&amp#27;[38;5;229m[ADB]&amp#27;[0m The version name of the installed 'com.androidsample.generalstore' is greater or equal to the application version name ('1.0.0' >= '1.0.0')
&amp#27;[38;5;212m[c4148d3a]&amp#27;[0m&amp#27;[38;5;229m[ADB]&amp#27;[0m There is no need to install/upgrade 'C:\Users\HOME\OneDrive\Desktop\Appium\AppiumFrameWorkDesign\src\main\java\Pranavraj\AppiumFrameWorkDesign\resources\General-Store.apk'
&amp#27;[38;5;212m[c4148d3a]&amp#27;[0m&amp#27;[38;5;9m[AndroidUiautomator2Driver@8dd2]&amp#27;[0m Performing fast reset on 'com.androidsample.generalstore'
&amp#27;[38;5;212m[c4148d3a]&amp#27;[0m&amp#27;[38;5;229m[ADB]&amp#27;[0m Getting install status for com.androidsample.generalstore
&amp#27;[38;5;212m[c4148d3a]&amp#27;[0m&amp#27;[38;5;229m[ADB]&amp#27;[0m Running 'C:\Users\HOME\AppData\Local\Android\Sdk\platform-tools\adb.exe -P 5037 -s emulator-5554 shell cmd package list packages'
&amp#27;[38;5;212m[c4148d3a]&amp#27;[0m&amp#27;[38;5;229m[ADB]&amp#27;[0m 'com.androidsample.generalstore' is installed
&amp#27;[38;5;212m[c4148d3a]&amp#27;[0m&amp#27;[38;5;229m[ADB]&amp#27;[0m Running 'C:\Users\HOME\AppData\Local\Android\Sdk\platform-tools\adb.exe -P 5037 -s emulator-5554 shell am force-stop com.androidsample.generalstore'
&amp#27;[38;5;212m[c4148d3a]&amp#27;[0m&amp#27;[38;5;229m[ADB]&amp#27;[0m Running 'C:\Users\HOME\AppData\Local\Android\Sdk\platform-tools\adb.exe -P 5037 -s emulator-5554 shell pm clear com.androidsample.generalstore'
&amp#27;[38;5;212m[c4148d3a]&amp#27;[0m&amp#27;[38;5;9m[AndroidUiautomator2Driver@8dd2]&amp#27;[0m Performed fast reset on the installed 'com.androidsample.generalstore' application (stop and clear)
&amp#27;[38;5;212m[c4148d3a]&amp#27;[0m&amp#27;[38;5;9m[AndroidUiautomator2Driver@8dd2]&amp#27;[0m Performing shallow cleanup of automation leftovers
&amp#27;[38;5;212m[c4148d3a]&amp#27;[0m&amp#27;[38;5;9m[AndroidUiautomator2Driver@8dd2]&amp#27;[0m No obsolete sessions have been detected (socket hang up)
&amp#27;[38;5;212m[c4148d3a]&amp#27;[0m&amp#27;[38;5;229m[ADB]&amp#27;[0m Running 'C:\Users\HOME\AppData\Local\Android\Sdk\platform-tools\adb.exe -P 5037 -s emulator-5554 shell am force-stop io.appium.uiautomator2.server'
&amp#27;[38;5;212m[c4148d3a]&amp#27;[0m&amp#27;[38;5;229m[ADB]&amp#27;[0m Running 'C:\Users\HOME\AppData\Local\Android\Sdk\platform-tools\adb.exe -P 5037 -s emulator-5554 shell am force-stop io.appium.uiautomator2.server.test'
&amp#27;[38;5;212m[c4148d3a]&amp#27;[0m&amp#27;[38;5;9m[AndroidUiautomator2Driver@8dd2]&amp#27;[0m Starting UIAutomator2 server 7.0.20
&amp#27;[38;5;212m[c4148d3a]&amp#27;[0m&amp#27;[38;5;9m[AndroidUiautomator2Driver@8dd2]&amp#27;[0m Using UIAutomator2 server from 'C:\Users\HOME\.appium\node_modules\appium-uiautomator2-driver\node_modules\appium-uiautomator2-server\apks\appium-uiautomator2-server-v7.0.20.apk' and test from 'C:\Users\HOME\.appium\node_modules\appium-uiautomator2-driver\node_modules\appium-uiautomator2-server\apks\appium-uiautomator2-server-debug-androidTest.apk'
&amp#27;[38;5;212m[c4148d3a]&amp#27;[0m&amp#27;[38;5;9m[AndroidUiautomator2Driver@8dd2]&amp#27;[0m Waiting up to 30000ms for UiAutomator2 to be online...
&amp#27;[38;5;212m[c4148d3a]&amp#27;[0m&amp#27;[38;5;229m[ADB]&amp#27;[0m Creating ADB subprocess with args: ["-P","5037","-s","emulator-5554","shell","am","instrument","-w","-e","disableAnalytics","true","io.appium.uiautomator2.server.test/androidx.test.runner.AndroidJUnitRunner"]
&amp#27;[38;5;212m[c4148d3a]&amp#27;[0m&amp#27;[38;5;9m[AndroidUiautomator2Driver@8dd2]&amp#27;[0m Matched '/status' to command name 'getStatus'
&amp#27;[38;5;212m[c4148d3a]&amp#27;[0m&amp#27;[38;5;9m[AndroidUiautomator2Driver@8dd2]&amp#27;[0m Proxying [GET /status] to [GET http://127.0.0.1:8200/status] with no body
&amp#27;[38;5;212m[c4148d3a]&amp#27;[0m&amp#27;[38;5;9m[AndroidUiautomator2Driver@8dd2]&amp#27;[0m socket hang up
&amp#27;[38;5;212m[c4148d3a]&amp#27;[0m&amp#27;[38;5;9m[AndroidUiautomator2Driver@8dd2]&amp#27;[0m Matched '/status' to command name 'getStatus'
&amp#27;[38;5;212m[c4148d3a]&amp#27;[0m&amp#27;[38;5;9m[AndroidUiautomator2Driver@8dd2]&amp#27;[0m Proxying [GET /status] to [GET http://127.0.0.1:8200/status] with no body
&amp#27;[38;5;212m[c4148d3a]&amp#27;[0m&amp#27;[38;5;9m[AndroidUiautomator2Driver@8dd2]&amp#27;[0m socket hang up
&amp#27;[38;5;212m[c4148d3a]&amp#27;[0m&amp#27;[38;5;9m[AndroidUiautomator2Driver@8dd2]&amp#27;[0m [Instrumentation] 
&amp#27;[38;5;212m[c4148d3a]&amp#27;[0m&amp#27;[38;5;9m[AndroidUiautomator2Driver@8dd2]&amp#27;[0m Matched '/status' to command name 'getStatus'
&amp#27;[38;5;212m[c4148d3a]&amp#27;[0m&amp#27;[38;5;9m[AndroidUiautomator2Driver@8dd2]&amp#27;[0m Proxying [GET /status] to [GET http://127.0.0.1:8200/status] with no body
&amp#27;[38;5;212m[c4148d3a]&amp#27;[0m&amp#27;[38;5;9m[AndroidUiautomator2Driver@8dd2]&amp#27;[0m socket hang up
&amp#27;[38;5;212m[c4148d3a]&amp#27;[0m&amp#27;[38;5;9m[AndroidUiautomator2Driver@8dd2]&amp#27;[0m Matched '/status' to command name 'getStatus'
&amp#27;[38;5;212m[c4148d3a]&amp#27;[0m&amp#27;[38;5;9m[AndroidUiautomator2Driver@8dd2]&amp#27;[0m Proxying [GET /status] to [GET http://127.0.0.1:8200/status] with no body
&amp#27;[38;5;212m[c4148d3a]&amp#27;[0m&amp#27;[38;5;9m[AndroidUiautomator2Driver@8dd2]&amp#27;[0m Got response with status 200: {"sessionId":"None","value":{"message":"UiAutomator2 Server is ready to accept commands","ready":true}}
&amp#27;[38;5;212m[c4148d3a]&amp#27;[0m&amp#27;[38;5;9m[AndroidUiautomator2Driver@8dd2]&amp#27;[0m The initialization of the instrumentation process took 3305ms
&amp#27;[38;5;212m[c4148d3a]&amp#27;[0m&amp#27;[38;5;9m[AndroidUiautomator2Driver@8dd2]&amp#27;[0m Matched '/session' to command name 'createSession'
&amp#27;[38;5;212m[c4148d3a]&amp#27;[0m&amp#27;[38;5;9m[AndroidUiautomator2Driver@8dd2]&amp#27;[0m Proxying [POST /session] to [POST http://127.0.0.1:8200/session] with body: {"capabilities":{"firstMatch":[{"platformName":"ANDROID","deviceName":"emulator-5554","automationName":"UIAutomator2","app":"C:\\Users\\HOME\\OneDrive\\Desktop\\Appium\\AppiumFrameWorkDesign\\src\\main\\java\\Pranavraj\\AppiumFrameWorkDesign\\resources\\General-Store.apk","platform":"LINUX","webStorageEnabled":false,"takesScreenshot":true,"javascriptEnabled":true,"databaseEnabled":false,"networkConnectionEnabled":true,"locationContextEnabled":false,"warnings":{},"desired":{"platformName":"ANDROID","deviceName":"Lucky","automationName":"UIAutomator2","app":"C:\\Users\\HOME\\OneDrive\\Desktop\\Appium\\AppiumFrameWorkDesign\\src\\main\\java\\Pranavraj\\AppiumFrameWorkDesign\\resources\\General-Store.apk"},"deviceUDID":"emulator-5554","appPackage":"com.androidsample.generalstore"}],"alwaysMatch":{}}}
&amp#27;[38;5;212m[c4148d3a]&amp#27;[0m&amp#27;[38;5;9m[AndroidUiautomator2Driver@8dd2]&amp#27;[0m Got response with status 200: {"sessionId":"0fb48d37-5297-4bb6-aa15-f780f9e0d89a","value":{"capabilities":{"firstMatch":[{"platformName":"ANDROID","deviceName":"emulator-5554","automationName":"UIAutomator2","app":"C:\\Users\\HOME\\OneDrive\\Desktop\\Appium\\AppiumFrameWorkDesign\\src\\main\\java\\Pranavraj\\AppiumFrameWorkDesign\\resources\\General-Store.apk","platform":"LINUX","webStorageEnabled":false,"takesScreenshot":true,"javascriptEnabled":true,"databaseEnabled":false,"networkConnectionEnabled":true,"locationContextEnabled":false,"warnings":{},"desired":{"platformName":"ANDROID","deviceName":"Lucky","automationName":"UIAutomator2","app":"C:\\Users\\HOME\\OneDrive\\Desktop\\Appium\\AppiumFrameWorkDesign\\src\\main\\java\\Pranavraj\\AppiumFrameWorkDesign\\resources\\General-Store.apk"},"deviceUDID":"emulator-5554","appPackage":"com.androidsample.generalstore"}],"alwaysMatch":{}},"sessionId":"0fb48d37-5297-4bb6-aa15-f780f9e0d89a"}}
&amp#27;[38;5;212m[c4148d3a]&amp#27;[0m&amp#27;[38;5;9m[AndroidUiautomator2Driver@8dd2]&amp#27;[0m Determined the downstream protocol as 'W3C'
&amp#27;[38;5;212m[c4148d3a]&amp#27;[0m&amp#27;[38;5;9m[AndroidUiautomator2Driver@8dd2]&amp#27;[0m Proxying [GET /appium/device/pixel_ratio] to [GET http://127.0.0.1:8200/session/0fb48d37-5297-4bb6-aa15-f780f9e0d89a/appium/device/pixel_ratio] with no body
&amp#27;[38;5;212m[c4148d3a]&amp#27;[0m&amp#27;[38;5;9m[AndroidUiautomator2Driver@8dd2]&amp#27;[0m Matched '/appium/device/system_bars' to command name 'getSystemBars'
&amp#27;[38;5;212m[c4148d3a]&amp#27;[0m&amp#27;[38;5;9m[AndroidUiautomator2Driver@8dd2]&amp#27;[0m Proxying [GET /appium/device/system_bars] to [GET http://127.0.0.1:8200/session/0fb48d37-5297-4bb6-aa15-f780f9e0d89a/appium/device/system_bars] with no body
&amp#27;[38;5;212m[c4148d3a]&amp#27;[0m&amp#27;[38;5;9m[AndroidUiautomator2Driver@8dd2]&amp#27;[0m Matched '/window/current/size' to command name 'getWindowSize'
&amp#27;[38;5;212m[c4148d3a]&amp#27;[0m&amp#27;[38;5;9m[AndroidUiautomator2Driver@8dd2]&amp#27;[0m Proxying [GET /window/current/size] to [GET http://127.0.0.1:8200/session/0fb48d37-5297-4bb6-aa15-f780f9e0d89a/window/current/size] with no body
&amp#27;[38;5;212m[c4148d3a]&amp#27;[0m&amp#27;[38;5;9m[AndroidUiautomator2Driver@8dd2]&amp#27;[0m Proxying [GET /appium/device/info] to [GET http://127.0.0.1:8200/session/0fb48d37-5297-4bb6-aa15-f780f9e0d89a/appium/device/info] with no body
&amp#27;[38;5;212m[c4148d3a]&amp#27;[0m&amp#27;[38;5;229m[ADB]&amp#27;[0m Running 'C:\Users\HOME\AppData\Local\Android\Sdk\platform-tools\adb.exe -P 5037 -s emulator-5554 shell dumpsys window'
&amp#27;[38;5;212m[c4148d3a]&amp#27;[0m&amp#27;[38;5;229m[ADB]&amp#27;[0m Running 'C:\Users\HOME\AppData\Local\Android\Sdk\platform-tools\adb.exe -P 5037 -s emulator-5554 shell dumpsys power'
&amp#27;[38;5;212m[c4148d3a]&amp#27;[0m&amp#27;[38;5;9m[AndroidUiautomator2Driver@8dd2]&amp#27;[0m Got response with status 200: {"sessionId":"0fb48d37-5297-4bb6-aa15-f780f9e0d89a","value":2.625}
&amp#27;[38;5;212m[c4148d3a]&amp#27;[0m&amp#27;[38;5;9m[AndroidUiautomator2Driver@8dd2]&amp#27;[0m Got response with status 200: {"sessionId":"0fb48d37-5297-4bb6-aa15-f780f9e0d89a","value":{"statusBar":63}}
&amp#27;[38;5;212m[c4148d3a]&amp#27;[0m&amp#27;[38;5;9m[AndroidUiautomator2Driver@8dd2]&amp#27;[0m Got response with status 200: {"sessionId":"0fb48d37-5297-4bb6-aa15-f780f9e0d89a","value":{"height":1920,"width":1080}}
&amp#27;[38;5;212m[c4148d3a]&amp#27;[0m&amp#27;[38;5;9m[AndroidUiautomator2Driver@8dd2]&amp#27;[0m Got response with status 200: {"sessionId":"0fb48d37-5297-4bb6-aa15-f780f9e0d89a","value":{"androidId":"556a1f68ec3f4798","apiVersion":"35","bluetooth":{"state":"ON"},"brand":"google","carrierName":"T-Mobile","displayDensity":420,"locale":"en_US","manufacturer":"Google","model":"sdk_gphone64_x86_64","networks":[{"capabilities":{"SSID":null,"linkDownBandwidthKbps":30000,"linkUpstreamBandwidthKbps":12000,"networkCapabilities":"NET_CAPABILITY_NOT_METERED,NET_CAPABILITY_INTERNET,NET_CAPABILITY_NOT_RESTRICTED,NET_CAPABILITY_TRUSTED,NET_CAPABILITY_NOT_VPN,NET_CAPABILITY_VALIDATED,NET_CAPABILITY_NOT_ROAMING,NET_CAPABILITY_FOREGROUND,NET_CAPABILITY_NOT_CONGESTED,NET_CAPABILITY_NOT_SUSPENDED","signalStrength":-50,"transportTypes":"TRANSPORT_WIFI"},"detailedState":"CONNECTED","extraInfo":"","isAvailable":true,"isConnected":true,"isFailover":false,"isRoaming":false,"state":"CONNECTED","subtype":-1,"subtypeName":"","type":1,"typeName":"WIFI"},{"capabilities":{"SSID":null,"linkDownBandwidthKbps":4300,"linkUpstreamBandwidthKbps":1800,"networkCapabil...
&amp#27;[38;5;212m[c4148d3a]&amp#27;[0m&amp#27;[38;5;9m[AndroidUiautomator2Driver@8dd2]&amp#27;[0m Screen already unlocked, doing nothing
&amp#27;[38;5;212m[c4148d3a]&amp#27;[0m&amp#27;[38;5;9m[AndroidUiautomator2Driver@8dd2]&amp#27;[0m Starting 'com.androidsample.generalstore/com.androidsample.generalstore.SplashActivity and waiting for 'com.androidsample.generalstore/com.androidsample.generalstore.SplashActivity'
&amp#27;[38;5;212m[c4148d3a]&amp#27;[0m&amp#27;[38;5;229m[ADB]&amp#27;[0m Running 'C:\Users\HOME\AppData\Local\Android\Sdk\platform-tools\adb.exe -P 5037 -s emulator-5554 shell am start -W -n com.androidsample.generalstore/com.androidsample.generalstore.SplashActivity -S -a android.intent.action.MAIN -c android.intent.category.LAUNCHER -f 0x10200000'
&amp#27;[38;5;212m[c4148d3a]&amp#27;[0m&amp#27;[38;5;229m[ADB]&amp#27;[0m Waiting up to 20000ms for activity matching pkg: 'com.androidsample.generalstore' and activity: 'com.androidsample.generalstore.SplashActivity' to be focused
&amp#27;[38;5;212m[c4148d3a]&amp#27;[0m&amp#27;[38;5;229m[ADB]&amp#27;[0m Possible activities, to be checked: 'com.androidsample.generalstore.SplashActivity', 'com.androidsample.generalstore.com.androidsample.generalstore.SplashActivity'
&amp#27;[38;5;212m[c4148d3a]&amp#27;[0m&amp#27;[38;5;229m[ADB]&amp#27;[0m Getting focused package and activity
&amp#27;[38;5;212m[c4148d3a]&amp#27;[0m&amp#27;[38;5;229m[ADB]&amp#27;[0m Running 'C:\Users\HOME\AppData\Local\Android\Sdk\platform-tools\adb.exe -P 5037 -s emulator-5554 shell dumpsys window displays'
&amp#27;[38;5;212m[c4148d3a]&amp#27;[0m&amp#27;[38;5;229m[ADB]&amp#27;[0m Found package: 'com.androidsample.generalstore' and fully qualified activity name : 'com.androidsample.generalstore.SplashActivity'
&amp#27;[38;5;212m[c4148d3a]&amp#27;[0m&amp#27;[38;5;56m[AppiumDriver@f9e2]&amp#27;[0m New AndroidUiautomator2Driver session created successfully, session c4148d3a-cb7c-4a90-ac66-ac6537bcf08d added to master session list
&amp#27;[38;5;212m[c4148d3a]&amp#27;[0m&amp#27;[38;5;56m[AppiumDriver@f9e2]&amp#27;[0m Event 'newSessionStarted' logged at 1722938526568 (15:32:06 GMT+0530 (India Standard Time))
&amp#27;[38;5;212m[c4148d3a]&amp#27;[0m&amp#27;[38;5;9m[AndroidUiautomator2Driver@8dd2]&amp#27;[0m Cached the protocol value 'W3C' for the new session c4148d3a-cb7c-4a90-ac66-ac6537bcf08d
&amp#27;[38;5;212m[c4148d3a]&amp#27;[0m&amp#27;[38;5;9m[AndroidUiautomator2Driver@8dd2]&amp#27;[0m Responding to client with driver.createSession() result: {"capabilities":{"platformName":"ANDROID","deviceName":"emulator-5554","automationName":"UIAutomator2","app":"C:\\Users\\HOME\\OneDrive\\Desktop\\Appium\\AppiumFrameWorkDesign\\src\\main\\java\\Pranavraj\\AppiumFrameWorkDesign\\resources\\General-Store.apk","platform":"LINUX","webStorageEnabled":false,"takesScreenshot":true,"javascriptEnabled":true,"databaseEnabled":false,"networkConnectionEnabled":true,"locationContextEnabled":false,"warnings":{},"desired":{"platformName":"ANDROID","deviceName":"Lucky","automationName":"UIAutomator2","app":"C:\\Users\\HOME\\OneDrive\\Desktop\\Appium\\AppiumFrameWorkDesign\\src\\main\\java\\Pranavraj\\AppiumFrameWorkDesign\\resources\\General-Store.apk"},"deviceUDID":"emulator-5554","appPackage":"com.androidsample.generalstore","pixelRatio":"2.625","statBarHeight":63,"viewportRect":{"left":0,"top":63,"width":1080,"height":1857},"deviceApiLevel":35,"platformVersion":"15","deviceManufacturer":"Google","deviceModel":"sdk_gphone64_x86_64","deviceScreenSize":"1080x1920","device...
&amp#27;[38;5;212m[c4148d3a]&amp#27;[0m&amp#27;[38;5;86m[HTTP]&amp#27;[0m &amp#27;[37m<-- POST /session &amp#27;[39m&amp#27;[32m200&amp#27;[39m &amp#27;[90m8049 ms - 1102&amp#27;[39m &amp#27;[90m&amp#27;[39m
&amp#27;[38;5;212m[c4148d3a]&amp#27;[0m&amp#27;[38;5;86m[HTTP]&amp#27;[0m &amp#27;[37m-->&amp#27;[39m &amp#27;[37mPOST&amp#27;[39m &amp#27;[37m/session/c4148d3a-cb7c-4a90-ac66-ac6537bcf08d/timeouts&amp#27;[39m &amp#27;[90m{"implicit":15000}&amp#27;[39m
&amp#27;[38;5;212m[c4148d3a]&amp#27;[0m&amp#27;[38;5;9m[AndroidUiautomator2Driver@8dd2]&amp#27;[0m Calling AppiumDriver.timeouts() with args: [null,null,null,null,15000,"c4148d3a-cb7c-4a90-ac66-ac6537bcf08d"]
&amp#27;[38;5;212m[c4148d3a]&amp#27;[0m&amp#27;[38;5;9m[AndroidUiautomator2Driver@8dd2]&amp#27;[0m W3C timeout argument: {"implicit":15000}}
&amp#27;[38;5;212m[c4148d3a]&amp#27;[0m&amp#27;[38;5;9m[AndroidUiautomator2Driver@8dd2]&amp#27;[0m Set implicit wait to 15000ms
&amp#27;[38;5;212m[c4148d3a]&amp#27;[0m&amp#27;[38;5;9m[AndroidUiautomator2Driver@8dd2]&amp#27;[0m Responding to client with driver.timeouts() result: null
&amp#27;[38;5;212m[c4148d3a]&amp#27;[0m&amp#27;[38;5;86m[HTTP]&amp#27;[0m &amp#27;[37m<-- POST /session/c4148d3a-cb7c-4a90-ac66-ac6537bcf08d/timeouts &amp#27;[39m&amp#27;[32m200&amp#27;[39m &amp#27;[90m7 ms - 14&amp#27;[39m &amp#27;[90m&amp#27;[39m
&amp#27;[38;5;212m[c4148d3a]&amp#27;[0m&amp#27;[38;5;86m[HTTP]&amp#27;[0m &amp#27;[37m-->&amp#27;[39m &amp#27;[37mGET&amp#27;[39m &amp#27;[37m/session/c4148d3a-cb7c-4a90-ac66-ac6537bcf08d/context&amp#27;[39m &amp#27;[90m{}&amp#27;[39m
&amp#27;[38;5;212m[c4148d3a]&amp#27;[0m&amp#27;[38;5;9m[AndroidUiautomator2Driver@8dd2]&amp#27;[0m Calling AppiumDriver.getCurrentContext() with args: ["c4148d3a-cb7c-4a90-ac66-ac6537bcf08d"]
&amp#27;[38;5;212m[c4148d3a]&amp#27;[0m&amp#27;[38;5;9m[AndroidUiautomator2Driver@8dd2]&amp#27;[0m Responding to client with driver.getCurrentContext() result: "NATIVE_APP"
&amp#27;[38;5;212m[c4148d3a]&amp#27;[0m&amp#27;[38;5;86m[HTTP]&amp#27;[0m &amp#27;[37m<-- GET /session/c4148d3a-cb7c-4a90-ac66-ac6537bcf08d/context &amp#27;[39m&amp#27;[32m200&amp#27;[39m &amp#27;[90m9 ms - 22&amp#27;[39m &amp#27;[90m&amp#27;[39m
&amp#27;[38;5;212m[c4148d3a]&amp#27;[0m&amp#27;[38;5;86m[HTTP]&amp#27;[0m &amp#27;[37m-->&amp#27;[39m &amp#27;[37mPOST&amp#27;[39m &amp#27;[37m/session/c4148d3a-cb7c-4a90-ac66-ac6537bcf08d/element&amp#27;[39m &amp#27;[90m{"value":"android:id/text1","using":"id"}&amp#27;[39m
&amp#27;[38;5;212m[c4148d3a]&amp#27;[0m&amp#27;[38;5;9m[AndroidUiautomator2Driver@8dd2]&amp#27;[0m Calling AppiumDriver.findElement() with args: ["id","android:id/text1","c4148d3a-cb7c-4a90-ac66-ac6537bcf08d"]
&amp#27;[38;5;212m[c4148d3a]&amp#27;[0m&amp#27;[38;5;9m[AndroidUiautomator2Driver@8dd2]&amp#27;[0m Valid locator strategies for this request: xpath, id, class name, accessibility id, css selector, -android uiautomator
&amp#27;[38;5;212m[c4148d3a]&amp#27;[0m&amp#27;[38;5;9m[AndroidUiautomator2Driver@8dd2]&amp#27;[0m Waiting up to 15000 ms for condition
&amp#27;[38;5;212m[c4148d3a]&amp#27;[0m&amp#27;[38;5;9m[AndroidUiautomator2Driver@8dd2]&amp#27;[0m Matched '/element' to command name 'findElement'
&amp#27;[38;5;212m[c4148d3a]&amp#27;[0m&amp#27;[38;5;9m[AndroidUiautomator2Driver@8dd2]&amp#27;[0m Proxying [POST /element] to [POST http://127.0.0.1:8200/session/0fb48d37-5297-4bb6-aa15-f780f9e0d89a/element] with body: {"strategy":"id","selector":"android:id/text1","context":"","multiple":false}
&amp#27;[38;5;212m[c4148d3a]&amp#27;[0m&amp#27;[38;5;9m[AndroidUiautomator2Driver@8dd2]&amp#27;[0m Got response with status 404: {"sessionId":"0fb48d37-5297-4bb6-aa15-f780f9e0d89a","value":{"error":"no such element","message":"An element could not be located on the page using the given search parameters","stacktrace":"io.appium.uiautomator2.common.exceptions.ElementNotFoundException: An element could not be located on the page using the given search parameters\n\tat io.appium.uiautomator2.handler.FindElement.safeHandle(FindElement.java:63)\n\tat io.appium.uiautomator2.handler.request.SafeRequestHandler.handle(SafeRequestHandler.java:59)\n\tat io.appium.uiautomator2.server.AppiumServlet.handleRequest(AppiumServlet.java:259)\n\tat io.appium.uiautomator2.server.AppiumServlet.handleHttpRequest(AppiumServlet.java:253)\n\tat io.appium.uiautomator2.http.ServerHandler.channelRead(ServerHandler.java:77)\n\tat io.netty.channel.AbstractChannelHandlerContext.invokeChannelRead(AbstractChannelHandlerContext.java:366)\n\tat io.netty.channel.AbstractChannelHandlerContext.invokeChannelRead(AbstractChannelHandlerContext.java:352)\n\tat io.netty.chann...
&amp#27;[38;5;212m[c4148d3a]&amp#27;[0m&amp#27;[38;5;123m[W3C]&amp#27;[0m Matched W3C error code 'no such element' to NoSuchElementError
&amp#27;[38;5;212m[c4148d3a]&amp#27;[0m&amp#27;[38;5;9m[AndroidUiautomator2Driver@8dd2]&amp#27;[0m Waited for 128 ms so far
&amp#27;[38;5;212m[c4148d3a]&amp#27;[0m&amp#27;[38;5;9m[AndroidUiautomator2Driver@8dd2]&amp#27;[0m Matched '/element' to command name 'findElement'
&amp#27;[38;5;212m[c4148d3a]&amp#27;[0m&amp#27;[38;5;9m[AndroidUiautomator2Driver@8dd2]&amp#27;[0m Proxying [POST /element] to [POST http://127.0.0.1:8200/session/0fb48d37-5297-4bb6-aa15-f780f9e0d89a/element] with body: {"strategy":"id","selector":"android:id/text1","context":"","multiple":false}
&amp#27;[38;5;212m[c4148d3a]&amp#27;[0m&amp#27;[38;5;9m[AndroidUiautomator2Driver@8dd2]&amp#27;[0m Got response with status 404: {"sessionId":"0fb48d37-5297-4bb6-aa15-f780f9e0d89a","value":{"error":"no such element","message":"An element could not be located on the page using the given search parameters","stacktrace":"io.appium.uiautomator2.common.exceptions.ElementNotFoundException: An element could not be located on the page using the given search parameters\n\tat io.appium.uiautomator2.handler.FindElement.safeHandle(FindElement.java:63)\n\tat io.appium.uiautomator2.handler.request.SafeRequestHandler.handle(SafeRequestHandler.java:59)\n\tat io.appium.uiautomator2.server.AppiumServlet.handleRequest(AppiumServlet.java:259)\n\tat io.appium.uiautomator2.server.AppiumServlet.handleHttpRequest(AppiumServlet.java:253)\n\tat io.appium.uiautomator2.http.ServerHandler.channelRead(ServerHandler.java:77)\n\tat io.netty.channel.AbstractChannelHandlerContext.invokeChannelRead(AbstractChannelHandlerContext.java:366)\n\tat io.netty.channel.AbstractChannelHandlerContext.invokeChannelRead(AbstractChannelHandlerContext.java:352)\n\tat io.netty.chann...
&amp#27;[38;5;212m[c4148d3a]&amp#27;[0m&amp#27;[38;5;123m[W3C]&amp#27;[0m Matched W3C error code 'no such element' to NoSuchElementError
&amp#27;[38;5;212m[c4148d3a]&amp#27;[0m&amp#27;[38;5;9m[AndroidUiautomator2Driver@8dd2]&amp#27;[0m Waited for 667 ms so far
&amp#27;[38;5;212m[c4148d3a]&amp#27;[0m&amp#27;[38;5;9m[AndroidUiautomator2Driver@8dd2]&amp#27;[0m Matched '/element' to command name 'findElement'
&amp#27;[38;5;212m[c4148d3a]&amp#27;[0m&amp#27;[38;5;9m[AndroidUiautomator2Driver@8dd2]&amp#27;[0m Proxying [POST /element] to [POST http://127.0.0.1:8200/session/0fb48d37-5297-4bb6-aa15-f780f9e0d89a/element] with body: {"strategy":"id","selector":"android:id/text1","context":"","multiple":false}
&amp#27;[38;5;212m[c4148d3a]&amp#27;[0m&amp#27;[38;5;9m[AndroidUiautomator2Driver@8dd2]&amp#27;[0m Got response with status 404: {"sessionId":"0fb48d37-5297-4bb6-aa15-f780f9e0d89a","value":{"error":"no such element","message":"An element could not be located on the page using the given search parameters","stacktrace":"io.appium.uiautomator2.common.exceptions.ElementNotFoundException: An element could not be located on the page using the given search parameters\n\tat io.appium.uiautomator2.handler.FindElement.safeHandle(FindElement.java:63)\n\tat io.appium.uiautomator2.handler.request.SafeRequestHandler.handle(SafeRequestHandler.java:59)\n\tat io.appium.uiautomator2.server.AppiumServlet.handleRequest(AppiumServlet.java:259)\n\tat io.appium.uiautomator2.server.AppiumServlet.handleHttpRequest(AppiumServlet.java:253)\n\tat io.appium.uiautomator2.http.ServerHandler.channelRead(ServerHandler.java:77)\n\tat io.netty.channel.AbstractChannelHandlerContext.invokeChannelRead(AbstractChannelHandlerContext.java:366)\n\tat io.netty.channel.AbstractChannelHandlerContext.invokeChannelRead(AbstractChannelHandlerContext.java:352)\n\tat io.netty.chann...
&amp#27;[38;5;212m[c4148d3a]&amp#27;[0m&amp#27;[38;5;123m[W3C]&amp#27;[0m Matched W3C error code 'no such element' to NoSuchElementError
&amp#27;[38;5;212m[c4148d3a]&amp#27;[0m&amp#27;[38;5;9m[AndroidUiautomator2Driver@8dd2]&amp#27;[0m Waited for 1203 ms so far
&amp#27;[38;5;212m[c4148d3a]&amp#27;[0m&amp#27;[38;5;9m[AndroidUiautomator2Driver@8dd2]&amp#27;[0m Matched '/element' to command name 'findElement'
&amp#27;[38;5;212m[c4148d3a]&amp#27;[0m&amp#27;[38;5;9m[AndroidUiautomator2Driver@8dd2]&amp#27;[0m Proxying [POST /element] to [POST http://127.0.0.1:8200/session/0fb48d37-5297-4bb6-aa15-f780f9e0d89a/element] with body: {"strategy":"id","selector":"android:id/text1","context":"","multiple":false}
&amp#27;[38;5;212m[c4148d3a]&amp#27;[0m&amp#27;[38;5;9m[AndroidUiautomator2Driver@8dd2]&amp#27;[0m Got response with status 404: {"sessionId":"0fb48d37-5297-4bb6-aa15-f780f9e0d89a","value":{"error":"no such element","message":"An element could not be located on the page using the given search parameters","stacktrace":"io.appium.uiautomator2.common.exceptions.ElementNotFoundException: An element could not be located on the page using the given search parameters\n\tat io.appium.uiautomator2.handler.FindElement.safeHandle(FindElement.java:63)\n\tat io.appium.uiautomator2.handler.request.SafeRequestHandler.handle(SafeRequestHandler.java:59)\n\tat io.appium.uiautomator2.server.AppiumServlet.handleRequest(AppiumServlet.java:259)\n\tat io.appium.uiautomator2.server.AppiumServlet.handleHttpRequest(AppiumServlet.java:253)\n\tat io.appium.uiautomator2.http.ServerHandler.channelRead(ServerHandler.java:77)\n\tat io.netty.channel.AbstractChannelHandlerContext.invokeChannelRead(AbstractChannelHandlerContext.java:366)\n\tat io.netty.channel.AbstractChannelHandlerContext.invokeChannelRead(AbstractChannelHandlerContext.java:352)\n\tat io.netty.chann...
&amp#27;[38;5;212m[c4148d3a]&amp#27;[0m&amp#27;[38;5;123m[W3C]&amp#27;[0m Matched W3C error code 'no such element' to NoSuchElementError
&amp#27;[38;5;212m[c4148d3a]&amp#27;[0m&amp#27;[38;5;9m[AndroidUiautomator2Driver@8dd2]&amp#27;[0m Waited for 2115 ms so far
&amp#27;[38;5;212m[c4148d3a]&amp#27;[0m&amp#27;[38;5;9m[AndroidUiautomator2Driver@8dd2]&amp#27;[0m Matched '/element' to command name 'findElement'
&amp#27;[38;5;212m[c4148d3a]&amp#27;[0m&amp#27;[38;5;9m[AndroidUiautomator2Driver@8dd2]&amp#27;[0m Proxying [POST /element] to [POST http://127.0.0.1:8200/session/0fb48d37-5297-4bb6-aa15-f780f9e0d89a/element] with body: {"strategy":"id","selector":"android:id/text1","context":"","multiple":false}
&amp#27;[38;5;212m[c4148d3a]&amp#27;[0m&amp#27;[38;5;9m[AndroidUiautomator2Driver@8dd2]&amp#27;[0m Got response with status 200: {"sessionId":"0fb48d37-5297-4bb6-aa15-f780f9e0d89a","value":{"ELEMENT":"00000000-0000-0133-ffff-ffff00000024","element-6066-11e4-a52e-4f735466cecf":"00000000-0000-0133-ffff-ffff00000024"}}
&amp#27;[38;5;212m[c4148d3a]&amp#27;[0m&amp#27;[38;5;9m[AndroidUiautomator2Driver@8dd2]&amp#27;[0m Responding to client with driver.findElement() result: {"element-6066-11e4-a52e-4f735466cecf":"00000000-0000-0133-ffff-ffff00000024","ELEMENT":"00000000-0000-0133-ffff-ffff00000024"}
&amp#27;[38;5;212m[c4148d3a]&amp#27;[0m&amp#27;[38;5;86m[HTTP]&amp#27;[0m &amp#27;[37m<-- POST /session/c4148d3a-cb7c-4a90-ac66-ac6537bcf08d/element &amp#27;[39m&amp#27;[32m200&amp#27;[39m &amp#27;[90m3482 ms - 137&amp#27;[39m &amp#27;[90m&amp#27;[39m
&amp#27;[38;5;212m[c4148d3a]&amp#27;[0m&amp#27;[38;5;86m[HTTP]&amp#27;[0m &amp#27;[37m-->&amp#27;[39m &amp#27;[37mPOST&amp#27;[39m &amp#27;[37m/session/c4148d3a-cb7c-4a90-ac66-ac6537bcf08d/element/00000000-0000-0133-ffff-ffff00000024/click&amp#27;[39m &amp#27;[90m{"id":"00000000-0000-0133-ffff-ffff00000024"}&amp#27;[39m
&amp#27;[38;5;212m[c4148d3a]&amp#27;[0m&amp#27;[38;5;9m[AndroidUiautomator2Driver@8dd2]&amp#27;[0m Calling AppiumDriver.click() with args: ["00000000-0000-0133-ffff-ffff00000024","c4148d3a-cb7c-4a90-ac66-ac6537bcf08d"]
&amp#27;[38;5;212m[c4148d3a]&amp#27;[0m&amp#27;[38;5;9m[AndroidUiautomator2Driver@8dd2]&amp#27;[0m Matched '/element/00000000-0000-0133-ffff-ffff00000024/click' to command name 'click'
&amp#27;[38;5;212m[c4148d3a]&amp#27;[0m&amp#27;[38;5;9m[AndroidUiautomator2Driver@8dd2]&amp#27;[0m Proxying [POST /element/00000000-0000-0133-ffff-ffff00000024/click] to [POST http://127.0.0.1:8200/session/0fb48d37-5297-4bb6-aa15-f780f9e0d89a/element/00000000-0000-0133-ffff-ffff00000024/click] with body: {"element":"00000000-0000-0133-ffff-ffff00000024"}
&amp#27;[38;5;212m[c4148d3a]&amp#27;[0m&amp#27;[38;5;9m[AndroidUiautomator2Driver@8dd2]&amp#27;[0m Got response with status 200: {"sessionId":"0fb48d37-5297-4bb6-aa15-f780f9e0d89a","value":null}
&amp#27;[38;5;212m[c4148d3a]&amp#27;[0m&amp#27;[38;5;9m[AndroidUiautomator2Driver@8dd2]&amp#27;[0m Responding to client with driver.click() result: null
&amp#27;[38;5;212m[c4148d3a]&amp#27;[0m&amp#27;[38;5;86m[HTTP]&amp#27;[0m &amp#27;[37m<-- POST /session/c4148d3a-cb7c-4a90-ac66-ac6537bcf08d/element/00000000-0000-0133-ffff-ffff00000024/click &amp#27;[39m&amp#27;[32m200&amp#27;[39m &amp#27;[90m76 ms - 14&amp#27;[39m &amp#27;[90m&amp#27;[39m
&amp#27;[38;5;212m[c4148d3a]&amp#27;[0m&amp#27;[38;5;86m[HTTP]&amp#27;[0m &amp#27;[37m-->&amp#27;[39m &amp#27;[37mPOST&amp#27;[39m &amp#27;[37m/session/c4148d3a-cb7c-4a90-ac66-ac6537bcf08d/element&amp#27;[39m &amp#27;[90m{"value":"new UiScrollable(new UiSelector()).scrollIntoView(text(\"Australia\"));","using":"-android uiautomator"}&amp#27;[39m
&amp#27;[38;5;212m[c4148d3a]&amp#27;[0m&amp#27;[38;5;9m[AndroidUiautomator2Driver@8dd2]&amp#27;[0m Calling AppiumDriver.findElement() with args: ["-android uiautomator","new UiScrollable(new UiSelector()).scrollIntoView(text(\"Australia\"));","c4148d3a-cb7c-4a90-ac66-ac6537bcf08d"]
&amp#27;[38;5;212m[c4148d3a]&amp#27;[0m&amp#27;[38;5;9m[AndroidUiautomator2Driver@8dd2]&amp#27;[0m Valid locator strategies for this request: xpath, id, class name, accessibility id, css selector, -android uiautomator
&amp#27;[38;5;212m[c4148d3a]&amp#27;[0m&amp#27;[38;5;9m[AndroidUiautomator2Driver@8dd2]&amp#27;[0m Waiting up to 15000 ms for condition
&amp#27;[38;5;212m[c4148d3a]&amp#27;[0m&amp#27;[38;5;9m[AndroidUiautomator2Driver@8dd2]&amp#27;[0m Matched '/element' to command name 'findElement'
&amp#27;[38;5;212m[c4148d3a]&amp#27;[0m&amp#27;[38;5;9m[AndroidUiautomator2Driver@8dd2]&amp#27;[0m Proxying [POST /element] to [POST http://127.0.0.1:8200/session/0fb48d37-5297-4bb6-aa15-f780f9e0d89a/element] with body: {"strategy":"-android uiautomator","selector":"new UiScrollable(new UiSelector()).scrollIntoView(text(\"Australia\"));","context":"","multiple":false}
&amp#27;[38;5;212m[c4148d3a]&amp#27;[0m&amp#27;[38;5;9m[AndroidUiautomator2Driver@8dd2]&amp#27;[0m Got response with status 200: {"sessionId":"0fb48d37-5297-4bb6-aa15-f780f9e0d89a","value":{"ELEMENT":"00000000-0000-0134-ffff-ffff0000002c","element-6066-11e4-a52e-4f735466cecf":"00000000-0000-0134-ffff-ffff0000002c"}}
&amp#27;[38;5;212m[c4148d3a]&amp#27;[0m&amp#27;[38;5;9m[AndroidUiautomator2Driver@8dd2]&amp#27;[0m Responding to client with driver.findElement() result: {"element-6066-11e4-a52e-4f735466cecf":"00000000-0000-0134-ffff-ffff0000002c","ELEMENT":"00000000-0000-0134-ffff-ffff0000002c"}
&amp#27;[38;5;212m[c4148d3a]&amp#27;[0m&amp#27;[38;5;86m[HTTP]&amp#27;[0m &amp#27;[37m<-- POST /session/c4148d3a-cb7c-4a90-ac66-ac6537bcf08d/element &amp#27;[39m&amp#27;[32m200&amp#27;[39m &amp#27;[90m4130 ms - 137&amp#27;[39m &amp#27;[90m&amp#27;[39m
&amp#27;[38;5;212m[c4148d3a]&amp#27;[0m&amp#27;[38;5;86m[HTTP]&amp#27;[0m &amp#27;[37m-->&amp#27;[39m &amp#27;[37mGET&amp#27;[39m &amp#27;[37m/session/c4148d3a-cb7c-4a90-ac66-ac6537bcf08d/context&amp#27;[39m &amp#27;[90m{}&amp#27;[39m
&amp#27;[38;5;212m[c4148d3a]&amp#27;[0m&amp#27;[38;5;9m[AndroidUiautomator2Driver@8dd2]&amp#27;[0m Calling AppiumDriver.getCurrentContext() with args: ["c4148d3a-cb7c-4a90-ac66-ac6537bcf08d"]
&amp#27;[38;5;212m[c4148d3a]&amp#27;[0m&amp#27;[38;5;9m[AndroidUiautomator2Driver@8dd2]&amp#27;[0m Responding to client with driver.getCurrentContext() result: "NATIVE_APP"
&amp#27;[38;5;212m[c4148d3a]&amp#27;[0m&amp#27;[38;5;86m[HTTP]&amp#27;[0m &amp#27;[37m<-- GET /session/c4148d3a-cb7c-4a90-ac66-ac6537bcf08d/context &amp#27;[39m&amp#27;[32m200&amp#27;[39m &amp#27;[90m3 ms - 22&amp#27;[39m &amp#27;[90m&amp#27;[39m
&amp#27;[38;5;212m[c4148d3a]&amp#27;[0m&amp#27;[38;5;86m[HTTP]&amp#27;[0m &amp#27;[37m-->&amp#27;[39m &amp#27;[37mPOST&amp#27;[39m &amp#27;[37m/session/c4148d3a-cb7c-4a90-ac66-ac6537bcf08d/element&amp#27;[39m &amp#27;[90m{"value":"//android.widget.TextView[@text='Australia']","using":"xpath"}&amp#27;[39m
&amp#27;[38;5;212m[c4148d3a]&amp#27;[0m&amp#27;[38;5;9m[AndroidUiautomator2Driver@8dd2]&amp#27;[0m Calling AppiumDriver.findElement() with args: ["xpath","//android.widget.TextView[@text='Australia']","c4148d3a-cb7c-4a90-ac66-ac6537bcf08d"]
&amp#27;[38;5;212m[c4148d3a]&amp#27;[0m&amp#27;[38;5;9m[AndroidUiautomator2Driver@8dd2]&amp#27;[0m Valid locator strategies for this request: xpath, id, class name, accessibility id, css selector, -android uiautomator
&amp#27;[38;5;212m[c4148d3a]&amp#27;[0m&amp#27;[38;5;9m[AndroidUiautomator2Driver@8dd2]&amp#27;[0m Waiting up to 15000 ms for condition
&amp#27;[38;5;212m[c4148d3a]&amp#27;[0m&amp#27;[38;5;9m[AndroidUiautomator2Driver@8dd2]&amp#27;[0m Matched '/element' to command name 'findElement'
&amp#27;[38;5;212m[c4148d3a]&amp#27;[0m&amp#27;[38;5;9m[AndroidUiautomator2Driver@8dd2]&amp#27;[0m Proxying [POST /element] to [POST http://127.0.0.1:8200/session/0fb48d37-5297-4bb6-aa15-f780f9e0d89a/element] with body: {"strategy":"xpath","selector":"//android.widget.TextView[@text='Australia']","context":"","multiple":false}
&amp#27;[38;5;212m[c4148d3a]&amp#27;[0m&amp#27;[38;5;9m[AndroidUiautomator2Driver@8dd2]&amp#27;[0m Got response with status 200: {"sessionId":"0fb48d37-5297-4bb6-aa15-f780f9e0d89a","value":{"ELEMENT":"00000000-0000-0134-ffff-ffff0000002c","element-6066-11e4-a52e-4f735466cecf":"00000000-0000-0134-ffff-ffff0000002c"}}
&amp#27;[38;5;212m[c4148d3a]&amp#27;[0m&amp#27;[38;5;9m[AndroidUiautomator2Driver@8dd2]&amp#27;[0m Responding to client with driver.findElement() result: {"element-6066-11e4-a52e-4f735466cecf":"00000000-0000-0134-ffff-ffff0000002c","ELEMENT":"00000000-0000-0134-ffff-ffff0000002c"}
&amp#27;[38;5;212m[c4148d3a]&amp#27;[0m&amp#27;[38;5;86m[HTTP]&amp#27;[0m &amp#27;[37m<-- POST /session/c4148d3a-cb7c-4a90-ac66-ac6537bcf08d/element &amp#27;[39m&amp#27;[32m200&amp#27;[39m &amp#27;[90m576 ms - 137&amp#27;[39m &amp#27;[90m&amp#27;[39m
&amp#27;[38;5;212m[c4148d3a]&amp#27;[0m&amp#27;[38;5;86m[HTTP]&amp#27;[0m &amp#27;[37m-->&amp#27;[39m &amp#27;[37mPOST&amp#27;[39m &amp#27;[37m/session/c4148d3a-cb7c-4a90-ac66-ac6537bcf08d/element/00000000-0000-0134-ffff-ffff0000002c/click&amp#27;[39m &amp#27;[90m{"id":"00000000-0000-0134-ffff-ffff0000002c"}&amp#27;[39m
&amp#27;[38;5;212m[c4148d3a]&amp#27;[0m&amp#27;[38;5;9m[AndroidUiautomator2Driver@8dd2]&amp#27;[0m Calling AppiumDriver.click() with args: ["00000000-0000-0134-ffff-ffff0000002c","c4148d3a-cb7c-4a90-ac66-ac6537bcf08d"]
&amp#27;[38;5;212m[c4148d3a]&amp#27;[0m&amp#27;[38;5;9m[AndroidUiautomator2Driver@8dd2]&amp#27;[0m Matched '/element/00000000-0000-0134-ffff-ffff0000002c/click' to command name 'click'
&amp#27;[38;5;212m[c4148d3a]&amp#27;[0m&amp#27;[38;5;9m[AndroidUiautomator2Driver@8dd2]&amp#27;[0m Proxying [POST /element/00000000-0000-0134-ffff-ffff0000002c/click] to [POST http://127.0.0.1:8200/session/0fb48d37-5297-4bb6-aa15-f780f9e0d89a/element/00000000-0000-0134-ffff-ffff0000002c/click] with body: {"element":"00000000-0000-0134-ffff-ffff0000002c"}
&amp#27;[38;5;212m[c4148d3a]&amp#27;[0m&amp#27;[38;5;9m[AndroidUiautomator2Driver@8dd2]&amp#27;[0m Got response with status 200: {"sessionId":"0fb48d37-5297-4bb6-aa15-f780f9e0d89a","value":null}
&amp#27;[38;5;212m[c4148d3a]&amp#27;[0m&amp#27;[38;5;9m[AndroidUiautomator2Driver@8dd2]&amp#27;[0m Responding to client with driver.click() result: null
&amp#27;[38;5;212m[c4148d3a]&amp#27;[0m&amp#27;[38;5;86m[HTTP]&amp#27;[0m &amp#27;[37m<-- POST /session/c4148d3a-cb7c-4a90-ac66-ac6537bcf08d/element/00000000-0000-0134-ffff-ffff0000002c/click &amp#27;[39m&amp#27;[32m200&amp#27;[39m &amp#27;[90m710 ms - 14&amp#27;[39m &amp#27;[90m&amp#27;[39m
&amp#27;[38;5;212m[c4148d3a]&amp#27;[0m&amp#27;[38;5;86m[HTTP]&amp#27;[0m &amp#27;[37m-->&amp#27;[39m &amp#27;[37mGET&amp#27;[39m &amp#27;[37m/session/c4148d3a-cb7c-4a90-ac66-ac6537bcf08d/context&amp#27;[39m &amp#27;[90m{}&amp#27;[39m
&amp#27;[38;5;212m[c4148d3a]&amp#27;[0m&amp#27;[38;5;9m[AndroidUiautomator2Driver@8dd2]&amp#27;[0m Calling AppiumDriver.getCurrentContext() with args: ["c4148d3a-cb7c-4a90-ac66-ac6537bcf08d"]
&amp#27;[38;5;212m[c4148d3a]&amp#27;[0m&amp#27;[38;5;9m[AndroidUiautomator2Driver@8dd2]&amp#27;[0m Responding to client with driver.getCurrentContext() result: "NATIVE_APP"
&amp#27;[38;5;212m[c4148d3a]&amp#27;[0m&amp#27;[38;5;86m[HTTP]&amp#27;[0m &amp#27;[37m<-- GET /session/c4148d3a-cb7c-4a90-ac66-ac6537bcf08d/context &amp#27;[39m&amp#27;[32m200&amp#27;[39m &amp#27;[90m2 ms - 22&amp#27;[39m &amp#27;[90m&amp#27;[39m
&amp#27;[38;5;212m[c4148d3a]&amp#27;[0m&amp#27;[38;5;86m[HTTP]&amp#27;[0m &amp#27;[37m-->&amp#27;[39m &amp#27;[37mPOST&amp#27;[39m &amp#27;[37m/session/c4148d3a-cb7c-4a90-ac66-ac6537bcf08d/element&amp#27;[39m &amp#27;[90m{"value":"com.androidsample.generalstore:id/nameField","using":"id"}&amp#27;[39m
&amp#27;[38;5;212m[c4148d3a]&amp#27;[0m&amp#27;[38;5;9m[AndroidUiautomator2Driver@8dd2]&amp#27;[0m Calling AppiumDriver.findElement() with args: ["id","com.androidsample.generalstore:id/nameField","c4148d3a-cb7c-4a90-ac66-ac6537bcf08d"]
&amp#27;[38;5;212m[c4148d3a]&amp#27;[0m&amp#27;[38;5;9m[AndroidUiautomator2Driver@8dd2]&amp#27;[0m Valid locator strategies for this request: xpath, id, class name, accessibility id, css selector, -android uiautomator
&amp#27;[38;5;212m[c4148d3a]&amp#27;[0m&amp#27;[38;5;9m[AndroidUiautomator2Driver@8dd2]&amp#27;[0m Waiting up to 15000 ms for condition
&amp#27;[38;5;212m[c4148d3a]&amp#27;[0m&amp#27;[38;5;9m[AndroidUiautomator2Driver@8dd2]&amp#27;[0m Matched '/element' to command name 'findElement'
&amp#27;[38;5;212m[c4148d3a]&amp#27;[0m&amp#27;[38;5;9m[AndroidUiautomator2Driver@8dd2]&amp#27;[0m Proxying [POST /element] to [POST http://127.0.0.1:8200/session/0fb48d37-5297-4bb6-aa15-f780f9e0d89a/element] with body: {"strategy":"id","selector":"com.androidsample.generalstore:id/nameField","context":"","multiple":false}
&amp#27;[38;5;212m[c4148d3a]&amp#27;[0m&amp#27;[38;5;9m[AndroidUiautomator2Driver@8dd2]&amp#27;[0m Got response with status 200: {"sessionId":"0fb48d37-5297-4bb6-aa15-f780f9e0d89a","value":{"ELEMENT":"00000000-0000-0133-ffff-ffff0000001c","element-6066-11e4-a52e-4f735466cecf":"00000000-0000-0133-ffff-ffff0000001c"}}
&amp#27;[38;5;212m[c4148d3a]&amp#27;[0m&amp#27;[38;5;9m[AndroidUiautomator2Driver@8dd2]&amp#27;[0m Responding to client with driver.findElement() result: {"element-6066-11e4-a52e-4f735466cecf":"00000000-0000-0133-ffff-ffff0000001c","ELEMENT":"00000000-0000-0133-ffff-ffff0000001c"}
&amp#27;[38;5;212m[c4148d3a]&amp#27;[0m&amp#27;[38;5;86m[HTTP]&amp#27;[0m &amp#27;[37m<-- POST /session/c4148d3a-cb7c-4a90-ac66-ac6537bcf08d/element &amp#27;[39m&amp#27;[32m200&amp#27;[39m &amp#27;[90m21 ms - 137&amp#27;[39m &amp#27;[90m&amp#27;[39m
&amp#27;[38;5;212m[c4148d3a]&amp#27;[0m&amp#27;[38;5;86m[HTTP]&amp#27;[0m &amp#27;[37m-->&amp#27;[39m &amp#27;[37mPOST&amp#27;[39m &amp#27;[37m/session/c4148d3a-cb7c-4a90-ac66-ac6537bcf08d/element/00000000-0000-0133-ffff-ffff0000001c/value&amp#27;[39m &amp#27;[90m{"text":"pranav","value":["p","r","a","n","a","v"],"id":"00000000-0000-0133-ffff-ffff0000001c"}&amp#27;[39m
&amp#27;[38;5;212m[c4148d3a]&amp#27;[0m&amp#27;[38;5;9m[AndroidUiautomator2Driver@8dd2]&amp#27;[0m Calling AppiumDriver.setValue() with args: [["p","r","a","n","a","v"],"00000000-0000-0133-ffff-ffff0000001c","c4148d3a-cb7c-4a90-ac66-ac6537bcf08d"]
&amp#27;[38;5;212m[c4148d3a]&amp#27;[0m&amp#27;[38;5;9m[AndroidUiautomator2Driver@8dd2]&amp#27;[0m Matched '/element/00000000-0000-0133-ffff-ffff0000001c/value' to command name 'setValue'
&amp#27;[38;5;212m[c4148d3a]&amp#27;[0m&amp#27;[38;5;9m[AndroidUiautomator2Driver@8dd2]&amp#27;[0m Added 'value' property ["p","r","a","n","a","v"] to 'setValue' request body
&amp#27;[38;5;212m[c4148d3a]&amp#27;[0m&amp#27;[38;5;9m[AndroidUiautomator2Driver@8dd2]&amp#27;[0m Proxying [POST /element/00000000-0000-0133-ffff-ffff0000001c/value] to [POST http://127.0.0.1:8200/session/0fb48d37-5297-4bb6-aa15-f780f9e0d89a/element/00000000-0000-0133-ffff-ffff0000001c/value] with body: {"elementId":"00000000-0000-0133-ffff-ffff0000001c","text":"pranav","replace":false,"value":["p","r","a","n","a","v"]}
&amp#27;[38;5;212m[c4148d3a]&amp#27;[0m&amp#27;[38;5;9m[AndroidUiautomator2Driver@8dd2]&amp#27;[0m Got response with status 200: {"sessionId":"0fb48d37-5297-4bb6-aa15-f780f9e0d89a","value":null}
&amp#27;[38;5;212m[c4148d3a]&amp#27;[0m&amp#27;[38;5;9m[AndroidUiautomator2Driver@8dd2]&amp#27;[0m Responding to client with driver.setValue() result: null
&amp#27;[38;5;212m[c4148d3a]&amp#27;[0m&amp#27;[38;5;86m[HTTP]&amp#27;[0m &amp#27;[37m<-- POST /session/c4148d3a-cb7c-4a90-ac66-ac6537bcf08d/element/00000000-0000-0133-ffff-ffff0000001c/value &amp#27;[39m&amp#27;[32m200&amp#27;[39m &amp#27;[90m561 ms - 14&amp#27;[39m &amp#27;[90m&amp#27;[39m
&amp#27;[38;5;212m[c4148d3a]&amp#27;[0m&amp#27;[38;5;86m[HTTP]&amp#27;[0m &amp#27;[37m-->&amp#27;[39m &amp#27;[37mPOST&amp#27;[39m &amp#27;[37m/session/c4148d3a-cb7c-4a90-ac66-ac6537bcf08d/execute/sync&amp#27;[39m &amp#27;[90m{"script":"mobile: hideKeyboard","args":[]}&amp#27;[39m
&amp#27;[38;5;212m[c4148d3a]&amp#27;[0m&amp#27;[38;5;9m[AndroidUiautomator2Driver@8dd2]&amp#27;[0m Calling AppiumDriver.execute() with args: ["mobile: hideKeyboard",[],"c4148d3a-cb7c-4a90-ac66-ac6537bcf08d"]
&amp#27;[38;5;212m[c4148d3a]&amp#27;[0m&amp#27;[38;5;9m[AndroidUiautomator2Driver@8dd2]&amp#27;[0m Executing native command 'mobile: hideKeyboard'
&amp#27;[38;5;212m[c4148d3a]&amp#27;[0m&amp#27;[38;5;229m[ADB]&amp#27;[0m Running 'C:\Users\HOME\AppData\Local\Android\Sdk\platform-tools\adb.exe -P 5037 -s emulator-5554 shell dumpsys input_method'
&amp#27;[38;5;212m[c4148d3a]&amp#27;[0m&amp#27;[38;5;229m[ADB]&amp#27;[0m Keyboard has no UI; no closing necessary
&amp#27;[38;5;212m[c4148d3a]&amp#27;[0m&amp#27;[38;5;9m[AndroidUiautomator2Driver@8dd2]&amp#27;[0m Responding to client with driver.execute() result: false
&amp#27;[38;5;212m[c4148d3a]&amp#27;[0m&amp#27;[38;5;86m[HTTP]&amp#27;[0m &amp#27;[37m<-- POST /session/c4148d3a-cb7c-4a90-ac66-ac6537bcf08d/execute/sync &amp#27;[39m&amp#27;[32m200&amp#27;[39m &amp#27;[90m601 ms - 15&amp#27;[39m &amp#27;[90m&amp#27;[39m
&amp#27;[38;5;212m[c4148d3a]&amp#27;[0m&amp#27;[38;5;86m[HTTP]&amp#27;[0m &amp#27;[37m-->&amp#27;[39m &amp#27;[37mGET&amp#27;[39m &amp#27;[37m/session/c4148d3a-cb7c-4a90-ac66-ac6537bcf08d/context&amp#27;[39m &amp#27;[90m{}&amp#27;[39m
&amp#27;[38;5;212m[c4148d3a]&amp#27;[0m&amp#27;[38;5;9m[AndroidUiautomator2Driver@8dd2]&amp#27;[0m Calling AppiumDriver.getCurrentContext() with args: ["c4148d3a-cb7c-4a90-ac66-ac6537bcf08d"]
&amp#27;[38;5;212m[c4148d3a]&amp#27;[0m&amp#27;[38;5;9m[AndroidUiautomator2Driver@8dd2]&amp#27;[0m Responding to client with driver.getCurrentContext() result: "NATIVE_APP"
&amp#27;[38;5;212m[c4148d3a]&amp#27;[0m&amp#27;[38;5;86m[HTTP]&amp#27;[0m &amp#27;[37m<-- GET /session/c4148d3a-cb7c-4a90-ac66-ac6537bcf08d/context &amp#27;[39m&amp#27;[32m200&amp#27;[39m &amp#27;[90m2 ms - 22&amp#27;[39m &amp#27;[90m&amp#27;[39m
&amp#27;[38;5;212m[c4148d3a]&amp#27;[0m&amp#27;[38;5;86m[HTTP]&amp#27;[0m &amp#27;[37m-->&amp#27;[39m &amp#27;[37mPOST&amp#27;[39m &amp#27;[37m/session/c4148d3a-cb7c-4a90-ac66-ac6537bcf08d/element&amp#27;[39m &amp#27;[90m{"value":"com.androidsample.generalstore:id/radioFemale","using":"id"}&amp#27;[39m
&amp#27;[38;5;212m[c4148d3a]&amp#27;[0m&amp#27;[38;5;9m[AndroidUiautomator2Driver@8dd2]&amp#27;[0m Calling AppiumDriver.findElement() with args: ["id","com.androidsample.generalstore:id/radioFemale","c4148d3a-cb7c-4a90-ac66-ac6537bcf08d"]
&amp#27;[38;5;212m[c4148d3a]&amp#27;[0m&amp#27;[38;5;9m[AndroidUiautomator2Driver@8dd2]&amp#27;[0m Valid locator strategies for this request: xpath, id, class name, accessibility id, css selector, -android uiautomator
&amp#27;[38;5;212m[c4148d3a]&amp#27;[0m&amp#27;[38;5;9m[AndroidUiautomator2Driver@8dd2]&amp#27;[0m Waiting up to 15000 ms for condition
&amp#27;[38;5;212m[c4148d3a]&amp#27;[0m&amp#27;[38;5;9m[AndroidUiautomator2Driver@8dd2]&amp#27;[0m Matched '/element' to command name 'findElement'
&amp#27;[38;5;212m[c4148d3a]&amp#27;[0m&amp#27;[38;5;9m[AndroidUiautomator2Driver@8dd2]&amp#27;[0m Proxying [POST /element] to [POST http://127.0.0.1:8200/session/0fb48d37-5297-4bb6-aa15-f780f9e0d89a/element] with body: {"strategy":"id","selector":"com.androidsample.generalstore:id/radioFemale","context":"","multiple":false}
&amp#27;[38;5;212m[c4148d3a]&amp#27;[0m&amp#27;[38;5;9m[AndroidUiautomator2Driver@8dd2]&amp#27;[0m Got response with status 200: {"sessionId":"0fb48d37-5297-4bb6-aa15-f780f9e0d89a","value":{"ELEMENT":"00000000-0000-0133-ffff-ffff00000020","element-6066-11e4-a52e-4f735466cecf":"00000000-0000-0133-ffff-ffff00000020"}}
&amp#27;[38;5;212m[c4148d3a]&amp#27;[0m&amp#27;[38;5;9m[AndroidUiautomator2Driver@8dd2]&amp#27;[0m Responding to client with driver.findElement() result: {"element-6066-11e4-a52e-4f735466cecf":"00000000-0000-0133-ffff-ffff00000020","ELEMENT":"00000000-0000-0133-ffff-ffff00000020"}
&amp#27;[38;5;212m[c4148d3a]&amp#27;[0m&amp#27;[38;5;86m[HTTP]&amp#27;[0m &amp#27;[37m<-- POST /session/c4148d3a-cb7c-4a90-ac66-ac6537bcf08d/element &amp#27;[39m&amp#27;[32m200&amp#27;[39m &amp#27;[90m28 ms - 137&amp#27;[39m &amp#27;[90m&amp#27;[39m
&amp#27;[38;5;212m[c4148d3a]&amp#27;[0m&amp#27;[38;5;86m[HTTP]&amp#27;[0m &amp#27;[37m-->&amp#27;[39m &amp#27;[37mPOST&amp#27;[39m &amp#27;[37m/session/c4148d3a-cb7c-4a90-ac66-ac6537bcf08d/element/00000000-0000-0133-ffff-ffff00000020/click&amp#27;[39m &amp#27;[90m{"id":"00000000-0000-0133-ffff-ffff00000020"}&amp#27;[39m
&amp#27;[38;5;212m[c4148d3a]&amp#27;[0m&amp#27;[38;5;9m[AndroidUiautomator2Driver@8dd2]&amp#27;[0m Calling AppiumDriver.click() with args: ["00000000-0000-0133-ffff-ffff00000020","c4148d3a-cb7c-4a90-ac66-ac6537bcf08d"]
&amp#27;[38;5;212m[c4148d3a]&amp#27;[0m&amp#27;[38;5;9m[AndroidUiautomator2Driver@8dd2]&amp#27;[0m Matched '/element/00000000-0000-0133-ffff-ffff00000020/click' to command name 'click'
&amp#27;[38;5;212m[c4148d3a]&amp#27;[0m&amp#27;[38;5;9m[AndroidUiautomator2Driver@8dd2]&amp#27;[0m Proxying [POST /element/00000000-0000-0133-ffff-ffff00000020/click] to [POST http://127.0.0.1:8200/session/0fb48d37-5297-4bb6-aa15-f780f9e0d89a/element/00000000-0000-0133-ffff-ffff00000020/click] with body: {"element":"00000000-0000-0133-ffff-ffff00000020"}
&amp#27;[38;5;212m[c4148d3a]&amp#27;[0m&amp#27;[38;5;9m[AndroidUiautomator2Driver@8dd2]&amp#27;[0m Got response with status 200: {"sessionId":"0fb48d37-5297-4bb6-aa15-f780f9e0d89a","value":null}
&amp#27;[38;5;212m[c4148d3a]&amp#27;[0m&amp#27;[38;5;9m[AndroidUiautomator2Driver@8dd2]&amp#27;[0m Responding to client with driver.click() result: null
&amp#27;[38;5;212m[c4148d3a]&amp#27;[0m&amp#27;[38;5;86m[HTTP]&amp#27;[0m &amp#27;[37m<-- POST /session/c4148d3a-cb7c-4a90-ac66-ac6537bcf08d/element/00000000-0000-0133-ffff-ffff00000020/click &amp#27;[39m&amp#27;[32m200&amp#27;[39m &amp#27;[90m104 ms - 14&amp#27;[39m &amp#27;[90m&amp#27;[39m
&amp#27;[38;5;212m[c4148d3a]&amp#27;[0m&amp#27;[38;5;86m[HTTP]&amp#27;[0m &amp#27;[37m-->&amp#27;[39m &amp#27;[37mGET&amp#27;[39m &amp#27;[37m/session/c4148d3a-cb7c-4a90-ac66-ac6537bcf08d/context&amp#27;[39m &amp#27;[90m{}&amp#27;[39m
&amp#27;[38;5;212m[c4148d3a]&amp#27;[0m&amp#27;[38;5;9m[AndroidUiautomator2Driver@8dd2]&amp#27;[0m Calling AppiumDriver.getCurrentContext() with args: ["c4148d3a-cb7c-4a90-ac66-ac6537bcf08d"]
&amp#27;[38;5;212m[c4148d3a]&amp#27;[0m&amp#27;[38;5;9m[AndroidUiautomator2Driver@8dd2]&amp#27;[0m Responding to client with driver.getCurrentContext() result: "NATIVE_APP"
&amp#27;[38;5;212m[c4148d3a]&amp#27;[0m&amp#27;[38;5;86m[HTTP]&amp#27;[0m &amp#27;[37m<-- GET /session/c4148d3a-cb7c-4a90-ac66-ac6537bcf08d/context &amp#27;[39m&amp#27;[32m200&amp#27;[39m &amp#27;[90m2 ms - 22&amp#27;[39m &amp#27;[90m&amp#27;[39m
&amp#27;[38;5;212m[c4148d3a]&amp#27;[0m&amp#27;[38;5;86m[HTTP]&amp#27;[0m &amp#27;[37m-->&amp#27;[39m &amp#27;[37mPOST&amp#27;[39m &amp#27;[37m/session/c4148d3a-cb7c-4a90-ac66-ac6537bcf08d/element&amp#27;[39m &amp#27;[90m{"value":"com.androidsample.generalstore:id/btnLetsShop","using":"id"}&amp#27;[39m
&amp#27;[38;5;212m[c4148d3a]&amp#27;[0m&amp#27;[38;5;9m[AndroidUiautomator2Driver@8dd2]&amp#27;[0m Calling AppiumDriver.findElement() with args: ["id","com.androidsample.generalstore:id/btnLetsShop","c4148d3a-cb7c-4a90-ac66-ac6537bcf08d"]
&amp#27;[38;5;212m[c4148d3a]&amp#27;[0m&amp#27;[38;5;9m[AndroidUiautomator2Driver@8dd2]&amp#27;[0m Valid locator strategies for this request: xpath, id, class name, accessibility id, css selector, -android uiautomator
&amp#27;[38;5;212m[c4148d3a]&amp#27;[0m&amp#27;[38;5;9m[AndroidUiautomator2Driver@8dd2]&amp#27;[0m Waiting up to 15000 ms for condition
&amp#27;[38;5;212m[c4148d3a]&amp#27;[0m&amp#27;[38;5;9m[AndroidUiautomator2Driver@8dd2]&amp#27;[0m Matched '/element' to command name 'findElement'
&amp#27;[38;5;212m[c4148d3a]&amp#27;[0m&amp#27;[38;5;9m[AndroidUiautomator2Driver@8dd2]&amp#27;[0m Proxying [POST /element] to [POST http://127.0.0.1:8200/session/0fb48d37-5297-4bb6-aa15-f780f9e0d89a/element] with body: {"strategy":"id","selector":"com.androidsample.generalstore:id/btnLetsShop","context":"","multiple":false}
&amp#27;[38;5;212m[c4148d3a]&amp#27;[0m&amp#27;[38;5;9m[AndroidUiautomator2Driver@8dd2]&amp#27;[0m Got response with status 200: {"sessionId":"0fb48d37-5297-4bb6-aa15-f780f9e0d89a","value":{"ELEMENT":"00000000-0000-0133-ffff-ffff00000021","element-6066-11e4-a52e-4f735466cecf":"00000000-0000-0133-ffff-ffff00000021"}}
&amp#27;[38;5;212m[c4148d3a]&amp#27;[0m&amp#27;[38;5;9m[AndroidUiautomator2Driver@8dd2]&amp#27;[0m Responding to client with driver.findElement() result: {"element-6066-11e4-a52e-4f735466cecf":"00000000-0000-0133-ffff-ffff00000021","ELEMENT":"00000000-0000-0133-ffff-ffff00000021"}
&amp#27;[38;5;212m[c4148d3a]&amp#27;[0m&amp#27;[38;5;86m[HTTP]&amp#27;[0m &amp#27;[37m<-- POST /session/c4148d3a-cb7c-4a90-ac66-ac6537bcf08d/element &amp#27;[39m&amp#27;[32m200&amp#27;[39m &amp#27;[90m587 ms - 137&amp#27;[39m &amp#27;[90m&amp#27;[39m
&amp#27;[38;5;212m[c4148d3a]&amp#27;[0m&amp#27;[38;5;86m[HTTP]&amp#27;[0m &amp#27;[37m-->&amp#27;[39m &amp#27;[37mPOST&amp#27;[39m &amp#27;[37m/session/c4148d3a-cb7c-4a90-ac66-ac6537bcf08d/element/00000000-0000-0133-ffff-ffff00000021/click&amp#27;[39m &amp#27;[90m{"id":"00000000-0000-0133-ffff-ffff00000021"}&amp#27;[39m
&amp#27;[38;5;212m[c4148d3a]&amp#27;[0m&amp#27;[38;5;9m[AndroidUiautomator2Driver@8dd2]&amp#27;[0m Calling AppiumDriver.click() with args: ["00000000-0000-0133-ffff-ffff00000021","c4148d3a-cb7c-4a90-ac66-ac6537bcf08d"]
&amp#27;[38;5;212m[c4148d3a]&amp#27;[0m&amp#27;[38;5;9m[AndroidUiautomator2Driver@8dd2]&amp#27;[0m Matched '/element/00000000-0000-0133-ffff-ffff00000021/click' to command name 'click'
&amp#27;[38;5;212m[c4148d3a]&amp#27;[0m&amp#27;[38;5;9m[AndroidUiautomator2Driver@8dd2]&amp#27;[0m Proxying [POST /element/00000000-0000-0133-ffff-ffff00000021/click] to [POST http://127.0.0.1:8200/session/0fb48d37-5297-4bb6-aa15-f780f9e0d89a/element/00000000-0000-0133-ffff-ffff00000021/click] with body: {"element":"00000000-0000-0133-ffff-ffff00000021"}
&amp#27;[38;5;212m[c4148d3a]&amp#27;[0m&amp#27;[38;5;9m[AndroidUiautomator2Driver@8dd2]&amp#27;[0m Got response with status 200: {"sessionId":"0fb48d37-5297-4bb6-aa15-f780f9e0d89a","value":null}
&amp#27;[38;5;212m[c4148d3a]&amp#27;[0m&amp#27;[38;5;9m[AndroidUiautomator2Driver@8dd2]&amp#27;[0m Responding to client with driver.click() result: null
&amp#27;[38;5;212m[c4148d3a]&amp#27;[0m&amp#27;[38;5;86m[HTTP]&amp#27;[0m &amp#27;[37m<-- POST /session/c4148d3a-cb7c-4a90-ac66-ac6537bcf08d/element/00000000-0000-0133-ffff-ffff00000021/click &amp#27;[39m&amp#27;[32m200&amp#27;[39m &amp#27;[90m79 ms - 14&amp#27;[39m &amp#27;[90m&amp#27;[39m
&amp#27;[38;5;212m[c4148d3a]&amp#27;[0m&amp#27;[38;5;86m[HTTP]&amp#27;[0m &amp#27;[37m-->&amp#27;[39m &amp#27;[37mGET&amp#27;[39m &amp#27;[37m/session/c4148d3a-cb7c-4a90-ac66-ac6537bcf08d/context&amp#27;[39m &amp#27;[90m{}&amp#27;[39m
&amp#27;[38;5;212m[c4148d3a]&amp#27;[0m&amp#27;[38;5;9m[AndroidUiautomator2Driver@8dd2]&amp#27;[0m Calling AppiumDriver.getCurrentContext() with args: ["c4148d3a-cb7c-4a90-ac66-ac6537bcf08d"]
&amp#27;[38;5;212m[c4148d3a]&amp#27;[0m&amp#27;[38;5;9m[AndroidUiautomator2Driver@8dd2]&amp#27;[0m Responding to client with driver.getCurrentContext() result: "NATIVE_APP"
&amp#27;[38;5;212m[c4148d3a]&amp#27;[0m&amp#27;[38;5;86m[HTTP]&amp#27;[0m &amp#27;[37m<-- GET /session/c4148d3a-cb7c-4a90-ac66-ac6537bcf08d/context &amp#27;[39m&amp#27;[32m200&amp#27;[39m &amp#27;[90m2 ms - 22&amp#27;[39m &amp#27;[90m&amp#27;[39m
&amp#27;[38;5;212m[c4148d3a]&amp#27;[0m&amp#27;[38;5;86m[HTTP]&amp#27;[0m &amp#27;[37m-->&amp#27;[39m &amp#27;[37mPOST&amp#27;[39m &amp#27;[37m/session/c4148d3a-cb7c-4a90-ac66-ac6537bcf08d/element&amp#27;[39m &amp#27;[90m{"value":"(//android.widget.TextView[@resource-id=\"com.androidsample.generalstore:id/productAddCart\"])[1]","using":"xpath"}&amp#27;[39m
&amp#27;[38;5;212m[c4148d3a]&amp#27;[0m&amp#27;[38;5;9m[AndroidUiautomator2Driver@8dd2]&amp#27;[0m Calling AppiumDriver.findElement() with args: ["xpath","(//android.widget.TextView[@resource-id=\"com.androidsample.generalstore:id/productAddCart\"])[1]","c4148d3a-cb7c-4a90-ac66-ac6537bcf08d"]
&amp#27;[38;5;212m[c4148d3a]&amp#27;[0m&amp#27;[38;5;9m[AndroidUiautomator2Driver@8dd2]&amp#27;[0m Valid locator strategies for this request: xpath, id, class name, accessibility id, css selector, -android uiautomator
&amp#27;[38;5;212m[c4148d3a]&amp#27;[0m&amp#27;[38;5;9m[AndroidUiautomator2Driver@8dd2]&amp#27;[0m Waiting up to 15000 ms for condition
&amp#27;[38;5;212m[c4148d3a]&amp#27;[0m&amp#27;[38;5;9m[AndroidUiautomator2Driver@8dd2]&amp#27;[0m Matched '/element' to command name 'findElement'
&amp#27;[38;5;212m[c4148d3a]&amp#27;[0m&amp#27;[38;5;9m[AndroidUiautomator2Driver@8dd2]&amp#27;[0m Proxying [POST /element] to [POST http://127.0.0.1:8200/session/0fb48d37-5297-4bb6-aa15-f780f9e0d89a/element] with body: {"strategy":"xpath","selector":"(//android.widget.TextView[@resource-id=\"com.androidsample.generalstore:id/productAddCart\"])[1]","context":"","multiple":false}
&amp#27;[38;5;212m[c4148d3a]&amp#27;[0m&amp#27;[38;5;9m[AndroidUiautomator2Driver@8dd2]&amp#27;[0m Got response with status 404: {"sessionId":"0fb48d37-5297-4bb6-aa15-f780f9e0d89a","value":{"error":"no such element","message":"An element could not be located on the page using the given search parameters","stacktrace":"io.appium.uiautomator2.common.exceptions.ElementNotFoundException: An element could not be located on the page using the given search parameters\n\tat io.appium.uiautomator2.utils.ElementLocationHelpers.findElement(ElementLocationHelpers.java:156)\n\tat io.appium.uiautomator2.handler.FindElement.safeHandle(FindElement.java:60)\n\tat io.appium.uiautomator2.handler.request.SafeRequestHandler.handle(SafeRequestHandler.java:59)\n\tat io.appium.uiautomator2.server.AppiumServlet.handleRequest(AppiumServlet.java:259)\n\tat io.appium.uiautomator2.server.AppiumServlet.handleHttpRequest(AppiumServlet.java:253)\n\tat io.appium.uiautomator2.http.ServerHandler.channelRead(ServerHandler.java:77)\n\tat io.netty.channel.AbstractChannelHandlerContext.invokeChannelRead(AbstractChannelHandlerContext.java:366)\n\tat io.netty.channel.Abstr...
&amp#27;[38;5;212m[c4148d3a]&amp#27;[0m&amp#27;[38;5;123m[W3C]&amp#27;[0m Matched W3C error code 'no such element' to NoSuchElementError
&amp#27;[38;5;212m[c4148d3a]&amp#27;[0m&amp#27;[38;5;9m[AndroidUiautomator2Driver@8dd2]&amp#27;[0m Waited for 421 ms so far
&amp#27;[38;5;212m[c4148d3a]&amp#27;[0m&amp#27;[38;5;9m[AndroidUiautomator2Driver@8dd2]&amp#27;[0m Matched '/element' to command name 'findElement'
&amp#27;[38;5;212m[c4148d3a]&amp#27;[0m&amp#27;[38;5;9m[AndroidUiautomator2Driver@8dd2]&amp#27;[0m Proxying [POST /element] to [POST http://127.0.0.1:8200/session/0fb48d37-5297-4bb6-aa15-f780f9e0d89a/element] with body: {"strategy":"xpath","selector":"(//android.widget.TextView[@resource-id=\"com.androidsample.generalstore:id/productAddCart\"])[1]","context":"","multiple":false}
&amp#27;[38;5;212m[c4148d3a]&amp#27;[0m&amp#27;[38;5;9m[AndroidUiautomator2Driver@8dd2]&amp#27;[0m Got response with status 200: {"sessionId":"0fb48d37-5297-4bb6-aa15-f780f9e0d89a","value":{"ELEMENT":"00000000-0000-0135-ffff-ffff00000050","element-6066-11e4-a52e-4f735466cecf":"00000000-0000-0135-ffff-ffff00000050"}}
&amp#27;[38;5;212m[c4148d3a]&amp#27;[0m&amp#27;[38;5;9m[AndroidUiautomator2Driver@8dd2]&amp#27;[0m Responding to client with driver.findElement() result: {"element-6066-11e4-a52e-4f735466cecf":"00000000-0000-0135-ffff-ffff00000050","ELEMENT":"00000000-0000-0135-ffff-ffff00000050"}
&amp#27;[38;5;212m[c4148d3a]&amp#27;[0m&amp#27;[38;5;86m[HTTP]&amp#27;[0m &amp#27;[37m<-- POST /session/c4148d3a-cb7c-4a90-ac66-ac6537bcf08d/element &amp#27;[39m&amp#27;[32m200&amp#27;[39m &amp#27;[90m1565 ms - 137&amp#27;[39m &amp#27;[90m&amp#27;[39m
&amp#27;[38;5;212m[c4148d3a]&amp#27;[0m&amp#27;[38;5;86m[HTTP]&amp#27;[0m &amp#27;[37m-->&amp#27;[39m &amp#27;[37mPOST&amp#27;[39m &amp#27;[37m/session/c4148d3a-cb7c-4a90-ac66-ac6537bcf08d/element/00000000-0000-0135-ffff-ffff00000050/click&amp#27;[39m &amp#27;[90m{"id":"00000000-0000-0135-ffff-ffff00000050"}&amp#27;[39m
&amp#27;[38;5;212m[c4148d3a]&amp#27;[0m&amp#27;[38;5;9m[AndroidUiautomator2Driver@8dd2]&amp#27;[0m Calling AppiumDriver.click() with args: ["00000000-0000-0135-ffff-ffff00000050","c4148d3a-cb7c-4a90-ac66-ac6537bcf08d"]
&amp#27;[38;5;212m[c4148d3a]&amp#27;[0m&amp#27;[38;5;9m[AndroidUiautomator2Driver@8dd2]&amp#27;[0m Matched '/element/00000000-0000-0135-ffff-ffff00000050/click' to command name 'click'
&amp#27;[38;5;212m[c4148d3a]&amp#27;[0m&amp#27;[38;5;9m[AndroidUiautomator2Driver@8dd2]&amp#27;[0m Proxying [POST /element/00000000-0000-0135-ffff-ffff00000050/click] to [POST http://127.0.0.1:8200/session/0fb48d37-5297-4bb6-aa15-f780f9e0d89a/element/00000000-0000-0135-ffff-ffff00000050/click] with body: {"element":"00000000-0000-0135-ffff-ffff00000050"}
&amp#27;[38;5;212m[c4148d3a]&amp#27;[0m&amp#27;[38;5;9m[AndroidUiautomator2Driver@8dd2]&amp#27;[0m Got response with status 200: {"sessionId":"0fb48d37-5297-4bb6-aa15-f780f9e0d89a","value":null}
&amp#27;[38;5;212m[c4148d3a]&amp#27;[0m&amp#27;[38;5;9m[AndroidUiautomator2Driver@8dd2]&amp#27;[0m Responding to client with driver.click() result: null
&amp#27;[38;5;212m[c4148d3a]&amp#27;[0m&amp#27;[38;5;86m[HTTP]&amp#27;[0m &amp#27;[37m<-- POST /session/c4148d3a-cb7c-4a90-ac66-ac6537bcf08d/element/00000000-0000-0135-ffff-ffff00000050/click &amp#27;[39m&amp#27;[32m200&amp#27;[39m &amp#27;[90m544 ms - 14&amp#27;[39m &amp#27;[90m&amp#27;[39m
&amp#27;[38;5;212m[c4148d3a]&amp#27;[0m&amp#27;[38;5;86m[HTTP]&amp#27;[0m &amp#27;[37m-->&amp#27;[39m &amp#27;[37mPOST&amp#27;[39m &amp#27;[37m/session/c4148d3a-cb7c-4a90-ac66-ac6537bcf08d/element&amp#27;[39m &amp#27;[90m{"value":"new UiScrollable(new UiSelector()).scrollIntoView(text(\"Converse All Star\"));","using":"-android uiautomator"}&amp#27;[39m
&amp#27;[38;5;212m[c4148d3a]&amp#27;[0m&amp#27;[38;5;9m[AndroidUiautomator2Driver@8dd2]&amp#27;[0m Calling AppiumDriver.findElement() with args: ["-android uiautomator","new UiScrollable(new UiSelector()).scrollIntoView(text(\"Converse All Star\"));","c4148d3a-cb7c-4a90-ac66-ac6537bcf08d"]
&amp#27;[38;5;212m[c4148d3a]&amp#27;[0m&amp#27;[38;5;9m[AndroidUiautomator2Driver@8dd2]&amp#27;[0m Valid locator strategies for this request: xpath, id, class name, accessibility id, css selector, -android uiautomator
&amp#27;[38;5;212m[c4148d3a]&amp#27;[0m&amp#27;[38;5;9m[AndroidUiautomator2Driver@8dd2]&amp#27;[0m Waiting up to 15000 ms for condition
&amp#27;[38;5;212m[c4148d3a]&amp#27;[0m&amp#27;[38;5;9m[AndroidUiautomator2Driver@8dd2]&amp#27;[0m Matched '/element' to command name 'findElement'
&amp#27;[38;5;212m[c4148d3a]&amp#27;[0m&amp#27;[38;5;9m[AndroidUiautomator2Driver@8dd2]&amp#27;[0m Proxying [POST /element] to [POST http://127.0.0.1:8200/session/0fb48d37-5297-4bb6-aa15-f780f9e0d89a/element] with body: {"strategy":"-android uiautomator","selector":"new UiScrollable(new UiSelector()).scrollIntoView(text(\"Converse All Star\"));","context":"","multiple":false}
&amp#27;[38;5;212m[c4148d3a]&amp#27;[0m&amp#27;[38;5;9m[AndroidUiautomator2Driver@8dd2]&amp#27;[0m Got response with status 200: {"sessionId":"0fb48d37-5297-4bb6-aa15-f780f9e0d89a","value":{"ELEMENT":"00000000-0000-0135-ffff-ffff00000065","element-6066-11e4-a52e-4f735466cecf":"00000000-0000-0135-ffff-ffff00000065"}}
&amp#27;[38;5;212m[c4148d3a]&amp#27;[0m&amp#27;[38;5;9m[AndroidUiautomator2Driver@8dd2]&amp#27;[0m Responding to client with driver.findElement() result: {"element-6066-11e4-a52e-4f735466cecf":"00000000-0000-0135-ffff-ffff00000065","ELEMENT":"00000000-0000-0135-ffff-ffff00000065"}
&amp#27;[38;5;212m[c4148d3a]&amp#27;[0m&amp#27;[38;5;86m[HTTP]&amp#27;[0m &amp#27;[37m<-- POST /session/c4148d3a-cb7c-4a90-ac66-ac6537bcf08d/element &amp#27;[39m&amp#27;[32m200&amp#27;[39m &amp#27;[90m3079 ms - 137&amp#27;[39m &amp#27;[90m&amp#27;[39m
&amp#27;[38;5;212m[c4148d3a]&amp#27;[0m&amp#27;[38;5;86m[HTTP]&amp#27;[0m &amp#27;[37m-->&amp#27;[39m &amp#27;[37mGET&amp#27;[39m &amp#27;[37m/session/c4148d3a-cb7c-4a90-ac66-ac6537bcf08d/context&amp#27;[39m &amp#27;[90m{}&amp#27;[39m
&amp#27;[38;5;212m[c4148d3a]&amp#27;[0m&amp#27;[38;5;9m[AndroidUiautomator2Driver@8dd2]&amp#27;[0m Calling AppiumDriver.getCurrentContext() with args: ["c4148d3a-cb7c-4a90-ac66-ac6537bcf08d"]
&amp#27;[38;5;212m[c4148d3a]&amp#27;[0m&amp#27;[38;5;9m[AndroidUiautomator2Driver@8dd2]&amp#27;[0m Responding to client with driver.getCurrentContext() result: "NATIVE_APP"
&amp#27;[38;5;212m[c4148d3a]&amp#27;[0m&amp#27;[38;5;86m[HTTP]&amp#27;[0m &amp#27;[37m<-- GET /session/c4148d3a-cb7c-4a90-ac66-ac6537bcf08d/context &amp#27;[39m&amp#27;[32m200&amp#27;[39m &amp#27;[90m1 ms - 22&amp#27;[39m &amp#27;[90m&amp#27;[39m
&amp#27;[38;5;212m[c4148d3a]&amp#27;[0m&amp#27;[38;5;86m[HTTP]&amp#27;[0m &amp#27;[37m-->&amp#27;[39m &amp#27;[37mPOST&amp#27;[39m &amp#27;[37m/session/c4148d3a-cb7c-4a90-ac66-ac6537bcf08d/element&amp#27;[39m &amp#27;[90m{"value":"(//android.widget.TextView[@resource-id=\"com.androidsample.generalstore:id/productAddCart\"])[2]","using":"xpath"}&amp#27;[39m
&amp#27;[38;5;212m[c4148d3a]&amp#27;[0m&amp#27;[38;5;9m[AndroidUiautomator2Driver@8dd2]&amp#27;[0m Calling AppiumDriver.findElement() with args: ["xpath","(//android.widget.TextView[@resource-id=\"com.androidsample.generalstore:id/productAddCart\"])[2]","c4148d3a-cb7c-4a90-ac66-ac6537bcf08d"]
&amp#27;[38;5;212m[c4148d3a]&amp#27;[0m&amp#27;[38;5;9m[AndroidUiautomator2Driver@8dd2]&amp#27;[0m Valid locator strategies for this request: xpath, id, class name, accessibility id, css selector, -android uiautomator
&amp#27;[38;5;212m[c4148d3a]&amp#27;[0m&amp#27;[38;5;9m[AndroidUiautomator2Driver@8dd2]&amp#27;[0m Waiting up to 15000 ms for condition
&amp#27;[38;5;212m[c4148d3a]&amp#27;[0m&amp#27;[38;5;9m[AndroidUiautomator2Driver@8dd2]&amp#27;[0m Matched '/element' to command name 'findElement'
&amp#27;[38;5;212m[c4148d3a]&amp#27;[0m&amp#27;[38;5;9m[AndroidUiautomator2Driver@8dd2]&amp#27;[0m Proxying [POST /element] to [POST http://127.0.0.1:8200/session/0fb48d37-5297-4bb6-aa15-f780f9e0d89a/element] with body: {"strategy":"xpath","selector":"(//android.widget.TextView[@resource-id=\"com.androidsample.generalstore:id/productAddCart\"])[2]","context":"","multiple":false}
&amp#27;[38;5;212m[c4148d3a]&amp#27;[0m&amp#27;[38;5;9m[AndroidUiautomator2Driver@8dd2]&amp#27;[0m Got response with status 200: {"sessionId":"0fb48d37-5297-4bb6-aa15-f780f9e0d89a","value":{"ELEMENT":"00000000-0000-0135-ffff-ffff00000069","element-6066-11e4-a52e-4f735466cecf":"00000000-0000-0135-ffff-ffff00000069"}}
&amp#27;[38;5;212m[c4148d3a]&amp#27;[0m&amp#27;[38;5;9m[AndroidUiautomator2Driver@8dd2]&amp#27;[0m Responding to client with driver.findElement() result: {"element-6066-11e4-a52e-4f735466cecf":"00000000-0000-0135-ffff-ffff00000069","ELEMENT":"00000000-0000-0135-ffff-ffff00000069"}
&amp#27;[38;5;212m[c4148d3a]&amp#27;[0m&amp#27;[38;5;86m[HTTP]&amp#27;[0m &amp#27;[37m<-- POST /session/c4148d3a-cb7c-4a90-ac66-ac6537bcf08d/element &amp#27;[39m&amp#27;[32m200&amp#27;[39m &amp#27;[90m50 ms - 137&amp#27;[39m &amp#27;[90m&amp#27;[39m
&amp#27;[38;5;212m[c4148d3a]&amp#27;[0m&amp#27;[38;5;86m[HTTP]&amp#27;[0m &amp#27;[37m-->&amp#27;[39m &amp#27;[37mPOST&amp#27;[39m &amp#27;[37m/session/c4148d3a-cb7c-4a90-ac66-ac6537bcf08d/element/00000000-0000-0135-ffff-ffff00000069/click&amp#27;[39m &amp#27;[90m{"id":"00000000-0000-0135-ffff-ffff00000069"}&amp#27;[39m
&amp#27;[38;5;212m[c4148d3a]&amp#27;[0m&amp#27;[38;5;9m[AndroidUiautomator2Driver@8dd2]&amp#27;[0m Calling AppiumDriver.click() with args: ["00000000-0000-0135-ffff-ffff00000069","c4148d3a-cb7c-4a90-ac66-ac6537bcf08d"]
&amp#27;[38;5;212m[c4148d3a]&amp#27;[0m&amp#27;[38;5;9m[AndroidUiautomator2Driver@8dd2]&amp#27;[0m Matched '/element/00000000-0000-0135-ffff-ffff00000069/click' to command name 'click'
&amp#27;[38;5;212m[c4148d3a]&amp#27;[0m&amp#27;[38;5;9m[AndroidUiautomator2Driver@8dd2]&amp#27;[0m Proxying [POST /element/00000000-0000-0135-ffff-ffff00000069/click] to [POST http://127.0.0.1:8200/session/0fb48d37-5297-4bb6-aa15-f780f9e0d89a/element/00000000-0000-0135-ffff-ffff00000069/click] with body: {"element":"00000000-0000-0135-ffff-ffff00000069"}
&amp#27;[38;5;212m[c4148d3a]&amp#27;[0m&amp#27;[38;5;9m[AndroidUiautomator2Driver@8dd2]&amp#27;[0m Got response with status 200: {"sessionId":"0fb48d37-5297-4bb6-aa15-f780f9e0d89a","value":null}
&amp#27;[38;5;212m[c4148d3a]&amp#27;[0m&amp#27;[38;5;9m[AndroidUiautomator2Driver@8dd2]&amp#27;[0m Responding to client with driver.click() result: null
&amp#27;[38;5;212m[c4148d3a]&amp#27;[0m&amp#27;[38;5;86m[HTTP]&amp#27;[0m &amp#27;[37m<-- POST /session/c4148d3a-cb7c-4a90-ac66-ac6537bcf08d/element/00000000-0000-0135-ffff-ffff00000069/click &amp#27;[39m&amp#27;[32m200&amp#27;[39m &amp#27;[90m552 ms - 14&amp#27;[39m &amp#27;[90m&amp#27;[39m
&amp#27;[38;5;212m[c4148d3a]&amp#27;[0m&amp#27;[38;5;86m[HTTP]&amp#27;[0m &amp#27;[37m-->&amp#27;[39m &amp#27;[37mGET&amp#27;[39m &amp#27;[37m/session/c4148d3a-cb7c-4a90-ac66-ac6537bcf08d/context&amp#27;[39m &amp#27;[90m{}&amp#27;[39m
&amp#27;[38;5;212m[c4148d3a]&amp#27;[0m&amp#27;[38;5;9m[AndroidUiautomator2Driver@8dd2]&amp#27;[0m Calling AppiumDriver.getCurrentContext() with args: ["c4148d3a-cb7c-4a90-ac66-ac6537bcf08d"]
&amp#27;[38;5;212m[c4148d3a]&amp#27;[0m&amp#27;[38;5;9m[AndroidUiautomator2Driver@8dd2]&amp#27;[0m Responding to client with driver.getCurrentContext() result: "NATIVE_APP"
&amp#27;[38;5;212m[c4148d3a]&amp#27;[0m&amp#27;[38;5;86m[HTTP]&amp#27;[0m &amp#27;[37m<-- GET /session/c4148d3a-cb7c-4a90-ac66-ac6537bcf08d/context &amp#27;[39m&amp#27;[32m200&amp#27;[39m &amp#27;[90m2 ms - 22&amp#27;[39m &amp#27;[90m&amp#27;[39m
&amp#27;[38;5;212m[c4148d3a]&amp#27;[0m&amp#27;[38;5;86m[HTTP]&amp#27;[0m &amp#27;[37m-->&amp#27;[39m &amp#27;[37mPOST&amp#27;[39m &amp#27;[37m/session/c4148d3a-cb7c-4a90-ac66-ac6537bcf08d/element&amp#27;[39m &amp#27;[90m{"value":"com.androidsample.generalstore:id/appbar_btn_cart","using":"id"}&amp#27;[39m
&amp#27;[38;5;212m[c4148d3a]&amp#27;[0m&amp#27;[38;5;9m[AndroidUiautomator2Driver@8dd2]&amp#27;[0m Calling AppiumDriver.findElement() with args: ["id","com.androidsample.generalstore:id/appbar_btn_cart","c4148d3a-cb7c-4a90-ac66-ac6537bcf08d"]
&amp#27;[38;5;212m[c4148d3a]&amp#27;[0m&amp#27;[38;5;9m[AndroidUiautomator2Driver@8dd2]&amp#27;[0m Valid locator strategies for this request: xpath, id, class name, accessibility id, css selector, -android uiautomator
&amp#27;[38;5;212m[c4148d3a]&amp#27;[0m&amp#27;[38;5;9m[AndroidUiautomator2Driver@8dd2]&amp#27;[0m Waiting up to 15000 ms for condition
&amp#27;[38;5;212m[c4148d3a]&amp#27;[0m&amp#27;[38;5;9m[AndroidUiautomator2Driver@8dd2]&amp#27;[0m Matched '/element' to command name 'findElement'
&amp#27;[38;5;212m[c4148d3a]&amp#27;[0m&amp#27;[38;5;9m[AndroidUiautomator2Driver@8dd2]&amp#27;[0m Proxying [POST /element] to [POST http://127.0.0.1:8200/session/0fb48d37-5297-4bb6-aa15-f780f9e0d89a/element] with body: {"strategy":"id","selector":"com.androidsample.generalstore:id/appbar_btn_cart","context":"","multiple":false}
&amp#27;[38;5;212m[c4148d3a]&amp#27;[0m&amp#27;[38;5;9m[AndroidUiautomator2Driver@8dd2]&amp#27;[0m Got response with status 200: {"sessionId":"0fb48d37-5297-4bb6-aa15-f780f9e0d89a","value":{"ELEMENT":"00000000-0000-0135-ffff-ffff00000043","element-6066-11e4-a52e-4f735466cecf":"00000000-0000-0135-ffff-ffff00000043"}}
&amp#27;[38;5;212m[c4148d3a]&amp#27;[0m&amp#27;[38;5;9m[AndroidUiautomator2Driver@8dd2]&amp#27;[0m Responding to client with driver.findElement() result: {"element-6066-11e4-a52e-4f735466cecf":"00000000-0000-0135-ffff-ffff00000043","ELEMENT":"00000000-0000-0135-ffff-ffff00000043"}
&amp#27;[38;5;212m[c4148d3a]&amp#27;[0m&amp#27;[38;5;86m[HTTP]&amp#27;[0m &amp#27;[37m<-- POST /session/c4148d3a-cb7c-4a90-ac66-ac6537bcf08d/element &amp#27;[39m&amp#27;[32m200&amp#27;[39m &amp#27;[90m19 ms - 137&amp#27;[39m &amp#27;[90m&amp#27;[39m
&amp#27;[38;5;212m[c4148d3a]&amp#27;[0m&amp#27;[38;5;86m[HTTP]&amp#27;[0m &amp#27;[37m-->&amp#27;[39m &amp#27;[37mPOST&amp#27;[39m &amp#27;[37m/session/c4148d3a-cb7c-4a90-ac66-ac6537bcf08d/element/00000000-0000-0135-ffff-ffff00000043/click&amp#27;[39m &amp#27;[90m{"id":"00000000-0000-0135-ffff-ffff00000043"}&amp#27;[39m
&amp#27;[38;5;212m[c4148d3a]&amp#27;[0m&amp#27;[38;5;9m[AndroidUiautomator2Driver@8dd2]&amp#27;[0m Calling AppiumDriver.click() with args: ["00000000-0000-0135-ffff-ffff00000043","c4148d3a-cb7c-4a90-ac66-ac6537bcf08d"]
&amp#27;[38;5;212m[c4148d3a]&amp#27;[0m&amp#27;[38;5;9m[AndroidUiautomator2Driver@8dd2]&amp#27;[0m Matched '/element/00000000-0000-0135-ffff-ffff00000043/click' to command name 'click'
&amp#27;[38;5;212m[c4148d3a]&amp#27;[0m&amp#27;[38;5;9m[AndroidUiautomator2Driver@8dd2]&amp#27;[0m Proxying [POST /element/00000000-0000-0135-ffff-ffff00000043/click] to [POST http://127.0.0.1:8200/session/0fb48d37-5297-4bb6-aa15-f780f9e0d89a/element/00000000-0000-0135-ffff-ffff00000043/click] with body: {"element":"00000000-0000-0135-ffff-ffff00000043"}
&amp#27;[38;5;212m[c4148d3a]&amp#27;[0m&amp#27;[38;5;9m[AndroidUiautomator2Driver@8dd2]&amp#27;[0m Got response with status 200: {"sessionId":"0fb48d37-5297-4bb6-aa15-f780f9e0d89a","value":null}
&amp#27;[38;5;212m[c4148d3a]&amp#27;[0m&amp#27;[38;5;9m[AndroidUiautomator2Driver@8dd2]&amp#27;[0m Responding to client with driver.click() result: null
&amp#27;[38;5;212m[c4148d3a]&amp#27;[0m&amp#27;[38;5;86m[HTTP]&amp#27;[0m &amp#27;[37m<-- POST /session/c4148d3a-cb7c-4a90-ac66-ac6537bcf08d/element/00000000-0000-0135-ffff-ffff00000043/click &amp#27;[39m&amp#27;[32m200&amp#27;[39m &amp#27;[90m1336 ms - 14&amp#27;[39m &amp#27;[90m&amp#27;[39m
&amp#27;[38;5;212m[c4148d3a]&amp#27;[0m&amp#27;[38;5;86m[HTTP]&amp#27;[0m &amp#27;[37m-->&amp#27;[39m &amp#27;[37mGET&amp#27;[39m &amp#27;[37m/session/c4148d3a-cb7c-4a90-ac66-ac6537bcf08d/context&amp#27;[39m &amp#27;[90m{}&amp#27;[39m
&amp#27;[38;5;212m[c4148d3a]&amp#27;[0m&amp#27;[38;5;9m[AndroidUiautomator2Driver@8dd2]&amp#27;[0m Calling AppiumDriver.getCurrentContext() with args: ["c4148d3a-cb7c-4a90-ac66-ac6537bcf08d"]
&amp#27;[38;5;212m[c4148d3a]&amp#27;[0m&amp#27;[38;5;9m[AndroidUiautomator2Driver@8dd2]&amp#27;[0m Responding to client with driver.getCurrentContext() result: "NATIVE_APP"
&amp#27;[38;5;212m[c4148d3a]&amp#27;[0m&amp#27;[38;5;86m[HTTP]&amp#27;[0m &amp#27;[37m<-- GET /session/c4148d3a-cb7c-4a90-ac66-ac6537bcf08d/context &amp#27;[39m&amp#27;[32m200&amp#27;[39m &amp#27;[90m2 ms - 22&amp#27;[39m &amp#27;[90m&amp#27;[39m
&amp#27;[38;5;212m[c4148d3a]&amp#27;[0m&amp#27;[38;5;86m[HTTP]&amp#27;[0m &amp#27;[37m-->&amp#27;[39m &amp#27;[37mPOST&amp#27;[39m &amp#27;[37m/session/c4148d3a-cb7c-4a90-ac66-ac6537bcf08d/elements&amp#27;[39m &amp#27;[90m{"value":"com.androidsample.generalstore:id/productPrice","using":"id"}&amp#27;[39m
&amp#27;[38;5;212m[c4148d3a]&amp#27;[0m&amp#27;[38;5;9m[AndroidUiautomator2Driver@8dd2]&amp#27;[0m Calling AppiumDriver.findElements() with args: ["id","com.androidsample.generalstore:id/productPrice","c4148d3a-cb7c-4a90-ac66-ac6537bcf08d"]
&amp#27;[38;5;212m[c4148d3a]&amp#27;[0m&amp#27;[38;5;9m[AndroidUiautomator2Driver@8dd2]&amp#27;[0m Valid locator strategies for this request: xpath, id, class name, accessibility id, css selector, -android uiautomator
&amp#27;[38;5;212m[c4148d3a]&amp#27;[0m&amp#27;[38;5;9m[AndroidUiautomator2Driver@8dd2]&amp#27;[0m Waiting up to 15000 ms for condition
&amp#27;[38;5;212m[c4148d3a]&amp#27;[0m&amp#27;[38;5;9m[AndroidUiautomator2Driver@8dd2]&amp#27;[0m Matched '/elements' to command name 'findElements'
&amp#27;[38;5;212m[c4148d3a]&amp#27;[0m&amp#27;[38;5;9m[AndroidUiautomator2Driver@8dd2]&amp#27;[0m Proxying [POST /elements] to [POST http://127.0.0.1:8200/session/0fb48d37-5297-4bb6-aa15-f780f9e0d89a/elements] with body: {"strategy":"id","selector":"com.androidsample.generalstore:id/productPrice","context":"","multiple":true}
&amp#27;[38;5;212m[c4148d3a]&amp#27;[0m&amp#27;[38;5;9m[AndroidUiautomator2Driver@8dd2]&amp#27;[0m Got response with status 200: {"sessionId":"0fb48d37-5297-4bb6-aa15-f780f9e0d89a","value":[{"ELEMENT":"00000000-0000-0136-ffff-ffff00000095","element-6066-11e4-a52e-4f735466cecf":"00000000-0000-0136-ffff-ffff00000095"},{"ELEMENT":"00000000-0000-0136-ffff-ffff0000009d","element-6066-11e4-a52e-4f735466cecf":"00000000-0000-0136-ffff-ffff0000009d"}]}
&amp#27;[38;5;212m[c4148d3a]&amp#27;[0m&amp#27;[38;5;9m[AndroidUiautomator2Driver@8dd2]&amp#27;[0m Responding to client with driver.findElements() result: [{"element-6066-11e4-a52e-4f735466cecf":"00000000-0000-0136-ffff-ffff00000095","ELEMENT":"00000000-0000-0136-ffff-ffff00000095"},{"element-6066-11e4-a52e-4f735466cecf":"00000000-0000-0136-ffff-ffff0000009d","ELEMENT":"00000000-0000-0136-ffff-ffff0000009d"}]
&amp#27;[38;5;212m[c4148d3a]&amp#27;[0m&amp#27;[38;5;86m[HTTP]&amp#27;[0m &amp#27;[37m<-- POST /session/c4148d3a-cb7c-4a90-ac66-ac6537bcf08d/elements &amp#27;[39m&amp#27;[32m200&amp#27;[39m &amp#27;[90m31 ms - 267&amp#27;[39m &amp#27;[90m&amp#27;[39m
&amp#27;[38;5;212m[c4148d3a]&amp#27;[0m&amp#27;[38;5;86m[HTTP]&amp#27;[0m &amp#27;[37m-->&amp#27;[39m &amp#27;[37mGET&amp#27;[39m &amp#27;[37m/session/c4148d3a-cb7c-4a90-ac66-ac6537bcf08d/context&amp#27;[39m &amp#27;[90m{}&amp#27;[39m
&amp#27;[38;5;212m[c4148d3a]&amp#27;[0m&amp#27;[38;5;9m[AndroidUiautomator2Driver@8dd2]&amp#27;[0m Calling AppiumDriver.getCurrentContext() with args: ["c4148d3a-cb7c-4a90-ac66-ac6537bcf08d"]
&amp#27;[38;5;212m[c4148d3a]&amp#27;[0m&amp#27;[38;5;9m[AndroidUiautomator2Driver@8dd2]&amp#27;[0m Responding to client with driver.getCurrentContext() result: "NATIVE_APP"
&amp#27;[38;5;212m[c4148d3a]&amp#27;[0m&amp#27;[38;5;86m[HTTP]&amp#27;[0m &amp#27;[37m<-- GET /session/c4148d3a-cb7c-4a90-ac66-ac6537bcf08d/context &amp#27;[39m&amp#27;[32m200&amp#27;[39m &amp#27;[90m1 ms - 22&amp#27;[39m &amp#27;[90m&amp#27;[39m
&amp#27;[38;5;212m[c4148d3a]&amp#27;[0m&amp#27;[38;5;86m[HTTP]&amp#27;[0m &amp#27;[37m-->&amp#27;[39m &amp#27;[37mPOST&amp#27;[39m &amp#27;[37m/session/c4148d3a-cb7c-4a90-ac66-ac6537bcf08d/elements&amp#27;[39m &amp#27;[90m{"value":"com.androidsample.generalstore:id/productPrice","using":"id"}&amp#27;[39m
&amp#27;[38;5;212m[c4148d3a]&amp#27;[0m&amp#27;[38;5;9m[AndroidUiautomator2Driver@8dd2]&amp#27;[0m Calling AppiumDriver.findElements() with args: ["id","com.androidsample.generalstore:id/productPrice","c4148d3a-cb7c-4a90-ac66-ac6537bcf08d"]
&amp#27;[38;5;212m[c4148d3a]&amp#27;[0m&amp#27;[38;5;9m[AndroidUiautomator2Driver@8dd2]&amp#27;[0m Valid locator strategies for this request: xpath, id, class name, accessibility id, css selector, -android uiautomator
&amp#27;[38;5;212m[c4148d3a]&amp#27;[0m&amp#27;[38;5;9m[AndroidUiautomator2Driver@8dd2]&amp#27;[0m Waiting up to 15000 ms for condition
&amp#27;[38;5;212m[c4148d3a]&amp#27;[0m&amp#27;[38;5;9m[AndroidUiautomator2Driver@8dd2]&amp#27;[0m Matched '/elements' to command name 'findElements'
&amp#27;[38;5;212m[c4148d3a]&amp#27;[0m&amp#27;[38;5;9m[AndroidUiautomator2Driver@8dd2]&amp#27;[0m Proxying [POST /elements] to [POST http://127.0.0.1:8200/session/0fb48d37-5297-4bb6-aa15-f780f9e0d89a/elements] with body: {"strategy":"id","selector":"com.androidsample.generalstore:id/productPrice","context":"","multiple":true}
&amp#27;[38;5;212m[c4148d3a]&amp#27;[0m&amp#27;[38;5;9m[AndroidUiautomator2Driver@8dd2]&amp#27;[0m Got response with status 200: {"sessionId":"0fb48d37-5297-4bb6-aa15-f780f9e0d89a","value":[{"ELEMENT":"00000000-0000-0136-ffff-ffff00000095","element-6066-11e4-a52e-4f735466cecf":"00000000-0000-0136-ffff-ffff00000095"},{"ELEMENT":"00000000-0000-0136-ffff-ffff0000009d","element-6066-11e4-a52e-4f735466cecf":"00000000-0000-0136-ffff-ffff0000009d"}]}
&amp#27;[38;5;212m[c4148d3a]&amp#27;[0m&amp#27;[38;5;9m[AndroidUiautomator2Driver@8dd2]&amp#27;[0m Responding to client with driver.findElements() result: [{"element-6066-11e4-a52e-4f735466cecf":"00000000-0000-0136-ffff-ffff00000095","ELEMENT":"00000000-0000-0136-ffff-ffff00000095"},{"element-6066-11e4-a52e-4f735466cecf":"00000000-0000-0136-ffff-ffff0000009d","ELEMENT":"00000000-0000-0136-ffff-ffff0000009d"}]
&amp#27;[38;5;212m[c4148d3a]&amp#27;[0m&amp#27;[38;5;86m[HTTP]&amp#27;[0m &amp#27;[37m<-- POST /session/c4148d3a-cb7c-4a90-ac66-ac6537bcf08d/elements &amp#27;[39m&amp#27;[32m200&amp#27;[39m &amp#27;[90m32 ms - 267&amp#27;[39m &amp#27;[90m&amp#27;[39m
&amp#27;[38;5;212m[c4148d3a]&amp#27;[0m&amp#27;[38;5;86m[HTTP]&amp#27;[0m &amp#27;[37m-->&amp#27;[39m &amp#27;[37mGET&amp#27;[39m &amp#27;[37m/session/c4148d3a-cb7c-4a90-ac66-ac6537bcf08d/element/00000000-0000-0136-ffff-ffff00000095/text&amp#27;[39m &amp#27;[90m{}&amp#27;[39m
&amp#27;[38;5;212m[c4148d3a]&amp#27;[0m&amp#27;[38;5;9m[AndroidUiautomator2Driver@8dd2]&amp#27;[0m Driver proxy active, passing request on via HTTP proxy
&amp#27;[38;5;212m[c4148d3a]&amp#27;[0m&amp#27;[38;5;9m[AndroidUiautomator2Driver@8dd2]&amp#27;[0m Matched '/session/c4148d3a-cb7c-4a90-ac66-ac6537bcf08d/element/00000000-0000-0136-ffff-ffff00000095/text' to command name 'getText'
&amp#27;[38;5;212m[c4148d3a]&amp#27;[0m&amp#27;[38;5;9m[AndroidUiautomator2Driver@8dd2]&amp#27;[0m Proxying [GET /session/c4148d3a-cb7c-4a90-ac66-ac6537bcf08d/element/00000000-0000-0136-ffff-ffff00000095/text] to [GET http://127.0.0.1:8200/session/0fb48d37-5297-4bb6-aa15-f780f9e0d89a/element/00000000-0000-0136-ffff-ffff00000095/text] with no body
&amp#27;[38;5;212m[c4148d3a]&amp#27;[0m&amp#27;[38;5;9m[AndroidUiautomator2Driver@8dd2]&amp#27;[0m Got response with status 200: {"sessionId":"0fb48d37-5297-4bb6-aa15-f780f9e0d89a","value":"$160.97"}
&amp#27;[38;5;212m[c4148d3a]&amp#27;[0m&amp#27;[38;5;9m[AndroidUiautomator2Driver@8dd2]&amp#27;[0m Replacing sessionId 0fb48d37-5297-4bb6-aa15-f780f9e0d89a with c4148d3a-cb7c-4a90-ac66-ac6537bcf08d
&amp#27;[38;5;212m[c4148d3a]&amp#27;[0m&amp#27;[38;5;86m[HTTP]&amp#27;[0m &amp#27;[37m<-- GET /session/c4148d3a-cb7c-4a90-ac66-ac6537bcf08d/element/00000000-0000-0136-ffff-ffff00000095/text &amp#27;[39m&amp#27;[32m200&amp#27;[39m &amp#27;[90m15 ms - 70&amp#27;[39m &amp#27;[90m&amp#27;[39m
&amp#27;[38;5;212m[c4148d3a]&amp#27;[0m&amp#27;[38;5;86m[HTTP]&amp#27;[0m &amp#27;[37m-->&amp#27;[39m &amp#27;[37mGET&amp#27;[39m &amp#27;[37m/session/c4148d3a-cb7c-4a90-ac66-ac6537bcf08d/context&amp#27;[39m &amp#27;[90m{}&amp#27;[39m
&amp#27;[38;5;212m[c4148d3a]&amp#27;[0m&amp#27;[38;5;9m[AndroidUiautomator2Driver@8dd2]&amp#27;[0m Calling AppiumDriver.getCurrentContext() with args: ["c4148d3a-cb7c-4a90-ac66-ac6537bcf08d"]
&amp#27;[38;5;212m[c4148d3a]&amp#27;[0m&amp#27;[38;5;9m[AndroidUiautomator2Driver@8dd2]&amp#27;[0m Responding to client with driver.getCurrentContext() result: "NATIVE_APP"
&amp#27;[38;5;212m[c4148d3a]&amp#27;[0m&amp#27;[38;5;86m[HTTP]&amp#27;[0m &amp#27;[37m<-- GET /session/c4148d3a-cb7c-4a90-ac66-ac6537bcf08d/context &amp#27;[39m&amp#27;[32m200&amp#27;[39m &amp#27;[90m2 ms - 22&amp#27;[39m &amp#27;[90m&amp#27;[39m
&amp#27;[38;5;212m[c4148d3a]&amp#27;[0m&amp#27;[38;5;86m[HTTP]&amp#27;[0m &amp#27;[37m-->&amp#27;[39m &amp#27;[37mPOST&amp#27;[39m &amp#27;[37m/session/c4148d3a-cb7c-4a90-ac66-ac6537bcf08d/elements&amp#27;[39m &amp#27;[90m{"value":"com.androidsample.generalstore:id/productPrice","using":"id"}&amp#27;[39m
&amp#27;[38;5;212m[c4148d3a]&amp#27;[0m&amp#27;[38;5;9m[AndroidUiautomator2Driver@8dd2]&amp#27;[0m Calling AppiumDriver.findElements() with args: ["id","com.androidsample.generalstore:id/productPrice","c4148d3a-cb7c-4a90-ac66-ac6537bcf08d"]
&amp#27;[38;5;212m[c4148d3a]&amp#27;[0m&amp#27;[38;5;9m[AndroidUiautomator2Driver@8dd2]&amp#27;[0m Valid locator strategies for this request: xpath, id, class name, accessibility id, css selector, -android uiautomator
&amp#27;[38;5;212m[c4148d3a]&amp#27;[0m&amp#27;[38;5;9m[AndroidUiautomator2Driver@8dd2]&amp#27;[0m Waiting up to 15000 ms for condition
&amp#27;[38;5;212m[c4148d3a]&amp#27;[0m&amp#27;[38;5;9m[AndroidUiautomator2Driver@8dd2]&amp#27;[0m Matched '/elements' to command name 'findElements'
&amp#27;[38;5;212m[c4148d3a]&amp#27;[0m&amp#27;[38;5;9m[AndroidUiautomator2Driver@8dd2]&amp#27;[0m Proxying [POST /elements] to [POST http://127.0.0.1:8200/session/0fb48d37-5297-4bb6-aa15-f780f9e0d89a/elements] with body: {"strategy":"id","selector":"com.androidsample.generalstore:id/productPrice","context":"","multiple":true}
&amp#27;[38;5;212m[c4148d3a]&amp#27;[0m&amp#27;[38;5;9m[AndroidUiautomator2Driver@8dd2]&amp#27;[0m Got response with status 200: {"sessionId":"0fb48d37-5297-4bb6-aa15-f780f9e0d89a","value":[{"ELEMENT":"00000000-0000-0136-ffff-ffff00000095","element-6066-11e4-a52e-4f735466cecf":"00000000-0000-0136-ffff-ffff00000095"},{"ELEMENT":"00000000-0000-0136-ffff-ffff0000009d","element-6066-11e4-a52e-4f735466cecf":"00000000-0000-0136-ffff-ffff0000009d"}]}
&amp#27;[38;5;212m[c4148d3a]&amp#27;[0m&amp#27;[38;5;9m[AndroidUiautomator2Driver@8dd2]&amp#27;[0m Responding to client with driver.findElements() result: [{"element-6066-11e4-a52e-4f735466cecf":"00000000-0000-0136-ffff-ffff00000095","ELEMENT":"00000000-0000-0136-ffff-ffff00000095"},{"element-6066-11e4-a52e-4f735466cecf":"00000000-0000-0136-ffff-ffff0000009d","ELEMENT":"00000000-0000-0136-ffff-ffff0000009d"}]
&amp#27;[38;5;212m[c4148d3a]&amp#27;[0m&amp#27;[38;5;86m[HTTP]&amp#27;[0m &amp#27;[37m<-- POST /session/c4148d3a-cb7c-4a90-ac66-ac6537bcf08d/elements &amp#27;[39m&amp#27;[32m200&amp#27;[39m &amp#27;[90m25 ms - 267&amp#27;[39m &amp#27;[90m&amp#27;[39m
&amp#27;[38;5;212m[c4148d3a]&amp#27;[0m&amp#27;[38;5;86m[HTTP]&amp#27;[0m &amp#27;[37m-->&amp#27;[39m &amp#27;[37mGET&amp#27;[39m &amp#27;[37m/session/c4148d3a-cb7c-4a90-ac66-ac6537bcf08d/element/00000000-0000-0136-ffff-ffff0000009d/text&amp#27;[39m &amp#27;[90m{}&amp#27;[39m
&amp#27;[38;5;212m[c4148d3a]&amp#27;[0m&amp#27;[38;5;9m[AndroidUiautomator2Driver@8dd2]&amp#27;[0m Driver proxy active, passing request on via HTTP proxy
&amp#27;[38;5;212m[c4148d3a]&amp#27;[0m&amp#27;[38;5;9m[AndroidUiautomator2Driver@8dd2]&amp#27;[0m Matched '/session/c4148d3a-cb7c-4a90-ac66-ac6537bcf08d/element/00000000-0000-0136-ffff-ffff0000009d/text' to command name 'getText'
&amp#27;[38;5;212m[c4148d3a]&amp#27;[0m&amp#27;[38;5;9m[AndroidUiautomator2Driver@8dd2]&amp#27;[0m Proxying [GET /session/c4148d3a-cb7c-4a90-ac66-ac6537bcf08d/element/00000000-0000-0136-ffff-ffff0000009d/text] to [GET http://127.0.0.1:8200/session/0fb48d37-5297-4bb6-aa15-f780f9e0d89a/element/00000000-0000-0136-ffff-ffff0000009d/text] with no body
&amp#27;[38;5;212m[c4148d3a]&amp#27;[0m&amp#27;[38;5;9m[AndroidUiautomator2Driver@8dd2]&amp#27;[0m Got response with status 200: {"sessionId":"0fb48d37-5297-4bb6-aa15-f780f9e0d89a","value":"$55.0"}
&amp#27;[38;5;212m[c4148d3a]&amp#27;[0m&amp#27;[38;5;9m[AndroidUiautomator2Driver@8dd2]&amp#27;[0m Replacing sessionId 0fb48d37-5297-4bb6-aa15-f780f9e0d89a with c4148d3a-cb7c-4a90-ac66-ac6537bcf08d
&amp#27;[38;5;212m[c4148d3a]&amp#27;[0m&amp#27;[38;5;86m[HTTP]&amp#27;[0m &amp#27;[37m<-- GET /session/c4148d3a-cb7c-4a90-ac66-ac6537bcf08d/element/00000000-0000-0136-ffff-ffff0000009d/text &amp#27;[39m&amp#27;[32m200&amp#27;[39m &amp#27;[90m12 ms - 68&amp#27;[39m &amp#27;[90m&amp#27;[39m
&amp#27;[38;5;212m[c4148d3a]&amp#27;[0m&amp#27;[38;5;86m[HTTP]&amp#27;[0m &amp#27;[37m-->&amp#27;[39m &amp#27;[37mGET&amp#27;[39m &amp#27;[37m/session/c4148d3a-cb7c-4a90-ac66-ac6537bcf08d/context&amp#27;[39m &amp#27;[90m{}&amp#27;[39m
&amp#27;[38;5;212m[c4148d3a]&amp#27;[0m&amp#27;[38;5;9m[AndroidUiautomator2Driver@8dd2]&amp#27;[0m Calling AppiumDriver.getCurrentContext() with args: ["c4148d3a-cb7c-4a90-ac66-ac6537bcf08d"]
&amp#27;[38;5;212m[c4148d3a]&amp#27;[0m&amp#27;[38;5;9m[AndroidUiautomator2Driver@8dd2]&amp#27;[0m Responding to client with driver.getCurrentContext() result: "NATIVE_APP"
&amp#27;[38;5;212m[c4148d3a]&amp#27;[0m&amp#27;[38;5;86m[HTTP]&amp#27;[0m &amp#27;[37m<-- GET /session/c4148d3a-cb7c-4a90-ac66-ac6537bcf08d/context &amp#27;[39m&amp#27;[32m200&amp#27;[39m &amp#27;[90m1 ms - 22&amp#27;[39m &amp#27;[90m&amp#27;[39m
&amp#27;[38;5;212m[c4148d3a]&amp#27;[0m&amp#27;[38;5;86m[HTTP]&amp#27;[0m &amp#27;[37m-->&amp#27;[39m &amp#27;[37mPOST&amp#27;[39m &amp#27;[37m/session/c4148d3a-cb7c-4a90-ac66-ac6537bcf08d/element&amp#27;[39m &amp#27;[90m{"value":"com.androidsample.generalstore:id/totalAmountLbl","using":"id"}&amp#27;[39m
&amp#27;[38;5;212m[c4148d3a]&amp#27;[0m&amp#27;[38;5;9m[AndroidUiautomator2Driver@8dd2]&amp#27;[0m Calling AppiumDriver.findElement() with args: ["id","com.androidsample.generalstore:id/totalAmountLbl","c4148d3a-cb7c-4a90-ac66-ac6537bcf08d"]
&amp#27;[38;5;212m[c4148d3a]&amp#27;[0m&amp#27;[38;5;9m[AndroidUiautomator2Driver@8dd2]&amp#27;[0m Valid locator strategies for this request: xpath, id, class name, accessibility id, css selector, -android uiautomator
&amp#27;[38;5;212m[c4148d3a]&amp#27;[0m&amp#27;[38;5;9m[AndroidUiautomator2Driver@8dd2]&amp#27;[0m Waiting up to 15000 ms for condition
&amp#27;[38;5;212m[c4148d3a]&amp#27;[0m&amp#27;[38;5;9m[AndroidUiautomator2Driver@8dd2]&amp#27;[0m Matched '/element' to command name 'findElement'
&amp#27;[38;5;212m[c4148d3a]&amp#27;[0m&amp#27;[38;5;9m[AndroidUiautomator2Driver@8dd2]&amp#27;[0m Proxying [POST /element] to [POST http://127.0.0.1:8200/session/0fb48d37-5297-4bb6-aa15-f780f9e0d89a/element] with body: {"strategy":"id","selector":"com.androidsample.generalstore:id/totalAmountLbl","context":"","multiple":false}
&amp#27;[38;5;212m[c4148d3a]&amp#27;[0m&amp#27;[38;5;9m[AndroidUiautomator2Driver@8dd2]&amp#27;[0m Got response with status 200: {"sessionId":"0fb48d37-5297-4bb6-aa15-f780f9e0d89a","value":{"ELEMENT":"00000000-0000-0136-ffff-ffff00000089","element-6066-11e4-a52e-4f735466cecf":"00000000-0000-0136-ffff-ffff00000089"}}
&amp#27;[38;5;212m[c4148d3a]&amp#27;[0m&amp#27;[38;5;9m[AndroidUiautomator2Driver@8dd2]&amp#27;[0m Responding to client with driver.findElement() result: {"element-6066-11e4-a52e-4f735466cecf":"00000000-0000-0136-ffff-ffff00000089","ELEMENT":"00000000-0000-0136-ffff-ffff00000089"}
&amp#27;[38;5;212m[c4148d3a]&amp#27;[0m&amp#27;[38;5;86m[HTTP]&amp#27;[0m &amp#27;[37m<-- POST /session/c4148d3a-cb7c-4a90-ac66-ac6537bcf08d/element &amp#27;[39m&amp#27;[32m200&amp#27;[39m &amp#27;[90m18 ms - 137&amp#27;[39m &amp#27;[90m&amp#27;[39m
&amp#27;[38;5;212m[c4148d3a]&amp#27;[0m&amp#27;[38;5;86m[HTTP]&amp#27;[0m &amp#27;[37m-->&amp#27;[39m &amp#27;[37mGET&amp#27;[39m &amp#27;[37m/session/c4148d3a-cb7c-4a90-ac66-ac6537bcf08d/element/00000000-0000-0136-ffff-ffff00000089/text&amp#27;[39m &amp#27;[90m{}&amp#27;[39m
&amp#27;[38;5;212m[c4148d3a]&amp#27;[0m&amp#27;[38;5;9m[AndroidUiautomator2Driver@8dd2]&amp#27;[0m Driver proxy active, passing request on via HTTP proxy
&amp#27;[38;5;212m[c4148d3a]&amp#27;[0m&amp#27;[38;5;9m[AndroidUiautomator2Driver@8dd2]&amp#27;[0m Matched '/session/c4148d3a-cb7c-4a90-ac66-ac6537bcf08d/element/00000000-0000-0136-ffff-ffff00000089/text' to command name 'getText'
&amp#27;[38;5;212m[c4148d3a]&amp#27;[0m&amp#27;[38;5;9m[AndroidUiautomator2Driver@8dd2]&amp#27;[0m Proxying [GET /session/c4148d3a-cb7c-4a90-ac66-ac6537bcf08d/element/00000000-0000-0136-ffff-ffff00000089/text] to [GET http://127.0.0.1:8200/session/0fb48d37-5297-4bb6-aa15-f780f9e0d89a/element/00000000-0000-0136-ffff-ffff00000089/text] with no body
&amp#27;[38;5;212m[c4148d3a]&amp#27;[0m&amp#27;[38;5;9m[AndroidUiautomator2Driver@8dd2]&amp#27;[0m Got response with status 200: {"sessionId":"0fb48d37-5297-4bb6-aa15-f780f9e0d89a","value":"$ 215.97"}
&amp#27;[38;5;212m[c4148d3a]&amp#27;[0m&amp#27;[38;5;9m[AndroidUiautomator2Driver@8dd2]&amp#27;[0m Replacing sessionId 0fb48d37-5297-4bb6-aa15-f780f9e0d89a with c4148d3a-cb7c-4a90-ac66-ac6537bcf08d
&amp#27;[38;5;212m[c4148d3a]&amp#27;[0m&amp#27;[38;5;86m[HTTP]&amp#27;[0m &amp#27;[37m<-- GET /session/c4148d3a-cb7c-4a90-ac66-ac6537bcf08d/element/00000000-0000-0136-ffff-ffff00000089/text &amp#27;[39m&amp#27;[32m200&amp#27;[39m &amp#27;[90m13 ms - 71&amp#27;[39m &amp#27;[90m&amp#27;[39m
&amp#27;[38;5;212m[c4148d3a]&amp#27;[0m&amp#27;[38;5;86m[HTTP]&amp#27;[0m &amp#27;[37m-->&amp#27;[39m &amp#27;[37mGET&amp#27;[39m &amp#27;[37m/session/c4148d3a-cb7c-4a90-ac66-ac6537bcf08d/context&amp#27;[39m &amp#27;[90m{}&amp#27;[39m
&amp#27;[38;5;212m[c4148d3a]&amp#27;[0m&amp#27;[38;5;9m[AndroidUiautomator2Driver@8dd2]&amp#27;[0m Calling AppiumDriver.getCurrentContext() with args: ["c4148d3a-cb7c-4a90-ac66-ac6537bcf08d"]
&amp#27;[38;5;212m[c4148d3a]&amp#27;[0m&amp#27;[38;5;9m[AndroidUiautomator2Driver@8dd2]&amp#27;[0m Responding to client with driver.getCurrentContext() result: "NATIVE_APP"
&amp#27;[38;5;212m[c4148d3a]&amp#27;[0m&amp#27;[38;5;86m[HTTP]&amp#27;[0m &amp#27;[37m<-- GET /session/c4148d3a-cb7c-4a90-ac66-ac6537bcf08d/context &amp#27;[39m&amp#27;[32m200&amp#27;[39m &amp#27;[90m2 ms - 22&amp#27;[39m &amp#27;[90m&amp#27;[39m
&amp#27;[38;5;212m[c4148d3a]&amp#27;[0m&amp#27;[38;5;86m[HTTP]&amp#27;[0m &amp#27;[37m-->&amp#27;[39m &amp#27;[37mPOST&amp#27;[39m &amp#27;[37m/session/c4148d3a-cb7c-4a90-ac66-ac6537bcf08d/element&amp#27;[39m &amp#27;[90m{"value":"com.androidsample.generalstore:id/termsButton","using":"id"}&amp#27;[39m
&amp#27;[38;5;212m[c4148d3a]&amp#27;[0m&amp#27;[38;5;9m[AndroidUiautomator2Driver@8dd2]&amp#27;[0m Calling AppiumDriver.findElement() with args: ["id","com.androidsample.generalstore:id/termsButton","c4148d3a-cb7c-4a90-ac66-ac6537bcf08d"]
&amp#27;[38;5;212m[c4148d3a]&amp#27;[0m&amp#27;[38;5;9m[AndroidUiautomator2Driver@8dd2]&amp#27;[0m Valid locator strategies for this request: xpath, id, class name, accessibility id, css selector, -android uiautomator
&amp#27;[38;5;212m[c4148d3a]&amp#27;[0m&amp#27;[38;5;9m[AndroidUiautomator2Driver@8dd2]&amp#27;[0m Waiting up to 15000 ms for condition
&amp#27;[38;5;212m[c4148d3a]&amp#27;[0m&amp#27;[38;5;9m[AndroidUiautomator2Driver@8dd2]&amp#27;[0m Matched '/element' to command name 'findElement'
&amp#27;[38;5;212m[c4148d3a]&amp#27;[0m&amp#27;[38;5;9m[AndroidUiautomator2Driver@8dd2]&amp#27;[0m Proxying [POST /element] to [POST http://127.0.0.1:8200/session/0fb48d37-5297-4bb6-aa15-f780f9e0d89a/element] with body: {"strategy":"id","selector":"com.androidsample.generalstore:id/termsButton","context":"","multiple":false}
&amp#27;[38;5;212m[c4148d3a]&amp#27;[0m&amp#27;[38;5;9m[AndroidUiautomator2Driver@8dd2]&amp#27;[0m Got response with status 200: {"sessionId":"0fb48d37-5297-4bb6-aa15-f780f9e0d89a","value":{"ELEMENT":"00000000-0000-0136-ffff-ffff0000008c","element-6066-11e4-a52e-4f735466cecf":"00000000-0000-0136-ffff-ffff0000008c"}}
&amp#27;[38;5;212m[c4148d3a]&amp#27;[0m&amp#27;[38;5;9m[AndroidUiautomator2Driver@8dd2]&amp#27;[0m Responding to client with driver.findElement() result: {"element-6066-11e4-a52e-4f735466cecf":"00000000-0000-0136-ffff-ffff0000008c","ELEMENT":"00000000-0000-0136-ffff-ffff0000008c"}
&amp#27;[38;5;212m[c4148d3a]&amp#27;[0m&amp#27;[38;5;86m[HTTP]&amp#27;[0m &amp#27;[37m<-- POST /session/c4148d3a-cb7c-4a90-ac66-ac6537bcf08d/element &amp#27;[39m&amp#27;[32m200&amp#27;[39m &amp#27;[90m36 ms - 137&amp#27;[39m &amp#27;[90m&amp#27;[39m
&amp#27;[38;5;212m[c4148d3a]&amp#27;[0m&amp#27;[38;5;86m[HTTP]&amp#27;[0m &amp#27;[37m-->&amp#27;[39m &amp#27;[37mPOST&amp#27;[39m &amp#27;[37m/session/c4148d3a-cb7c-4a90-ac66-ac6537bcf08d/execute/sync&amp#27;[39m &amp#27;[90m{"script":"mobile: longClickGesture","args":[{"elementId":"00000000-0000-0136-ffff-ffff0000008c","duration":2000}]}&amp#27;[39m
&amp#27;[38;5;212m[c4148d3a]&amp#27;[0m&amp#27;[38;5;9m[AndroidUiautomator2Driver@8dd2]&amp#27;[0m Calling AppiumDriver.execute() with args: ["mobile: longClickGesture",[{"elementId":"00000000-0000-0136-ffff-ffff0000008c","duration":2000}],"c4148d3a-cb7c-4a90-ac66-ac6537bcf08d"]
&amp#27;[38;5;212m[c4148d3a]&amp#27;[0m&amp#27;[38;5;9m[AndroidUiautomator2Driver@8dd2]&amp#27;[0m Executing native command 'mobile: longClickGesture'
&amp#27;[38;5;212m[c4148d3a]&amp#27;[0m&amp#27;[38;5;9m[AndroidUiautomator2Driver@8dd2]&amp#27;[0m Proxying [POST /appium/gestures/long_click] to [POST http://127.0.0.1:8200/session/0fb48d37-5297-4bb6-aa15-f780f9e0d89a/appium/gestures/long_click] with body: {"origin":{"ELEMENT":"00000000-0000-0136-ffff-ffff0000008c","element-6066-11e4-a52e-4f735466cecf":"00000000-0000-0136-ffff-ffff0000008c"},"duration":2000}
&amp#27;[38;5;212m[c4148d3a]&amp#27;[0m&amp#27;[38;5;9m[AndroidUiautomator2Driver@8dd2]&amp#27;[0m Got response with status 200: {"sessionId":"0fb48d37-5297-4bb6-aa15-f780f9e0d89a","value":null}
&amp#27;[38;5;212m[c4148d3a]&amp#27;[0m&amp#27;[38;5;9m[AndroidUiautomator2Driver@8dd2]&amp#27;[0m Responding to client with driver.execute() result: null
&amp#27;[38;5;212m[c4148d3a]&amp#27;[0m&amp#27;[38;5;86m[HTTP]&amp#27;[0m &amp#27;[37m<-- POST /session/c4148d3a-cb7c-4a90-ac66-ac6537bcf08d/execute/sync &amp#27;[39m&amp#27;[32m200&amp#27;[39m &amp#27;[90m2878 ms - 14&amp#27;[39m &amp#27;[90m&amp#27;[39m
&amp#27;[38;5;212m[c4148d3a]&amp#27;[0m&amp#27;[38;5;86m[HTTP]&amp#27;[0m &amp#27;[37m-->&amp#27;[39m &amp#27;[37mGET&amp#27;[39m &amp#27;[37m/session/c4148d3a-cb7c-4a90-ac66-ac6537bcf08d/context&amp#27;[39m &amp#27;[90m{}&amp#27;[39m
&amp#27;[38;5;212m[c4148d3a]&amp#27;[0m&amp#27;[38;5;9m[AndroidUiautomator2Driver@8dd2]&amp#27;[0m Calling AppiumDriver.getCurrentContext() with args: ["c4148d3a-cb7c-4a90-ac66-ac6537bcf08d"]
&amp#27;[38;5;212m[c4148d3a]&amp#27;[0m&amp#27;[38;5;9m[AndroidUiautomator2Driver@8dd2]&amp#27;[0m Responding to client with driver.getCurrentContext() result: "NATIVE_APP"
&amp#27;[38;5;212m[c4148d3a]&amp#27;[0m&amp#27;[38;5;86m[HTTP]&amp#27;[0m &amp#27;[37m<-- GET /session/c4148d3a-cb7c-4a90-ac66-ac6537bcf08d/context &amp#27;[39m&amp#27;[32m200&amp#27;[39m &amp#27;[90m1 ms - 22&amp#27;[39m &amp#27;[90m&amp#27;[39m
&amp#27;[38;5;212m[c4148d3a]&amp#27;[0m&amp#27;[38;5;86m[HTTP]&amp#27;[0m &amp#27;[37m-->&amp#27;[39m &amp#27;[37mPOST&amp#27;[39m &amp#27;[37m/session/c4148d3a-cb7c-4a90-ac66-ac6537bcf08d/element&amp#27;[39m &amp#27;[90m{"value":"com.androidsample.generalstore:id/alertTitle","using":"id"}&amp#27;[39m
&amp#27;[38;5;212m[c4148d3a]&amp#27;[0m&amp#27;[38;5;9m[AndroidUiautomator2Driver@8dd2]&amp#27;[0m Calling AppiumDriver.findElement() with args: ["id","com.androidsample.generalstore:id/alertTitle","c4148d3a-cb7c-4a90-ac66-ac6537bcf08d"]
&amp#27;[38;5;212m[c4148d3a]&amp#27;[0m&amp#27;[38;5;9m[AndroidUiautomator2Driver@8dd2]&amp#27;[0m Valid locator strategies for this request: xpath, id, class name, accessibility id, css selector, -android uiautomator
&amp#27;[38;5;212m[c4148d3a]&amp#27;[0m&amp#27;[38;5;9m[AndroidUiautomator2Driver@8dd2]&amp#27;[0m Waiting up to 15000 ms for condition
&amp#27;[38;5;212m[c4148d3a]&amp#27;[0m&amp#27;[38;5;9m[AndroidUiautomator2Driver@8dd2]&amp#27;[0m Matched '/element' to command name 'findElement'
&amp#27;[38;5;212m[c4148d3a]&amp#27;[0m&amp#27;[38;5;9m[AndroidUiautomator2Driver@8dd2]&amp#27;[0m Proxying [POST /element] to [POST http://127.0.0.1:8200/session/0fb48d37-5297-4bb6-aa15-f780f9e0d89a/element] with body: {"strategy":"id","selector":"com.androidsample.generalstore:id/alertTitle","context":"","multiple":false}
&amp#27;[38;5;212m[c4148d3a]&amp#27;[0m&amp#27;[38;5;9m[AndroidUiautomator2Driver@8dd2]&amp#27;[0m Got response with status 200: {"sessionId":"0fb48d37-5297-4bb6-aa15-f780f9e0d89a","value":{"ELEMENT":"00000000-0000-0137-ffff-ffff000000a9","element-6066-11e4-a52e-4f735466cecf":"00000000-0000-0137-ffff-ffff000000a9"}}
&amp#27;[38;5;212m[c4148d3a]&amp#27;[0m&amp#27;[38;5;9m[AndroidUiautomator2Driver@8dd2]&amp#27;[0m Responding to client with driver.findElement() result: {"element-6066-11e4-a52e-4f735466cecf":"00000000-0000-0137-ffff-ffff000000a9","ELEMENT":"00000000-0000-0137-ffff-ffff000000a9"}
&amp#27;[38;5;212m[c4148d3a]&amp#27;[0m&amp#27;[38;5;86m[HTTP]&amp#27;[0m &amp#27;[37m<-- POST /session/c4148d3a-cb7c-4a90-ac66-ac6537bcf08d/element &amp#27;[39m&amp#27;[32m200&amp#27;[39m &amp#27;[90m22 ms - 137&amp#27;[39m &amp#27;[90m&amp#27;[39m
&amp#27;[38;5;212m[c4148d3a]&amp#27;[0m&amp#27;[38;5;86m[HTTP]&amp#27;[0m &amp#27;[37m-->&amp#27;[39m &amp#27;[37mGET&amp#27;[39m &amp#27;[37m/session/c4148d3a-cb7c-4a90-ac66-ac6537bcf08d/element/00000000-0000-0137-ffff-ffff000000a9/text&amp#27;[39m &amp#27;[90m{}&amp#27;[39m
&amp#27;[38;5;212m[c4148d3a]&amp#27;[0m&amp#27;[38;5;9m[AndroidUiautomator2Driver@8dd2]&amp#27;[0m Driver proxy active, passing request on via HTTP proxy
&amp#27;[38;5;212m[c4148d3a]&amp#27;[0m&amp#27;[38;5;9m[AndroidUiautomator2Driver@8dd2]&amp#27;[0m Matched '/session/c4148d3a-cb7c-4a90-ac66-ac6537bcf08d/element/00000000-0000-0137-ffff-ffff000000a9/text' to command name 'getText'
&amp#27;[38;5;212m[c4148d3a]&amp#27;[0m&amp#27;[38;5;9m[AndroidUiautomator2Driver@8dd2]&amp#27;[0m Proxying [GET /session/c4148d3a-cb7c-4a90-ac66-ac6537bcf08d/element/00000000-0000-0137-ffff-ffff000000a9/text] to [GET http://127.0.0.1:8200/session/0fb48d37-5297-4bb6-aa15-f780f9e0d89a/element/00000000-0000-0137-ffff-ffff000000a9/text] with no body
&amp#27;[38;5;212m[c4148d3a]&amp#27;[0m&amp#27;[38;5;9m[AndroidUiautomator2Driver@8dd2]&amp#27;[0m Got response with status 200: {"sessionId":"0fb48d37-5297-4bb6-aa15-f780f9e0d89a","value":"Terms Of Conditions"}
&amp#27;[38;5;212m[c4148d3a]&amp#27;[0m&amp#27;[38;5;9m[AndroidUiautomator2Driver@8dd2]&amp#27;[0m Replacing sessionId 0fb48d37-5297-4bb6-aa15-f780f9e0d89a with c4148d3a-cb7c-4a90-ac66-ac6537bcf08d
&amp#27;[38;5;212m[c4148d3a]&amp#27;[0m&amp#27;[38;5;86m[HTTP]&amp#27;[0m &amp#27;[37m<-- GET /session/c4148d3a-cb7c-4a90-ac66-ac6537bcf08d/element/00000000-0000-0137-ffff-ffff000000a9/text &amp#27;[39m&amp#27;[32m200&amp#27;[39m &amp#27;[90m13 ms - 82&amp#27;[39m &amp#27;[90m&amp#27;[39m
&amp#27;[38;5;212m[c4148d3a]&amp#27;[0m&amp#27;[38;5;86m[HTTP]&amp#27;[0m &amp#27;[37m-->&amp#27;[39m &amp#27;[37mGET&amp#27;[39m &amp#27;[37m/session/c4148d3a-cb7c-4a90-ac66-ac6537bcf08d/context&amp#27;[39m &amp#27;[90m{}&amp#27;[39m
&amp#27;[38;5;212m[c4148d3a]&amp#27;[0m&amp#27;[38;5;9m[AndroidUiautomator2Driver@8dd2]&amp#27;[0m Calling AppiumDriver.getCurrentContext() with args: ["c4148d3a-cb7c-4a90-ac66-ac6537bcf08d"]
&amp#27;[38;5;212m[c4148d3a]&amp#27;[0m&amp#27;[38;5;9m[AndroidUiautomator2Driver@8dd2]&amp#27;[0m Responding to client with driver.getCurrentContext() result: "NATIVE_APP"
&amp#27;[38;5;212m[c4148d3a]&amp#27;[0m&amp#27;[38;5;86m[HTTP]&amp#27;[0m &amp#27;[37m<-- GET /session/c4148d3a-cb7c-4a90-ac66-ac6537bcf08d/context &amp#27;[39m&amp#27;[32m200&amp#27;[39m &amp#27;[90m1 ms - 22&amp#27;[39m &amp#27;[90m&amp#27;[39m
&amp#27;[38;5;212m[c4148d3a]&amp#27;[0m&amp#27;[38;5;86m[HTTP]&amp#27;[0m &amp#27;[37m-->&amp#27;[39m &amp#27;[37mPOST&amp#27;[39m &amp#27;[37m/session/c4148d3a-cb7c-4a90-ac66-ac6537bcf08d/element&amp#27;[39m &amp#27;[90m{"value":"android:id/button1","using":"id"}&amp#27;[39m
&amp#27;[38;5;212m[c4148d3a]&amp#27;[0m&amp#27;[38;5;9m[AndroidUiautomator2Driver@8dd2]&amp#27;[0m Calling AppiumDriver.findElement() with args: ["id","android:id/button1","c4148d3a-cb7c-4a90-ac66-ac6537bcf08d"]
&amp#27;[38;5;212m[c4148d3a]&amp#27;[0m&amp#27;[38;5;9m[AndroidUiautomator2Driver@8dd2]&amp#27;[0m Valid locator strategies for this request: xpath, id, class name, accessibility id, css selector, -android uiautomator
&amp#27;[38;5;212m[c4148d3a]&amp#27;[0m&amp#27;[38;5;9m[AndroidUiautomator2Driver@8dd2]&amp#27;[0m Waiting up to 15000 ms for condition
&amp#27;[38;5;212m[c4148d3a]&amp#27;[0m&amp#27;[38;5;9m[AndroidUiautomator2Driver@8dd2]&amp#27;[0m Matched '/element' to command name 'findElement'
&amp#27;[38;5;212m[c4148d3a]&amp#27;[0m&amp#27;[38;5;9m[AndroidUiautomator2Driver@8dd2]&amp#27;[0m Proxying [POST /element] to [POST http://127.0.0.1:8200/session/0fb48d37-5297-4bb6-aa15-f780f9e0d89a/element] with body: {"strategy":"id","selector":"android:id/button1","context":"","multiple":false}
&amp#27;[38;5;212m[c4148d3a]&amp#27;[0m&amp#27;[38;5;9m[AndroidUiautomator2Driver@8dd2]&amp#27;[0m Got response with status 200: {"sessionId":"0fb48d37-5297-4bb6-aa15-f780f9e0d89a","value":{"ELEMENT":"00000000-0000-0137-ffff-ffff000000b8","element-6066-11e4-a52e-4f735466cecf":"00000000-0000-0137-ffff-ffff000000b8"}}
&amp#27;[38;5;212m[c4148d3a]&amp#27;[0m&amp#27;[38;5;9m[AndroidUiautomator2Driver@8dd2]&amp#27;[0m Responding to client with driver.findElement() result: {"element-6066-11e4-a52e-4f735466cecf":"00000000-0000-0137-ffff-ffff000000b8","ELEMENT":"00000000-0000-0137-ffff-ffff000000b8"}
&amp#27;[38;5;212m[c4148d3a]&amp#27;[0m&amp#27;[38;5;86m[HTTP]&amp#27;[0m &amp#27;[37m<-- POST /session/c4148d3a-cb7c-4a90-ac66-ac6537bcf08d/element &amp#27;[39m&amp#27;[32m200&amp#27;[39m &amp#27;[90m18 ms - 137&amp#27;[39m &amp#27;[90m&amp#27;[39m
&amp#27;[38;5;212m[c4148d3a]&amp#27;[0m&amp#27;[38;5;86m[HTTP]&amp#27;[0m &amp#27;[37m-->&amp#27;[39m &amp#27;[37mPOST&amp#27;[39m &amp#27;[37m/session/c4148d3a-cb7c-4a90-ac66-ac6537bcf08d/element/00000000-0000-0137-ffff-ffff000000b8/click&amp#27;[39m &amp#27;[90m{"id":"00000000-0000-0137-ffff-ffff000000b8"}&amp#27;[39m
&amp#27;[38;5;212m[c4148d3a]&amp#27;[0m&amp#27;[38;5;9m[AndroidUiautomator2Driver@8dd2]&amp#27;[0m Calling AppiumDriver.click() with args: ["00000000-0000-0137-ffff-ffff000000b8","c4148d3a-cb7c-4a90-ac66-ac6537bcf08d"]
&amp#27;[38;5;212m[c4148d3a]&amp#27;[0m&amp#27;[38;5;9m[AndroidUiautomator2Driver@8dd2]&amp#27;[0m Matched '/element/00000000-0000-0137-ffff-ffff000000b8/click' to command name 'click'
&amp#27;[38;5;212m[c4148d3a]&amp#27;[0m&amp#27;[38;5;9m[AndroidUiautomator2Driver@8dd2]&amp#27;[0m Proxying [POST /element/00000000-0000-0137-ffff-ffff000000b8/click] to [POST http://127.0.0.1:8200/session/0fb48d37-5297-4bb6-aa15-f780f9e0d89a/element/00000000-0000-0137-ffff-ffff000000b8/click] with body: {"element":"00000000-0000-0137-ffff-ffff000000b8"}
&amp#27;[38;5;212m[c4148d3a]&amp#27;[0m&amp#27;[38;5;9m[AndroidUiautomator2Driver@8dd2]&amp#27;[0m Got response with status 200: {"sessionId":"0fb48d37-5297-4bb6-aa15-f780f9e0d89a","value":null}
&amp#27;[38;5;212m[c4148d3a]&amp#27;[0m&amp#27;[38;5;9m[AndroidUiautomator2Driver@8dd2]&amp#27;[0m Responding to client with driver.click() result: null
&amp#27;[38;5;212m[c4148d3a]&amp#27;[0m&amp#27;[38;5;86m[HTTP]&amp#27;[0m &amp#27;[37m<-- POST /session/c4148d3a-cb7c-4a90-ac66-ac6537bcf08d/element/00000000-0000-0137-ffff-ffff000000b8/click &amp#27;[39m&amp#27;[32m200&amp#27;[39m &amp#27;[90m73 ms - 14&amp#27;[39m &amp#27;[90m&amp#27;[39m
&amp#27;[38;5;212m[c4148d3a]&amp#27;[0m&amp#27;[38;5;86m[HTTP]&amp#27;[0m &amp#27;[37m-->&amp#27;[39m &amp#27;[37mGET&amp#27;[39m &amp#27;[37m/session/c4148d3a-cb7c-4a90-ac66-ac6537bcf08d/context&amp#27;[39m &amp#27;[90m{}&amp#27;[39m
&amp#27;[38;5;212m[c4148d3a]&amp#27;[0m&amp#27;[38;5;9m[AndroidUiautomator2Driver@8dd2]&amp#27;[0m Calling AppiumDriver.getCurrentContext() with args: ["c4148d3a-cb7c-4a90-ac66-ac6537bcf08d"]
&amp#27;[38;5;212m[c4148d3a]&amp#27;[0m&amp#27;[38;5;9m[AndroidUiautomator2Driver@8dd2]&amp#27;[0m Responding to client with driver.getCurrentContext() result: "NATIVE_APP"
&amp#27;[38;5;212m[c4148d3a]&amp#27;[0m&amp#27;[38;5;86m[HTTP]&amp#27;[0m &amp#27;[37m<-- GET /session/c4148d3a-cb7c-4a90-ac66-ac6537bcf08d/context &amp#27;[39m&amp#27;[32m200&amp#27;[39m &amp#27;[90m2 ms - 22&amp#27;[39m &amp#27;[90m&amp#27;[39m
&amp#27;[38;5;212m[c4148d3a]&amp#27;[0m&amp#27;[38;5;86m[HTTP]&amp#27;[0m &amp#27;[37m-->&amp#27;[39m &amp#27;[37mPOST&amp#27;[39m &amp#27;[37m/session/c4148d3a-cb7c-4a90-ac66-ac6537bcf08d/element&amp#27;[39m &amp#27;[90m{"value":"//android.widget.CheckBox[@text=\"Send me e-mails on discounts related to selected products in future\"]","using":"xpath"}&amp#27;[39m
&amp#27;[38;5;212m[c4148d3a]&amp#27;[0m&amp#27;[38;5;9m[AndroidUiautomator2Driver@8dd2]&amp#27;[0m Calling AppiumDriver.findElement() with args: ["xpath","//android.widget.CheckBox[@text=\"Send me e-mails on discounts related to selected products in future\"]","c4148d3a-cb7c-4a90-ac66-ac6537bcf08d"]
&amp#27;[38;5;212m[c4148d3a]&amp#27;[0m&amp#27;[38;5;9m[AndroidUiautomator2Driver@8dd2]&amp#27;[0m Valid locator strategies for this request: xpath, id, class name, accessibility id, css selector, -android uiautomator
&amp#27;[38;5;212m[c4148d3a]&amp#27;[0m&amp#27;[38;5;9m[AndroidUiautomator2Driver@8dd2]&amp#27;[0m Waiting up to 15000 ms for condition
&amp#27;[38;5;212m[c4148d3a]&amp#27;[0m&amp#27;[38;5;9m[AndroidUiautomator2Driver@8dd2]&amp#27;[0m Matched '/element' to command name 'findElement'
&amp#27;[38;5;212m[c4148d3a]&amp#27;[0m&amp#27;[38;5;9m[AndroidUiautomator2Driver@8dd2]&amp#27;[0m Proxying [POST /element] to [POST http://127.0.0.1:8200/session/0fb48d37-5297-4bb6-aa15-f780f9e0d89a/element] with body: {"strategy":"xpath","selector":"//android.widget.CheckBox[@text=\"Send me e-mails on discounts related to selected products in future\"]","context":"","multiple":false}
&amp#27;[38;5;212m[c4148d3a]&amp#27;[0m&amp#27;[38;5;9m[AndroidUiautomator2Driver@8dd2]&amp#27;[0m Got response with status 200: {"sessionId":"0fb48d37-5297-4bb6-aa15-f780f9e0d89a","value":{"ELEMENT":"00000000-0000-0136-ffff-ffff0000008a","element-6066-11e4-a52e-4f735466cecf":"00000000-0000-0136-ffff-ffff0000008a"}}
&amp#27;[38;5;212m[c4148d3a]&amp#27;[0m&amp#27;[38;5;9m[AndroidUiautomator2Driver@8dd2]&amp#27;[0m Responding to client with driver.findElement() result: {"element-6066-11e4-a52e-4f735466cecf":"00000000-0000-0136-ffff-ffff0000008a","ELEMENT":"00000000-0000-0136-ffff-ffff0000008a"}
&amp#27;[38;5;212m[c4148d3a]&amp#27;[0m&amp#27;[38;5;86m[HTTP]&amp#27;[0m &amp#27;[37m<-- POST /session/c4148d3a-cb7c-4a90-ac66-ac6537bcf08d/element &amp#27;[39m&amp#27;[32m200&amp#27;[39m &amp#27;[90m575 ms - 137&amp#27;[39m &amp#27;[90m&amp#27;[39m
&amp#27;[38;5;212m[c4148d3a]&amp#27;[0m&amp#27;[38;5;86m[HTTP]&amp#27;[0m &amp#27;[37m-->&amp#27;[39m &amp#27;[37mPOST&amp#27;[39m &amp#27;[37m/session/c4148d3a-cb7c-4a90-ac66-ac6537bcf08d/element/00000000-0000-0136-ffff-ffff0000008a/click&amp#27;[39m &amp#27;[90m{"id":"00000000-0000-0136-ffff-ffff0000008a"}&amp#27;[39m
&amp#27;[38;5;212m[c4148d3a]&amp#27;[0m&amp#27;[38;5;9m[AndroidUiautomator2Driver@8dd2]&amp#27;[0m Calling AppiumDriver.click() with args: ["00000000-0000-0136-ffff-ffff0000008a","c4148d3a-cb7c-4a90-ac66-ac6537bcf08d"]
&amp#27;[38;5;212m[c4148d3a]&amp#27;[0m&amp#27;[38;5;9m[AndroidUiautomator2Driver@8dd2]&amp#27;[0m Matched '/element/00000000-0000-0136-ffff-ffff0000008a/click' to command name 'click'
&amp#27;[38;5;212m[c4148d3a]&amp#27;[0m&amp#27;[38;5;9m[AndroidUiautomator2Driver@8dd2]&amp#27;[0m Proxying [POST /element/00000000-0000-0136-ffff-ffff0000008a/click] to [POST http://127.0.0.1:8200/session/0fb48d37-5297-4bb6-aa15-f780f9e0d89a/element/00000000-0000-0136-ffff-ffff0000008a/click] with body: {"element":"00000000-0000-0136-ffff-ffff0000008a"}
&amp#27;[38;5;212m[c4148d3a]&amp#27;[0m&amp#27;[38;5;9m[AndroidUiautomator2Driver@8dd2]&amp#27;[0m Got response with status 200: {"sessionId":"0fb48d37-5297-4bb6-aa15-f780f9e0d89a","value":null}
&amp#27;[38;5;212m[c4148d3a]&amp#27;[0m&amp#27;[38;5;9m[AndroidUiautomator2Driver@8dd2]&amp#27;[0m Responding to client with driver.click() result: null
&amp#27;[38;5;212m[c4148d3a]&amp#27;[0m&amp#27;[38;5;86m[HTTP]&amp#27;[0m &amp#27;[37m<-- POST /session/c4148d3a-cb7c-4a90-ac66-ac6537bcf08d/element/00000000-0000-0136-ffff-ffff0000008a/click &amp#27;[39m&amp#27;[32m200&amp#27;[39m &amp#27;[90m65 ms - 14&amp#27;[39m &amp#27;[90m&amp#27;[39m
&amp#27;[38;5;212m[c4148d3a]&amp#27;[0m&amp#27;[38;5;86m[HTTP]&amp#27;[0m &amp#27;[37m-->&amp#27;[39m &amp#27;[37mGET&amp#27;[39m &amp#27;[37m/session/c4148d3a-cb7c-4a90-ac66-ac6537bcf08d/context&amp#27;[39m &amp#27;[90m{}&amp#27;[39m
&amp#27;[38;5;212m[c4148d3a]&amp#27;[0m&amp#27;[38;5;9m[AndroidUiautomator2Driver@8dd2]&amp#27;[0m Calling AppiumDriver.getCurrentContext() with args: ["c4148d3a-cb7c-4a90-ac66-ac6537bcf08d"]
&amp#27;[38;5;212m[c4148d3a]&amp#27;[0m&amp#27;[38;5;9m[AndroidUiautomator2Driver@8dd2]&amp#27;[0m Responding to client with driver.getCurrentContext() result: "NATIVE_APP"
&amp#27;[38;5;212m[c4148d3a]&amp#27;[0m&amp#27;[38;5;86m[HTTP]&amp#27;[0m &amp#27;[37m<-- GET /session/c4148d3a-cb7c-4a90-ac66-ac6537bcf08d/context &amp#27;[39m&amp#27;[32m200&amp#27;[39m &amp#27;[90m2 ms - 22&amp#27;[39m &amp#27;[90m&amp#27;[39m
&amp#27;[38;5;212m[c4148d3a]&amp#27;[0m&amp#27;[38;5;86m[HTTP]&amp#27;[0m &amp#27;[37m-->&amp#27;[39m &amp#27;[37mPOST&amp#27;[39m &amp#27;[37m/session/c4148d3a-cb7c-4a90-ac66-ac6537bcf08d/element&amp#27;[39m &amp#27;[90m{"value":"com.androidsample.generalstore:id/btnProceed","using":"id"}&amp#27;[39m
&amp#27;[38;5;212m[c4148d3a]&amp#27;[0m&amp#27;[38;5;9m[AndroidUiautomator2Driver@8dd2]&amp#27;[0m Calling AppiumDriver.findElement() with args: ["id","com.androidsample.generalstore:id/btnProceed","c4148d3a-cb7c-4a90-ac66-ac6537bcf08d"]
&amp#27;[38;5;212m[c4148d3a]&amp#27;[0m&amp#27;[38;5;9m[AndroidUiautomator2Driver@8dd2]&amp#27;[0m Valid locator strategies for this request: xpath, id, class name, accessibility id, css selector, -android uiautomator
&amp#27;[38;5;212m[c4148d3a]&amp#27;[0m&amp#27;[38;5;9m[AndroidUiautomator2Driver@8dd2]&amp#27;[0m Waiting up to 15000 ms for condition
&amp#27;[38;5;212m[c4148d3a]&amp#27;[0m&amp#27;[38;5;9m[AndroidUiautomator2Driver@8dd2]&amp#27;[0m Matched '/element' to command name 'findElement'
&amp#27;[38;5;212m[c4148d3a]&amp#27;[0m&amp#27;[38;5;9m[AndroidUiautomator2Driver@8dd2]&amp#27;[0m Proxying [POST /element] to [POST http://127.0.0.1:8200/session/0fb48d37-5297-4bb6-aa15-f780f9e0d89a/element] with body: {"strategy":"id","selector":"com.androidsample.generalstore:id/btnProceed","context":"","multiple":false}
&amp#27;[38;5;212m[c4148d3a]&amp#27;[0m&amp#27;[38;5;9m[AndroidUiautomator2Driver@8dd2]&amp#27;[0m Got response with status 200: {"sessionId":"0fb48d37-5297-4bb6-aa15-f780f9e0d89a","value":{"ELEMENT":"00000000-0000-0136-ffff-ffff0000008b","element-6066-11e4-a52e-4f735466cecf":"00000000-0000-0136-ffff-ffff0000008b"}}
&amp#27;[38;5;212m[c4148d3a]&amp#27;[0m&amp#27;[38;5;9m[AndroidUiautomator2Driver@8dd2]&amp#27;[0m Responding to client with driver.findElement() result: {"element-6066-11e4-a52e-4f735466cecf":"00000000-0000-0136-ffff-ffff0000008b","ELEMENT":"00000000-0000-0136-ffff-ffff0000008b"}
&amp#27;[38;5;212m[c4148d3a]&amp#27;[0m&amp#27;[38;5;86m[HTTP]&amp#27;[0m &amp#27;[37m<-- POST /session/c4148d3a-cb7c-4a90-ac66-ac6537bcf08d/element &amp#27;[39m&amp#27;[32m200&amp#27;[39m &amp#27;[90m606 ms - 137&amp#27;[39m &amp#27;[90m&amp#27;[39m
&amp#27;[38;5;212m[c4148d3a]&amp#27;[0m&amp#27;[38;5;86m[HTTP]&amp#27;[0m &amp#27;[37m-->&amp#27;[39m &amp#27;[37mPOST&amp#27;[39m &amp#27;[37m/session/c4148d3a-cb7c-4a90-ac66-ac6537bcf08d/element/00000000-0000-0136-ffff-ffff0000008b/click&amp#27;[39m &amp#27;[90m{"id":"00000000-0000-0136-ffff-ffff0000008b"}&amp#27;[39m
&amp#27;[38;5;212m[c4148d3a]&amp#27;[0m&amp#27;[38;5;9m[AndroidUiautomator2Driver@8dd2]&amp#27;[0m Calling AppiumDriver.click() with args: ["00000000-0000-0136-ffff-ffff0000008b","c4148d3a-cb7c-4a90-ac66-ac6537bcf08d"]
&amp#27;[38;5;212m[c4148d3a]&amp#27;[0m&amp#27;[38;5;9m[AndroidUiautomator2Driver@8dd2]&amp#27;[0m Matched '/element/00000000-0000-0136-ffff-ffff0000008b/click' to command name 'click'
&amp#27;[38;5;212m[c4148d3a]&amp#27;[0m&amp#27;[38;5;9m[AndroidUiautomator2Driver@8dd2]&amp#27;[0m Proxying [POST /element/00000000-0000-0136-ffff-ffff0000008b/click] to [POST http://127.0.0.1:8200/session/0fb48d37-5297-4bb6-aa15-f780f9e0d89a/element/00000000-0000-0136-ffff-ffff0000008b/click] with body: {"element":"00000000-0000-0136-ffff-ffff0000008b"}
&amp#27;[38;5;212m[c4148d3a]&amp#27;[0m&amp#27;[38;5;9m[AndroidUiautomator2Driver@8dd2]&amp#27;[0m Got response with status 200: {"sessionId":"0fb48d37-5297-4bb6-aa15-f780f9e0d89a","value":null}
&amp#27;[38;5;212m[c4148d3a]&amp#27;[0m&amp#27;[38;5;9m[AndroidUiautomator2Driver@8dd2]&amp#27;[0m Responding to client with driver.click() result: null
&amp#27;[38;5;212m[c4148d3a]&amp#27;[0m&amp#27;[38;5;86m[HTTP]&amp#27;[0m &amp#27;[37m<-- POST /session/c4148d3a-cb7c-4a90-ac66-ac6537bcf08d/element/00000000-0000-0136-ffff-ffff0000008b/click &amp#27;[39m&amp#27;[32m200&amp#27;[39m &amp#27;[90m81 ms - 14&amp#27;[39m &amp#27;[90m&amp#27;[39m
]]></system-out>
    <system-err><![CDATA[SLF4J(W): No SLF4J providers were found.
SLF4J(W): Defaulting to no-operation (NOP) logger implementation
SLF4J(W): See https://www.slf4j.org/codes.html#noProviders for further details.
]]></system-err>
  </testcase>
  <testcase name="FilForm_exceptional" classname="Pranavraj.AppiumFrameWorkDesign.ErrorChecking" time="12.519">
    <failure message="expected [Please your name] but found [Please enter your name]" type="java.lang.AssertionError"><![CDATA[java.lang.AssertionError: expected [Please your name] but found [Please enter your name]
	at org.testng.Assert.fail(Assert.java:111)
	at org.testng.Assert.failNotEquals(Assert.java:1578)
	at org.testng.Assert.assertEqualsImpl(Assert.java:150)
	at org.testng.Assert.assertEquals(Assert.java:132)
	at org.testng.Assert.assertEquals(Assert.java:656)
	at org.testng.Assert.assertEquals(Assert.java:666)
	at Pranavraj.AppiumFrameWorkDesign.ErrorChecking.FilForm_exceptional(ErrorChecking.java:45)
	at java.base/jdk.internal.reflect.DirectMethodHandleAccessor.invoke(DirectMethodHandleAccessor.java:103)
	at java.base/java.lang.reflect.Method.invoke(Method.java:580)
	at org.testng.internal.invokers.MethodInvocationHelper.invokeMethod(MethodInvocationHelper.java:141)
	at org.testng.internal.invokers.TestInvoker.invokeMethod(TestInvoker.java:686)
	at org.testng.internal.invokers.TestInvoker.invokeTestMethod(TestInvoker.java:230)
	at org.testng.internal.invokers.MethodRunner.runInSequence(MethodRunner.java:63)
	at org.testng.internal.invokers.TestInvoker$MethodInvocationAgent.invoke(TestInvoker.java:992)
	at org.testng.internal.invokers.TestInvoker.invokeTestMethods(TestInvoker.java:203)
	at org.testng.internal.invokers.TestMethodWorker.invokeTestMethods(TestMethodWorker.java:154)
	at org.testng.internal.invokers.TestMethodWorker.run(TestMethodWorker.java:134)
	at java.base/java.util.ArrayList.forEach(ArrayList.java:1597)
	at org.testng.TestRunner.privateRun(TestRunner.java:739)
	at org.testng.TestRunner.run(TestRunner.java:614)
	at org.testng.SuiteRunner.runTest(SuiteRunner.java:421)
	at org.testng.SuiteRunner.runSequentially(SuiteRunner.java:413)
	at org.testng.SuiteRunner.privateRun(SuiteRunner.java:373)
	at org.testng.SuiteRunner.run(SuiteRunner.java:312)
	at org.testng.SuiteRunnerWorker.runSuite(SuiteRunnerWorker.java:52)
	at org.testng.SuiteRunnerWorker.run(SuiteRunnerWorker.java:95)
	at org.testng.TestNG.runSuitesSequentially(TestNG.java:1274)
	at org.testng.TestNG.runSuitesLocally(TestNG.java:1208)
	at org.testng.TestNG.runSuites(TestNG.java:1112)
	at org.testng.TestNG.run(TestNG.java:1079)
	at org.apache.maven.surefire.testng.TestNGExecutor.run(TestNGExecutor.java:308)
	at org.apache.maven.surefire.testng.TestNGXmlTestSuite.execute(TestNGXmlTestSuite.java:71)
	at org.apache.maven.surefire.testng.TestNGProvider.invoke(TestNGProvider.java:113)
	at org.apache.maven.surefire.booter.ForkedBooter.runSuitesInProcess(ForkedBooter.java:385)
	at org.apache.maven.surefire.booter.ForkedBooter.execute(ForkedBooter.java:162)
	at org.apache.maven.surefire.booter.ForkedBooter.run(ForkedBooter.java:507)
	at org.apache.maven.surefire.booter.ForkedBooter.main(ForkedBooter.java:495)
]]></failure>
    <system-out><![CDATA[&amp#27;[38;5;212m[c4148d3a]&amp#27;[0m&amp#27;[38;5;86m[HTTP]&amp#27;[0m &amp#27;[37m-->&amp#27;[39m &amp#27;[37mDELETE&amp#27;[39m &amp#27;[37m/session/c4148d3a-cb7c-4a90-ac66-ac6537bcf08d&amp#27;[39m &amp#27;[90m{}&amp#27;[39m
&amp#27;[38;5;212m[c4148d3a]&amp#27;[0m&amp#27;[38;5;9m[AndroidUiautomator2Driver@8dd2]&amp#27;[0m Calling AppiumDriver.deleteSession() with args: ["c4148d3a-cb7c-4a90-ac66-ac6537bcf08d"]
&amp#27;[38;5;212m[c4148d3a]&amp#27;[0m&amp#27;[38;5;56m[AppiumDriver@f9e2]&amp#27;[0m Event 'quitSessionRequested' logged at 1722938550703 (15:32:30 GMT+0530 (India Standard Time))
&amp#27;[38;5;212m[c4148d3a]&amp#27;[0m&amp#27;[38;5;56m[AppiumDriver@f9e2]&amp#27;[0m Removing session c4148d3a-cb7c-4a90-ac66-ac6537bcf08d from our master session list
&amp#27;[38;5;212m[c4148d3a]&amp#27;[0m&amp#27;[38;5;9m[AndroidUiautomator2Driver@8dd2]&amp#27;[0m Deleting UiAutomator2 session
&amp#27;[38;5;212m[c4148d3a]&amp#27;[0m&amp#27;[38;5;9m[AndroidUiautomator2Driver@8dd2]&amp#27;[0m Deleting UiAutomator2 server session
&amp#27;[38;5;212m[c4148d3a]&amp#27;[0m&amp#27;[38;5;9m[AndroidUiautomator2Driver@8dd2]&amp#27;[0m Matched '/' to command name 'deleteSession'
&amp#27;[38;5;212m[c4148d3a]&amp#27;[0m&amp#27;[38;5;9m[AndroidUiautomator2Driver@8dd2]&amp#27;[0m Proxying [DELETE /] to [DELETE http://127.0.0.1:8200/session/0fb48d37-5297-4bb6-aa15-f780f9e0d89a] with no body
&amp#27;[38;5;212m[c4148d3a]&amp#27;[0m&amp#27;[38;5;9m[AndroidUiautomator2Driver@8dd2]&amp#27;[0m Got response with status 200: {"sessionId":"0fb48d37-5297-4bb6-aa15-f780f9e0d89a","value":null}
&amp#27;[38;5;212m[c4148d3a]&amp#27;[0m&amp#27;[38;5;9m[AndroidUiautomator2Driver@8dd2]&amp#27;[0m [Instrumentation] io.appium.uiautomator2.server.test.AppiumUiAutomator2Server:
&amp#27;[38;5;212m[c4148d3a]&amp#27;[0m&amp#27;[38;5;9m[AndroidUiautomator2Driver@8dd2]&amp#27;[0m [Instrumentation] The process has exited with code null, signal SIGTERM
&amp#27;[38;5;212m[c4148d3a]&amp#27;[0m&amp#27;[38;5;229m[ADB]&amp#27;[0m Running 'C:\Users\HOME\AppData\Local\Android\Sdk\platform-tools\adb.exe -P 5037 -s emulator-5554 shell dumpsys activity services io.appium.settings/.recorder.RecorderService'
&amp#27;[38;5;212m[c4148d3a]&amp#27;[0m&amp#27;[38;5;229m[ADB]&amp#27;[0m Running 'C:\Users\HOME\AppData\Local\Android\Sdk\platform-tools\adb.exe -P 5037 -s emulator-5554 shell am force-stop com.androidsample.generalstore'
&amp#27;[38;5;212m[c4148d3a]&amp#27;[0m&amp#27;[38;5;229m[ADB]&amp#27;[0m Removing forwarded port socket connection: 8200 
&amp#27;[38;5;212m[c4148d3a]&amp#27;[0m&amp#27;[38;5;229m[ADB]&amp#27;[0m Running 'C:\Users\HOME\AppData\Local\Android\Sdk\platform-tools\adb.exe -P 5037 -s emulator-5554 forward --remove tcp:8200'
&amp#27;[38;5;212m[c4148d3a]&amp#27;[0m&amp#27;[38;5;9m[AndroidUiautomator2Driver@8dd2]&amp#27;[0m Restoring hidden api policy to the device default configuration
&amp#27;[38;5;212m[c4148d3a]&amp#27;[0m&amp#27;[38;5;229m[ADB]&amp#27;[0m Running 'C:\Users\HOME\AppData\Local\Android\Sdk\platform-tools\adb.exe -P 5037 -s emulator-5554 shell 'settings delete global hidden_api_policy_pre_p_apps;settings delete global hidden_api_policy_p_apps;settings delete global hidden_api_policy''
&amp#27;[38;5;212m[c4148d3a]&amp#27;[0m&amp#27;[38;5;160m[Logcat]&amp#27;[0m Stopping logcat capture
&amp#27;[38;5;212m[c4148d3a]&amp#27;[0m&amp#27;[38;5;56m[AppiumDriver@f9e2]&amp#27;[0m Event 'quitSessionFinished' logged at 1722938551315 (15:32:31 GMT+0530 (India Standard Time))
&amp#27;[38;5;212m[c4148d3a]&amp#27;[0m&amp#27;[38;5;56m[AppiumDriver@f9e2]&amp#27;[0m Received response: null
&amp#27;[38;5;212m[c4148d3a]&amp#27;[0m&amp#27;[38;5;56m[AppiumDriver@f9e2]&amp#27;[0m But deleting session, so not returning
&amp#27;[38;5;212m[c4148d3a]&amp#27;[0m&amp#27;[38;5;56m[AppiumDriver@f9e2]&amp#27;[0m Responding to client with driver.deleteSession() result: null
&amp#27;[38;5;212m[c4148d3a]&amp#27;[0m&amp#27;[38;5;86m[HTTP]&amp#27;[0m &amp#27;[37m<-- DELETE /session/c4148d3a-cb7c-4a90-ac66-ac6537bcf08d &amp#27;[39m&amp#27;[32m200&amp#27;[39m &amp#27;[90m616 ms - 14&amp#27;[39m &amp#27;[90m&amp#27;[39m
&amp#27;[38;5;112m[Appium]&amp#27;[0m Welcome to Appium v2.11.2
&amp#27;[38;5;112m[Appium]&amp#27;[0m The autodetected Appium home path: C:\Users\HOME\.appium
&amp#27;[38;5;112m[Appium]&amp#27;[0m Attempting to load driver uiautomator2...
&amp#27;[38;5;112m[Appium]&amp#27;[0m Requiring driver at C:\Users\HOME\.appium\node_modules\appium-uiautomator2-driver\build\index.js
&amp#27;[38;5;112m[Appium]&amp#27;[0m AndroidUiautomator2Driver has been successfully loaded in 1.385s
&amp#27;[38;5;112m[Appium]&amp#27;[0m Appium REST http interface listener started on http://0.0.0.0:4723
&amp#27;[38;5;112m[Appium]&amp#27;[0m You can provide the following URLs in your client code to connect to this server:
	http://192.168.29.147:4723/
	http://127.0.0.1:4723/ (only accessible from the same host)
&amp#27;[38;5;112m[Appium]&amp#27;[0m Available drivers:
&amp#27;[38;5;112m[Appium]&amp#27;[0m   - uiautomator2@3.7.4 (automationName 'UiAutomator2')
&amp#27;[38;5;112m[Appium]&amp#27;[0m No plugins have been installed. Use the "appium plugin" command to install the one(s) you want to use.
&amp#27;[38;5;86m[HTTP]&amp#27;[0m &amp#27;[37m-->&amp#27;[39m &amp#27;[37mGET&amp#27;[39m &amp#27;[37m/status&amp#27;[39m &amp#27;[90m{}&amp#27;[39m
&amp#27;[38;5;57m[AppiumDriver@d317]&amp#27;[0m Calling AppiumDriver.getStatus() with args: []
&amp#27;[38;5;57m[AppiumDriver@d317]&amp#27;[0m Responding to client with driver.getStatus() result: {"ready":true,"message":"The server is ready to accept new connections","build":{"version":"2.11.2"}}
&amp#27;[38;5;86m[HTTP]&amp#27;[0m &amp#27;[37m<-- GET /status &amp#27;[39m&amp#27;[32m200&amp#27;[39m &amp#27;[90m18 ms - 111&amp#27;[39m &amp#27;[90m&amp#27;[39m
&amp#27;[38;5;86m[HTTP]&amp#27;[0m Request idempotency key: 110a7b73-984c-4656-80cf-b6aa9bac7c77
&amp#27;[38;5;86m[HTTP]&amp#27;[0m &amp#27;[37m-->&amp#27;[39m &amp#27;[37mPOST&amp#27;[39m &amp#27;[37m/session&amp#27;[39m &amp#27;[90m{"capabilities":{"firstMatch":[{"appium:deviceName":"Lucky","platformName":"ANDROID","appium:automationName":"UIAutomator2","appium:app":"C:\\Users\\HOME\\OneDrive\\Desktop\\Appium\\AppiumFrameWorkDesign\\src\\main\\java\\Pranavraj\\AppiumFrameWorkDesign\\resources\\General-Store.apk"}]}}&amp#27;[39m
&amp#27;[38;5;57m[AppiumDriver@d317]&amp#27;[0m Calling AppiumDriver.createSession() with args: [null,null,{"firstMatch":[{"appium:deviceName":"Lucky","platformName":"ANDROID","appium:automationName":"UIAutomator2","appium:app":"C:\\Users\\HOME\\OneDrive\\Desktop\\Appium\\AppiumFrameWorkDesign\\src\\main\\java\\Pranavraj\\AppiumFrameWorkDesign\\resources\\General-Store.apk"}]}]
&amp#27;[38;5;57m[AppiumDriver@d317]&amp#27;[0m Event 'newSessionRequested' logged at 1722938555111 (15:32:35 GMT+0530 (India Standard Time))
&amp#27;[38;5;112m[Appium]&amp#27;[0m Attempting to find matching driver for automationName 'UIAutomator2' and platformName 'ANDROID'
&amp#27;[38;5;112m[Appium]&amp#27;[0m The 'uiautomator2' driver was installed and matched caps.
&amp#27;[38;5;112m[Appium]&amp#27;[0m Will require it at C:\Users\HOME\.appium\node_modules\appium-uiautomator2-driver
&amp#27;[38;5;112m[Appium]&amp#27;[0m Requiring driver at C:\Users\HOME\.appium\node_modules\appium-uiautomator2-driver\build\index.js
&amp#27;[38;5;57m[AppiumDriver@d317]&amp#27;[0m Appium v2.11.2 creating new AndroidUiautomator2Driver (v3.7.4) session
&amp#27;[38;5;57m[AppiumDriver@d317]&amp#27;[0m Checking BaseDriver versions for Appium and AndroidUiautomator2Driver
&amp#27;[38;5;57m[AppiumDriver@d317]&amp#27;[0m Appium's BaseDriver version is 9.11.2
&amp#27;[38;5;57m[AppiumDriver@d317]&amp#27;[0m AndroidUiautomator2Driver's BaseDriver version is 9.11.2
&amp#27;[38;5;-74m[AndroidUiautomator2Driver@5cef]&amp#27;[0m undefined
&amp#27;[38;5;-74m[AndroidUiautomator2Driver@5cef]&amp#27;[0m Creating session with W3C capabilities: {
  "alwaysMatch": {
    "platformName": "ANDROID",
    "appium:deviceName": "Lucky",
    "appium:automationName": "UIAutomator2",
    "appium:app": "C:\\Users\\HOME\\OneDrive\\Desktop\\Appium\\AppiumFrameWorkDesign\\src\\main\\java\\Pranavraj\\AppiumFrameWorkDesign\\resources\\General-Store.apk"
  },
  "firstMatch": [
    {}
  ]
}
&amp#27;[38;5;60m[b494a1e0]&amp#27;[0m&amp#27;[38;5;-74m[AndroidUiautomator2Driver@5cef]&amp#27;[0m Session created with session id: b494a1e0-e177-42c5-a90f-211f0ed7ee79
&amp#27;[38;5;60m[b494a1e0]&amp#27;[0m&amp#27;[38;5;229m[ADB]&amp#27;[0m Found 2 'build-tools' folders under 'C:\Users\HOME\AppData\Local\Android\Sdk' (newest first):
&amp#27;[38;5;60m[b494a1e0]&amp#27;[0m&amp#27;[38;5;229m[ADB]&amp#27;[0m     C:\Users\HOME\AppData\Local\Android\Sdk\build-tools\35.0.0
&amp#27;[38;5;60m[b494a1e0]&amp#27;[0m&amp#27;[38;5;229m[ADB]&amp#27;[0m     C:\Users\HOME\AppData\Local\Android\Sdk\build-tools\34.0.0
&amp#27;[38;5;60m[b494a1e0]&amp#27;[0m&amp#27;[38;5;229m[ADB]&amp#27;[0m Using 'adb.exe' from 'C:\Users\HOME\AppData\Local\Android\Sdk\platform-tools\adb.exe'
&amp#27;[38;5;60m[b494a1e0]&amp#27;[0m&amp#27;[38;5;229m[ADB]&amp#27;[0m Running 'C:\Users\HOME\AppData\Local\Android\Sdk\platform-tools\adb.exe -P 5037 start-server'
&amp#27;[38;5;60m[b494a1e0]&amp#27;[0m&amp#27;[38;5;-74m[AndroidUiautomator2Driver@5cef]&amp#27;[0m Retrieving device list
&amp#27;[38;5;60m[b494a1e0]&amp#27;[0m&amp#27;[38;5;229m[ADB]&amp#27;[0m Trying to find connected Android devices
&amp#27;[38;5;60m[b494a1e0]&amp#27;[0m&amp#27;[38;5;229m[ADB]&amp#27;[0m Getting connected devices
&amp#27;[38;5;60m[b494a1e0]&amp#27;[0m&amp#27;[38;5;229m[ADB]&amp#27;[0m Connected devices: [{"udid":"emulator-5554","state":"device"}]
&amp#27;[38;5;60m[b494a1e0]&amp#27;[0m&amp#27;[38;5;-74m[AndroidUiautomator2Driver@5cef]&amp#27;[0m Using device: emulator-5554
&amp#27;[38;5;60m[b494a1e0]&amp#27;[0m&amp#27;[38;5;229m[ADB]&amp#27;[0m Using 'adb.exe' from 'C:\Users\HOME\AppData\Local\Android\Sdk\platform-tools\adb.exe'
&amp#27;[38;5;60m[b494a1e0]&amp#27;[0m&amp#27;[38;5;229m[ADB]&amp#27;[0m Running 'C:\Users\HOME\AppData\Local\Android\Sdk\platform-tools\adb.exe -P 5037 start-server'
&amp#27;[38;5;60m[b494a1e0]&amp#27;[0m&amp#27;[38;5;229m[ADB]&amp#27;[0m Setting device id to emulator-5554
&amp#27;[38;5;60m[b494a1e0]&amp#27;[0m&amp#27;[38;5;123m[BaseDriver]&amp#27;[0m Using local app 'C:\Users\HOME\OneDrive\Desktop\Appium\AppiumFrameWorkDesign\src\main\java\Pranavraj\AppiumFrameWorkDesign\resources\General-Store.apk'
&amp#27;[38;5;60m[b494a1e0]&amp#27;[0m&amp#27;[38;5;-74m[AndroidUiautomator2Driver@5cef]&amp#27;[0m Checking whether app is actually present
&amp#27;[38;5;60m[b494a1e0]&amp#27;[0m&amp#27;[38;5;229m[ADB]&amp#27;[0m Running 'C:\Users\HOME\AppData\Local\Android\Sdk\platform-tools\adb.exe -P 5037 -s emulator-5554 shell getprop ro.build.version.sdk'
&amp#27;[38;5;60m[b494a1e0]&amp#27;[0m&amp#27;[38;5;229m[ADB]&amp#27;[0m Current device property 'ro.build.version.sdk': 35
&amp#27;[38;5;60m[b494a1e0]&amp#27;[0m&amp#27;[38;5;229m[ADB]&amp#27;[0m Getting device platform version
&amp#27;[38;5;60m[b494a1e0]&amp#27;[0m&amp#27;[38;5;229m[ADB]&amp#27;[0m Running 'C:\Users\HOME\AppData\Local\Android\Sdk\platform-tools\adb.exe -P 5037 -s emulator-5554 shell getprop ro.build.version.release'
&amp#27;[38;5;60m[b494a1e0]&amp#27;[0m&amp#27;[38;5;229m[ADB]&amp#27;[0m Current device property 'ro.build.version.release': 15
&amp#27;[38;5;60m[b494a1e0]&amp#27;[0m&amp#27;[38;5;229m[ADB]&amp#27;[0m Device API level: 35
&amp#27;[38;5;60m[b494a1e0]&amp#27;[0m&amp#27;[38;5;-74m[AndroidUiautomator2Driver@5cef]&amp#27;[0m Relaxing hidden api policy
&amp#27;[38;5;60m[b494a1e0]&amp#27;[0m&amp#27;[38;5;229m[ADB]&amp#27;[0m Running 'C:\Users\HOME\AppData\Local\Android\Sdk\platform-tools\adb.exe -P 5037 -s emulator-5554 shell 'settings put global hidden_api_policy_pre_p_apps 1;settings put global hidden_api_policy_p_apps 1;settings put global hidden_api_policy 1''
&amp#27;[38;5;60m[b494a1e0]&amp#27;[0m&amp#27;[38;5;-74m[AndroidUiautomator2Driver@5cef]&amp#27;[0m Parsing package and activity from app manifest
&amp#27;[38;5;60m[b494a1e0]&amp#27;[0m&amp#27;[38;5;229m[ADB]&amp#27;[0m Running 'C:\Users\HOME\AppData\Local\Android\Sdk\platform-tools\adb.exe -P 5037 -s emulator-5554 wait-for-device'
&amp#27;[38;5;60m[b494a1e0]&amp#27;[0m&amp#27;[38;5;229m[ADB]&amp#27;[0m Using 'aapt2.exe' from 'C:\Users\HOME\AppData\Local\Android\Sdk\build-tools\35.0.0\aapt2.exe'
&amp#27;[38;5;60m[b494a1e0]&amp#27;[0m&amp#27;[38;5;229m[ADB]&amp#27;[0m Reading package manifest: 'C:\\Users\\HOME\\AppData\\Local\\Android\\Sdk\\build-tools\\35.0.0\\aapt2.exe dump badging C:\\Users\\HOME\\OneDrive\\Desktop\\Appium\\AppiumFrameWorkDesign\\src\\main\\java\\Pranavraj\\AppiumFrameWorkDesign\\resources\\General-Store.apk'
&amp#27;[38;5;60m[b494a1e0]&amp#27;[0m&amp#27;[38;5;229m[ADB]&amp#27;[0m Running 'C:\Users\HOME\AppData\Local\Android\Sdk\platform-tools\adb.exe -P 5037 -s emulator-5554 shell echo ping'
&amp#27;[38;5;60m[b494a1e0]&amp#27;[0m&amp#27;[38;5;229m[ADB]&amp#27;[0m Package name: 'com.androidsample.generalstore'
&amp#27;[38;5;60m[b494a1e0]&amp#27;[0m&amp#27;[38;5;229m[ADB]&amp#27;[0m Main activity name: 'com.androidsample.generalstore.SplashActivity'
&amp#27;[38;5;60m[b494a1e0]&amp#27;[0m&amp#27;[38;5;-74m[AndroidUiautomator2Driver@5cef]&amp#27;[0m Parsed package and activity are: com.androidsample.generalstore/com.androidsample.generalstore.SplashActivity
&amp#27;[38;5;60m[b494a1e0]&amp#27;[0m&amp#27;[38;5;-74m[AndroidUiautomator2Driver@5cef]&amp#27;[0m Pushing settings apk to the device...
&amp#27;[38;5;60m[b494a1e0]&amp#27;[0m&amp#27;[38;5;229m[ADB]&amp#27;[0m Getting package info for 'io.appium.settings'
&amp#27;[38;5;60m[b494a1e0]&amp#27;[0m&amp#27;[38;5;229m[ADB]&amp#27;[0m Running 'C:\Users\HOME\AppData\Local\Android\Sdk\platform-tools\adb.exe -P 5037 -s emulator-5554 shell dumpsys package io.appium.settings'
&amp#27;[38;5;60m[b494a1e0]&amp#27;[0m&amp#27;[38;5;229m[ADB]&amp#27;[0m Reading package manifest: 'C:\\Users\\HOME\\AppData\\Local\\Android\\Sdk\\build-tools\\35.0.0\\aapt2.exe dump badging C:\\Users\\HOME\\.appium\\node_modules\\appium-uiautomator2-driver\\node_modules\\io.appium.settings\\apks\\settings_apk-debug.apk'
&amp#27;[38;5;60m[b494a1e0]&amp#27;[0m&amp#27;[38;5;229m[ADB]&amp#27;[0m The version name of the installed 'io.appium.settings' is greater or equal to the application version name ('5.12.7' >= '5.12.7')
&amp#27;[38;5;60m[b494a1e0]&amp#27;[0m&amp#27;[38;5;229m[ADB]&amp#27;[0m There is no need to install/upgrade 'C:\Users\HOME\.appium\node_modules\appium-uiautomator2-driver\node_modules\io.appium.settings\apks\settings_apk-debug.apk'
&amp#27;[38;5;60m[b494a1e0]&amp#27;[0m&amp#27;[38;5;229m[ADB]&amp#27;[0m Running 'C:\Users\HOME\AppData\Local\Android\Sdk\platform-tools\adb.exe -P 5037 -s emulator-5554 shell dumpsys activity services io.appium.settings'
&amp#27;[38;5;60m[b494a1e0]&amp#27;[0m&amp#27;[38;5;-74m[AndroidUiautomator2Driver@5cef]&amp#27;[0m io.appium.settings is already running. There is no need to reset its permissions.
&amp#27;[38;5;60m[b494a1e0]&amp#27;[0m&amp#27;[38;5;160m[Logcat]&amp#27;[0m Starting logs capture with command: C:\\Users\\HOME\\AppData\\Local\\Android\\Sdk\\platform-tools\\adb.exe -P 5037 -s emulator-5554 logcat -v threadtime
&amp#27;[38;5;60m[b494a1e0]&amp#27;[0m&amp#27;[38;5;-74m[AndroidUiautomator2Driver@5cef]&amp#27;[0m Forwarding UiAutomator2 Server port 6790 to local port 8200
&amp#27;[38;5;60m[b494a1e0]&amp#27;[0m&amp#27;[38;5;229m[ADB]&amp#27;[0m Forwarding system: 8200 to device: 6790
&amp#27;[38;5;60m[b494a1e0]&amp#27;[0m&amp#27;[38;5;229m[ADB]&amp#27;[0m Running 'C:\Users\HOME\AppData\Local\Android\Sdk\platform-tools\adb.exe -P 5037 -s emulator-5554 forward tcp:8200 tcp:6790'
&amp#27;[38;5;60m[b494a1e0]&amp#27;[0m&amp#27;[38;5;229m[ADB]&amp#27;[0m Getting package info for 'io.appium.uiautomator2.server'
&amp#27;[38;5;60m[b494a1e0]&amp#27;[0m&amp#27;[38;5;229m[ADB]&amp#27;[0m Running 'C:\Users\HOME\AppData\Local\Android\Sdk\platform-tools\adb.exe -P 5037 -s emulator-5554 shell dumpsys package io.appium.uiautomator2.server'
&amp#27;[38;5;60m[b494a1e0]&amp#27;[0m&amp#27;[38;5;229m[ADB]&amp#27;[0m Getting install status for io.appium.uiautomator2.server.test
&amp#27;[38;5;60m[b494a1e0]&amp#27;[0m&amp#27;[38;5;229m[ADB]&amp#27;[0m Checking app cert for C:\Users\HOME\OneDrive\Desktop\Appium\AppiumFrameWorkDesign\src\main\java\Pranavraj\AppiumFrameWorkDesign\resources\General-Store.apk
&amp#27;[38;5;60m[b494a1e0]&amp#27;[0m&amp#27;[38;5;229m[ADB]&amp#27;[0m Running 'C:\Users\HOME\AppData\Local\Android\Sdk\platform-tools\adb.exe -P 5037 -s emulator-5554 shell cmd package list packages'
&amp#27;[38;5;60m[b494a1e0]&amp#27;[0m&amp#27;[38;5;229m[ADB]&amp#27;[0m Using 'apksigner.jar' from 'C:\Users\HOME\AppData\Local\Android\Sdk\build-tools\35.0.0\lib\apksigner.jar'
&amp#27;[38;5;60m[b494a1e0]&amp#27;[0m&amp#27;[38;5;229m[ADB]&amp#27;[0m Starting apksigner: 'C:\\Program Files\\Java\\jdk-22\\bin\\java.exe' -Xmx1024M -Xss1m -jar C:\\Users\\HOME\\AppData\\Local\\Android\\Sdk\\build-tools\\35.0.0\\lib\\apksigner.jar verify --print-certs C:\\Users\\HOME\\OneDrive\\Desktop\\Appium\\AppiumFrameWorkDesign\\src\\main\\java\\Pranavraj\\AppiumFrameWorkDesign\\resources\\General-Store.apk
&amp#27;[38;5;60m[b494a1e0]&amp#27;[0m&amp#27;[38;5;229m[ADB]&amp#27;[0m Reading package manifest: 'C:\\Users\\HOME\\AppData\\Local\\Android\\Sdk\\build-tools\\35.0.0\\aapt2.exe dump badging C:\\Users\\HOME\\.appium\\node_modules\\appium-uiautomator2-driver\\node_modules\\appium-uiautomator2-server\\apks\\appium-uiautomator2-server-v7.0.20.apk'
&amp#27;[38;5;60m[b494a1e0]&amp#27;[0m&amp#27;[38;5;229m[ADB]&amp#27;[0m 'io.appium.uiautomator2.server.test' is installed
&amp#27;[38;5;60m[b494a1e0]&amp#27;[0m&amp#27;[38;5;229m[ADB]&amp#27;[0m The version name of the installed 'io.appium.uiautomator2.server' is greater or equal to the application version name ('7.0.20' >= '7.0.20')
&amp#27;[38;5;60m[b494a1e0]&amp#27;[0m&amp#27;[38;5;-74m[AndroidUiautomator2Driver@5cef]&amp#27;[0m Server packages status: [{"installState":"sameVersionInstalled","appPath":"C:\\Users\\HOME\\.appium\\node_modules\\appium-uiautomator2-driver\\node_modules\\appium-uiautomator2-server\\apks\\appium-uiautomator2-server-v7.0.20.apk","appId":"io.appium.uiautomator2.server"},{"installState":"sameVersionInstalled","appPath":"C:\\Users\\HOME\\.appium\\node_modules\\appium-uiautomator2-driver\\node_modules\\appium-uiautomator2-server\\apks\\appium-uiautomator2-server-debug-androidTest.apk","appId":"io.appium.uiautomator2.server.test"}]
&amp#27;[38;5;60m[b494a1e0]&amp#27;[0m&amp#27;[38;5;-74m[AndroidUiautomator2Driver@5cef]&amp#27;[0m Server packages are not going to be (re)installed
&amp#27;[38;5;60m[b494a1e0]&amp#27;[0m&amp#27;[38;5;-74m[AndroidUiautomator2Driver@5cef]&amp#27;[0m Waiting up to 30000ms for services to be available
&amp#27;[38;5;60m[b494a1e0]&amp#27;[0m&amp#27;[38;5;229m[ADB]&amp#27;[0m Running 'C:\Users\HOME\AppData\Local\Android\Sdk\platform-tools\adb.exe -P 5037 -s emulator-5554 shell pm list instrumentation'
&amp#27;[38;5;60m[b494a1e0]&amp#27;[0m&amp#27;[38;5;-74m[AndroidUiautomator2Driver@5cef]&amp#27;[0m Instrumentation target 'io.appium.uiautomator2.server.test/androidx.test.runner.AndroidJUnitRunner' is available
&amp#27;[38;5;60m[b494a1e0]&amp#27;[0m&amp#27;[38;5;229m[ADB]&amp#27;[0m Adding packages ["io.appium.settings","io.appium.uiautomator2.server","io.appium.uiautomator2.server.test"] to Doze whitelist
&amp#27;[38;5;60m[b494a1e0]&amp#27;[0m&amp#27;[38;5;229m[ADB]&amp#27;[0m Got the following command chunks to execute: [["dumpsys","deviceidle","whitelist","+io.appium.settings",";","dumpsys","deviceidle","whitelist","+io.appium.uiautomator2.server",";","dumpsys","deviceidle","whitelist","+io.appium.uiautomator2.server.test",";"]]
&amp#27;[38;5;60m[b494a1e0]&amp#27;[0m&amp#27;[38;5;229m[ADB]&amp#27;[0m Running 'C:\Users\HOME\AppData\Local\Android\Sdk\platform-tools\adb.exe -P 5037 -s emulator-5554 shell dumpsys deviceidle whitelist +io.appium.settings ; dumpsys deviceidle whitelist +io.appium.uiautomator2.server ; dumpsys deviceidle whitelist +io.appium.uiautomator2.server.test ;'
&amp#27;[38;5;60m[b494a1e0]&amp#27;[0m&amp#27;[38;5;229m[ADB]&amp#27;[0m apksigner stdout: Signer #1 certificate DN: EMAILADDRESS=android@android.com, CN=Android, OU=Android, O=Android, L=Mountain View, ST=California, C=US
Signer #1 certificate SHA-256 digest: a40da80a59d170caa950cf15c18c454d47a39b26989d8b640ecd745ba71bf5dc
Signer #1 certificate SHA-1 digest: 61ed377e85d386a8dfee6b864bd85b0bfaa5af81
Signer #1 certificate MD5 digest: e89b158e4bcf988ebd09eb83f5378e87

&amp#27;[38;5;60m[b494a1e0]&amp#27;[0m&amp#27;[38;5;229m[ADB]&amp#27;[0m sha256 hash did match for 'General-Store.apk'
&amp#27;[38;5;60m[b494a1e0]&amp#27;[0m&amp#27;[38;5;229m[ADB]&amp#27;[0m 'C:\Users\HOME\OneDrive\Desktop\Appium\AppiumFrameWorkDesign\src\main\java\Pranavraj\AppiumFrameWorkDesign\resources\General-Store.apk' is signed with the default certificate
&amp#27;[38;5;60m[b494a1e0]&amp#27;[0m&amp#27;[38;5;229m[ADB]&amp#27;[0m Getting package info for 'com.androidsample.generalstore'
&amp#27;[38;5;60m[b494a1e0]&amp#27;[0m&amp#27;[38;5;229m[ADB]&amp#27;[0m Running 'C:\Users\HOME\AppData\Local\Android\Sdk\platform-tools\adb.exe -P 5037 -s emulator-5554 shell dumpsys package com.androidsample.generalstore'
&amp#27;[38;5;60m[b494a1e0]&amp#27;[0m&amp#27;[38;5;229m[ADB]&amp#27;[0m Reading package manifest: 'C:\\Users\\HOME\\AppData\\Local\\Android\\Sdk\\build-tools\\35.0.0\\aapt2.exe dump badging C:\\Users\\HOME\\OneDrive\\Desktop\\Appium\\AppiumFrameWorkDesign\\src\\main\\java\\Pranavraj\\AppiumFrameWorkDesign\\resources\\General-Store.apk'
&amp#27;[38;5;60m[b494a1e0]&amp#27;[0m&amp#27;[38;5;229m[ADB]&amp#27;[0m The version name of the installed 'com.androidsample.generalstore' is greater or equal to the application version name ('1.0.0' >= '1.0.0')
&amp#27;[38;5;60m[b494a1e0]&amp#27;[0m&amp#27;[38;5;229m[ADB]&amp#27;[0m There is no need to install/upgrade 'C:\Users\HOME\OneDrive\Desktop\Appium\AppiumFrameWorkDesign\src\main\java\Pranavraj\AppiumFrameWorkDesign\resources\General-Store.apk'
&amp#27;[38;5;60m[b494a1e0]&amp#27;[0m&amp#27;[38;5;-74m[AndroidUiautomator2Driver@5cef]&amp#27;[0m Performing fast reset on 'com.androidsample.generalstore'
&amp#27;[38;5;60m[b494a1e0]&amp#27;[0m&amp#27;[38;5;229m[ADB]&amp#27;[0m Getting install status for com.androidsample.generalstore
&amp#27;[38;5;60m[b494a1e0]&amp#27;[0m&amp#27;[38;5;229m[ADB]&amp#27;[0m Running 'C:\Users\HOME\AppData\Local\Android\Sdk\platform-tools\adb.exe -P 5037 -s emulator-5554 shell cmd package list packages'
&amp#27;[38;5;60m[b494a1e0]&amp#27;[0m&amp#27;[38;5;229m[ADB]&amp#27;[0m 'com.androidsample.generalstore' is installed
&amp#27;[38;5;60m[b494a1e0]&amp#27;[0m&amp#27;[38;5;229m[ADB]&amp#27;[0m Running 'C:\Users\HOME\AppData\Local\Android\Sdk\platform-tools\adb.exe -P 5037 -s emulator-5554 shell am force-stop com.androidsample.generalstore'
&amp#27;[38;5;60m[b494a1e0]&amp#27;[0m&amp#27;[38;5;229m[ADB]&amp#27;[0m Running 'C:\Users\HOME\AppData\Local\Android\Sdk\platform-tools\adb.exe -P 5037 -s emulator-5554 shell pm clear com.androidsample.generalstore'
&amp#27;[38;5;60m[b494a1e0]&amp#27;[0m&amp#27;[38;5;-74m[AndroidUiautomator2Driver@5cef]&amp#27;[0m Performed fast reset on the installed 'com.androidsample.generalstore' application (stop and clear)
&amp#27;[38;5;60m[b494a1e0]&amp#27;[0m&amp#27;[38;5;-74m[AndroidUiautomator2Driver@5cef]&amp#27;[0m Performing shallow cleanup of automation leftovers
&amp#27;[38;5;60m[b494a1e0]&amp#27;[0m&amp#27;[38;5;-74m[AndroidUiautomator2Driver@5cef]&amp#27;[0m No obsolete sessions have been detected (socket hang up)
&amp#27;[38;5;60m[b494a1e0]&amp#27;[0m&amp#27;[38;5;229m[ADB]&amp#27;[0m Running 'C:\Users\HOME\AppData\Local\Android\Sdk\platform-tools\adb.exe -P 5037 -s emulator-5554 shell am force-stop io.appium.uiautomator2.server'
&amp#27;[38;5;60m[b494a1e0]&amp#27;[0m&amp#27;[38;5;229m[ADB]&amp#27;[0m Running 'C:\Users\HOME\AppData\Local\Android\Sdk\platform-tools\adb.exe -P 5037 -s emulator-5554 shell am force-stop io.appium.uiautomator2.server.test'
&amp#27;[38;5;60m[b494a1e0]&amp#27;[0m&amp#27;[38;5;-74m[AndroidUiautomator2Driver@5cef]&amp#27;[0m Starting UIAutomator2 server 7.0.20
&amp#27;[38;5;60m[b494a1e0]&amp#27;[0m&amp#27;[38;5;-74m[AndroidUiautomator2Driver@5cef]&amp#27;[0m Using UIAutomator2 server from 'C:\Users\HOME\.appium\node_modules\appium-uiautomator2-driver\node_modules\appium-uiautomator2-server\apks\appium-uiautomator2-server-v7.0.20.apk' and test from 'C:\Users\HOME\.appium\node_modules\appium-uiautomator2-driver\node_modules\appium-uiautomator2-server\apks\appium-uiautomator2-server-debug-androidTest.apk'
&amp#27;[38;5;60m[b494a1e0]&amp#27;[0m&amp#27;[38;5;-74m[AndroidUiautomator2Driver@5cef]&amp#27;[0m Waiting up to 30000ms for UiAutomator2 to be online...
&amp#27;[38;5;60m[b494a1e0]&amp#27;[0m&amp#27;[38;5;229m[ADB]&amp#27;[0m Creating ADB subprocess with args: ["-P","5037","-s","emulator-5554","shell","am","instrument","-w","-e","disableAnalytics","true","io.appium.uiautomator2.server.test/androidx.test.runner.AndroidJUnitRunner"]
&amp#27;[38;5;60m[b494a1e0]&amp#27;[0m&amp#27;[38;5;-74m[AndroidUiautomator2Driver@5cef]&amp#27;[0m Matched '/status' to command name 'getStatus'
&amp#27;[38;5;60m[b494a1e0]&amp#27;[0m&amp#27;[38;5;-74m[AndroidUiautomator2Driver@5cef]&amp#27;[0m Proxying [GET /status] to [GET http://127.0.0.1:8200/status] with no body
&amp#27;[38;5;60m[b494a1e0]&amp#27;[0m&amp#27;[38;5;-74m[AndroidUiautomator2Driver@5cef]&amp#27;[0m socket hang up
&amp#27;[38;5;60m[b494a1e0]&amp#27;[0m&amp#27;[38;5;-74m[AndroidUiautomator2Driver@5cef]&amp#27;[0m Matched '/status' to command name 'getStatus'
&amp#27;[38;5;60m[b494a1e0]&amp#27;[0m&amp#27;[38;5;-74m[AndroidUiautomator2Driver@5cef]&amp#27;[0m Proxying [GET /status] to [GET http://127.0.0.1:8200/status] with no body
&amp#27;[38;5;60m[b494a1e0]&amp#27;[0m&amp#27;[38;5;-74m[AndroidUiautomator2Driver@5cef]&amp#27;[0m socket hang up
&amp#27;[38;5;60m[b494a1e0]&amp#27;[0m&amp#27;[38;5;-74m[AndroidUiautomator2Driver@5cef]&amp#27;[0m [Instrumentation] 
&amp#27;[38;5;60m[b494a1e0]&amp#27;[0m&amp#27;[38;5;-74m[AndroidUiautomator2Driver@5cef]&amp#27;[0m Matched '/status' to command name 'getStatus'
&amp#27;[38;5;60m[b494a1e0]&amp#27;[0m&amp#27;[38;5;-74m[AndroidUiautomator2Driver@5cef]&amp#27;[0m Proxying [GET /status] to [GET http://127.0.0.1:8200/status] with no body
&amp#27;[38;5;60m[b494a1e0]&amp#27;[0m&amp#27;[38;5;-74m[AndroidUiautomator2Driver@5cef]&amp#27;[0m socket hang up
&amp#27;[38;5;60m[b494a1e0]&amp#27;[0m&amp#27;[38;5;-74m[AndroidUiautomator2Driver@5cef]&amp#27;[0m Matched '/status' to command name 'getStatus'
&amp#27;[38;5;60m[b494a1e0]&amp#27;[0m&amp#27;[38;5;-74m[AndroidUiautomator2Driver@5cef]&amp#27;[0m Proxying [GET /status] to [GET http://127.0.0.1:8200/status] with no body
&amp#27;[38;5;60m[b494a1e0]&amp#27;[0m&amp#27;[38;5;-74m[AndroidUiautomator2Driver@5cef]&amp#27;[0m Got response with status 200: {"sessionId":"None","value":{"message":"UiAutomator2 Server is ready to accept commands","ready":true}}
&amp#27;[38;5;60m[b494a1e0]&amp#27;[0m&amp#27;[38;5;-74m[AndroidUiautomator2Driver@5cef]&amp#27;[0m The initialization of the instrumentation process took 3305ms
&amp#27;[38;5;60m[b494a1e0]&amp#27;[0m&amp#27;[38;5;-74m[AndroidUiautomator2Driver@5cef]&amp#27;[0m Matched '/session' to command name 'createSession'
&amp#27;[38;5;60m[b494a1e0]&amp#27;[0m&amp#27;[38;5;-74m[AndroidUiautomator2Driver@5cef]&amp#27;[0m Proxying [POST /session] to [POST http://127.0.0.1:8200/session] with body: {"capabilities":{"firstMatch":[{"platformName":"ANDROID","deviceName":"emulator-5554","automationName":"UIAutomator2","app":"C:\\Users\\HOME\\OneDrive\\Desktop\\Appium\\AppiumFrameWorkDesign\\src\\main\\java\\Pranavraj\\AppiumFrameWorkDesign\\resources\\General-Store.apk","platform":"LINUX","webStorageEnabled":false,"takesScreenshot":true,"javascriptEnabled":true,"databaseEnabled":false,"networkConnectionEnabled":true,"locationContextEnabled":false,"warnings":{},"desired":{"platformName":"ANDROID","deviceName":"Lucky","automationName":"UIAutomator2","app":"C:\\Users\\HOME\\OneDrive\\Desktop\\Appium\\AppiumFrameWorkDesign\\src\\main\\java\\Pranavraj\\AppiumFrameWorkDesign\\resources\\General-Store.apk"},"deviceUDID":"emulator-5554","appPackage":"com.androidsample.generalstore"}],"alwaysMatch":{}}}
&amp#27;[38;5;60m[b494a1e0]&amp#27;[0m&amp#27;[38;5;-74m[AndroidUiautomator2Driver@5cef]&amp#27;[0m Got response with status 200: {"sessionId":"2243eb73-c50d-41ce-afe4-fa3e73e12bc8","value":{"capabilities":{"firstMatch":[{"platformName":"ANDROID","deviceName":"emulator-5554","automationName":"UIAutomator2","app":"C:\\Users\\HOME\\OneDrive\\Desktop\\Appium\\AppiumFrameWorkDesign\\src\\main\\java\\Pranavraj\\AppiumFrameWorkDesign\\resources\\General-Store.apk","platform":"LINUX","webStorageEnabled":false,"takesScreenshot":true,"javascriptEnabled":true,"databaseEnabled":false,"networkConnectionEnabled":true,"locationContextEnabled":false,"warnings":{},"desired":{"platformName":"ANDROID","deviceName":"Lucky","automationName":"UIAutomator2","app":"C:\\Users\\HOME\\OneDrive\\Desktop\\Appium\\AppiumFrameWorkDesign\\src\\main\\java\\Pranavraj\\AppiumFrameWorkDesign\\resources\\General-Store.apk"},"deviceUDID":"emulator-5554","appPackage":"com.androidsample.generalstore"}],"alwaysMatch":{}},"sessionId":"2243eb73-c50d-41ce-afe4-fa3e73e12bc8"}}
&amp#27;[38;5;60m[b494a1e0]&amp#27;[0m&amp#27;[38;5;-74m[AndroidUiautomator2Driver@5cef]&amp#27;[0m Determined the downstream protocol as 'W3C'
&amp#27;[38;5;60m[b494a1e0]&amp#27;[0m&amp#27;[38;5;-74m[AndroidUiautomator2Driver@5cef]&amp#27;[0m Proxying [GET /appium/device/pixel_ratio] to [GET http://127.0.0.1:8200/session/2243eb73-c50d-41ce-afe4-fa3e73e12bc8/appium/device/pixel_ratio] with no body
&amp#27;[38;5;60m[b494a1e0]&amp#27;[0m&amp#27;[38;5;-74m[AndroidUiautomator2Driver@5cef]&amp#27;[0m Matched '/appium/device/system_bars' to command name 'getSystemBars'
&amp#27;[38;5;60m[b494a1e0]&amp#27;[0m&amp#27;[38;5;-74m[AndroidUiautomator2Driver@5cef]&amp#27;[0m Proxying [GET /appium/device/system_bars] to [GET http://127.0.0.1:8200/session/2243eb73-c50d-41ce-afe4-fa3e73e12bc8/appium/device/system_bars] with no body
&amp#27;[38;5;60m[b494a1e0]&amp#27;[0m&amp#27;[38;5;-74m[AndroidUiautomator2Driver@5cef]&amp#27;[0m Matched '/window/current/size' to command name 'getWindowSize'
&amp#27;[38;5;60m[b494a1e0]&amp#27;[0m&amp#27;[38;5;-74m[AndroidUiautomator2Driver@5cef]&amp#27;[0m Proxying [GET /window/current/size] to [GET http://127.0.0.1:8200/session/2243eb73-c50d-41ce-afe4-fa3e73e12bc8/window/current/size] with no body
&amp#27;[38;5;60m[b494a1e0]&amp#27;[0m&amp#27;[38;5;-74m[AndroidUiautomator2Driver@5cef]&amp#27;[0m Proxying [GET /appium/device/info] to [GET http://127.0.0.1:8200/session/2243eb73-c50d-41ce-afe4-fa3e73e12bc8/appium/device/info] with no body
&amp#27;[38;5;60m[b494a1e0]&amp#27;[0m&amp#27;[38;5;229m[ADB]&amp#27;[0m Running 'C:\Users\HOME\AppData\Local\Android\Sdk\platform-tools\adb.exe -P 5037 -s emulator-5554 shell dumpsys window'
&amp#27;[38;5;60m[b494a1e0]&amp#27;[0m&amp#27;[38;5;229m[ADB]&amp#27;[0m Running 'C:\Users\HOME\AppData\Local\Android\Sdk\platform-tools\adb.exe -P 5037 -s emulator-5554 shell dumpsys power'
&amp#27;[38;5;60m[b494a1e0]&amp#27;[0m&amp#27;[38;5;-74m[AndroidUiautomator2Driver@5cef]&amp#27;[0m Got response with status 200: {"sessionId":"2243eb73-c50d-41ce-afe4-fa3e73e12bc8","value":2.625}
&amp#27;[38;5;60m[b494a1e0]&amp#27;[0m&amp#27;[38;5;-74m[AndroidUiautomator2Driver@5cef]&amp#27;[0m Got response with status 200: {"sessionId":"2243eb73-c50d-41ce-afe4-fa3e73e12bc8","value":{"height":1920,"width":1080}}
&amp#27;[38;5;60m[b494a1e0]&amp#27;[0m&amp#27;[38;5;-74m[AndroidUiautomator2Driver@5cef]&amp#27;[0m Got response with status 200: {"sessionId":"2243eb73-c50d-41ce-afe4-fa3e73e12bc8","value":{"statusBar":63}}
&amp#27;[38;5;60m[b494a1e0]&amp#27;[0m&amp#27;[38;5;-74m[AndroidUiautomator2Driver@5cef]&amp#27;[0m Got response with status 200: {"sessionId":"2243eb73-c50d-41ce-afe4-fa3e73e12bc8","value":{"androidId":"556a1f68ec3f4798","apiVersion":"35","bluetooth":{"state":"ON"},"brand":"google","carrierName":"T-Mobile","displayDensity":420,"locale":"en_US","manufacturer":"Google","model":"sdk_gphone64_x86_64","networks":[{"capabilities":{"SSID":null,"linkDownBandwidthKbps":30000,"linkUpstreamBandwidthKbps":12000,"networkCapabilities":"NET_CAPABILITY_NOT_METERED,NET_CAPABILITY_INTERNET,NET_CAPABILITY_NOT_RESTRICTED,NET_CAPABILITY_TRUSTED,NET_CAPABILITY_NOT_VPN,NET_CAPABILITY_VALIDATED,NET_CAPABILITY_NOT_ROAMING,NET_CAPABILITY_FOREGROUND,NET_CAPABILITY_NOT_CONGESTED,NET_CAPABILITY_NOT_SUSPENDED","signalStrength":-50,"transportTypes":"TRANSPORT_WIFI"},"detailedState":"CONNECTED","extraInfo":"","isAvailable":true,"isConnected":true,"isFailover":false,"isRoaming":false,"state":"CONNECTED","subtype":-1,"subtypeName":"","type":1,"typeName":"WIFI"},{"capabilities":{"SSID":null,"linkDownBandwidthKbps":4300,"linkUpstreamBandwidthKbps":1800,"networkCapabil...
&amp#27;[38;5;60m[b494a1e0]&amp#27;[0m&amp#27;[38;5;-74m[AndroidUiautomator2Driver@5cef]&amp#27;[0m Screen already unlocked, doing nothing
&amp#27;[38;5;60m[b494a1e0]&amp#27;[0m&amp#27;[38;5;-74m[AndroidUiautomator2Driver@5cef]&amp#27;[0m Starting 'com.androidsample.generalstore/com.androidsample.generalstore.SplashActivity and waiting for 'com.androidsample.generalstore/com.androidsample.generalstore.SplashActivity'
&amp#27;[38;5;60m[b494a1e0]&amp#27;[0m&amp#27;[38;5;229m[ADB]&amp#27;[0m Running 'C:\Users\HOME\AppData\Local\Android\Sdk\platform-tools\adb.exe -P 5037 -s emulator-5554 shell am start -W -n com.androidsample.generalstore/com.androidsample.generalstore.SplashActivity -S -a android.intent.action.MAIN -c android.intent.category.LAUNCHER -f 0x10200000'
&amp#27;[38;5;60m[b494a1e0]&amp#27;[0m&amp#27;[38;5;229m[ADB]&amp#27;[0m Waiting up to 20000ms for activity matching pkg: 'com.androidsample.generalstore' and activity: 'com.androidsample.generalstore.SplashActivity' to be focused
&amp#27;[38;5;60m[b494a1e0]&amp#27;[0m&amp#27;[38;5;229m[ADB]&amp#27;[0m Possible activities, to be checked: 'com.androidsample.generalstore.SplashActivity', 'com.androidsample.generalstore.com.androidsample.generalstore.SplashActivity'
&amp#27;[38;5;60m[b494a1e0]&amp#27;[0m&amp#27;[38;5;229m[ADB]&amp#27;[0m Getting focused package and activity
&amp#27;[38;5;60m[b494a1e0]&amp#27;[0m&amp#27;[38;5;229m[ADB]&amp#27;[0m Running 'C:\Users\HOME\AppData\Local\Android\Sdk\platform-tools\adb.exe -P 5037 -s emulator-5554 shell dumpsys window displays'
&amp#27;[38;5;60m[b494a1e0]&amp#27;[0m&amp#27;[38;5;229m[ADB]&amp#27;[0m Found package: 'com.androidsample.generalstore' and fully qualified activity name : 'com.androidsample.generalstore.SplashActivity'
&amp#27;[38;5;60m[b494a1e0]&amp#27;[0m&amp#27;[38;5;57m[AppiumDriver@d317]&amp#27;[0m New AndroidUiautomator2Driver session created successfully, session b494a1e0-e177-42c5-a90f-211f0ed7ee79 added to master session list
&amp#27;[38;5;60m[b494a1e0]&amp#27;[0m&amp#27;[38;5;57m[AppiumDriver@d317]&amp#27;[0m Event 'newSessionStarted' logged at 1722938563179 (15:32:43 GMT+0530 (India Standard Time))
&amp#27;[38;5;60m[b494a1e0]&amp#27;[0m&amp#27;[38;5;-74m[AndroidUiautomator2Driver@5cef]&amp#27;[0m Cached the protocol value 'W3C' for the new session b494a1e0-e177-42c5-a90f-211f0ed7ee79
&amp#27;[38;5;60m[b494a1e0]&amp#27;[0m&amp#27;[38;5;-74m[AndroidUiautomator2Driver@5cef]&amp#27;[0m Responding to client with driver.createSession() result: {"capabilities":{"platformName":"ANDROID","deviceName":"emulator-5554","automationName":"UIAutomator2","app":"C:\\Users\\HOME\\OneDrive\\Desktop\\Appium\\AppiumFrameWorkDesign\\src\\main\\java\\Pranavraj\\AppiumFrameWorkDesign\\resources\\General-Store.apk","platform":"LINUX","webStorageEnabled":false,"takesScreenshot":true,"javascriptEnabled":true,"databaseEnabled":false,"networkConnectionEnabled":true,"locationContextEnabled":false,"warnings":{},"desired":{"platformName":"ANDROID","deviceName":"Lucky","automationName":"UIAutomator2","app":"C:\\Users\\HOME\\OneDrive\\Desktop\\Appium\\AppiumFrameWorkDesign\\src\\main\\java\\Pranavraj\\AppiumFrameWorkDesign\\resources\\General-Store.apk"},"deviceUDID":"emulator-5554","appPackage":"com.androidsample.generalstore","pixelRatio":"2.625","statBarHeight":63,"viewportRect":{"left":0,"top":63,"width":1080,"height":1857},"deviceApiLevel":35,"platformVersion":"15","deviceManufacturer":"Google","deviceModel":"sdk_gphone64_x86_64","deviceScreenSize":"1080x1920","device...
&amp#27;[38;5;60m[b494a1e0]&amp#27;[0m&amp#27;[38;5;86m[HTTP]&amp#27;[0m &amp#27;[37m<-- POST /session &amp#27;[39m&amp#27;[32m200&amp#27;[39m &amp#27;[90m8073 ms - 1102&amp#27;[39m &amp#27;[90m&amp#27;[39m
&amp#27;[38;5;60m[b494a1e0]&amp#27;[0m&amp#27;[38;5;86m[HTTP]&amp#27;[0m &amp#27;[37m-->&amp#27;[39m &amp#27;[37mPOST&amp#27;[39m &amp#27;[37m/session/b494a1e0-e177-42c5-a90f-211f0ed7ee79/timeouts&amp#27;[39m &amp#27;[90m{"implicit":15000}&amp#27;[39m
&amp#27;[38;5;60m[b494a1e0]&amp#27;[0m&amp#27;[38;5;-74m[AndroidUiautomator2Driver@5cef]&amp#27;[0m Calling AppiumDriver.timeouts() with args: [null,null,null,null,15000,"b494a1e0-e177-42c5-a90f-211f0ed7ee79"]
&amp#27;[38;5;60m[b494a1e0]&amp#27;[0m&amp#27;[38;5;-74m[AndroidUiautomator2Driver@5cef]&amp#27;[0m W3C timeout argument: {"implicit":15000}}
&amp#27;[38;5;60m[b494a1e0]&amp#27;[0m&amp#27;[38;5;-74m[AndroidUiautomator2Driver@5cef]&amp#27;[0m Set implicit wait to 15000ms
&amp#27;[38;5;60m[b494a1e0]&amp#27;[0m&amp#27;[38;5;-74m[AndroidUiautomator2Driver@5cef]&amp#27;[0m Responding to client with driver.timeouts() result: null
&amp#27;[38;5;60m[b494a1e0]&amp#27;[0m&amp#27;[38;5;86m[HTTP]&amp#27;[0m &amp#27;[37m<-- POST /session/b494a1e0-e177-42c5-a90f-211f0ed7ee79/timeouts &amp#27;[39m&amp#27;[32m200&amp#27;[39m &amp#27;[90m6 ms - 14&amp#27;[39m &amp#27;[90m&amp#27;[39m
&amp#27;[38;5;60m[b494a1e0]&amp#27;[0m&amp#27;[38;5;86m[HTTP]&amp#27;[0m &amp#27;[37m-->&amp#27;[39m &amp#27;[37mPOST&amp#27;[39m &amp#27;[37m/session/b494a1e0-e177-42c5-a90f-211f0ed7ee79/execute/sync&amp#27;[39m &amp#27;[90m{"script":"mobile: startActivity","args":[{"intent":"com.androidsample.generalstore/com.androidsample.generalstore.SplashActivity"}]}&amp#27;[39m
&amp#27;[38;5;60m[b494a1e0]&amp#27;[0m&amp#27;[38;5;-74m[AndroidUiautomator2Driver@5cef]&amp#27;[0m Calling AppiumDriver.execute() with args: ["mobile: startActivity",[{"intent":"com.androidsample.generalstore/com.androidsample.generalstore.SplashActivity"}],"b494a1e0-e177-42c5-a90f-211f0ed7ee79"]
&amp#27;[38;5;60m[b494a1e0]&amp#27;[0m&amp#27;[38;5;-74m[AndroidUiautomator2Driver@5cef]&amp#27;[0m Executing native command 'mobile: startActivity'
&amp#27;[38;5;60m[b494a1e0]&amp#27;[0m&amp#27;[38;5;229m[ADB]&amp#27;[0m Running 'C:\Users\HOME\AppData\Local\Android\Sdk\platform-tools\adb.exe -P 5037 -s emulator-5554 shell am start-activity com.androidsample.generalstore/com.androidsample.generalstore.SplashActivity'
&amp#27;[38;5;60m[b494a1e0]&amp#27;[0m&amp#27;[38;5;-74m[AndroidUiautomator2Driver@5cef]&amp#27;[0m Responding to client with driver.execute() result: "Starting: Intent { act=android.intent.action.MAIN cat=[android.intent.category.LAUNCHER] cmp=com.androidsample.generalstore/.SplashActivity }"
&amp#27;[38;5;60m[b494a1e0]&amp#27;[0m&amp#27;[38;5;86m[HTTP]&amp#27;[0m &amp#27;[37m<-- POST /session/b494a1e0-e177-42c5-a90f-211f0ed7ee79/execute/sync &amp#27;[39m&amp#27;[32m200&amp#27;[39m &amp#27;[90m147 ms - 153&amp#27;[39m &amp#27;[90m&amp#27;[39m
&amp#27;[38;5;60m[b494a1e0]&amp#27;[0m&amp#27;[38;5;86m[HTTP]&amp#27;[0m &amp#27;[37m-->&amp#27;[39m &amp#27;[37mPOST&amp#27;[39m &amp#27;[37m/session/b494a1e0-e177-42c5-a90f-211f0ed7ee79/execute/sync&amp#27;[39m &amp#27;[90m{"script":"mobile: hideKeyboard","args":[]}&amp#27;[39m
&amp#27;[38;5;60m[b494a1e0]&amp#27;[0m&amp#27;[38;5;-74m[AndroidUiautomator2Driver@5cef]&amp#27;[0m Calling AppiumDriver.execute() with args: ["mobile: hideKeyboard",[],"b494a1e0-e177-42c5-a90f-211f0ed7ee79"]
&amp#27;[38;5;60m[b494a1e0]&amp#27;[0m&amp#27;[38;5;-74m[AndroidUiautomator2Driver@5cef]&amp#27;[0m Executing native command 'mobile: hideKeyboard'
&amp#27;[38;5;60m[b494a1e0]&amp#27;[0m&amp#27;[38;5;229m[ADB]&amp#27;[0m Running 'C:\Users\HOME\AppData\Local\Android\Sdk\platform-tools\adb.exe -P 5037 -s emulator-5554 shell dumpsys input_method'
&amp#27;[38;5;60m[b494a1e0]&amp#27;[0m&amp#27;[38;5;229m[ADB]&amp#27;[0m Keyboard has no UI; no closing necessary
&amp#27;[38;5;60m[b494a1e0]&amp#27;[0m&amp#27;[38;5;-74m[AndroidUiautomator2Driver@5cef]&amp#27;[0m Responding to client with driver.execute() result: false
&amp#27;[38;5;60m[b494a1e0]&amp#27;[0m&amp#27;[38;5;86m[HTTP]&amp#27;[0m &amp#27;[37m<-- POST /session/b494a1e0-e177-42c5-a90f-211f0ed7ee79/execute/sync &amp#27;[39m&amp#27;[32m200&amp#27;[39m &amp#27;[90m513 ms - 15&amp#27;[39m &amp#27;[90m&amp#27;[39m
&amp#27;[38;5;60m[b494a1e0]&amp#27;[0m&amp#27;[38;5;86m[HTTP]&amp#27;[0m &amp#27;[37m-->&amp#27;[39m &amp#27;[37mPOST&amp#27;[39m &amp#27;[37m/session/b494a1e0-e177-42c5-a90f-211f0ed7ee79/element&amp#27;[39m &amp#27;[90m{"value":"com.androidsample.generalstore:id/radioFemale","using":"id"}&amp#27;[39m
&amp#27;[38;5;60m[b494a1e0]&amp#27;[0m&amp#27;[38;5;-74m[AndroidUiautomator2Driver@5cef]&amp#27;[0m Calling AppiumDriver.findElement() with args: ["id","com.androidsample.generalstore:id/radioFemale","b494a1e0-e177-42c5-a90f-211f0ed7ee79"]
&amp#27;[38;5;60m[b494a1e0]&amp#27;[0m&amp#27;[38;5;-74m[AndroidUiautomator2Driver@5cef]&amp#27;[0m Valid locator strategies for this request: xpath, id, class name, accessibility id, css selector, -android uiautomator
&amp#27;[38;5;60m[b494a1e0]&amp#27;[0m&amp#27;[38;5;-74m[AndroidUiautomator2Driver@5cef]&amp#27;[0m Waiting up to 15000 ms for condition
&amp#27;[38;5;60m[b494a1e0]&amp#27;[0m&amp#27;[38;5;-74m[AndroidUiautomator2Driver@5cef]&amp#27;[0m Matched '/element' to command name 'findElement'
&amp#27;[38;5;60m[b494a1e0]&amp#27;[0m&amp#27;[38;5;-74m[AndroidUiautomator2Driver@5cef]&amp#27;[0m Proxying [POST /element] to [POST http://127.0.0.1:8200/session/2243eb73-c50d-41ce-afe4-fa3e73e12bc8/element] with body: {"strategy":"id","selector":"com.androidsample.generalstore:id/radioFemale","context":"","multiple":false}
&amp#27;[38;5;60m[b494a1e0]&amp#27;[0m&amp#27;[38;5;-74m[AndroidUiautomator2Driver@5cef]&amp#27;[0m Got response with status 404: {"sessionId":"2243eb73-c50d-41ce-afe4-fa3e73e12bc8","value":{"error":"no such element","message":"An element could not be located on the page using the given search parameters","stacktrace":"io.appium.uiautomator2.common.exceptions.ElementNotFoundException: An element could not be located on the page using the given search parameters\n\tat io.appium.uiautomator2.handler.FindElement.safeHandle(FindElement.java:63)\n\tat io.appium.uiautomator2.handler.request.SafeRequestHandler.handle(SafeRequestHandler.java:59)\n\tat io.appium.uiautomator2.server.AppiumServlet.handleRequest(AppiumServlet.java:259)\n\tat io.appium.uiautomator2.server.AppiumServlet.handleHttpRequest(AppiumServlet.java:253)\n\tat io.appium.uiautomator2.http.ServerHandler.channelRead(ServerHandler.java:77)\n\tat io.netty.channel.AbstractChannelHandlerContext.invokeChannelRead(AbstractChannelHandlerContext.java:366)\n\tat io.netty.channel.AbstractChannelHandlerContext.invokeChannelRead(AbstractChannelHandlerContext.java:352)\n\tat io.netty.chann...
&amp#27;[38;5;60m[b494a1e0]&amp#27;[0m&amp#27;[38;5;123m[W3C]&amp#27;[0m Matched W3C error code 'no such element' to NoSuchElementError
&amp#27;[38;5;60m[b494a1e0]&amp#27;[0m&amp#27;[38;5;-74m[AndroidUiautomator2Driver@5cef]&amp#27;[0m Waited for 49 ms so far
&amp#27;[38;5;60m[b494a1e0]&amp#27;[0m&amp#27;[38;5;-74m[AndroidUiautomator2Driver@5cef]&amp#27;[0m Matched '/element' to command name 'findElement'
&amp#27;[38;5;60m[b494a1e0]&amp#27;[0m&amp#27;[38;5;-74m[AndroidUiautomator2Driver@5cef]&amp#27;[0m Proxying [POST /element] to [POST http://127.0.0.1:8200/session/2243eb73-c50d-41ce-afe4-fa3e73e12bc8/element] with body: {"strategy":"id","selector":"com.androidsample.generalstore:id/radioFemale","context":"","multiple":false}
&amp#27;[38;5;60m[b494a1e0]&amp#27;[0m&amp#27;[38;5;-74m[AndroidUiautomator2Driver@5cef]&amp#27;[0m Got response with status 404: {"sessionId":"2243eb73-c50d-41ce-afe4-fa3e73e12bc8","value":{"error":"no such element","message":"An element could not be located on the page using the given search parameters","stacktrace":"io.appium.uiautomator2.common.exceptions.ElementNotFoundException: An element could not be located on the page using the given search parameters\n\tat io.appium.uiautomator2.handler.FindElement.safeHandle(FindElement.java:63)\n\tat io.appium.uiautomator2.handler.request.SafeRequestHandler.handle(SafeRequestHandler.java:59)\n\tat io.appium.uiautomator2.server.AppiumServlet.handleRequest(AppiumServlet.java:259)\n\tat io.appium.uiautomator2.server.AppiumServlet.handleHttpRequest(AppiumServlet.java:253)\n\tat io.appium.uiautomator2.http.ServerHandler.channelRead(ServerHandler.java:77)\n\tat io.netty.channel.AbstractChannelHandlerContext.invokeChannelRead(AbstractChannelHandlerContext.java:366)\n\tat io.netty.channel.AbstractChannelHandlerContext.invokeChannelRead(AbstractChannelHandlerContext.java:352)\n\tat io.netty.chann...
&amp#27;[38;5;60m[b494a1e0]&amp#27;[0m&amp#27;[38;5;123m[W3C]&amp#27;[0m Matched W3C error code 'no such element' to NoSuchElementError
&amp#27;[38;5;60m[b494a1e0]&amp#27;[0m&amp#27;[38;5;-74m[AndroidUiautomator2Driver@5cef]&amp#27;[0m Waited for 579 ms so far
&amp#27;[38;5;60m[b494a1e0]&amp#27;[0m&amp#27;[38;5;-74m[AndroidUiautomator2Driver@5cef]&amp#27;[0m Matched '/element' to command name 'findElement'
&amp#27;[38;5;60m[b494a1e0]&amp#27;[0m&amp#27;[38;5;-74m[AndroidUiautomator2Driver@5cef]&amp#27;[0m Proxying [POST /element] to [POST http://127.0.0.1:8200/session/2243eb73-c50d-41ce-afe4-fa3e73e12bc8/element] with body: {"strategy":"id","selector":"com.androidsample.generalstore:id/radioFemale","context":"","multiple":false}
&amp#27;[38;5;60m[b494a1e0]&amp#27;[0m&amp#27;[38;5;-74m[AndroidUiautomator2Driver@5cef]&amp#27;[0m Got response with status 404: {"sessionId":"2243eb73-c50d-41ce-afe4-fa3e73e12bc8","value":{"error":"no such element","message":"An element could not be located on the page using the given search parameters","stacktrace":"io.appium.uiautomator2.common.exceptions.ElementNotFoundException: An element could not be located on the page using the given search parameters\n\tat io.appium.uiautomator2.handler.FindElement.safeHandle(FindElement.java:63)\n\tat io.appium.uiautomator2.handler.request.SafeRequestHandler.handle(SafeRequestHandler.java:59)\n\tat io.appium.uiautomator2.server.AppiumServlet.handleRequest(AppiumServlet.java:259)\n\tat io.appium.uiautomator2.server.AppiumServlet.handleHttpRequest(AppiumServlet.java:253)\n\tat io.appium.uiautomator2.http.ServerHandler.channelRead(ServerHandler.java:77)\n\tat io.netty.channel.AbstractChannelHandlerContext.invokeChannelRead(AbstractChannelHandlerContext.java:366)\n\tat io.netty.channel.AbstractChannelHandlerContext.invokeChannelRead(AbstractChannelHandlerContext.java:352)\n\tat io.netty.chann...
&amp#27;[38;5;60m[b494a1e0]&amp#27;[0m&amp#27;[38;5;123m[W3C]&amp#27;[0m Matched W3C error code 'no such element' to NoSuchElementError
&amp#27;[38;5;60m[b494a1e0]&amp#27;[0m&amp#27;[38;5;-74m[AndroidUiautomator2Driver@5cef]&amp#27;[0m Waited for 1109 ms so far
&amp#27;[38;5;60m[b494a1e0]&amp#27;[0m&amp#27;[38;5;-74m[AndroidUiautomator2Driver@5cef]&amp#27;[0m Matched '/element' to command name 'findElement'
&amp#27;[38;5;60m[b494a1e0]&amp#27;[0m&amp#27;[38;5;-74m[AndroidUiautomator2Driver@5cef]&amp#27;[0m Proxying [POST /element] to [POST http://127.0.0.1:8200/session/2243eb73-c50d-41ce-afe4-fa3e73e12bc8/element] with body: {"strategy":"id","selector":"com.androidsample.generalstore:id/radioFemale","context":"","multiple":false}
&amp#27;[38;5;60m[b494a1e0]&amp#27;[0m&amp#27;[38;5;-74m[AndroidUiautomator2Driver@5cef]&amp#27;[0m Got response with status 404: {"sessionId":"2243eb73-c50d-41ce-afe4-fa3e73e12bc8","value":{"error":"no such element","message":"An element could not be located on the page using the given search parameters","stacktrace":"io.appium.uiautomator2.common.exceptions.ElementNotFoundException: An element could not be located on the page using the given search parameters\n\tat io.appium.uiautomator2.handler.FindElement.safeHandle(FindElement.java:63)\n\tat io.appium.uiautomator2.handler.request.SafeRequestHandler.handle(SafeRequestHandler.java:59)\n\tat io.appium.uiautomator2.server.AppiumServlet.handleRequest(AppiumServlet.java:259)\n\tat io.appium.uiautomator2.server.AppiumServlet.handleHttpRequest(AppiumServlet.java:253)\n\tat io.appium.uiautomator2.http.ServerHandler.channelRead(ServerHandler.java:77)\n\tat io.netty.channel.AbstractChannelHandlerContext.invokeChannelRead(AbstractChannelHandlerContext.java:366)\n\tat io.netty.channel.AbstractChannelHandlerContext.invokeChannelRead(AbstractChannelHandlerContext.java:352)\n\tat io.netty.chann...
&amp#27;[38;5;60m[b494a1e0]&amp#27;[0m&amp#27;[38;5;123m[W3C]&amp#27;[0m Matched W3C error code 'no such element' to NoSuchElementError
&amp#27;[38;5;60m[b494a1e0]&amp#27;[0m&amp#27;[38;5;-74m[AndroidUiautomator2Driver@5cef]&amp#27;[0m Waited for 1647 ms so far
&amp#27;[38;5;60m[b494a1e0]&amp#27;[0m&amp#27;[38;5;-74m[AndroidUiautomator2Driver@5cef]&amp#27;[0m Matched '/element' to command name 'findElement'
&amp#27;[38;5;60m[b494a1e0]&amp#27;[0m&amp#27;[38;5;-74m[AndroidUiautomator2Driver@5cef]&amp#27;[0m Proxying [POST /element] to [POST http://127.0.0.1:8200/session/2243eb73-c50d-41ce-afe4-fa3e73e12bc8/element] with body: {"strategy":"id","selector":"com.androidsample.generalstore:id/radioFemale","context":"","multiple":false}
&amp#27;[38;5;60m[b494a1e0]&amp#27;[0m&amp#27;[38;5;-74m[AndroidUiautomator2Driver@5cef]&amp#27;[0m Got response with status 200: {"sessionId":"2243eb73-c50d-41ce-afe4-fa3e73e12bc8","value":{"ELEMENT":"00000000-0000-0142-ffff-ffff00000020","element-6066-11e4-a52e-4f735466cecf":"00000000-0000-0142-ffff-ffff00000020"}}
&amp#27;[38;5;60m[b494a1e0]&amp#27;[0m&amp#27;[38;5;-74m[AndroidUiautomator2Driver@5cef]&amp#27;[0m Responding to client with driver.findElement() result: {"element-6066-11e4-a52e-4f735466cecf":"00000000-0000-0142-ffff-ffff00000020","ELEMENT":"00000000-0000-0142-ffff-ffff00000020"}
&amp#27;[38;5;60m[b494a1e0]&amp#27;[0m&amp#27;[38;5;86m[HTTP]&amp#27;[0m &amp#27;[37m<-- POST /session/b494a1e0-e177-42c5-a90f-211f0ed7ee79/element &amp#27;[39m&amp#27;[32m200&amp#27;[39m &amp#27;[90m3490 ms - 137&amp#27;[39m &amp#27;[90m&amp#27;[39m
&amp#27;[38;5;60m[b494a1e0]&amp#27;[0m&amp#27;[38;5;86m[HTTP]&amp#27;[0m &amp#27;[37m-->&amp#27;[39m &amp#27;[37mPOST&amp#27;[39m &amp#27;[37m/session/b494a1e0-e177-42c5-a90f-211f0ed7ee79/element/00000000-0000-0142-ffff-ffff00000020/click&amp#27;[39m &amp#27;[90m{"id":"00000000-0000-0142-ffff-ffff00000020"}&amp#27;[39m
&amp#27;[38;5;60m[b494a1e0]&amp#27;[0m&amp#27;[38;5;-74m[AndroidUiautomator2Driver@5cef]&amp#27;[0m Calling AppiumDriver.click() with args: ["00000000-0000-0142-ffff-ffff00000020","b494a1e0-e177-42c5-a90f-211f0ed7ee79"]
&amp#27;[38;5;60m[b494a1e0]&amp#27;[0m&amp#27;[38;5;-74m[AndroidUiautomator2Driver@5cef]&amp#27;[0m Matched '/element/00000000-0000-0142-ffff-ffff00000020/click' to command name 'click'
&amp#27;[38;5;60m[b494a1e0]&amp#27;[0m&amp#27;[38;5;-74m[AndroidUiautomator2Driver@5cef]&amp#27;[0m Proxying [POST /element/00000000-0000-0142-ffff-ffff00000020/click] to [POST http://127.0.0.1:8200/session/2243eb73-c50d-41ce-afe4-fa3e73e12bc8/element/00000000-0000-0142-ffff-ffff00000020/click] with body: {"element":"00000000-0000-0142-ffff-ffff00000020"}
&amp#27;[38;5;60m[b494a1e0]&amp#27;[0m&amp#27;[38;5;-74m[AndroidUiautomator2Driver@5cef]&amp#27;[0m Got response with status 200: {"sessionId":"2243eb73-c50d-41ce-afe4-fa3e73e12bc8","value":null}
&amp#27;[38;5;60m[b494a1e0]&amp#27;[0m&amp#27;[38;5;-74m[AndroidUiautomator2Driver@5cef]&amp#27;[0m Responding to client with driver.click() result: null
&amp#27;[38;5;60m[b494a1e0]&amp#27;[0m&amp#27;[38;5;86m[HTTP]&amp#27;[0m &amp#27;[37m<-- POST /session/b494a1e0-e177-42c5-a90f-211f0ed7ee79/element/00000000-0000-0142-ffff-ffff00000020/click &amp#27;[39m&amp#27;[32m200&amp#27;[39m &amp#27;[90m91 ms - 14&amp#27;[39m &amp#27;[90m&amp#27;[39m
&amp#27;[38;5;60m[b494a1e0]&amp#27;[0m&amp#27;[38;5;86m[HTTP]&amp#27;[0m &amp#27;[37m-->&amp#27;[39m &amp#27;[37mPOST&amp#27;[39m &amp#27;[37m/session/b494a1e0-e177-42c5-a90f-211f0ed7ee79/element&amp#27;[39m &amp#27;[90m{"value":"com.androidsample.generalstore:id/spinnerCountry","using":"id"}&amp#27;[39m
&amp#27;[38;5;60m[b494a1e0]&amp#27;[0m&amp#27;[38;5;-74m[AndroidUiautomator2Driver@5cef]&amp#27;[0m Calling AppiumDriver.findElement() with args: ["id","com.androidsample.generalstore:id/spinnerCountry","b494a1e0-e177-42c5-a90f-211f0ed7ee79"]
&amp#27;[38;5;60m[b494a1e0]&amp#27;[0m&amp#27;[38;5;-74m[AndroidUiautomator2Driver@5cef]&amp#27;[0m Valid locator strategies for this request: xpath, id, class name, accessibility id, css selector, -android uiautomator
&amp#27;[38;5;60m[b494a1e0]&amp#27;[0m&amp#27;[38;5;-74m[AndroidUiautomator2Driver@5cef]&amp#27;[0m Waiting up to 15000 ms for condition
&amp#27;[38;5;60m[b494a1e0]&amp#27;[0m&amp#27;[38;5;-74m[AndroidUiautomator2Driver@5cef]&amp#27;[0m Matched '/element' to command name 'findElement'
&amp#27;[38;5;60m[b494a1e0]&amp#27;[0m&amp#27;[38;5;-74m[AndroidUiautomator2Driver@5cef]&amp#27;[0m Proxying [POST /element] to [POST http://127.0.0.1:8200/session/2243eb73-c50d-41ce-afe4-fa3e73e12bc8/element] with body: {"strategy":"id","selector":"com.androidsample.generalstore:id/spinnerCountry","context":"","multiple":false}
&amp#27;[38;5;60m[b494a1e0]&amp#27;[0m&amp#27;[38;5;-74m[AndroidUiautomator2Driver@5cef]&amp#27;[0m Got response with status 200: {"sessionId":"2243eb73-c50d-41ce-afe4-fa3e73e12bc8","value":{"ELEMENT":"00000000-0000-0142-ffff-ffff0000001a","element-6066-11e4-a52e-4f735466cecf":"00000000-0000-0142-ffff-ffff0000001a"}}
&amp#27;[38;5;60m[b494a1e0]&amp#27;[0m&amp#27;[38;5;-74m[AndroidUiautomator2Driver@5cef]&amp#27;[0m Responding to client with driver.findElement() result: {"element-6066-11e4-a52e-4f735466cecf":"00000000-0000-0142-ffff-ffff0000001a","ELEMENT":"00000000-0000-0142-ffff-ffff0000001a"}
&amp#27;[38;5;60m[b494a1e0]&amp#27;[0m&amp#27;[38;5;86m[HTTP]&amp#27;[0m &amp#27;[37m<-- POST /session/b494a1e0-e177-42c5-a90f-211f0ed7ee79/element &amp#27;[39m&amp#27;[32m200&amp#27;[39m &amp#27;[90m613 ms - 137&amp#27;[39m &amp#27;[90m&amp#27;[39m
&amp#27;[38;5;60m[b494a1e0]&amp#27;[0m&amp#27;[38;5;86m[HTTP]&amp#27;[0m &amp#27;[37m-->&amp#27;[39m &amp#27;[37mPOST&amp#27;[39m &amp#27;[37m/session/b494a1e0-e177-42c5-a90f-211f0ed7ee79/element/00000000-0000-0142-ffff-ffff0000001a/click&amp#27;[39m &amp#27;[90m{"id":"00000000-0000-0142-ffff-ffff0000001a"}&amp#27;[39m
&amp#27;[38;5;60m[b494a1e0]&amp#27;[0m&amp#27;[38;5;-74m[AndroidUiautomator2Driver@5cef]&amp#27;[0m Calling AppiumDriver.click() with args: ["00000000-0000-0142-ffff-ffff0000001a","b494a1e0-e177-42c5-a90f-211f0ed7ee79"]
&amp#27;[38;5;60m[b494a1e0]&amp#27;[0m&amp#27;[38;5;-74m[AndroidUiautomator2Driver@5cef]&amp#27;[0m Matched '/element/00000000-0000-0142-ffff-ffff0000001a/click' to command name 'click'
&amp#27;[38;5;60m[b494a1e0]&amp#27;[0m&amp#27;[38;5;-74m[AndroidUiautomator2Driver@5cef]&amp#27;[0m Proxying [POST /element/00000000-0000-0142-ffff-ffff0000001a/click] to [POST http://127.0.0.1:8200/session/2243eb73-c50d-41ce-afe4-fa3e73e12bc8/element/00000000-0000-0142-ffff-ffff0000001a/click] with body: {"element":"00000000-0000-0142-ffff-ffff0000001a"}
&amp#27;[38;5;60m[b494a1e0]&amp#27;[0m&amp#27;[38;5;-74m[AndroidUiautomator2Driver@5cef]&amp#27;[0m Got response with status 200: {"sessionId":"2243eb73-c50d-41ce-afe4-fa3e73e12bc8","value":null}
&amp#27;[38;5;60m[b494a1e0]&amp#27;[0m&amp#27;[38;5;-74m[AndroidUiautomator2Driver@5cef]&amp#27;[0m Responding to client with driver.click() result: null
&amp#27;[38;5;60m[b494a1e0]&amp#27;[0m&amp#27;[38;5;86m[HTTP]&amp#27;[0m &amp#27;[37m<-- POST /session/b494a1e0-e177-42c5-a90f-211f0ed7ee79/element/00000000-0000-0142-ffff-ffff0000001a/click &amp#27;[39m&amp#27;[32m200&amp#27;[39m &amp#27;[90m78 ms - 14&amp#27;[39m &amp#27;[90m&amp#27;[39m
&amp#27;[38;5;60m[b494a1e0]&amp#27;[0m&amp#27;[38;5;86m[HTTP]&amp#27;[0m &amp#27;[37m-->&amp#27;[39m &amp#27;[37mPOST&amp#27;[39m &amp#27;[37m/session/b494a1e0-e177-42c5-a90f-211f0ed7ee79/element&amp#27;[39m &amp#27;[90m{"value":"new UiScrollable(new UiSelector().scrollable(true)).scrollIntoView(new UiSelector().text(\"Austria\"));","using":"-android uiautomator"}&amp#27;[39m
&amp#27;[38;5;60m[b494a1e0]&amp#27;[0m&amp#27;[38;5;-74m[AndroidUiautomator2Driver@5cef]&amp#27;[0m Calling AppiumDriver.findElement() with args: ["-android uiautomator","new UiScrollable(new UiSelector().scrollable(true)).scrollIntoView(new UiSelector().text(\"Austria\"));","b494a1e0-e177-42c5-a90f-211f0ed7ee79"]
&amp#27;[38;5;60m[b494a1e0]&amp#27;[0m&amp#27;[38;5;-74m[AndroidUiautomator2Driver@5cef]&amp#27;[0m Valid locator strategies for this request: xpath, id, class name, accessibility id, css selector, -android uiautomator
&amp#27;[38;5;60m[b494a1e0]&amp#27;[0m&amp#27;[38;5;-74m[AndroidUiautomator2Driver@5cef]&amp#27;[0m Waiting up to 15000 ms for condition
&amp#27;[38;5;60m[b494a1e0]&amp#27;[0m&amp#27;[38;5;-74m[AndroidUiautomator2Driver@5cef]&amp#27;[0m Matched '/element' to command name 'findElement'
&amp#27;[38;5;60m[b494a1e0]&amp#27;[0m&amp#27;[38;5;-74m[AndroidUiautomator2Driver@5cef]&amp#27;[0m Proxying [POST /element] to [POST http://127.0.0.1:8200/session/2243eb73-c50d-41ce-afe4-fa3e73e12bc8/element] with body: {"strategy":"-android uiautomator","selector":"new UiScrollable(new UiSelector().scrollable(true)).scrollIntoView(new UiSelector().text(\"Austria\"));","context":"","multiple":false}
&amp#27;[38;5;60m[b494a1e0]&amp#27;[0m&amp#27;[38;5;-74m[AndroidUiautomator2Driver@5cef]&amp#27;[0m Got response with status 200: {"sessionId":"2243eb73-c50d-41ce-afe4-fa3e73e12bc8","value":{"ELEMENT":"00000000-0000-0143-ffff-ffff0000002d","element-6066-11e4-a52e-4f735466cecf":"00000000-0000-0143-ffff-ffff0000002d"}}
&amp#27;[38;5;60m[b494a1e0]&amp#27;[0m&amp#27;[38;5;-74m[AndroidUiautomator2Driver@5cef]&amp#27;[0m Responding to client with driver.findElement() result: {"element-6066-11e4-a52e-4f735466cecf":"00000000-0000-0143-ffff-ffff0000002d","ELEMENT":"00000000-0000-0143-ffff-ffff0000002d"}
&amp#27;[38;5;60m[b494a1e0]&amp#27;[0m&amp#27;[38;5;86m[HTTP]&amp#27;[0m &amp#27;[37m<-- POST /session/b494a1e0-e177-42c5-a90f-211f0ed7ee79/element &amp#27;[39m&amp#27;[32m200&amp#27;[39m &amp#27;[90m4546 ms - 137&amp#27;[39m &amp#27;[90m&amp#27;[39m
&amp#27;[38;5;60m[b494a1e0]&amp#27;[0m&amp#27;[38;5;86m[HTTP]&amp#27;[0m &amp#27;[37m-->&amp#27;[39m &amp#27;[37mPOST&amp#27;[39m &amp#27;[37m/session/b494a1e0-e177-42c5-a90f-211f0ed7ee79/element&amp#27;[39m &amp#27;[90m{"value":"//android.widget.TextView[@text='Austria']","using":"xpath"}&amp#27;[39m
&amp#27;[38;5;60m[b494a1e0]&amp#27;[0m&amp#27;[38;5;-74m[AndroidUiautomator2Driver@5cef]&amp#27;[0m Calling AppiumDriver.findElement() with args: ["xpath","//android.widget.TextView[@text='Austria']","b494a1e0-e177-42c5-a90f-211f0ed7ee79"]
&amp#27;[38;5;60m[b494a1e0]&amp#27;[0m&amp#27;[38;5;-74m[AndroidUiautomator2Driver@5cef]&amp#27;[0m Valid locator strategies for this request: xpath, id, class name, accessibility id, css selector, -android uiautomator
&amp#27;[38;5;60m[b494a1e0]&amp#27;[0m&amp#27;[38;5;-74m[AndroidUiautomator2Driver@5cef]&amp#27;[0m Waiting up to 15000 ms for condition
&amp#27;[38;5;60m[b494a1e0]&amp#27;[0m&amp#27;[38;5;-74m[AndroidUiautomator2Driver@5cef]&amp#27;[0m Matched '/element' to command name 'findElement'
&amp#27;[38;5;60m[b494a1e0]&amp#27;[0m&amp#27;[38;5;-74m[AndroidUiautomator2Driver@5cef]&amp#27;[0m Proxying [POST /element] to [POST http://127.0.0.1:8200/session/2243eb73-c50d-41ce-afe4-fa3e73e12bc8/element] with body: {"strategy":"xpath","selector":"//android.widget.TextView[@text='Austria']","context":"","multiple":false}
&amp#27;[38;5;60m[b494a1e0]&amp#27;[0m&amp#27;[38;5;-74m[AndroidUiautomator2Driver@5cef]&amp#27;[0m Got response with status 200: {"sessionId":"2243eb73-c50d-41ce-afe4-fa3e73e12bc8","value":{"ELEMENT":"00000000-0000-0143-ffff-ffff0000002d","element-6066-11e4-a52e-4f735466cecf":"00000000-0000-0143-ffff-ffff0000002d"}}
&amp#27;[38;5;60m[b494a1e0]&amp#27;[0m&amp#27;[38;5;-74m[AndroidUiautomator2Driver@5cef]&amp#27;[0m Responding to client with driver.findElement() result: {"element-6066-11e4-a52e-4f735466cecf":"00000000-0000-0143-ffff-ffff0000002d","ELEMENT":"00000000-0000-0143-ffff-ffff0000002d"}
&amp#27;[38;5;60m[b494a1e0]&amp#27;[0m&amp#27;[38;5;86m[HTTP]&amp#27;[0m &amp#27;[37m<-- POST /session/b494a1e0-e177-42c5-a90f-211f0ed7ee79/element &amp#27;[39m&amp#27;[32m200&amp#27;[39m &amp#27;[90m597 ms - 137&amp#27;[39m &amp#27;[90m&amp#27;[39m
&amp#27;[38;5;60m[b494a1e0]&amp#27;[0m&amp#27;[38;5;86m[HTTP]&amp#27;[0m &amp#27;[37m-->&amp#27;[39m &amp#27;[37mPOST&amp#27;[39m &amp#27;[37m/session/b494a1e0-e177-42c5-a90f-211f0ed7ee79/element/00000000-0000-0143-ffff-ffff0000002d/click&amp#27;[39m &amp#27;[90m{"id":"00000000-0000-0143-ffff-ffff0000002d"}&amp#27;[39m
&amp#27;[38;5;60m[b494a1e0]&amp#27;[0m&amp#27;[38;5;-74m[AndroidUiautomator2Driver@5cef]&amp#27;[0m Calling AppiumDriver.click() with args: ["00000000-0000-0143-ffff-ffff0000002d","b494a1e0-e177-42c5-a90f-211f0ed7ee79"]
&amp#27;[38;5;60m[b494a1e0]&amp#27;[0m&amp#27;[38;5;-74m[AndroidUiautomator2Driver@5cef]&amp#27;[0m Matched '/element/00000000-0000-0143-ffff-ffff0000002d/click' to command name 'click'
&amp#27;[38;5;60m[b494a1e0]&amp#27;[0m&amp#27;[38;5;-74m[AndroidUiautomator2Driver@5cef]&amp#27;[0m Proxying [POST /element/00000000-0000-0143-ffff-ffff0000002d/click] to [POST http://127.0.0.1:8200/session/2243eb73-c50d-41ce-afe4-fa3e73e12bc8/element/00000000-0000-0143-ffff-ffff0000002d/click] with body: {"element":"00000000-0000-0143-ffff-ffff0000002d"}
&amp#27;[38;5;60m[b494a1e0]&amp#27;[0m&amp#27;[38;5;-74m[AndroidUiautomator2Driver@5cef]&amp#27;[0m Got response with status 200: {"sessionId":"2243eb73-c50d-41ce-afe4-fa3e73e12bc8","value":null}
&amp#27;[38;5;60m[b494a1e0]&amp#27;[0m&amp#27;[38;5;-74m[AndroidUiautomator2Driver@5cef]&amp#27;[0m Responding to client with driver.click() result: null
&amp#27;[38;5;60m[b494a1e0]&amp#27;[0m&amp#27;[38;5;86m[HTTP]&amp#27;[0m &amp#27;[37m<-- POST /session/b494a1e0-e177-42c5-a90f-211f0ed7ee79/element/00000000-0000-0143-ffff-ffff0000002d/click &amp#27;[39m&amp#27;[32m200&amp#27;[39m &amp#27;[90m746 ms - 14&amp#27;[39m &amp#27;[90m&amp#27;[39m
&amp#27;[38;5;60m[b494a1e0]&amp#27;[0m&amp#27;[38;5;86m[HTTP]&amp#27;[0m &amp#27;[37m-->&amp#27;[39m &amp#27;[37mPOST&amp#27;[39m &amp#27;[37m/session/b494a1e0-e177-42c5-a90f-211f0ed7ee79/element&amp#27;[39m &amp#27;[90m{"value":"com.androidsample.generalstore:id/btnLetsShop","using":"id"}&amp#27;[39m
&amp#27;[38;5;60m[b494a1e0]&amp#27;[0m&amp#27;[38;5;-74m[AndroidUiautomator2Driver@5cef]&amp#27;[0m Calling AppiumDriver.findElement() with args: ["id","com.androidsample.generalstore:id/btnLetsShop","b494a1e0-e177-42c5-a90f-211f0ed7ee79"]
&amp#27;[38;5;60m[b494a1e0]&amp#27;[0m&amp#27;[38;5;-74m[AndroidUiautomator2Driver@5cef]&amp#27;[0m Valid locator strategies for this request: xpath, id, class name, accessibility id, css selector, -android uiautomator
&amp#27;[38;5;60m[b494a1e0]&amp#27;[0m&amp#27;[38;5;-74m[AndroidUiautomator2Driver@5cef]&amp#27;[0m Waiting up to 15000 ms for condition
&amp#27;[38;5;60m[b494a1e0]&amp#27;[0m&amp#27;[38;5;-74m[AndroidUiautomator2Driver@5cef]&amp#27;[0m Matched '/element' to command name 'findElement'
&amp#27;[38;5;60m[b494a1e0]&amp#27;[0m&amp#27;[38;5;-74m[AndroidUiautomator2Driver@5cef]&amp#27;[0m Proxying [POST /element] to [POST http://127.0.0.1:8200/session/2243eb73-c50d-41ce-afe4-fa3e73e12bc8/element] with body: {"strategy":"id","selector":"com.androidsample.generalstore:id/btnLetsShop","context":"","multiple":false}
&amp#27;[38;5;60m[b494a1e0]&amp#27;[0m&amp#27;[38;5;-74m[AndroidUiautomator2Driver@5cef]&amp#27;[0m Got response with status 200: {"sessionId":"2243eb73-c50d-41ce-afe4-fa3e73e12bc8","value":{"ELEMENT":"00000000-0000-0142-ffff-ffff00000021","element-6066-11e4-a52e-4f735466cecf":"00000000-0000-0142-ffff-ffff00000021"}}
&amp#27;[38;5;60m[b494a1e0]&amp#27;[0m&amp#27;[38;5;-74m[AndroidUiautomator2Driver@5cef]&amp#27;[0m Responding to client with driver.findElement() result: {"element-6066-11e4-a52e-4f735466cecf":"00000000-0000-0142-ffff-ffff00000021","ELEMENT":"00000000-0000-0142-ffff-ffff00000021"}
&amp#27;[38;5;60m[b494a1e0]&amp#27;[0m&amp#27;[38;5;86m[HTTP]&amp#27;[0m &amp#27;[37m<-- POST /session/b494a1e0-e177-42c5-a90f-211f0ed7ee79/element &amp#27;[39m&amp#27;[32m200&amp#27;[39m &amp#27;[90m20 ms - 137&amp#27;[39m &amp#27;[90m&amp#27;[39m
&amp#27;[38;5;60m[b494a1e0]&amp#27;[0m&amp#27;[38;5;86m[HTTP]&amp#27;[0m &amp#27;[37m-->&amp#27;[39m &amp#27;[37mPOST&amp#27;[39m &amp#27;[37m/session/b494a1e0-e177-42c5-a90f-211f0ed7ee79/element/00000000-0000-0142-ffff-ffff00000021/click&amp#27;[39m &amp#27;[90m{"id":"00000000-0000-0142-ffff-ffff00000021"}&amp#27;[39m
&amp#27;[38;5;60m[b494a1e0]&amp#27;[0m&amp#27;[38;5;-74m[AndroidUiautomator2Driver@5cef]&amp#27;[0m Calling AppiumDriver.click() with args: ["00000000-0000-0142-ffff-ffff00000021","b494a1e0-e177-42c5-a90f-211f0ed7ee79"]
&amp#27;[38;5;60m[b494a1e0]&amp#27;[0m&amp#27;[38;5;-74m[AndroidUiautomator2Driver@5cef]&amp#27;[0m Matched '/element/00000000-0000-0142-ffff-ffff00000021/click' to command name 'click'
&amp#27;[38;5;60m[b494a1e0]&amp#27;[0m&amp#27;[38;5;-74m[AndroidUiautomator2Driver@5cef]&amp#27;[0m Proxying [POST /element/00000000-0000-0142-ffff-ffff00000021/click] to [POST http://127.0.0.1:8200/session/2243eb73-c50d-41ce-afe4-fa3e73e12bc8/element/00000000-0000-0142-ffff-ffff00000021/click] with body: {"element":"00000000-0000-0142-ffff-ffff00000021"}
&amp#27;[38;5;60m[b494a1e0]&amp#27;[0m&amp#27;[38;5;-74m[AndroidUiautomator2Driver@5cef]&amp#27;[0m Got response with status 200: {"sessionId":"2243eb73-c50d-41ce-afe4-fa3e73e12bc8","value":null}
&amp#27;[38;5;60m[b494a1e0]&amp#27;[0m&amp#27;[38;5;-74m[AndroidUiautomator2Driver@5cef]&amp#27;[0m Responding to client with driver.click() result: null
&amp#27;[38;5;60m[b494a1e0]&amp#27;[0m&amp#27;[38;5;86m[HTTP]&amp#27;[0m &amp#27;[37m<-- POST /session/b494a1e0-e177-42c5-a90f-211f0ed7ee79/element/00000000-0000-0142-ffff-ffff00000021/click &amp#27;[39m&amp#27;[32m200&amp#27;[39m &amp#27;[90m70 ms - 14&amp#27;[39m &amp#27;[90m&amp#27;[39m
&amp#27;[38;5;60m[b494a1e0]&amp#27;[0m&amp#27;[38;5;86m[HTTP]&amp#27;[0m &amp#27;[37m-->&amp#27;[39m &amp#27;[37mPOST&amp#27;[39m &amp#27;[37m/session/b494a1e0-e177-42c5-a90f-211f0ed7ee79/element&amp#27;[39m &amp#27;[90m{"value":"(//android.widget.Toast)[1]","using":"xpath"}&amp#27;[39m
&amp#27;[38;5;60m[b494a1e0]&amp#27;[0m&amp#27;[38;5;-74m[AndroidUiautomator2Driver@5cef]&amp#27;[0m Calling AppiumDriver.findElement() with args: ["xpath","(//android.widget.Toast)[1]","b494a1e0-e177-42c5-a90f-211f0ed7ee79"]
&amp#27;[38;5;60m[b494a1e0]&amp#27;[0m&amp#27;[38;5;-74m[AndroidUiautomator2Driver@5cef]&amp#27;[0m Valid locator strategies for this request: xpath, id, class name, accessibility id, css selector, -android uiautomator
&amp#27;[38;5;60m[b494a1e0]&amp#27;[0m&amp#27;[38;5;-74m[AndroidUiautomator2Driver@5cef]&amp#27;[0m Waiting up to 15000 ms for condition
&amp#27;[38;5;60m[b494a1e0]&amp#27;[0m&amp#27;[38;5;-74m[AndroidUiautomator2Driver@5cef]&amp#27;[0m Matched '/element' to command name 'findElement'
&amp#27;[38;5;60m[b494a1e0]&amp#27;[0m&amp#27;[38;5;-74m[AndroidUiautomator2Driver@5cef]&amp#27;[0m Proxying [POST /element] to [POST http://127.0.0.1:8200/session/2243eb73-c50d-41ce-afe4-fa3e73e12bc8/element] with body: {"strategy":"xpath","selector":"(//android.widget.Toast)[1]","context":"","multiple":false}
&amp#27;[38;5;60m[b494a1e0]&amp#27;[0m&amp#27;[38;5;-74m[AndroidUiautomator2Driver@5cef]&amp#27;[0m Got response with status 404: {"sessionId":"2243eb73-c50d-41ce-afe4-fa3e73e12bc8","value":{"error":"no such element","message":"An element could not be located on the page using the given search parameters","stacktrace":"io.appium.uiautomator2.common.exceptions.ElementNotFoundException: An element could not be located on the page using the given search parameters\n\tat io.appium.uiautomator2.utils.ElementLocationHelpers.findElement(ElementLocationHelpers.java:156)\n\tat io.appium.uiautomator2.handler.FindElement.safeHandle(FindElement.java:60)\n\tat io.appium.uiautomator2.handler.request.SafeRequestHandler.handle(SafeRequestHandler.java:59)\n\tat io.appium.uiautomator2.server.AppiumServlet.handleRequest(AppiumServlet.java:259)\n\tat io.appium.uiautomator2.server.AppiumServlet.handleHttpRequest(AppiumServlet.java:253)\n\tat io.appium.uiautomator2.http.ServerHandler.channelRead(ServerHandler.java:77)\n\tat io.netty.channel.AbstractChannelHandlerContext.invokeChannelRead(AbstractChannelHandlerContext.java:366)\n\tat io.netty.channel.Abstr...
&amp#27;[38;5;60m[b494a1e0]&amp#27;[0m&amp#27;[38;5;123m[W3C]&amp#27;[0m Matched W3C error code 'no such element' to NoSuchElementError
&amp#27;[38;5;60m[b494a1e0]&amp#27;[0m&amp#27;[38;5;-74m[AndroidUiautomator2Driver@5cef]&amp#27;[0m Waited for 107 ms so far
&amp#27;[38;5;60m[b494a1e0]&amp#27;[0m&amp#27;[38;5;-74m[AndroidUiautomator2Driver@5cef]&amp#27;[0m Matched '/element' to command name 'findElement'
&amp#27;[38;5;60m[b494a1e0]&amp#27;[0m&amp#27;[38;5;-74m[AndroidUiautomator2Driver@5cef]&amp#27;[0m Proxying [POST /element] to [POST http://127.0.0.1:8200/session/2243eb73-c50d-41ce-afe4-fa3e73e12bc8/element] with body: {"strategy":"xpath","selector":"(//android.widget.Toast)[1]","context":"","multiple":false}
&amp#27;[38;5;60m[b494a1e0]&amp#27;[0m&amp#27;[38;5;-74m[AndroidUiautomator2Driver@5cef]&amp#27;[0m Got response with status 200: {"sessionId":"2243eb73-c50d-41ce-afe4-fa3e73e12bc8","value":{"ELEMENT":"abc44dee-5a7d-4f54-bcee-67ae8dff8dad","element-6066-11e4-a52e-4f735466cecf":"abc44dee-5a7d-4f54-bcee-67ae8dff8dad"}}
&amp#27;[38;5;60m[b494a1e0]&amp#27;[0m&amp#27;[38;5;-74m[AndroidUiautomator2Driver@5cef]&amp#27;[0m Responding to client with driver.findElement() result: {"element-6066-11e4-a52e-4f735466cecf":"abc44dee-5a7d-4f54-bcee-67ae8dff8dad","ELEMENT":"abc44dee-5a7d-4f54-bcee-67ae8dff8dad"}
&amp#27;[38;5;60m[b494a1e0]&amp#27;[0m&amp#27;[38;5;86m[HTTP]&amp#27;[0m &amp#27;[37m<-- POST /session/b494a1e0-e177-42c5-a90f-211f0ed7ee79/element &amp#27;[39m&amp#27;[32m200&amp#27;[39m &amp#27;[90m678 ms - 137&amp#27;[39m &amp#27;[90m&amp#27;[39m
&amp#27;[38;5;60m[b494a1e0]&amp#27;[0m&amp#27;[38;5;86m[HTTP]&amp#27;[0m &amp#27;[37m-->&amp#27;[39m &amp#27;[37mGET&amp#27;[39m &amp#27;[37m/session/b494a1e0-e177-42c5-a90f-211f0ed7ee79/element/abc44dee-5a7d-4f54-bcee-67ae8dff8dad/attribute/name&amp#27;[39m &amp#27;[90m{}&amp#27;[39m
&amp#27;[38;5;60m[b494a1e0]&amp#27;[0m&amp#27;[38;5;-74m[AndroidUiautomator2Driver@5cef]&amp#27;[0m Calling AppiumDriver.getAttribute() with args: ["name","abc44dee-5a7d-4f54-bcee-67ae8dff8dad","b494a1e0-e177-42c5-a90f-211f0ed7ee79"]
&amp#27;[38;5;60m[b494a1e0]&amp#27;[0m&amp#27;[38;5;-74m[AndroidUiautomator2Driver@5cef]&amp#27;[0m Matched '/element/abc44dee-5a7d-4f54-bcee-67ae8dff8dad/attribute/name' to command name 'getAttribute'
&amp#27;[38;5;60m[b494a1e0]&amp#27;[0m&amp#27;[38;5;-74m[AndroidUiautomator2Driver@5cef]&amp#27;[0m Proxying [GET /element/abc44dee-5a7d-4f54-bcee-67ae8dff8dad/attribute/name] to [GET http://127.0.0.1:8200/session/2243eb73-c50d-41ce-afe4-fa3e73e12bc8/element/abc44dee-5a7d-4f54-bcee-67ae8dff8dad/attribute/name] with no body
&amp#27;[38;5;60m[b494a1e0]&amp#27;[0m&amp#27;[38;5;-74m[AndroidUiautomator2Driver@5cef]&amp#27;[0m Got response with status 200: {"sessionId":"2243eb73-c50d-41ce-afe4-fa3e73e12bc8","value":"Please enter your name"}
&amp#27;[38;5;60m[b494a1e0]&amp#27;[0m&amp#27;[38;5;-74m[AndroidUiautomator2Driver@5cef]&amp#27;[0m Responding to client with driver.getAttribute() result: "Please enter your name"
&amp#27;[38;5;60m[b494a1e0]&amp#27;[0m&amp#27;[38;5;86m[HTTP]&amp#27;[0m &amp#27;[37m<-- GET /session/b494a1e0-e177-42c5-a90f-211f0ed7ee79/element/abc44dee-5a7d-4f54-bcee-67ae8dff8dad/attribute/name &amp#27;[39m&amp#27;[32m200&amp#27;[39m &amp#27;[90m75 ms - 34&amp#27;[39m &amp#27;[90m&amp#27;[39m
&amp#27;[38;5;60m[b494a1e0]&amp#27;[0m&amp#27;[38;5;86m[HTTP]&amp#27;[0m &amp#27;[37m-->&amp#27;[39m &amp#27;[37mGET&amp#27;[39m &amp#27;[37m/session/b494a1e0-e177-42c5-a90f-211f0ed7ee79/screenshot&amp#27;[39m &amp#27;[90m{}&amp#27;[39m
&amp#27;[38;5;60m[b494a1e0]&amp#27;[0m&amp#27;[38;5;-74m[AndroidUiautomator2Driver@5cef]&amp#27;[0m Calling AppiumDriver.getScreenshot() with args: ["b494a1e0-e177-42c5-a90f-211f0ed7ee79"]
&amp#27;[38;5;60m[b494a1e0]&amp#27;[0m&amp#27;[38;5;-74m[AndroidUiautomator2Driver@5cef]&amp#27;[0m Matched '/screenshot' to command name 'getScreenshot'
&amp#27;[38;5;60m[b494a1e0]&amp#27;[0m&amp#27;[38;5;-74m[AndroidUiautomator2Driver@5cef]&amp#27;[0m Proxying [GET /screenshot] to [GET http://127.0.0.1:8200/session/2243eb73-c50d-41ce-afe4-fa3e73e12bc8/screenshot] with no body
&amp#27;[38;5;60m[b494a1e0]&amp#27;[0m&amp#27;[38;5;-74m[AndroidUiautomator2Driver@5cef]&amp#27;[0m Got response with status 200: {"sessionId":"2243eb73-c50d-41ce-afe4-fa3e73e12bc8","value":"iVBORw0KGgoAAAANSUhEUgAABDgAAAeACAYAAAArYecKAAAAAXNSR0IArs4c6QAAAARzQklUCAgICHwIZIgAACAASURBVHic7N13fBzFwcbxZ3bvTl0ucu8V2wTTeze91wAhQCAJEHoSeIGEEkJCCQRCbwmhBEIJnYSSEHo3wabY2MbGvVuyZclqd7c77x+SzpJ1J+kknaSVf18+/qDbMjN7tytpH83OmD7f/MgKAAAAAAAgwJyubgAAAAAAAEB7EXAAAAAAAIDAI+AAAAAAAACBR8ABAAAAAAACj4ADAAAAAAAEHgEHAAAAAAAIPAIOAAAAAAAQeAQcAAAAAAAg8Ag4AAAAAABA4BFwAAAAAACAwCPgAAAAAAAAgRfq6gag+zMyco2joaG+OqJgR03J/562iAxRkVsgSVrrbdDc6HK9VTFDr5R/riWxEnnWl5Xt4pYDAAAAADYXps83P+IuFEk5Mvpe9nDdPugnmpw9QiHjtmq/uPU0s2aJLl75iL6sWiifoAMAAAAAkGEEHGjCyGhkuJ+mjbulQ8rrP+vH8uR3SFmZZGSU40Q0JjJQEyJDNDFrqLbJHqWtskeoyC3QothqfVm9SF9VL9KcmmX6tma5FseKCXAAAADQY4yJDNSkrGHqHypUf7cw8f/ebr5KvQ1a7ZWpOF6m1fH1WuOVaXbNMs2PrurqZrfLfnmT9VbF1xmtY8/cibqs/7HNbnPzmhf0QeXsjLajp+MRFTSS40T06sgrtXX2yA4r8/bBP9ZFKx7qto+sZJmwhof7aYuswZqYNVSTs0Zoq+yRGhXpL7fBMDXjIoM1NjJIhxdsr1k1y/R19SLNqF6ib6PL9W3Ncq2Ml3bhUbTNttmjdFbfA9Pe74OKWXq27GPFrJeBVgEAAKAz7ZIzXsf32lUH52+r4eF+ae+/ILpa/634Ss+v/0SfVs3NQAsz5/L+x2rP3IkZ...
&amp#27;[38;5;60m[b494a1e0]&amp#27;[0m&amp#27;[38;5;-74m[AndroidUiautomator2Driver@5cef]&amp#27;[0m Responding to client with driver.getScreenshot() result: "iVBORw0KGgoAAAANSUhEUgAABDgAAAeACAYAAAArYecKAAAAAXNSR0IArs4c6QAAAARzQklUCAgICHwIZIgAACAASURBVHic7N13fBzFwcbxZ3bvTl0ucu8V2wTTeze91wAhQCAJEHoSeIGEEkJCCQRCbwmhBEIJnYSSEHo3wabY2MbGvVuyZclqd7c77x+SzpJ1J+kknaSVf18+/qDbMjN7tytpH83OmD7f/MgKAAAAAAAgwJyubgAAAAAAAEB7EXAAAAAAAIDAI+AAAAAAAACBR8ABAAAAAAACj4ADAAAAAAAEHgEHAAAAAAAIPAIOAAAAAAAQeAQcAAAAAAAg8Ag4AAAAAABA4BFwAAAAAACAwCPgAAAAAAAAgRfq6gag+zMyco2joaG+OqJgR03J/562iAxRkVsgSVrrbdDc6HK9VTFDr5R/riWxEnnWl5Xt4pYDAAAAADYXps83P+IuFEk5Mvpe9nDdPugnmpw9QiHjtmq/uPU0s2aJLl75iL6sWiifoAMAAAAAkGEEHGjCyGhkuJ+mjbulQ8rrP+vH8uR3SFmZZGSU40Q0JjJQEyJDNDFrqLbJHqWtskeoyC3QothqfVm9SF9VL9KcmmX6tma5FseKCXAAAADQY4yJDNSkrGHqHypUf7cw8f/ebr5KvQ1a7ZWpOF6m1fH1WuOVaXbNMs2PrurqZrfLfnmT9VbF1xmtY8/cibqs/7HNbnPzmhf0QeXsjLajp+MRFTSS40T06sgrtXX2yA4r8/bBP9ZFKx7qto+sZJmwhof7aYuswZqYNVSTs0Zoq+yRGhXpL7fBMDXjIoM1NjJIhxdsr1k1y/R19SLNqF6ib6PL9W3Ncq2Ml3bhUbTNttmjdFbfA9Pe74OKWXq27GPFrJeBVgEAAKAz7ZIzXsf32lUH52+r4eF+ae+/ILpa/634Ss+v/0SfVs3NQAsz5/L+x2rP3IkZDzik2pCjOTdnvAU9Hz04kDAmMlCfjLmx1Y+itNYGv1oj55wjK6s8J1sVfnWH...
&amp#27;[38;5;60m[b494a1e0]&amp#27;[0m&amp#27;[38;5;86m[HTTP]&amp#27;[0m &amp#27;[37m<-- GET /session/b494a1e0-e177-42c5-a90f-211f0ed7ee79/screenshot &amp#27;[39m&amp#27;[32m200&amp#27;[39m &amp#27;[90m870 ms - 602368&amp#27;[39m &amp#27;[90m&amp#27;[39m
]]></system-out>
  </testcase>
  <testcase name="FilForm_positive" classname="Pranavraj.AppiumFrameWorkDesign.ErrorChecking" time="4.081">
    <system-out><![CDATA[&amp#27;[38;5;60m[b494a1e0]&amp#27;[0m&amp#27;[38;5;86m[HTTP]&amp#27;[0m &amp#27;[37m-->&amp#27;[39m &amp#27;[37mPOST&amp#27;[39m &amp#27;[37m/session/b494a1e0-e177-42c5-a90f-211f0ed7ee79/execute/sync&amp#27;[39m &amp#27;[90m{"script":"mobile: startActivity","args":[{"intent":"com.androidsample.generalstore/com.androidsample.generalstore.SplashActivity"}]}&amp#27;[39m
&amp#27;[38;5;60m[b494a1e0]&amp#27;[0m&amp#27;[38;5;-74m[AndroidUiautomator2Driver@5cef]&amp#27;[0m Calling AppiumDriver.execute() with args: ["mobile: startActivity",[{"intent":"com.androidsample.generalstore/com.androidsample.generalstore.SplashActivity"}],"b494a1e0-e177-42c5-a90f-211f0ed7ee79"]
&amp#27;[38;5;60m[b494a1e0]&amp#27;[0m&amp#27;[38;5;-74m[AndroidUiautomator2Driver@5cef]&amp#27;[0m Executing native command 'mobile: startActivity'
&amp#27;[38;5;60m[b494a1e0]&amp#27;[0m&amp#27;[38;5;229m[ADB]&amp#27;[0m Running 'C:\Users\HOME\AppData\Local\Android\Sdk\platform-tools\adb.exe -P 5037 -s emulator-5554 shell am start-activity com.androidsample.generalstore/com.androidsample.generalstore.SplashActivity'
&amp#27;[38;5;60m[b494a1e0]&amp#27;[0m&amp#27;[38;5;-74m[AndroidUiautomator2Driver@5cef]&amp#27;[0m Responding to client with driver.execute() result: "Starting: Intent { act=android.intent.action.MAIN cat=[android.intent.category.LAUNCHER] cmp=com.androidsample.generalstore/.SplashActivity }"
&amp#27;[38;5;60m[b494a1e0]&amp#27;[0m&amp#27;[38;5;86m[HTTP]&amp#27;[0m &amp#27;[37m<-- POST /session/b494a1e0-e177-42c5-a90f-211f0ed7ee79/execute/sync &amp#27;[39m&amp#27;[32m200&amp#27;[39m &amp#27;[90m106 ms - 153&amp#27;[39m &amp#27;[90m&amp#27;[39m
&amp#27;[38;5;60m[b494a1e0]&amp#27;[0m&amp#27;[38;5;86m[HTTP]&amp#27;[0m &amp#27;[37m-->&amp#27;[39m &amp#27;[37mPOST&amp#27;[39m &amp#27;[37m/session/b494a1e0-e177-42c5-a90f-211f0ed7ee79/element&amp#27;[39m &amp#27;[90m{"value":"com.androidsample.generalstore:id/nameField","using":"id"}&amp#27;[39m
&amp#27;[38;5;60m[b494a1e0]&amp#27;[0m&amp#27;[38;5;-74m[AndroidUiautomator2Driver@5cef]&amp#27;[0m Calling AppiumDriver.findElement() with args: ["id","com.androidsample.generalstore:id/nameField","b494a1e0-e177-42c5-a90f-211f0ed7ee79"]
&amp#27;[38;5;60m[b494a1e0]&amp#27;[0m&amp#27;[38;5;-74m[AndroidUiautomator2Driver@5cef]&amp#27;[0m Valid locator strategies for this request: xpath, id, class name, accessibility id, css selector, -android uiautomator
&amp#27;[38;5;60m[b494a1e0]&amp#27;[0m&amp#27;[38;5;-74m[AndroidUiautomator2Driver@5cef]&amp#27;[0m Waiting up to 15000 ms for condition
&amp#27;[38;5;60m[b494a1e0]&amp#27;[0m&amp#27;[38;5;-74m[AndroidUiautomator2Driver@5cef]&amp#27;[0m Matched '/element' to command name 'findElement'
&amp#27;[38;5;60m[b494a1e0]&amp#27;[0m&amp#27;[38;5;-74m[AndroidUiautomator2Driver@5cef]&amp#27;[0m Proxying [POST /element] to [POST http://127.0.0.1:8200/session/2243eb73-c50d-41ce-afe4-fa3e73e12bc8/element] with body: {"strategy":"id","selector":"com.androidsample.generalstore:id/nameField","context":"","multiple":false}
&amp#27;[38;5;60m[b494a1e0]&amp#27;[0m&amp#27;[38;5;-74m[AndroidUiautomator2Driver@5cef]&amp#27;[0m Got response with status 200: {"sessionId":"2243eb73-c50d-41ce-afe4-fa3e73e12bc8","value":{"ELEMENT":"00000000-0000-0142-ffff-ffff0000001c","element-6066-11e4-a52e-4f735466cecf":"00000000-0000-0142-ffff-ffff0000001c"}}
&amp#27;[38;5;60m[b494a1e0]&amp#27;[0m&amp#27;[38;5;-74m[AndroidUiautomator2Driver@5cef]&amp#27;[0m Responding to client with driver.findElement() result: {"element-6066-11e4-a52e-4f735466cecf":"00000000-0000-0142-ffff-ffff0000001c","ELEMENT":"00000000-0000-0142-ffff-ffff0000001c"}
&amp#27;[38;5;60m[b494a1e0]&amp#27;[0m&amp#27;[38;5;86m[HTTP]&amp#27;[0m &amp#27;[37m<-- POST /session/b494a1e0-e177-42c5-a90f-211f0ed7ee79/element &amp#27;[39m&amp#27;[32m200&amp#27;[39m &amp#27;[90m39 ms - 137&amp#27;[39m &amp#27;[90m&amp#27;[39m
&amp#27;[38;5;60m[b494a1e0]&amp#27;[0m&amp#27;[38;5;86m[HTTP]&amp#27;[0m &amp#27;[37m-->&amp#27;[39m &amp#27;[37mPOST&amp#27;[39m &amp#27;[37m/session/b494a1e0-e177-42c5-a90f-211f0ed7ee79/element/00000000-0000-0142-ffff-ffff0000001c/value&amp#27;[39m &amp#27;[90m{"text":"Pranav","value":["P","r","a","n","a","v"],"id":"00000000-0000-0142-ffff-ffff0000001c"}&amp#27;[39m
&amp#27;[38;5;60m[b494a1e0]&amp#27;[0m&amp#27;[38;5;-74m[AndroidUiautomator2Driver@5cef]&amp#27;[0m Calling AppiumDriver.setValue() with args: [["P","r","a","n","a","v"],"00000000-0000-0142-ffff-ffff0000001c","b494a1e0-e177-42c5-a90f-211f0ed7ee79"]
&amp#27;[38;5;60m[b494a1e0]&amp#27;[0m&amp#27;[38;5;-74m[AndroidUiautomator2Driver@5cef]&amp#27;[0m Matched '/element/00000000-0000-0142-ffff-ffff0000001c/value' to command name 'setValue'
&amp#27;[38;5;60m[b494a1e0]&amp#27;[0m&amp#27;[38;5;-74m[AndroidUiautomator2Driver@5cef]&amp#27;[0m Added 'value' property ["P","r","a","n","a","v"] to 'setValue' request body
&amp#27;[38;5;60m[b494a1e0]&amp#27;[0m&amp#27;[38;5;-74m[AndroidUiautomator2Driver@5cef]&amp#27;[0m Proxying [POST /element/00000000-0000-0142-ffff-ffff0000001c/value] to [POST http://127.0.0.1:8200/session/2243eb73-c50d-41ce-afe4-fa3e73e12bc8/element/00000000-0000-0142-ffff-ffff0000001c/value] with body: {"elementId":"00000000-0000-0142-ffff-ffff0000001c","text":"Pranav","replace":false,"value":["P","r","a","n","a","v"]}
&amp#27;[38;5;60m[b494a1e0]&amp#27;[0m&amp#27;[38;5;-74m[AndroidUiautomator2Driver@5cef]&amp#27;[0m Got response with status 200: {"sessionId":"2243eb73-c50d-41ce-afe4-fa3e73e12bc8","value":null}
&amp#27;[38;5;60m[b494a1e0]&amp#27;[0m&amp#27;[38;5;-74m[AndroidUiautomator2Driver@5cef]&amp#27;[0m Responding to client with driver.setValue() result: null
&amp#27;[38;5;60m[b494a1e0]&amp#27;[0m&amp#27;[38;5;86m[HTTP]&amp#27;[0m &amp#27;[37m<-- POST /session/b494a1e0-e177-42c5-a90f-211f0ed7ee79/element/00000000-0000-0142-ffff-ffff0000001c/value &amp#27;[39m&amp#27;[32m200&amp#27;[39m &amp#27;[90m595 ms - 14&amp#27;[39m &amp#27;[90m&amp#27;[39m
&amp#27;[38;5;60m[b494a1e0]&amp#27;[0m&amp#27;[38;5;86m[HTTP]&amp#27;[0m &amp#27;[37m-->&amp#27;[39m &amp#27;[37mPOST&amp#27;[39m &amp#27;[37m/session/b494a1e0-e177-42c5-a90f-211f0ed7ee79/execute/sync&amp#27;[39m &amp#27;[90m{"script":"mobile: hideKeyboard","args":[]}&amp#27;[39m
&amp#27;[38;5;60m[b494a1e0]&amp#27;[0m&amp#27;[38;5;-74m[AndroidUiautomator2Driver@5cef]&amp#27;[0m Calling AppiumDriver.execute() with args: ["mobile: hideKeyboard",[],"b494a1e0-e177-42c5-a90f-211f0ed7ee79"]
&amp#27;[38;5;60m[b494a1e0]&amp#27;[0m&amp#27;[38;5;-74m[AndroidUiautomator2Driver@5cef]&amp#27;[0m Executing native command 'mobile: hideKeyboard'
&amp#27;[38;5;60m[b494a1e0]&amp#27;[0m&amp#27;[38;5;229m[ADB]&amp#27;[0m Running 'C:\Users\HOME\AppData\Local\Android\Sdk\platform-tools\adb.exe -P 5037 -s emulator-5554 shell dumpsys input_method'
&amp#27;[38;5;60m[b494a1e0]&amp#27;[0m&amp#27;[38;5;229m[ADB]&amp#27;[0m Keyboard has no UI; no closing necessary
&amp#27;[38;5;60m[b494a1e0]&amp#27;[0m&amp#27;[38;5;-74m[AndroidUiautomator2Driver@5cef]&amp#27;[0m Responding to client with driver.execute() result: false
&amp#27;[38;5;60m[b494a1e0]&amp#27;[0m&amp#27;[38;5;86m[HTTP]&amp#27;[0m &amp#27;[37m<-- POST /session/b494a1e0-e177-42c5-a90f-211f0ed7ee79/execute/sync &amp#27;[39m&amp#27;[32m200&amp#27;[39m &amp#27;[90m733 ms - 15&amp#27;[39m &amp#27;[90m&amp#27;[39m
&amp#27;[38;5;60m[b494a1e0]&amp#27;[0m&amp#27;[38;5;86m[HTTP]&amp#27;[0m &amp#27;[37m-->&amp#27;[39m &amp#27;[37mPOST&amp#27;[39m &amp#27;[37m/session/b494a1e0-e177-42c5-a90f-211f0ed7ee79/element&amp#27;[39m &amp#27;[90m{"value":"com.androidsample.generalstore:id/radioFemale","using":"id"}&amp#27;[39m
&amp#27;[38;5;60m[b494a1e0]&amp#27;[0m&amp#27;[38;5;-74m[AndroidUiautomator2Driver@5cef]&amp#27;[0m Calling AppiumDriver.findElement() with args: ["id","com.androidsample.generalstore:id/radioFemale","b494a1e0-e177-42c5-a90f-211f0ed7ee79"]
&amp#27;[38;5;60m[b494a1e0]&amp#27;[0m&amp#27;[38;5;-74m[AndroidUiautomator2Driver@5cef]&amp#27;[0m Valid locator strategies for this request: xpath, id, class name, accessibility id, css selector, -android uiautomator
&amp#27;[38;5;60m[b494a1e0]&amp#27;[0m&amp#27;[38;5;-74m[AndroidUiautomator2Driver@5cef]&amp#27;[0m Waiting up to 15000 ms for condition
&amp#27;[38;5;60m[b494a1e0]&amp#27;[0m&amp#27;[38;5;-74m[AndroidUiautomator2Driver@5cef]&amp#27;[0m Matched '/element' to command name 'findElement'
&amp#27;[38;5;60m[b494a1e0]&amp#27;[0m&amp#27;[38;5;-74m[AndroidUiautomator2Driver@5cef]&amp#27;[0m Proxying [POST /element] to [POST http://127.0.0.1:8200/session/2243eb73-c50d-41ce-afe4-fa3e73e12bc8/element] with body: {"strategy":"id","selector":"com.androidsample.generalstore:id/radioFemale","context":"","multiple":false}
&amp#27;[38;5;60m[b494a1e0]&amp#27;[0m&amp#27;[38;5;-74m[AndroidUiautomator2Driver@5cef]&amp#27;[0m Got response with status 200: {"sessionId":"2243eb73-c50d-41ce-afe4-fa3e73e12bc8","value":{"ELEMENT":"00000000-0000-0142-ffff-ffff00000020","element-6066-11e4-a52e-4f735466cecf":"00000000-0000-0142-ffff-ffff00000020"}}
&amp#27;[38;5;60m[b494a1e0]&amp#27;[0m&amp#27;[38;5;-74m[AndroidUiautomator2Driver@5cef]&amp#27;[0m Responding to client with driver.findElement() result: {"element-6066-11e4-a52e-4f735466cecf":"00000000-0000-0142-ffff-ffff00000020","ELEMENT":"00000000-0000-0142-ffff-ffff00000020"}
&amp#27;[38;5;60m[b494a1e0]&amp#27;[0m&amp#27;[38;5;86m[HTTP]&amp#27;[0m &amp#27;[37m<-- POST /session/b494a1e0-e177-42c5-a90f-211f0ed7ee79/element &amp#27;[39m&amp#27;[32m200&amp#27;[39m &amp#27;[90m74 ms - 137&amp#27;[39m &amp#27;[90m&amp#27;[39m
&amp#27;[38;5;60m[b494a1e0]&amp#27;[0m&amp#27;[38;5;86m[HTTP]&amp#27;[0m &amp#27;[37m-->&amp#27;[39m &amp#27;[37mPOST&amp#27;[39m &amp#27;[37m/session/b494a1e0-e177-42c5-a90f-211f0ed7ee79/element/00000000-0000-0142-ffff-ffff00000020/click&amp#27;[39m &amp#27;[90m{"id":"00000000-0000-0142-ffff-ffff00000020"}&amp#27;[39m
&amp#27;[38;5;60m[b494a1e0]&amp#27;[0m&amp#27;[38;5;-74m[AndroidUiautomator2Driver@5cef]&amp#27;[0m Calling AppiumDriver.click() with args: ["00000000-0000-0142-ffff-ffff00000020","b494a1e0-e177-42c5-a90f-211f0ed7ee79"]
&amp#27;[38;5;60m[b494a1e0]&amp#27;[0m&amp#27;[38;5;-74m[AndroidUiautomator2Driver@5cef]&amp#27;[0m Matched '/element/00000000-0000-0142-ffff-ffff00000020/click' to command name 'click'
&amp#27;[38;5;60m[b494a1e0]&amp#27;[0m&amp#27;[38;5;-74m[AndroidUiautomator2Driver@5cef]&amp#27;[0m Proxying [POST /element/00000000-0000-0142-ffff-ffff00000020/click] to [POST http://127.0.0.1:8200/session/2243eb73-c50d-41ce-afe4-fa3e73e12bc8/element/00000000-0000-0142-ffff-ffff00000020/click] with body: {"element":"00000000-0000-0142-ffff-ffff00000020"}
&amp#27;[38;5;60m[b494a1e0]&amp#27;[0m&amp#27;[38;5;-74m[AndroidUiautomator2Driver@5cef]&amp#27;[0m Got response with status 200: {"sessionId":"2243eb73-c50d-41ce-afe4-fa3e73e12bc8","value":null}
&amp#27;[38;5;60m[b494a1e0]&amp#27;[0m&amp#27;[38;5;-74m[AndroidUiautomator2Driver@5cef]&amp#27;[0m Responding to client with driver.click() result: null
&amp#27;[38;5;60m[b494a1e0]&amp#27;[0m&amp#27;[38;5;86m[HTTP]&amp#27;[0m &amp#27;[37m<-- POST /session/b494a1e0-e177-42c5-a90f-211f0ed7ee79/element/00000000-0000-0142-ffff-ffff00000020/click &amp#27;[39m&amp#27;[32m200&amp#27;[39m &amp#27;[90m100 ms - 14&amp#27;[39m &amp#27;[90m&amp#27;[39m
&amp#27;[38;5;60m[b494a1e0]&amp#27;[0m&amp#27;[38;5;86m[HTTP]&amp#27;[0m &amp#27;[37m-->&amp#27;[39m &amp#27;[37mPOST&amp#27;[39m &amp#27;[37m/session/b494a1e0-e177-42c5-a90f-211f0ed7ee79/element&amp#27;[39m &amp#27;[90m{"value":"com.androidsample.generalstore:id/spinnerCountry","using":"id"}&amp#27;[39m
&amp#27;[38;5;60m[b494a1e0]&amp#27;[0m&amp#27;[38;5;-74m[AndroidUiautomator2Driver@5cef]&amp#27;[0m Calling AppiumDriver.findElement() with args: ["id","com.androidsample.generalstore:id/spinnerCountry","b494a1e0-e177-42c5-a90f-211f0ed7ee79"]
&amp#27;[38;5;60m[b494a1e0]&amp#27;[0m&amp#27;[38;5;-74m[AndroidUiautomator2Driver@5cef]&amp#27;[0m Valid locator strategies for this request: xpath, id, class name, accessibility id, css selector, -android uiautomator
&amp#27;[38;5;60m[b494a1e0]&amp#27;[0m&amp#27;[38;5;-74m[AndroidUiautomator2Driver@5cef]&amp#27;[0m Waiting up to 15000 ms for condition
&amp#27;[38;5;60m[b494a1e0]&amp#27;[0m&amp#27;[38;5;-74m[AndroidUiautomator2Driver@5cef]&amp#27;[0m Matched '/element' to command name 'findElement'
&amp#27;[38;5;60m[b494a1e0]&amp#27;[0m&amp#27;[38;5;-74m[AndroidUiautomator2Driver@5cef]&amp#27;[0m Proxying [POST /element] to [POST http://127.0.0.1:8200/session/2243eb73-c50d-41ce-afe4-fa3e73e12bc8/element] with body: {"strategy":"id","selector":"com.androidsample.generalstore:id/spinnerCountry","context":"","multiple":false}
&amp#27;[38;5;60m[b494a1e0]&amp#27;[0m&amp#27;[38;5;-74m[AndroidUiautomator2Driver@5cef]&amp#27;[0m Got response with status 200: {"sessionId":"2243eb73-c50d-41ce-afe4-fa3e73e12bc8","value":{"ELEMENT":"00000000-0000-0142-ffff-ffff0000001a","element-6066-11e4-a52e-4f735466cecf":"00000000-0000-0142-ffff-ffff0000001a"}}
&amp#27;[38;5;60m[b494a1e0]&amp#27;[0m&amp#27;[38;5;-74m[AndroidUiautomator2Driver@5cef]&amp#27;[0m Responding to client with driver.findElement() result: {"element-6066-11e4-a52e-4f735466cecf":"00000000-0000-0142-ffff-ffff0000001a","ELEMENT":"00000000-0000-0142-ffff-ffff0000001a"}
&amp#27;[38;5;60m[b494a1e0]&amp#27;[0m&amp#27;[38;5;86m[HTTP]&amp#27;[0m &amp#27;[37m<-- POST /session/b494a1e0-e177-42c5-a90f-211f0ed7ee79/element &amp#27;[39m&amp#27;[32m200&amp#27;[39m &amp#27;[90m499 ms - 137&amp#27;[39m &amp#27;[90m&amp#27;[39m
&amp#27;[38;5;60m[b494a1e0]&amp#27;[0m&amp#27;[38;5;86m[HTTP]&amp#27;[0m &amp#27;[37m-->&amp#27;[39m &amp#27;[37mPOST&amp#27;[39m &amp#27;[37m/session/b494a1e0-e177-42c5-a90f-211f0ed7ee79/element/00000000-0000-0142-ffff-ffff0000001a/click&amp#27;[39m &amp#27;[90m{"id":"00000000-0000-0142-ffff-ffff0000001a"}&amp#27;[39m
&amp#27;[38;5;60m[b494a1e0]&amp#27;[0m&amp#27;[38;5;-74m[AndroidUiautomator2Driver@5cef]&amp#27;[0m Calling AppiumDriver.click() with args: ["00000000-0000-0142-ffff-ffff0000001a","b494a1e0-e177-42c5-a90f-211f0ed7ee79"]
&amp#27;[38;5;60m[b494a1e0]&amp#27;[0m&amp#27;[38;5;-74m[AndroidUiautomator2Driver@5cef]&amp#27;[0m Matched '/element/00000000-0000-0142-ffff-ffff0000001a/click' to command name 'click'
&amp#27;[38;5;60m[b494a1e0]&amp#27;[0m&amp#27;[38;5;-74m[AndroidUiautomator2Driver@5cef]&amp#27;[0m Proxying [POST /element/00000000-0000-0142-ffff-ffff0000001a/click] to [POST http://127.0.0.1:8200/session/2243eb73-c50d-41ce-afe4-fa3e73e12bc8/element/00000000-0000-0142-ffff-ffff0000001a/click] with body: {"element":"00000000-0000-0142-ffff-ffff0000001a"}
&amp#27;[38;5;60m[b494a1e0]&amp#27;[0m&amp#27;[38;5;-74m[AndroidUiautomator2Driver@5cef]&amp#27;[0m Got response with status 200: {"sessionId":"2243eb73-c50d-41ce-afe4-fa3e73e12bc8","value":null}
&amp#27;[38;5;60m[b494a1e0]&amp#27;[0m&amp#27;[38;5;-74m[AndroidUiautomator2Driver@5cef]&amp#27;[0m Responding to client with driver.click() result: null
&amp#27;[38;5;60m[b494a1e0]&amp#27;[0m&amp#27;[38;5;86m[HTTP]&amp#27;[0m &amp#27;[37m<-- POST /session/b494a1e0-e177-42c5-a90f-211f0ed7ee79/element/00000000-0000-0142-ffff-ffff0000001a/click &amp#27;[39m&amp#27;[32m200&amp#27;[39m &amp#27;[90m88 ms - 14&amp#27;[39m &amp#27;[90m&amp#27;[39m
&amp#27;[38;5;60m[b494a1e0]&amp#27;[0m&amp#27;[38;5;86m[HTTP]&amp#27;[0m &amp#27;[37m-->&amp#27;[39m &amp#27;[37mPOST&amp#27;[39m &amp#27;[37m/session/b494a1e0-e177-42c5-a90f-211f0ed7ee79/element&amp#27;[39m &amp#27;[90m{"value":"new UiScrollable(new UiSelector().scrollable(true)).scrollIntoView(new UiSelector().text(\"Austria\"));","using":"-android uiautomator"}&amp#27;[39m
&amp#27;[38;5;60m[b494a1e0]&amp#27;[0m&amp#27;[38;5;-74m[AndroidUiautomator2Driver@5cef]&amp#27;[0m Calling AppiumDriver.findElement() with args: ["-android uiautomator","new UiScrollable(new UiSelector().scrollable(true)).scrollIntoView(new UiSelector().text(\"Austria\"));","b494a1e0-e177-42c5-a90f-211f0ed7ee79"]
&amp#27;[38;5;60m[b494a1e0]&amp#27;[0m&amp#27;[38;5;-74m[AndroidUiautomator2Driver@5cef]&amp#27;[0m Valid locator strategies for this request: xpath, id, class name, accessibility id, css selector, -android uiautomator
&amp#27;[38;5;60m[b494a1e0]&amp#27;[0m&amp#27;[38;5;-74m[AndroidUiautomator2Driver@5cef]&amp#27;[0m Waiting up to 15000 ms for condition
&amp#27;[38;5;60m[b494a1e0]&amp#27;[0m&amp#27;[38;5;-74m[AndroidUiautomator2Driver@5cef]&amp#27;[0m Matched '/element' to command name 'findElement'
&amp#27;[38;5;60m[b494a1e0]&amp#27;[0m&amp#27;[38;5;-74m[AndroidUiautomator2Driver@5cef]&amp#27;[0m Proxying [POST /element] to [POST http://127.0.0.1:8200/session/2243eb73-c50d-41ce-afe4-fa3e73e12bc8/element] with body: {"strategy":"-android uiautomator","selector":"new UiScrollable(new UiSelector().scrollable(true)).scrollIntoView(new UiSelector().text(\"Austria\"));","context":"","multiple":false}
&amp#27;[38;5;60m[b494a1e0]&amp#27;[0m&amp#27;[38;5;-74m[AndroidUiautomator2Driver@5cef]&amp#27;[0m Got response with status 200: {"sessionId":"2243eb73-c50d-41ce-afe4-fa3e73e12bc8","value":{"ELEMENT":"00000000-0000-0145-ffff-ffff00000039","element-6066-11e4-a52e-4f735466cecf":"00000000-0000-0145-ffff-ffff00000039"}}
&amp#27;[38;5;60m[b494a1e0]&amp#27;[0m&amp#27;[38;5;-74m[AndroidUiautomator2Driver@5cef]&amp#27;[0m Responding to client with driver.findElement() result: {"element-6066-11e4-a52e-4f735466cecf":"00000000-0000-0145-ffff-ffff00000039","ELEMENT":"00000000-0000-0145-ffff-ffff00000039"}
&amp#27;[38;5;60m[b494a1e0]&amp#27;[0m&amp#27;[38;5;86m[HTTP]&amp#27;[0m &amp#27;[37m<-- POST /session/b494a1e0-e177-42c5-a90f-211f0ed7ee79/element &amp#27;[39m&amp#27;[32m200&amp#27;[39m &amp#27;[90m991 ms - 137&amp#27;[39m &amp#27;[90m&amp#27;[39m
&amp#27;[38;5;60m[b494a1e0]&amp#27;[0m&amp#27;[38;5;86m[HTTP]&amp#27;[0m &amp#27;[37m-->&amp#27;[39m &amp#27;[37mPOST&amp#27;[39m &amp#27;[37m/session/b494a1e0-e177-42c5-a90f-211f0ed7ee79/element&amp#27;[39m &amp#27;[90m{"value":"//android.widget.TextView[@text='Austria']","using":"xpath"}&amp#27;[39m
&amp#27;[38;5;60m[b494a1e0]&amp#27;[0m&amp#27;[38;5;-74m[AndroidUiautomator2Driver@5cef]&amp#27;[0m Calling AppiumDriver.findElement() with args: ["xpath","//android.widget.TextView[@text='Austria']","b494a1e0-e177-42c5-a90f-211f0ed7ee79"]
&amp#27;[38;5;60m[b494a1e0]&amp#27;[0m&amp#27;[38;5;-74m[AndroidUiautomator2Driver@5cef]&amp#27;[0m Valid locator strategies for this request: xpath, id, class name, accessibility id, css selector, -android uiautomator
&amp#27;[38;5;60m[b494a1e0]&amp#27;[0m&amp#27;[38;5;-74m[AndroidUiautomator2Driver@5cef]&amp#27;[0m Waiting up to 15000 ms for condition
&amp#27;[38;5;60m[b494a1e0]&amp#27;[0m&amp#27;[38;5;-74m[AndroidUiautomator2Driver@5cef]&amp#27;[0m Matched '/element' to command name 'findElement'
&amp#27;[38;5;60m[b494a1e0]&amp#27;[0m&amp#27;[38;5;-74m[AndroidUiautomator2Driver@5cef]&amp#27;[0m Proxying [POST /element] to [POST http://127.0.0.1:8200/session/2243eb73-c50d-41ce-afe4-fa3e73e12bc8/element] with body: {"strategy":"xpath","selector":"//android.widget.TextView[@text='Austria']","context":"","multiple":false}
&amp#27;[38;5;60m[b494a1e0]&amp#27;[0m&amp#27;[38;5;-74m[AndroidUiautomator2Driver@5cef]&amp#27;[0m Got response with status 200: {"sessionId":"2243eb73-c50d-41ce-afe4-fa3e73e12bc8","value":{"ELEMENT":"00000000-0000-0145-ffff-ffff00000039","element-6066-11e4-a52e-4f735466cecf":"00000000-0000-0145-ffff-ffff00000039"}}
&amp#27;[38;5;60m[b494a1e0]&amp#27;[0m&amp#27;[38;5;-74m[AndroidUiautomator2Driver@5cef]&amp#27;[0m Responding to client with driver.findElement() result: {"element-6066-11e4-a52e-4f735466cecf":"00000000-0000-0145-ffff-ffff00000039","ELEMENT":"00000000-0000-0145-ffff-ffff00000039"}
&amp#27;[38;5;60m[b494a1e0]&amp#27;[0m&amp#27;[38;5;86m[HTTP]&amp#27;[0m &amp#27;[37m<-- POST /session/b494a1e0-e177-42c5-a90f-211f0ed7ee79/element &amp#27;[39m&amp#27;[32m200&amp#27;[39m &amp#27;[90m47 ms - 137&amp#27;[39m &amp#27;[90m&amp#27;[39m
&amp#27;[38;5;60m[b494a1e0]&amp#27;[0m&amp#27;[38;5;86m[HTTP]&amp#27;[0m &amp#27;[37m-->&amp#27;[39m &amp#27;[37mPOST&amp#27;[39m &amp#27;[37m/session/b494a1e0-e177-42c5-a90f-211f0ed7ee79/element/00000000-0000-0145-ffff-ffff00000039/click&amp#27;[39m &amp#27;[90m{"id":"00000000-0000-0145-ffff-ffff00000039"}&amp#27;[39m
&amp#27;[38;5;60m[b494a1e0]&amp#27;[0m&amp#27;[38;5;-74m[AndroidUiautomator2Driver@5cef]&amp#27;[0m Calling AppiumDriver.click() with args: ["00000000-0000-0145-ffff-ffff00000039","b494a1e0-e177-42c5-a90f-211f0ed7ee79"]
&amp#27;[38;5;60m[b494a1e0]&amp#27;[0m&amp#27;[38;5;-74m[AndroidUiautomator2Driver@5cef]&amp#27;[0m Matched '/element/00000000-0000-0145-ffff-ffff00000039/click' to command name 'click'
&amp#27;[38;5;60m[b494a1e0]&amp#27;[0m&amp#27;[38;5;-74m[AndroidUiautomator2Driver@5cef]&amp#27;[0m Proxying [POST /element/00000000-0000-0145-ffff-ffff00000039/click] to [POST http://127.0.0.1:8200/session/2243eb73-c50d-41ce-afe4-fa3e73e12bc8/element/00000000-0000-0145-ffff-ffff00000039/click] with body: {"element":"00000000-0000-0145-ffff-ffff00000039"}
&amp#27;[38;5;60m[b494a1e0]&amp#27;[0m&amp#27;[38;5;-74m[AndroidUiautomator2Driver@5cef]&amp#27;[0m Got response with status 200: {"sessionId":"2243eb73-c50d-41ce-afe4-fa3e73e12bc8","value":null}
&amp#27;[38;5;60m[b494a1e0]&amp#27;[0m&amp#27;[38;5;-74m[AndroidUiautomator2Driver@5cef]&amp#27;[0m Responding to client with driver.click() result: null
&amp#27;[38;5;60m[b494a1e0]&amp#27;[0m&amp#27;[38;5;86m[HTTP]&amp#27;[0m &amp#27;[37m<-- POST /session/b494a1e0-e177-42c5-a90f-211f0ed7ee79/element/00000000-0000-0145-ffff-ffff00000039/click &amp#27;[39m&amp#27;[32m200&amp#27;[39m &amp#27;[90m705 ms - 14&amp#27;[39m &amp#27;[90m&amp#27;[39m
&amp#27;[38;5;60m[b494a1e0]&amp#27;[0m&amp#27;[38;5;86m[HTTP]&amp#27;[0m &amp#27;[37m-->&amp#27;[39m &amp#27;[37mPOST&amp#27;[39m &amp#27;[37m/session/b494a1e0-e177-42c5-a90f-211f0ed7ee79/element&amp#27;[39m &amp#27;[90m{"value":"com.androidsample.generalstore:id/btnLetsShop","using":"id"}&amp#27;[39m
&amp#27;[38;5;60m[b494a1e0]&amp#27;[0m&amp#27;[38;5;-74m[AndroidUiautomator2Driver@5cef]&amp#27;[0m Calling AppiumDriver.findElement() with args: ["id","com.androidsample.generalstore:id/btnLetsShop","b494a1e0-e177-42c5-a90f-211f0ed7ee79"]
&amp#27;[38;5;60m[b494a1e0]&amp#27;[0m&amp#27;[38;5;-74m[AndroidUiautomator2Driver@5cef]&amp#27;[0m Valid locator strategies for this request: xpath, id, class name, accessibility id, css selector, -android uiautomator
&amp#27;[38;5;60m[b494a1e0]&amp#27;[0m&amp#27;[38;5;-74m[AndroidUiautomator2Driver@5cef]&amp#27;[0m Waiting up to 15000 ms for condition
&amp#27;[38;5;60m[b494a1e0]&amp#27;[0m&amp#27;[38;5;-74m[AndroidUiautomator2Driver@5cef]&amp#27;[0m Matched '/element' to command name 'findElement'
&amp#27;[38;5;60m[b494a1e0]&amp#27;[0m&amp#27;[38;5;-74m[AndroidUiautomator2Driver@5cef]&amp#27;[0m Proxying [POST /element] to [POST http://127.0.0.1:8200/session/2243eb73-c50d-41ce-afe4-fa3e73e12bc8/element] with body: {"strategy":"id","selector":"com.androidsample.generalstore:id/btnLetsShop","context":"","multiple":false}
&amp#27;[38;5;60m[b494a1e0]&amp#27;[0m&amp#27;[38;5;-74m[AndroidUiautomator2Driver@5cef]&amp#27;[0m Got response with status 200: {"sessionId":"2243eb73-c50d-41ce-afe4-fa3e73e12bc8","value":{"ELEMENT":"00000000-0000-0142-ffff-ffff00000021","element-6066-11e4-a52e-4f735466cecf":"00000000-0000-0142-ffff-ffff00000021"}}
&amp#27;[38;5;60m[b494a1e0]&amp#27;[0m&amp#27;[38;5;-74m[AndroidUiautomator2Driver@5cef]&amp#27;[0m Responding to client with driver.findElement() result: {"element-6066-11e4-a52e-4f735466cecf":"00000000-0000-0142-ffff-ffff00000021","ELEMENT":"00000000-0000-0142-ffff-ffff00000021"}
&amp#27;[38;5;60m[b494a1e0]&amp#27;[0m&amp#27;[38;5;86m[HTTP]&amp#27;[0m &amp#27;[37m<-- POST /session/b494a1e0-e177-42c5-a90f-211f0ed7ee79/element &amp#27;[39m&amp#27;[32m200&amp#27;[39m &amp#27;[90m40 ms - 137&amp#27;[39m &amp#27;[90m&amp#27;[39m
&amp#27;[38;5;60m[b494a1e0]&amp#27;[0m&amp#27;[38;5;86m[HTTP]&amp#27;[0m &amp#27;[37m-->&amp#27;[39m &amp#27;[37mPOST&amp#27;[39m &amp#27;[37m/session/b494a1e0-e177-42c5-a90f-211f0ed7ee79/element/00000000-0000-0142-ffff-ffff00000021/click&amp#27;[39m &amp#27;[90m{"id":"00000000-0000-0142-ffff-ffff00000021"}&amp#27;[39m
&amp#27;[38;5;60m[b494a1e0]&amp#27;[0m&amp#27;[38;5;-74m[AndroidUiautomator2Driver@5cef]&amp#27;[0m Calling AppiumDriver.click() with args: ["00000000-0000-0142-ffff-ffff00000021","b494a1e0-e177-42c5-a90f-211f0ed7ee79"]
&amp#27;[38;5;60m[b494a1e0]&amp#27;[0m&amp#27;[38;5;-74m[AndroidUiautomator2Driver@5cef]&amp#27;[0m Matched '/element/00000000-0000-0142-ffff-ffff00000021/click' to command name 'click'
&amp#27;[38;5;60m[b494a1e0]&amp#27;[0m&amp#27;[38;5;-74m[AndroidUiautomator2Driver@5cef]&amp#27;[0m Proxying [POST /element/00000000-0000-0142-ffff-ffff00000021/click] to [POST http://127.0.0.1:8200/session/2243eb73-c50d-41ce-afe4-fa3e73e12bc8/element/00000000-0000-0142-ffff-ffff00000021/click] with body: {"element":"00000000-0000-0142-ffff-ffff00000021"}
&amp#27;[38;5;60m[b494a1e0]&amp#27;[0m&amp#27;[38;5;-74m[AndroidUiautomator2Driver@5cef]&amp#27;[0m Got response with status 200: {"sessionId":"2243eb73-c50d-41ce-afe4-fa3e73e12bc8","value":null}
&amp#27;[38;5;60m[b494a1e0]&amp#27;[0m&amp#27;[38;5;-74m[AndroidUiautomator2Driver@5cef]&amp#27;[0m Responding to client with driver.click() result: null
&amp#27;[38;5;60m[b494a1e0]&amp#27;[0m&amp#27;[38;5;86m[HTTP]&amp#27;[0m &amp#27;[37m<-- POST /session/b494a1e0-e177-42c5-a90f-211f0ed7ee79/element/00000000-0000-0142-ffff-ffff00000021/click &amp#27;[39m&amp#27;[32m200&amp#27;[39m &amp#27;[90m85 ms - 14&amp#27;[39m &amp#27;[90m&amp#27;[39m
]]></system-out>
  </testcase>
  <testcase name="ecommerce_Test3_switch_from_Apps_to_Webbrowser[Australia, pranav, female](1)" classname="Pranavraj.AppiumFrameWorkDesign.eCommerce_Hybrid" time="35.474">
    <system-out><![CDATA[&amp#27;[38;5;60m[b494a1e0]&amp#27;[0m&amp#27;[38;5;86m[HTTP]&amp#27;[0m &amp#27;[37m-->&amp#27;[39m &amp#27;[37mDELETE&amp#27;[39m &amp#27;[37m/session/b494a1e0-e177-42c5-a90f-211f0ed7ee79&amp#27;[39m &amp#27;[90m{}&amp#27;[39m
&amp#27;[38;5;60m[b494a1e0]&amp#27;[0m&amp#27;[38;5;-74m[AndroidUiautomator2Driver@5cef]&amp#27;[0m Calling AppiumDriver.deleteSession() with args: ["b494a1e0-e177-42c5-a90f-211f0ed7ee79"]
&amp#27;[38;5;60m[b494a1e0]&amp#27;[0m&amp#27;[38;5;57m[AppiumDriver@d317]&amp#27;[0m Event 'quitSessionRequested' logged at 1722938580082 (15:33:00 GMT+0530 (India Standard Time))
&amp#27;[38;5;60m[b494a1e0]&amp#27;[0m&amp#27;[38;5;57m[AppiumDriver@d317]&amp#27;[0m Removing session b494a1e0-e177-42c5-a90f-211f0ed7ee79 from our master session list
&amp#27;[38;5;60m[b494a1e0]&amp#27;[0m&amp#27;[38;5;-74m[AndroidUiautomator2Driver@5cef]&amp#27;[0m Deleting UiAutomator2 session
&amp#27;[38;5;60m[b494a1e0]&amp#27;[0m&amp#27;[38;5;-74m[AndroidUiautomator2Driver@5cef]&amp#27;[0m Deleting UiAutomator2 server session
&amp#27;[38;5;60m[b494a1e0]&amp#27;[0m&amp#27;[38;5;-74m[AndroidUiautomator2Driver@5cef]&amp#27;[0m Matched '/' to command name 'deleteSession'
&amp#27;[38;5;60m[b494a1e0]&amp#27;[0m&amp#27;[38;5;-74m[AndroidUiautomator2Driver@5cef]&amp#27;[0m Proxying [DELETE /] to [DELETE http://127.0.0.1:8200/session/2243eb73-c50d-41ce-afe4-fa3e73e12bc8] with no body
&amp#27;[38;5;60m[b494a1e0]&amp#27;[0m&amp#27;[38;5;-74m[AndroidUiautomator2Driver@5cef]&amp#27;[0m Got response with status 200: {"sessionId":"2243eb73-c50d-41ce-afe4-fa3e73e12bc8","value":null}
&amp#27;[38;5;60m[b494a1e0]&amp#27;[0m&amp#27;[38;5;-74m[AndroidUiautomator2Driver@5cef]&amp#27;[0m [Instrumentation] io.appium.uiautomator2.server.test.AppiumUiAutomator2Server:
&amp#27;[38;5;60m[b494a1e0]&amp#27;[0m&amp#27;[38;5;-74m[AndroidUiautomator2Driver@5cef]&amp#27;[0m [Instrumentation] The process has exited with code null, signal SIGTERM
&amp#27;[38;5;60m[b494a1e0]&amp#27;[0m&amp#27;[38;5;229m[ADB]&amp#27;[0m Running 'C:\Users\HOME\AppData\Local\Android\Sdk\platform-tools\adb.exe -P 5037 -s emulator-5554 shell dumpsys activity services io.appium.settings/.recorder.RecorderService'
&amp#27;[38;5;60m[b494a1e0]&amp#27;[0m&amp#27;[38;5;229m[ADB]&amp#27;[0m Running 'C:\Users\HOME\AppData\Local\Android\Sdk\platform-tools\adb.exe -P 5037 -s emulator-5554 shell am force-stop com.androidsample.generalstore'
&amp#27;[38;5;60m[b494a1e0]&amp#27;[0m&amp#27;[38;5;229m[ADB]&amp#27;[0m Removing forwarded port socket connection: 8200 
&amp#27;[38;5;60m[b494a1e0]&amp#27;[0m&amp#27;[38;5;229m[ADB]&amp#27;[0m Running 'C:\Users\HOME\AppData\Local\Android\Sdk\platform-tools\adb.exe -P 5037 -s emulator-5554 forward --remove tcp:8200'
&amp#27;[38;5;60m[b494a1e0]&amp#27;[0m&amp#27;[38;5;-74m[AndroidUiautomator2Driver@5cef]&amp#27;[0m Restoring hidden api policy to the device default configuration
&amp#27;[38;5;60m[b494a1e0]&amp#27;[0m&amp#27;[38;5;229m[ADB]&amp#27;[0m Running 'C:\Users\HOME\AppData\Local\Android\Sdk\platform-tools\adb.exe -P 5037 -s emulator-5554 shell 'settings delete global hidden_api_policy_pre_p_apps;settings delete global hidden_api_policy_p_apps;settings delete global hidden_api_policy''
&amp#27;[38;5;60m[b494a1e0]&amp#27;[0m&amp#27;[38;5;160m[Logcat]&amp#27;[0m Stopping logcat capture
&amp#27;[38;5;60m[b494a1e0]&amp#27;[0m&amp#27;[38;5;57m[AppiumDriver@d317]&amp#27;[0m Event 'quitSessionFinished' logged at 1722938580770 (15:33:00 GMT+0530 (India Standard Time))
&amp#27;[38;5;60m[b494a1e0]&amp#27;[0m&amp#27;[38;5;57m[AppiumDriver@d317]&amp#27;[0m Received response: null
&amp#27;[38;5;60m[b494a1e0]&amp#27;[0m&amp#27;[38;5;57m[AppiumDriver@d317]&amp#27;[0m But deleting session, so not returning
&amp#27;[38;5;60m[b494a1e0]&amp#27;[0m&amp#27;[38;5;57m[AppiumDriver@d317]&amp#27;[0m Responding to client with driver.deleteSession() result: null
&amp#27;[38;5;60m[b494a1e0]&amp#27;[0m&amp#27;[38;5;86m[HTTP]&amp#27;[0m &amp#27;[37m<-- DELETE /session/b494a1e0-e177-42c5-a90f-211f0ed7ee79 &amp#27;[39m&amp#27;[32m200&amp#27;[39m &amp#27;[90m691 ms - 14&amp#27;[39m &amp#27;[90m&amp#27;[39m
&amp#27;[38;5;112m[Appium]&amp#27;[0m Welcome to Appium v2.11.2
&amp#27;[38;5;112m[Appium]&amp#27;[0m The autodetected Appium home path: C:\Users\HOME\.appium
&amp#27;[38;5;112m[Appium]&amp#27;[0m Attempting to load driver uiautomator2...
&amp#27;[38;5;112m[Appium]&amp#27;[0m Requiring driver at C:\Users\HOME\.appium\node_modules\appium-uiautomator2-driver\build\index.js
&amp#27;[38;5;112m[Appium]&amp#27;[0m AndroidUiautomator2Driver has been successfully loaded in 1.128s
&amp#27;[38;5;112m[Appium]&amp#27;[0m Appium REST http interface listener started on http://0.0.0.0:4723
&amp#27;[38;5;112m[Appium]&amp#27;[0m You can provide the following URLs in your client code to connect to this server:
	http://192.168.29.147:4723/
	http://127.0.0.1:4723/ (only accessible from the same host)
&amp#27;[38;5;112m[Appium]&amp#27;[0m Available drivers:
&amp#27;[38;5;112m[Appium]&amp#27;[0m   - uiautomator2@3.7.4 (automationName 'UiAutomator2')
&amp#27;[38;5;112m[Appium]&amp#27;[0m No plugins have been installed. Use the "appium plugin" command to install the one(s) you want to use.
&amp#27;[38;5;86m[HTTP]&amp#27;[0m &amp#27;[37m-->&amp#27;[39m &amp#27;[37mGET&amp#27;[39m &amp#27;[37m/status&amp#27;[39m &amp#27;[90m{}&amp#27;[39m
&amp#27;[38;5;196m[AppiumDriver@5d89]&amp#27;[0m Calling AppiumDriver.getStatus() with args: []
&amp#27;[38;5;196m[AppiumDriver@5d89]&amp#27;[0m Responding to client with driver.getStatus() result: {"ready":true,"message":"The server is ready to accept new connections","build":{"version":"2.11.2"}}
&amp#27;[38;5;86m[HTTP]&amp#27;[0m &amp#27;[37m<-- GET /status &amp#27;[39m&amp#27;[32m200&amp#27;[39m &amp#27;[90m6 ms - 111&amp#27;[39m &amp#27;[90m&amp#27;[39m
&amp#27;[38;5;86m[HTTP]&amp#27;[0m Request idempotency key: 14b06478-3618-48c6-97fe-dbfda36e9f58
&amp#27;[38;5;86m[HTTP]&amp#27;[0m &amp#27;[37m-->&amp#27;[39m &amp#27;[37mPOST&amp#27;[39m &amp#27;[37m/session&amp#27;[39m &amp#27;[90m{"capabilities":{"firstMatch":[{"appium:deviceName":"Lucky","platformName":"ANDROID","appium:automationName":"UIAutomator2","appium:app":"C:\\Users\\HOME\\OneDrive\\Desktop\\Appium\\AppiumFrameWorkDesign\\src\\main\\java\\Pranavraj\\AppiumFrameWorkDesign\\resources\\General-Store.apk"}]}}&amp#27;[39m
&amp#27;[38;5;196m[AppiumDriver@5d89]&amp#27;[0m Calling AppiumDriver.createSession() with args: [null,null,{"firstMatch":[{"appium:deviceName":"Lucky","platformName":"ANDROID","appium:automationName":"UIAutomator2","appium:app":"C:\\Users\\HOME\\OneDrive\\Desktop\\Appium\\AppiumFrameWorkDesign\\src\\main\\java\\Pranavraj\\AppiumFrameWorkDesign\\resources\\General-Store.apk"}]}]
&amp#27;[38;5;196m[AppiumDriver@5d89]&amp#27;[0m Event 'newSessionRequested' logged at 1722938584287 (15:33:04 GMT+0530 (India Standard Time))
&amp#27;[38;5;112m[Appium]&amp#27;[0m Attempting to find matching driver for automationName 'UIAutomator2' and platformName 'ANDROID'
&amp#27;[38;5;112m[Appium]&amp#27;[0m The 'uiautomator2' driver was installed and matched caps.
&amp#27;[38;5;112m[Appium]&amp#27;[0m Will require it at C:\Users\HOME\.appium\node_modules\appium-uiautomator2-driver
&amp#27;[38;5;112m[Appium]&amp#27;[0m Requiring driver at C:\Users\HOME\.appium\node_modules\appium-uiautomator2-driver\build\index.js
&amp#27;[38;5;196m[AppiumDriver@5d89]&amp#27;[0m Appium v2.11.2 creating new AndroidUiautomator2Driver (v3.7.4) session
&amp#27;[38;5;196m[AppiumDriver@5d89]&amp#27;[0m Checking BaseDriver versions for Appium and AndroidUiautomator2Driver
&amp#27;[38;5;196m[AppiumDriver@5d89]&amp#27;[0m Appium's BaseDriver version is 9.11.2
&amp#27;[38;5;196m[AppiumDriver@5d89]&amp#27;[0m AndroidUiautomator2Driver's BaseDriver version is 9.11.2
&amp#27;[38;5;-25m[AndroidUiautomator2Driver@2336]&amp#27;[0m undefined
&amp#27;[38;5;-25m[AndroidUiautomator2Driver@2336]&amp#27;[0m Creating session with W3C capabilities: {
  "alwaysMatch": {
    "platformName": "ANDROID",
    "appium:deviceName": "Lucky",
    "appium:automationName": "UIAutomator2",
    "appium:app": "C:\\Users\\HOME\\OneDrive\\Desktop\\Appium\\AppiumFrameWorkDesign\\src\\main\\java\\Pranavraj\\AppiumFrameWorkDesign\\resources\\General-Store.apk"
  },
  "firstMatch": [
    {}
  ]
}
&amp#27;[38;5;192m[21edc1c7]&amp#27;[0m&amp#27;[38;5;-25m[AndroidUiautomator2Driver@2336]&amp#27;[0m Session created with session id: 21edc1c7-065d-4901-b63b-5a354eddaf7a
&amp#27;[38;5;192m[21edc1c7]&amp#27;[0m&amp#27;[38;5;229m[ADB]&amp#27;[0m Found 2 'build-tools' folders under 'C:\Users\HOME\AppData\Local\Android\Sdk' (newest first):
&amp#27;[38;5;192m[21edc1c7]&amp#27;[0m&amp#27;[38;5;229m[ADB]&amp#27;[0m     C:\Users\HOME\AppData\Local\Android\Sdk\build-tools\35.0.0
&amp#27;[38;5;192m[21edc1c7]&amp#27;[0m&amp#27;[38;5;229m[ADB]&amp#27;[0m     C:\Users\HOME\AppData\Local\Android\Sdk\build-tools\34.0.0
&amp#27;[38;5;192m[21edc1c7]&amp#27;[0m&amp#27;[38;5;229m[ADB]&amp#27;[0m Using 'adb.exe' from 'C:\Users\HOME\AppData\Local\Android\Sdk\platform-tools\adb.exe'
&amp#27;[38;5;192m[21edc1c7]&amp#27;[0m&amp#27;[38;5;229m[ADB]&amp#27;[0m Running 'C:\Users\HOME\AppData\Local\Android\Sdk\platform-tools\adb.exe -P 5037 start-server'
&amp#27;[38;5;192m[21edc1c7]&amp#27;[0m&amp#27;[38;5;-25m[AndroidUiautomator2Driver@2336]&amp#27;[0m Retrieving device list
&amp#27;[38;5;192m[21edc1c7]&amp#27;[0m&amp#27;[38;5;229m[ADB]&amp#27;[0m Trying to find connected Android devices
&amp#27;[38;5;192m[21edc1c7]&amp#27;[0m&amp#27;[38;5;229m[ADB]&amp#27;[0m Getting connected devices
&amp#27;[38;5;192m[21edc1c7]&amp#27;[0m&amp#27;[38;5;229m[ADB]&amp#27;[0m Connected devices: [{"udid":"emulator-5554","state":"device"}]
&amp#27;[38;5;192m[21edc1c7]&amp#27;[0m&amp#27;[38;5;-25m[AndroidUiautomator2Driver@2336]&amp#27;[0m Using device: emulator-5554
&amp#27;[38;5;192m[21edc1c7]&amp#27;[0m&amp#27;[38;5;229m[ADB]&amp#27;[0m Using 'adb.exe' from 'C:\Users\HOME\AppData\Local\Android\Sdk\platform-tools\adb.exe'
&amp#27;[38;5;192m[21edc1c7]&amp#27;[0m&amp#27;[38;5;229m[ADB]&amp#27;[0m Running 'C:\Users\HOME\AppData\Local\Android\Sdk\platform-tools\adb.exe -P 5037 start-server'
&amp#27;[38;5;192m[21edc1c7]&amp#27;[0m&amp#27;[38;5;229m[ADB]&amp#27;[0m Setting device id to emulator-5554
&amp#27;[38;5;192m[21edc1c7]&amp#27;[0m&amp#27;[38;5;123m[BaseDriver]&amp#27;[0m Using local app 'C:\Users\HOME\OneDrive\Desktop\Appium\AppiumFrameWorkDesign\src\main\java\Pranavraj\AppiumFrameWorkDesign\resources\General-Store.apk'
&amp#27;[38;5;192m[21edc1c7]&amp#27;[0m&amp#27;[38;5;-25m[AndroidUiautomator2Driver@2336]&amp#27;[0m Checking whether app is actually present
&amp#27;[38;5;192m[21edc1c7]&amp#27;[0m&amp#27;[38;5;229m[ADB]&amp#27;[0m Running 'C:\Users\HOME\AppData\Local\Android\Sdk\platform-tools\adb.exe -P 5037 -s emulator-5554 shell getprop ro.build.version.sdk'
&amp#27;[38;5;192m[21edc1c7]&amp#27;[0m&amp#27;[38;5;229m[ADB]&amp#27;[0m Current device property 'ro.build.version.sdk': 35
&amp#27;[38;5;192m[21edc1c7]&amp#27;[0m&amp#27;[38;5;229m[ADB]&amp#27;[0m Getting device platform version
&amp#27;[38;5;192m[21edc1c7]&amp#27;[0m&amp#27;[38;5;229m[ADB]&amp#27;[0m Running 'C:\Users\HOME\AppData\Local\Android\Sdk\platform-tools\adb.exe -P 5037 -s emulator-5554 shell getprop ro.build.version.release'
&amp#27;[38;5;192m[21edc1c7]&amp#27;[0m&amp#27;[38;5;229m[ADB]&amp#27;[0m Current device property 'ro.build.version.release': 15
&amp#27;[38;5;192m[21edc1c7]&amp#27;[0m&amp#27;[38;5;229m[ADB]&amp#27;[0m Device API level: 35
&amp#27;[38;5;192m[21edc1c7]&amp#27;[0m&amp#27;[38;5;-25m[AndroidUiautomator2Driver@2336]&amp#27;[0m Relaxing hidden api policy
&amp#27;[38;5;192m[21edc1c7]&amp#27;[0m&amp#27;[38;5;229m[ADB]&amp#27;[0m Running 'C:\Users\HOME\AppData\Local\Android\Sdk\platform-tools\adb.exe -P 5037 -s emulator-5554 shell 'settings put global hidden_api_policy_pre_p_apps 1;settings put global hidden_api_policy_p_apps 1;settings put global hidden_api_policy 1''
&amp#27;[38;5;192m[21edc1c7]&amp#27;[0m&amp#27;[38;5;-25m[AndroidUiautomator2Driver@2336]&amp#27;[0m Parsing package and activity from app manifest
&amp#27;[38;5;192m[21edc1c7]&amp#27;[0m&amp#27;[38;5;229m[ADB]&amp#27;[0m Running 'C:\Users\HOME\AppData\Local\Android\Sdk\platform-tools\adb.exe -P 5037 -s emulator-5554 wait-for-device'
&amp#27;[38;5;192m[21edc1c7]&amp#27;[0m&amp#27;[38;5;229m[ADB]&amp#27;[0m Using 'aapt2.exe' from 'C:\Users\HOME\AppData\Local\Android\Sdk\build-tools\35.0.0\aapt2.exe'
&amp#27;[38;5;192m[21edc1c7]&amp#27;[0m&amp#27;[38;5;229m[ADB]&amp#27;[0m Reading package manifest: 'C:\\Users\\HOME\\AppData\\Local\\Android\\Sdk\\build-tools\\35.0.0\\aapt2.exe dump badging C:\\Users\\HOME\\OneDrive\\Desktop\\Appium\\AppiumFrameWorkDesign\\src\\main\\java\\Pranavraj\\AppiumFrameWorkDesign\\resources\\General-Store.apk'
&amp#27;[38;5;192m[21edc1c7]&amp#27;[0m&amp#27;[38;5;229m[ADB]&amp#27;[0m Running 'C:\Users\HOME\AppData\Local\Android\Sdk\platform-tools\adb.exe -P 5037 -s emulator-5554 shell echo ping'
&amp#27;[38;5;192m[21edc1c7]&amp#27;[0m&amp#27;[38;5;229m[ADB]&amp#27;[0m Package name: 'com.androidsample.generalstore'
&amp#27;[38;5;192m[21edc1c7]&amp#27;[0m&amp#27;[38;5;229m[ADB]&amp#27;[0m Main activity name: 'com.androidsample.generalstore.SplashActivity'
&amp#27;[38;5;192m[21edc1c7]&amp#27;[0m&amp#27;[38;5;-25m[AndroidUiautomator2Driver@2336]&amp#27;[0m Parsed package and activity are: com.androidsample.generalstore/com.androidsample.generalstore.SplashActivity
&amp#27;[38;5;192m[21edc1c7]&amp#27;[0m&amp#27;[38;5;-25m[AndroidUiautomator2Driver@2336]&amp#27;[0m Pushing settings apk to the device...
&amp#27;[38;5;192m[21edc1c7]&amp#27;[0m&amp#27;[38;5;229m[ADB]&amp#27;[0m Getting package info for 'io.appium.settings'
&amp#27;[38;5;192m[21edc1c7]&amp#27;[0m&amp#27;[38;5;229m[ADB]&amp#27;[0m Running 'C:\Users\HOME\AppData\Local\Android\Sdk\platform-tools\adb.exe -P 5037 -s emulator-5554 shell dumpsys package io.appium.settings'
&amp#27;[38;5;192m[21edc1c7]&amp#27;[0m&amp#27;[38;5;229m[ADB]&amp#27;[0m Reading package manifest: 'C:\\Users\\HOME\\AppData\\Local\\Android\\Sdk\\build-tools\\35.0.0\\aapt2.exe dump badging C:\\Users\\HOME\\.appium\\node_modules\\appium-uiautomator2-driver\\node_modules\\io.appium.settings\\apks\\settings_apk-debug.apk'
&amp#27;[38;5;192m[21edc1c7]&amp#27;[0m&amp#27;[38;5;229m[ADB]&amp#27;[0m The version name of the installed 'io.appium.settings' is greater or equal to the application version name ('5.12.7' >= '5.12.7')
&amp#27;[38;5;192m[21edc1c7]&amp#27;[0m&amp#27;[38;5;229m[ADB]&amp#27;[0m There is no need to install/upgrade 'C:\Users\HOME\.appium\node_modules\appium-uiautomator2-driver\node_modules\io.appium.settings\apks\settings_apk-debug.apk'
&amp#27;[38;5;192m[21edc1c7]&amp#27;[0m&amp#27;[38;5;229m[ADB]&amp#27;[0m Running 'C:\Users\HOME\AppData\Local\Android\Sdk\platform-tools\adb.exe -P 5037 -s emulator-5554 shell dumpsys activity services io.appium.settings'
&amp#27;[38;5;192m[21edc1c7]&amp#27;[0m&amp#27;[38;5;-25m[AndroidUiautomator2Driver@2336]&amp#27;[0m io.appium.settings is already running. There is no need to reset its permissions.
&amp#27;[38;5;192m[21edc1c7]&amp#27;[0m&amp#27;[38;5;160m[Logcat]&amp#27;[0m Starting logs capture with command: C:\\Users\\HOME\\AppData\\Local\\Android\\Sdk\\platform-tools\\adb.exe -P 5037 -s emulator-5554 logcat -v threadtime
&amp#27;[38;5;192m[21edc1c7]&amp#27;[0m&amp#27;[38;5;-25m[AndroidUiautomator2Driver@2336]&amp#27;[0m Forwarding UiAutomator2 Server port 6790 to local port 8200
&amp#27;[38;5;192m[21edc1c7]&amp#27;[0m&amp#27;[38;5;229m[ADB]&amp#27;[0m Forwarding system: 8200 to device: 6790
&amp#27;[38;5;192m[21edc1c7]&amp#27;[0m&amp#27;[38;5;229m[ADB]&amp#27;[0m Running 'C:\Users\HOME\AppData\Local\Android\Sdk\platform-tools\adb.exe -P 5037 -s emulator-5554 forward tcp:8200 tcp:6790'
&amp#27;[38;5;192m[21edc1c7]&amp#27;[0m&amp#27;[38;5;229m[ADB]&amp#27;[0m Getting package info for 'io.appium.uiautomator2.server'
&amp#27;[38;5;192m[21edc1c7]&amp#27;[0m&amp#27;[38;5;229m[ADB]&amp#27;[0m Running 'C:\Users\HOME\AppData\Local\Android\Sdk\platform-tools\adb.exe -P 5037 -s emulator-5554 shell dumpsys package io.appium.uiautomator2.server'
&amp#27;[38;5;192m[21edc1c7]&amp#27;[0m&amp#27;[38;5;229m[ADB]&amp#27;[0m Getting install status for io.appium.uiautomator2.server.test
&amp#27;[38;5;192m[21edc1c7]&amp#27;[0m&amp#27;[38;5;229m[ADB]&amp#27;[0m Checking app cert for C:\Users\HOME\OneDrive\Desktop\Appium\AppiumFrameWorkDesign\src\main\java\Pranavraj\AppiumFrameWorkDesign\resources\General-Store.apk
&amp#27;[38;5;192m[21edc1c7]&amp#27;[0m&amp#27;[38;5;229m[ADB]&amp#27;[0m Running 'C:\Users\HOME\AppData\Local\Android\Sdk\platform-tools\adb.exe -P 5037 -s emulator-5554 shell cmd package list packages'
&amp#27;[38;5;192m[21edc1c7]&amp#27;[0m&amp#27;[38;5;229m[ADB]&amp#27;[0m Using 'apksigner.jar' from 'C:\Users\HOME\AppData\Local\Android\Sdk\build-tools\35.0.0\lib\apksigner.jar'
&amp#27;[38;5;192m[21edc1c7]&amp#27;[0m&amp#27;[38;5;229m[ADB]&amp#27;[0m Starting apksigner: 'C:\\Program Files\\Java\\jdk-22\\bin\\java.exe' -Xmx1024M -Xss1m -jar C:\\Users\\HOME\\AppData\\Local\\Android\\Sdk\\build-tools\\35.0.0\\lib\\apksigner.jar verify --print-certs C:\\Users\\HOME\\OneDrive\\Desktop\\Appium\\AppiumFrameWorkDesign\\src\\main\\java\\Pranavraj\\AppiumFrameWorkDesign\\resources\\General-Store.apk
&amp#27;[38;5;192m[21edc1c7]&amp#27;[0m&amp#27;[38;5;229m[ADB]&amp#27;[0m Reading package manifest: 'C:\\Users\\HOME\\AppData\\Local\\Android\\Sdk\\build-tools\\35.0.0\\aapt2.exe dump badging C:\\Users\\HOME\\.appium\\node_modules\\appium-uiautomator2-driver\\node_modules\\appium-uiautomator2-server\\apks\\appium-uiautomator2-server-v7.0.20.apk'
&amp#27;[38;5;192m[21edc1c7]&amp#27;[0m&amp#27;[38;5;229m[ADB]&amp#27;[0m 'io.appium.uiautomator2.server.test' is installed
&amp#27;[38;5;192m[21edc1c7]&amp#27;[0m&amp#27;[38;5;229m[ADB]&amp#27;[0m The version name of the installed 'io.appium.uiautomator2.server' is greater or equal to the application version name ('7.0.20' >= '7.0.20')
&amp#27;[38;5;192m[21edc1c7]&amp#27;[0m&amp#27;[38;5;-25m[AndroidUiautomator2Driver@2336]&amp#27;[0m Server packages status: [{"installState":"sameVersionInstalled","appPath":"C:\\Users\\HOME\\.appium\\node_modules\\appium-uiautomator2-driver\\node_modules\\appium-uiautomator2-server\\apks\\appium-uiautomator2-server-v7.0.20.apk","appId":"io.appium.uiautomator2.server"},{"installState":"sameVersionInstalled","appPath":"C:\\Users\\HOME\\.appium\\node_modules\\appium-uiautomator2-driver\\node_modules\\appium-uiautomator2-server\\apks\\appium-uiautomator2-server-debug-androidTest.apk","appId":"io.appium.uiautomator2.server.test"}]
&amp#27;[38;5;192m[21edc1c7]&amp#27;[0m&amp#27;[38;5;-25m[AndroidUiautomator2Driver@2336]&amp#27;[0m Server packages are not going to be (re)installed
&amp#27;[38;5;192m[21edc1c7]&amp#27;[0m&amp#27;[38;5;-25m[AndroidUiautomator2Driver@2336]&amp#27;[0m Waiting up to 30000ms for services to be available
&amp#27;[38;5;192m[21edc1c7]&amp#27;[0m&amp#27;[38;5;229m[ADB]&amp#27;[0m Running 'C:\Users\HOME\AppData\Local\Android\Sdk\platform-tools\adb.exe -P 5037 -s emulator-5554 shell pm list instrumentation'
&amp#27;[38;5;192m[21edc1c7]&amp#27;[0m&amp#27;[38;5;-25m[AndroidUiautomator2Driver@2336]&amp#27;[0m Instrumentation target 'io.appium.uiautomator2.server.test/androidx.test.runner.AndroidJUnitRunner' is available
&amp#27;[38;5;192m[21edc1c7]&amp#27;[0m&amp#27;[38;5;229m[ADB]&amp#27;[0m Adding packages ["io.appium.settings","io.appium.uiautomator2.server","io.appium.uiautomator2.server.test"] to Doze whitelist
&amp#27;[38;5;192m[21edc1c7]&amp#27;[0m&amp#27;[38;5;229m[ADB]&amp#27;[0m Got the following command chunks to execute: [["dumpsys","deviceidle","whitelist","+io.appium.settings",";","dumpsys","deviceidle","whitelist","+io.appium.uiautomator2.server",";","dumpsys","deviceidle","whitelist","+io.appium.uiautomator2.server.test",";"]]
&amp#27;[38;5;192m[21edc1c7]&amp#27;[0m&amp#27;[38;5;229m[ADB]&amp#27;[0m Running 'C:\Users\HOME\AppData\Local\Android\Sdk\platform-tools\adb.exe -P 5037 -s emulator-5554 shell dumpsys deviceidle whitelist +io.appium.settings ; dumpsys deviceidle whitelist +io.appium.uiautomator2.server ; dumpsys deviceidle whitelist +io.appium.uiautomator2.server.test ;'
&amp#27;[38;5;192m[21edc1c7]&amp#27;[0m&amp#27;[38;5;229m[ADB]&amp#27;[0m apksigner stdout: Signer #1 certificate DN: EMAILADDRESS=android@android.com, CN=Android, OU=Android, O=Android, L=Mountain View, ST=California, C=US
Signer #1 certificate SHA-256 digest: a40da80a59d170caa950cf15c18c454d47a39b26989d8b640ecd745ba71bf5dc
Signer #1 certificate SHA-1 digest: 61ed377e85d386a8dfee6b864bd85b0bfaa5af81
Signer #1 certificate MD5 digest: e89b158e4bcf988ebd09eb83f5378e87

&amp#27;[38;5;192m[21edc1c7]&amp#27;[0m&amp#27;[38;5;229m[ADB]&amp#27;[0m sha256 hash did match for 'General-Store.apk'
&amp#27;[38;5;192m[21edc1c7]&amp#27;[0m&amp#27;[38;5;229m[ADB]&amp#27;[0m 'C:\Users\HOME\OneDrive\Desktop\Appium\AppiumFrameWorkDesign\src\main\java\Pranavraj\AppiumFrameWorkDesign\resources\General-Store.apk' is signed with the default certificate
&amp#27;[38;5;192m[21edc1c7]&amp#27;[0m&amp#27;[38;5;229m[ADB]&amp#27;[0m Getting package info for 'com.androidsample.generalstore'
&amp#27;[38;5;192m[21edc1c7]&amp#27;[0m&amp#27;[38;5;229m[ADB]&amp#27;[0m Running 'C:\Users\HOME\AppData\Local\Android\Sdk\platform-tools\adb.exe -P 5037 -s emulator-5554 shell dumpsys package com.androidsample.generalstore'
&amp#27;[38;5;192m[21edc1c7]&amp#27;[0m&amp#27;[38;5;229m[ADB]&amp#27;[0m Reading package manifest: 'C:\\Users\\HOME\\AppData\\Local\\Android\\Sdk\\build-tools\\35.0.0\\aapt2.exe dump badging C:\\Users\\HOME\\OneDrive\\Desktop\\Appium\\AppiumFrameWorkDesign\\src\\main\\java\\Pranavraj\\AppiumFrameWorkDesign\\resources\\General-Store.apk'
&amp#27;[38;5;192m[21edc1c7]&amp#27;[0m&amp#27;[38;5;229m[ADB]&amp#27;[0m The version name of the installed 'com.androidsample.generalstore' is greater or equal to the application version name ('1.0.0' >= '1.0.0')
&amp#27;[38;5;192m[21edc1c7]&amp#27;[0m&amp#27;[38;5;229m[ADB]&amp#27;[0m There is no need to install/upgrade 'C:\Users\HOME\OneDrive\Desktop\Appium\AppiumFrameWorkDesign\src\main\java\Pranavraj\AppiumFrameWorkDesign\resources\General-Store.apk'
&amp#27;[38;5;192m[21edc1c7]&amp#27;[0m&amp#27;[38;5;-25m[AndroidUiautomator2Driver@2336]&amp#27;[0m Performing fast reset on 'com.androidsample.generalstore'
&amp#27;[38;5;192m[21edc1c7]&amp#27;[0m&amp#27;[38;5;229m[ADB]&amp#27;[0m Getting install status for com.androidsample.generalstore
&amp#27;[38;5;192m[21edc1c7]&amp#27;[0m&amp#27;[38;5;229m[ADB]&amp#27;[0m Running 'C:\Users\HOME\AppData\Local\Android\Sdk\platform-tools\adb.exe -P 5037 -s emulator-5554 shell cmd package list packages'
&amp#27;[38;5;192m[21edc1c7]&amp#27;[0m&amp#27;[38;5;229m[ADB]&amp#27;[0m 'com.androidsample.generalstore' is installed
&amp#27;[38;5;192m[21edc1c7]&amp#27;[0m&amp#27;[38;5;229m[ADB]&amp#27;[0m Running 'C:\Users\HOME\AppData\Local\Android\Sdk\platform-tools\adb.exe -P 5037 -s emulator-5554 shell am force-stop com.androidsample.generalstore'
&amp#27;[38;5;192m[21edc1c7]&amp#27;[0m&amp#27;[38;5;229m[ADB]&amp#27;[0m Running 'C:\Users\HOME\AppData\Local\Android\Sdk\platform-tools\adb.exe -P 5037 -s emulator-5554 shell pm clear com.androidsample.generalstore'
&amp#27;[38;5;192m[21edc1c7]&amp#27;[0m&amp#27;[38;5;-25m[AndroidUiautomator2Driver@2336]&amp#27;[0m Performed fast reset on the installed 'com.androidsample.generalstore' application (stop and clear)
&amp#27;[38;5;192m[21edc1c7]&amp#27;[0m&amp#27;[38;5;-25m[AndroidUiautomator2Driver@2336]&amp#27;[0m Performing shallow cleanup of automation leftovers
&amp#27;[38;5;192m[21edc1c7]&amp#27;[0m&amp#27;[38;5;-25m[AndroidUiautomator2Driver@2336]&amp#27;[0m No obsolete sessions have been detected (socket hang up)
&amp#27;[38;5;192m[21edc1c7]&amp#27;[0m&amp#27;[38;5;229m[ADB]&amp#27;[0m Running 'C:\Users\HOME\AppData\Local\Android\Sdk\platform-tools\adb.exe -P 5037 -s emulator-5554 shell am force-stop io.appium.uiautomator2.server'
&amp#27;[38;5;192m[21edc1c7]&amp#27;[0m&amp#27;[38;5;229m[ADB]&amp#27;[0m Running 'C:\Users\HOME\AppData\Local\Android\Sdk\platform-tools\adb.exe -P 5037 -s emulator-5554 shell am force-stop io.appium.uiautomator2.server.test'
&amp#27;[38;5;192m[21edc1c7]&amp#27;[0m&amp#27;[38;5;-25m[AndroidUiautomator2Driver@2336]&amp#27;[0m Starting UIAutomator2 server 7.0.20
&amp#27;[38;5;192m[21edc1c7]&amp#27;[0m&amp#27;[38;5;-25m[AndroidUiautomator2Driver@2336]&amp#27;[0m Using UIAutomator2 server from 'C:\Users\HOME\.appium\node_modules\appium-uiautomator2-driver\node_modules\appium-uiautomator2-server\apks\appium-uiautomator2-server-v7.0.20.apk' and test from 'C:\Users\HOME\.appium\node_modules\appium-uiautomator2-driver\node_modules\appium-uiautomator2-server\apks\appium-uiautomator2-server-debug-androidTest.apk'
&amp#27;[38;5;192m[21edc1c7]&amp#27;[0m&amp#27;[38;5;-25m[AndroidUiautomator2Driver@2336]&amp#27;[0m Waiting up to 30000ms for UiAutomator2 to be online...
&amp#27;[38;5;192m[21edc1c7]&amp#27;[0m&amp#27;[38;5;229m[ADB]&amp#27;[0m Creating ADB subprocess with args: ["-P","5037","-s","emulator-5554","shell","am","instrument","-w","-e","disableAnalytics","true","io.appium.uiautomator2.server.test/androidx.test.runner.AndroidJUnitRunner"]
&amp#27;[38;5;192m[21edc1c7]&amp#27;[0m&amp#27;[38;5;-25m[AndroidUiautomator2Driver@2336]&amp#27;[0m Matched '/status' to command name 'getStatus'
&amp#27;[38;5;192m[21edc1c7]&amp#27;[0m&amp#27;[38;5;-25m[AndroidUiautomator2Driver@2336]&amp#27;[0m Proxying [GET /status] to [GET http://127.0.0.1:8200/status] with no body
&amp#27;[38;5;192m[21edc1c7]&amp#27;[0m&amp#27;[38;5;-25m[AndroidUiautomator2Driver@2336]&amp#27;[0m socket hang up
&amp#27;[38;5;192m[21edc1c7]&amp#27;[0m&amp#27;[38;5;-25m[AndroidUiautomator2Driver@2336]&amp#27;[0m Matched '/status' to command name 'getStatus'
&amp#27;[38;5;192m[21edc1c7]&amp#27;[0m&amp#27;[38;5;-25m[AndroidUiautomator2Driver@2336]&amp#27;[0m Proxying [GET /status] to [GET http://127.0.0.1:8200/status] with no body
&amp#27;[38;5;192m[21edc1c7]&amp#27;[0m&amp#27;[38;5;-25m[AndroidUiautomator2Driver@2336]&amp#27;[0m socket hang up
&amp#27;[38;5;192m[21edc1c7]&amp#27;[0m&amp#27;[38;5;-25m[AndroidUiautomator2Driver@2336]&amp#27;[0m [Instrumentation] 
&amp#27;[38;5;192m[21edc1c7]&amp#27;[0m&amp#27;[38;5;-25m[AndroidUiautomator2Driver@2336]&amp#27;[0m Matched '/status' to command name 'getStatus'
&amp#27;[38;5;192m[21edc1c7]&amp#27;[0m&amp#27;[38;5;-25m[AndroidUiautomator2Driver@2336]&amp#27;[0m Proxying [GET /status] to [GET http://127.0.0.1:8200/status] with no body
&amp#27;[38;5;192m[21edc1c7]&amp#27;[0m&amp#27;[38;5;-25m[AndroidUiautomator2Driver@2336]&amp#27;[0m socket hang up
&amp#27;[38;5;192m[21edc1c7]&amp#27;[0m&amp#27;[38;5;-25m[AndroidUiautomator2Driver@2336]&amp#27;[0m Matched '/status' to command name 'getStatus'
&amp#27;[38;5;192m[21edc1c7]&amp#27;[0m&amp#27;[38;5;-25m[AndroidUiautomator2Driver@2336]&amp#27;[0m Proxying [GET /status] to [GET http://127.0.0.1:8200/status] with no body
&amp#27;[38;5;192m[21edc1c7]&amp#27;[0m&amp#27;[38;5;-25m[AndroidUiautomator2Driver@2336]&amp#27;[0m Got response with status 200: {"sessionId":"None","value":{"message":"UiAutomator2 Server is ready to accept commands","ready":true}}
&amp#27;[38;5;192m[21edc1c7]&amp#27;[0m&amp#27;[38;5;-25m[AndroidUiautomator2Driver@2336]&amp#27;[0m The initialization of the instrumentation process took 3296ms
&amp#27;[38;5;192m[21edc1c7]&amp#27;[0m&amp#27;[38;5;-25m[AndroidUiautomator2Driver@2336]&amp#27;[0m Matched '/session' to command name 'createSession'
&amp#27;[38;5;192m[21edc1c7]&amp#27;[0m&amp#27;[38;5;-25m[AndroidUiautomator2Driver@2336]&amp#27;[0m Proxying [POST /session] to [POST http://127.0.0.1:8200/session] with body: {"capabilities":{"firstMatch":[{"platformName":"ANDROID","deviceName":"emulator-5554","automationName":"UIAutomator2","app":"C:\\Users\\HOME\\OneDrive\\Desktop\\Appium\\AppiumFrameWorkDesign\\src\\main\\java\\Pranavraj\\AppiumFrameWorkDesign\\resources\\General-Store.apk","platform":"LINUX","webStorageEnabled":false,"takesScreenshot":true,"javascriptEnabled":true,"databaseEnabled":false,"networkConnectionEnabled":true,"locationContextEnabled":false,"warnings":{},"desired":{"platformName":"ANDROID","deviceName":"Lucky","automationName":"UIAutomator2","app":"C:\\Users\\HOME\\OneDrive\\Desktop\\Appium\\AppiumFrameWorkDesign\\src\\main\\java\\Pranavraj\\AppiumFrameWorkDesign\\resources\\General-Store.apk"},"deviceUDID":"emulator-5554","appPackage":"com.androidsample.generalstore"}],"alwaysMatch":{}}}
&amp#27;[38;5;192m[21edc1c7]&amp#27;[0m&amp#27;[38;5;-25m[AndroidUiautomator2Driver@2336]&amp#27;[0m Got response with status 200: {"sessionId":"ec29d363-93a1-405a-b18e-ed0f88bdf279","value":{"capabilities":{"firstMatch":[{"platformName":"ANDROID","deviceName":"emulator-5554","automationName":"UIAutomator2","app":"C:\\Users\\HOME\\OneDrive\\Desktop\\Appium\\AppiumFrameWorkDesign\\src\\main\\java\\Pranavraj\\AppiumFrameWorkDesign\\resources\\General-Store.apk","platform":"LINUX","webStorageEnabled":false,"takesScreenshot":true,"javascriptEnabled":true,"databaseEnabled":false,"networkConnectionEnabled":true,"locationContextEnabled":false,"warnings":{},"desired":{"platformName":"ANDROID","deviceName":"Lucky","automationName":"UIAutomator2","app":"C:\\Users\\HOME\\OneDrive\\Desktop\\Appium\\AppiumFrameWorkDesign\\src\\main\\java\\Pranavraj\\AppiumFrameWorkDesign\\resources\\General-Store.apk"},"deviceUDID":"emulator-5554","appPackage":"com.androidsample.generalstore"}],"alwaysMatch":{}},"sessionId":"ec29d363-93a1-405a-b18e-ed0f88bdf279"}}
&amp#27;[38;5;192m[21edc1c7]&amp#27;[0m&amp#27;[38;5;-25m[AndroidUiautomator2Driver@2336]&amp#27;[0m Determined the downstream protocol as 'W3C'
&amp#27;[38;5;192m[21edc1c7]&amp#27;[0m&amp#27;[38;5;-25m[AndroidUiautomator2Driver@2336]&amp#27;[0m Proxying [GET /appium/device/pixel_ratio] to [GET http://127.0.0.1:8200/session/ec29d363-93a1-405a-b18e-ed0f88bdf279/appium/device/pixel_ratio] with no body
&amp#27;[38;5;192m[21edc1c7]&amp#27;[0m&amp#27;[38;5;-25m[AndroidUiautomator2Driver@2336]&amp#27;[0m Matched '/appium/device/system_bars' to command name 'getSystemBars'
&amp#27;[38;5;192m[21edc1c7]&amp#27;[0m&amp#27;[38;5;-25m[AndroidUiautomator2Driver@2336]&amp#27;[0m Proxying [GET /appium/device/system_bars] to [GET http://127.0.0.1:8200/session/ec29d363-93a1-405a-b18e-ed0f88bdf279/appium/device/system_bars] with no body
&amp#27;[38;5;192m[21edc1c7]&amp#27;[0m&amp#27;[38;5;-25m[AndroidUiautomator2Driver@2336]&amp#27;[0m Matched '/window/current/size' to command name 'getWindowSize'
&amp#27;[38;5;192m[21edc1c7]&amp#27;[0m&amp#27;[38;5;-25m[AndroidUiautomator2Driver@2336]&amp#27;[0m Proxying [GET /window/current/size] to [GET http://127.0.0.1:8200/session/ec29d363-93a1-405a-b18e-ed0f88bdf279/window/current/size] with no body
&amp#27;[38;5;192m[21edc1c7]&amp#27;[0m&amp#27;[38;5;-25m[AndroidUiautomator2Driver@2336]&amp#27;[0m Proxying [GET /appium/device/info] to [GET http://127.0.0.1:8200/session/ec29d363-93a1-405a-b18e-ed0f88bdf279/appium/device/info] with no body
&amp#27;[38;5;192m[21edc1c7]&amp#27;[0m&amp#27;[38;5;229m[ADB]&amp#27;[0m Running 'C:\Users\HOME\AppData\Local\Android\Sdk\platform-tools\adb.exe -P 5037 -s emulator-5554 shell dumpsys window'
&amp#27;[38;5;192m[21edc1c7]&amp#27;[0m&amp#27;[38;5;229m[ADB]&amp#27;[0m Running 'C:\Users\HOME\AppData\Local\Android\Sdk\platform-tools\adb.exe -P 5037 -s emulator-5554 shell dumpsys power'
&amp#27;[38;5;192m[21edc1c7]&amp#27;[0m&amp#27;[38;5;-25m[AndroidUiautomator2Driver@2336]&amp#27;[0m Got response with status 200: {"sessionId":"ec29d363-93a1-405a-b18e-ed0f88bdf279","value":2.625}
&amp#27;[38;5;192m[21edc1c7]&amp#27;[0m&amp#27;[38;5;-25m[AndroidUiautomator2Driver@2336]&amp#27;[0m Got response with status 200: {"sessionId":"ec29d363-93a1-405a-b18e-ed0f88bdf279","value":{"statusBar":63}}
&amp#27;[38;5;192m[21edc1c7]&amp#27;[0m&amp#27;[38;5;-25m[AndroidUiautomator2Driver@2336]&amp#27;[0m Got response with status 200: {"sessionId":"ec29d363-93a1-405a-b18e-ed0f88bdf279","value":{"height":1920,"width":1080}}
&amp#27;[38;5;192m[21edc1c7]&amp#27;[0m&amp#27;[38;5;-25m[AndroidUiautomator2Driver@2336]&amp#27;[0m Got response with status 200: {"sessionId":"ec29d363-93a1-405a-b18e-ed0f88bdf279","value":{"androidId":"556a1f68ec3f4798","apiVersion":"35","bluetooth":{"state":"ON"},"brand":"google","carrierName":"T-Mobile","displayDensity":420,"locale":"en_US","manufacturer":"Google","model":"sdk_gphone64_x86_64","networks":[{"capabilities":{"SSID":null,"linkDownBandwidthKbps":30000,"linkUpstreamBandwidthKbps":12000,"networkCapabilities":"NET_CAPABILITY_NOT_METERED,NET_CAPABILITY_INTERNET,NET_CAPABILITY_NOT_RESTRICTED,NET_CAPABILITY_TRUSTED,NET_CAPABILITY_NOT_VPN,NET_CAPABILITY_VALIDATED,NET_CAPABILITY_NOT_ROAMING,NET_CAPABILITY_FOREGROUND,NET_CAPABILITY_NOT_CONGESTED,NET_CAPABILITY_NOT_SUSPENDED","signalStrength":-50,"transportTypes":"TRANSPORT_WIFI"},"detailedState":"CONNECTED","extraInfo":"","isAvailable":true,"isConnected":true,"isFailover":false,"isRoaming":false,"state":"CONNECTED","subtype":-1,"subtypeName":"","type":1,"typeName":"WIFI"},{"capabilities":{"SSID":null,"linkDownBandwidthKbps":4300,"linkUpstreamBandwidthKbps":1800,"networkCapabil...
&amp#27;[38;5;192m[21edc1c7]&amp#27;[0m&amp#27;[38;5;-25m[AndroidUiautomator2Driver@2336]&amp#27;[0m Screen already unlocked, doing nothing
&amp#27;[38;5;192m[21edc1c7]&amp#27;[0m&amp#27;[38;5;-25m[AndroidUiautomator2Driver@2336]&amp#27;[0m Starting 'com.androidsample.generalstore/com.androidsample.generalstore.SplashActivity and waiting for 'com.androidsample.generalstore/com.androidsample.generalstore.SplashActivity'
&amp#27;[38;5;192m[21edc1c7]&amp#27;[0m&amp#27;[38;5;229m[ADB]&amp#27;[0m Running 'C:\Users\HOME\AppData\Local\Android\Sdk\platform-tools\adb.exe -P 5037 -s emulator-5554 shell am start -W -n com.androidsample.generalstore/com.androidsample.generalstore.SplashActivity -S -a android.intent.action.MAIN -c android.intent.category.LAUNCHER -f 0x10200000'
&amp#27;[38;5;192m[21edc1c7]&amp#27;[0m&amp#27;[38;5;229m[ADB]&amp#27;[0m Waiting up to 20000ms for activity matching pkg: 'com.androidsample.generalstore' and activity: 'com.androidsample.generalstore.SplashActivity' to be focused
&amp#27;[38;5;192m[21edc1c7]&amp#27;[0m&amp#27;[38;5;229m[ADB]&amp#27;[0m Possible activities, to be checked: 'com.androidsample.generalstore.SplashActivity', 'com.androidsample.generalstore.com.androidsample.generalstore.SplashActivity'
&amp#27;[38;5;192m[21edc1c7]&amp#27;[0m&amp#27;[38;5;229m[ADB]&amp#27;[0m Getting focused package and activity
&amp#27;[38;5;192m[21edc1c7]&amp#27;[0m&amp#27;[38;5;229m[ADB]&amp#27;[0m Running 'C:\Users\HOME\AppData\Local\Android\Sdk\platform-tools\adb.exe -P 5037 -s emulator-5554 shell dumpsys window displays'
&amp#27;[38;5;192m[21edc1c7]&amp#27;[0m&amp#27;[38;5;229m[ADB]&amp#27;[0m Found package: 'com.androidsample.generalstore' and fully qualified activity name : 'com.androidsample.generalstore.SplashActivity'
&amp#27;[38;5;192m[21edc1c7]&amp#27;[0m&amp#27;[38;5;196m[AppiumDriver@5d89]&amp#27;[0m New AndroidUiautomator2Driver session created successfully, session 21edc1c7-065d-4901-b63b-5a354eddaf7a added to master session list
&amp#27;[38;5;192m[21edc1c7]&amp#27;[0m&amp#27;[38;5;196m[AppiumDriver@5d89]&amp#27;[0m Event 'newSessionStarted' logged at 1722938592326 (15:33:12 GMT+0530 (India Standard Time))
&amp#27;[38;5;192m[21edc1c7]&amp#27;[0m&amp#27;[38;5;-25m[AndroidUiautomator2Driver@2336]&amp#27;[0m Cached the protocol value 'W3C' for the new session 21edc1c7-065d-4901-b63b-5a354eddaf7a
&amp#27;[38;5;192m[21edc1c7]&amp#27;[0m&amp#27;[38;5;-25m[AndroidUiautomator2Driver@2336]&amp#27;[0m Responding to client with driver.createSession() result: {"capabilities":{"platformName":"ANDROID","deviceName":"emulator-5554","automationName":"UIAutomator2","app":"C:\\Users\\HOME\\OneDrive\\Desktop\\Appium\\AppiumFrameWorkDesign\\src\\main\\java\\Pranavraj\\AppiumFrameWorkDesign\\resources\\General-Store.apk","platform":"LINUX","webStorageEnabled":false,"takesScreenshot":true,"javascriptEnabled":true,"databaseEnabled":false,"networkConnectionEnabled":true,"locationContextEnabled":false,"warnings":{},"desired":{"platformName":"ANDROID","deviceName":"Lucky","automationName":"UIAutomator2","app":"C:\\Users\\HOME\\OneDrive\\Desktop\\Appium\\AppiumFrameWorkDesign\\src\\main\\java\\Pranavraj\\AppiumFrameWorkDesign\\resources\\General-Store.apk"},"deviceUDID":"emulator-5554","appPackage":"com.androidsample.generalstore","pixelRatio":"2.625","statBarHeight":63,"viewportRect":{"left":0,"top":63,"width":1080,"height":1857},"deviceApiLevel":35,"platformVersion":"15","deviceManufacturer":"Google","deviceModel":"sdk_gphone64_x86_64","deviceScreenSize":"1080x1920","device...
&amp#27;[38;5;192m[21edc1c7]&amp#27;[0m&amp#27;[38;5;86m[HTTP]&amp#27;[0m &amp#27;[37m<-- POST /session &amp#27;[39m&amp#27;[32m200&amp#27;[39m &amp#27;[90m8043 ms - 1102&amp#27;[39m &amp#27;[90m&amp#27;[39m
&amp#27;[38;5;192m[21edc1c7]&amp#27;[0m&amp#27;[38;5;86m[HTTP]&amp#27;[0m &amp#27;[37m-->&amp#27;[39m &amp#27;[37mPOST&amp#27;[39m &amp#27;[37m/session/21edc1c7-065d-4901-b63b-5a354eddaf7a/timeouts&amp#27;[39m &amp#27;[90m{"implicit":15000}&amp#27;[39m
&amp#27;[38;5;192m[21edc1c7]&amp#27;[0m&amp#27;[38;5;-25m[AndroidUiautomator2Driver@2336]&amp#27;[0m Calling AppiumDriver.timeouts() with args: [null,null,null,null,15000,"21edc1c7-065d-4901-b63b-5a354eddaf7a"]
&amp#27;[38;5;192m[21edc1c7]&amp#27;[0m&amp#27;[38;5;-25m[AndroidUiautomator2Driver@2336]&amp#27;[0m W3C timeout argument: {"implicit":15000}}
&amp#27;[38;5;192m[21edc1c7]&amp#27;[0m&amp#27;[38;5;-25m[AndroidUiautomator2Driver@2336]&amp#27;[0m Set implicit wait to 15000ms
&amp#27;[38;5;192m[21edc1c7]&amp#27;[0m&amp#27;[38;5;-25m[AndroidUiautomator2Driver@2336]&amp#27;[0m Responding to client with driver.timeouts() result: null
&amp#27;[38;5;192m[21edc1c7]&amp#27;[0m&amp#27;[38;5;86m[HTTP]&amp#27;[0m &amp#27;[37m<-- POST /session/21edc1c7-065d-4901-b63b-5a354eddaf7a/timeouts &amp#27;[39m&amp#27;[32m200&amp#27;[39m &amp#27;[90m8 ms - 14&amp#27;[39m &amp#27;[90m&amp#27;[39m
&amp#27;[38;5;192m[21edc1c7]&amp#27;[0m&amp#27;[38;5;86m[HTTP]&amp#27;[0m &amp#27;[37m-->&amp#27;[39m &amp#27;[37mPOST&amp#27;[39m &amp#27;[37m/session/21edc1c7-065d-4901-b63b-5a354eddaf7a/execute/sync&amp#27;[39m &amp#27;[90m{"script":"mobile: startActivity","args":[{"intent":"com.androidsample.generalstore/com.androidsample.generalstore.SplashActivity"}]}&amp#27;[39m
&amp#27;[38;5;192m[21edc1c7]&amp#27;[0m&amp#27;[38;5;-25m[AndroidUiautomator2Driver@2336]&amp#27;[0m Calling AppiumDriver.execute() with args: ["mobile: startActivity",[{"intent":"com.androidsample.generalstore/com.androidsample.generalstore.SplashActivity"}],"21edc1c7-065d-4901-b63b-5a354eddaf7a"]
&amp#27;[38;5;192m[21edc1c7]&amp#27;[0m&amp#27;[38;5;-25m[AndroidUiautomator2Driver@2336]&amp#27;[0m Executing native command 'mobile: startActivity'
&amp#27;[38;5;192m[21edc1c7]&amp#27;[0m&amp#27;[38;5;229m[ADB]&amp#27;[0m Running 'C:\Users\HOME\AppData\Local\Android\Sdk\platform-tools\adb.exe -P 5037 -s emulator-5554 shell am start-activity com.androidsample.generalstore/com.androidsample.generalstore.SplashActivity'
&amp#27;[38;5;192m[21edc1c7]&amp#27;[0m&amp#27;[38;5;-25m[AndroidUiautomator2Driver@2336]&amp#27;[0m Responding to client with driver.execute() result: "Starting: Intent { act=android.intent.action.MAIN cat=[android.intent.category.LAUNCHER] cmp=com.androidsample.generalstore/.SplashActivity }"
&amp#27;[38;5;192m[21edc1c7]&amp#27;[0m&amp#27;[38;5;86m[HTTP]&amp#27;[0m &amp#27;[37m<-- POST /session/21edc1c7-065d-4901-b63b-5a354eddaf7a/execute/sync &amp#27;[39m&amp#27;[32m200&amp#27;[39m &amp#27;[90m203 ms - 153&amp#27;[39m &amp#27;[90m&amp#27;[39m
&amp#27;[38;5;192m[21edc1c7]&amp#27;[0m&amp#27;[38;5;86m[HTTP]&amp#27;[0m &amp#27;[37m-->&amp#27;[39m &amp#27;[37mGET&amp#27;[39m &amp#27;[37m/session/21edc1c7-065d-4901-b63b-5a354eddaf7a/context&amp#27;[39m &amp#27;[90m{}&amp#27;[39m
&amp#27;[38;5;192m[21edc1c7]&amp#27;[0m&amp#27;[38;5;-25m[AndroidUiautomator2Driver@2336]&amp#27;[0m Calling AppiumDriver.getCurrentContext() with args: ["21edc1c7-065d-4901-b63b-5a354eddaf7a"]
&amp#27;[38;5;192m[21edc1c7]&amp#27;[0m&amp#27;[38;5;-25m[AndroidUiautomator2Driver@2336]&amp#27;[0m Responding to client with driver.getCurrentContext() result: "NATIVE_APP"
&amp#27;[38;5;192m[21edc1c7]&amp#27;[0m&amp#27;[38;5;86m[HTTP]&amp#27;[0m &amp#27;[37m<-- GET /session/21edc1c7-065d-4901-b63b-5a354eddaf7a/context &amp#27;[39m&amp#27;[32m200&amp#27;[39m &amp#27;[90m9 ms - 22&amp#27;[39m &amp#27;[90m&amp#27;[39m
&amp#27;[38;5;192m[21edc1c7]&amp#27;[0m&amp#27;[38;5;86m[HTTP]&amp#27;[0m &amp#27;[37m-->&amp#27;[39m &amp#27;[37mPOST&amp#27;[39m &amp#27;[37m/session/21edc1c7-065d-4901-b63b-5a354eddaf7a/element&amp#27;[39m &amp#27;[90m{"value":"android:id/text1","using":"id"}&amp#27;[39m
&amp#27;[38;5;192m[21edc1c7]&amp#27;[0m&amp#27;[38;5;-25m[AndroidUiautomator2Driver@2336]&amp#27;[0m Calling AppiumDriver.findElement() with args: ["id","android:id/text1","21edc1c7-065d-4901-b63b-5a354eddaf7a"]
&amp#27;[38;5;192m[21edc1c7]&amp#27;[0m&amp#27;[38;5;-25m[AndroidUiautomator2Driver@2336]&amp#27;[0m Valid locator strategies for this request: xpath, id, class name, accessibility id, css selector, -android uiautomator
&amp#27;[38;5;192m[21edc1c7]&amp#27;[0m&amp#27;[38;5;-25m[AndroidUiautomator2Driver@2336]&amp#27;[0m Waiting up to 15000 ms for condition
&amp#27;[38;5;192m[21edc1c7]&amp#27;[0m&amp#27;[38;5;-25m[AndroidUiautomator2Driver@2336]&amp#27;[0m Matched '/element' to command name 'findElement'
&amp#27;[38;5;192m[21edc1c7]&amp#27;[0m&amp#27;[38;5;-25m[AndroidUiautomator2Driver@2336]&amp#27;[0m Proxying [POST /element] to [POST http://127.0.0.1:8200/session/ec29d363-93a1-405a-b18e-ed0f88bdf279/element] with body: {"strategy":"id","selector":"android:id/text1","context":"","multiple":false}
&amp#27;[38;5;192m[21edc1c7]&amp#27;[0m&amp#27;[38;5;-25m[AndroidUiautomator2Driver@2336]&amp#27;[0m Got response with status 404: {"sessionId":"ec29d363-93a1-405a-b18e-ed0f88bdf279","value":{"error":"no such element","message":"An element could not be located on the page using the given search parameters","stacktrace":"io.appium.uiautomator2.common.exceptions.ElementNotFoundException: An element could not be located on the page using the given search parameters\n\tat io.appium.uiautomator2.handler.FindElement.safeHandle(FindElement.java:63)\n\tat io.appium.uiautomator2.handler.request.SafeRequestHandler.handle(SafeRequestHandler.java:59)\n\tat io.appium.uiautomator2.server.AppiumServlet.handleRequest(AppiumServlet.java:259)\n\tat io.appium.uiautomator2.server.AppiumServlet.handleHttpRequest(AppiumServlet.java:253)\n\tat io.appium.uiautomator2.http.ServerHandler.channelRead(ServerHandler.java:77)\n\tat io.netty.channel.AbstractChannelHandlerContext.invokeChannelRead(AbstractChannelHandlerContext.java:366)\n\tat io.netty.channel.AbstractChannelHandlerContext.invokeChannelRead(AbstractChannelHandlerContext.java:352)\n\tat io.netty.chann...
&amp#27;[38;5;192m[21edc1c7]&amp#27;[0m&amp#27;[38;5;123m[W3C]&amp#27;[0m Matched W3C error code 'no such element' to NoSuchElementError
&amp#27;[38;5;192m[21edc1c7]&amp#27;[0m&amp#27;[38;5;-25m[AndroidUiautomator2Driver@2336]&amp#27;[0m Waited for 488 ms so far
&amp#27;[38;5;192m[21edc1c7]&amp#27;[0m&amp#27;[38;5;-25m[AndroidUiautomator2Driver@2336]&amp#27;[0m Matched '/element' to command name 'findElement'
&amp#27;[38;5;192m[21edc1c7]&amp#27;[0m&amp#27;[38;5;-25m[AndroidUiautomator2Driver@2336]&amp#27;[0m Proxying [POST /element] to [POST http://127.0.0.1:8200/session/ec29d363-93a1-405a-b18e-ed0f88bdf279/element] with body: {"strategy":"id","selector":"android:id/text1","context":"","multiple":false}
&amp#27;[38;5;192m[21edc1c7]&amp#27;[0m&amp#27;[38;5;-25m[AndroidUiautomator2Driver@2336]&amp#27;[0m Got response with status 404: {"sessionId":"ec29d363-93a1-405a-b18e-ed0f88bdf279","value":{"error":"no such element","message":"An element could not be located on the page using the given search parameters","stacktrace":"io.appium.uiautomator2.common.exceptions.ElementNotFoundException: An element could not be located on the page using the given search parameters\n\tat io.appium.uiautomator2.handler.FindElement.safeHandle(FindElement.java:63)\n\tat io.appium.uiautomator2.handler.request.SafeRequestHandler.handle(SafeRequestHandler.java:59)\n\tat io.appium.uiautomator2.server.AppiumServlet.handleRequest(AppiumServlet.java:259)\n\tat io.appium.uiautomator2.server.AppiumServlet.handleHttpRequest(AppiumServlet.java:253)\n\tat io.appium.uiautomator2.http.ServerHandler.channelRead(ServerHandler.java:77)\n\tat io.netty.channel.AbstractChannelHandlerContext.invokeChannelRead(AbstractChannelHandlerContext.java:366)\n\tat io.netty.channel.AbstractChannelHandlerContext.invokeChannelRead(AbstractChannelHandlerContext.java:352)\n\tat io.netty.chann...
&amp#27;[38;5;192m[21edc1c7]&amp#27;[0m&amp#27;[38;5;123m[W3C]&amp#27;[0m Matched W3C error code 'no such element' to NoSuchElementError
&amp#27;[38;5;192m[21edc1c7]&amp#27;[0m&amp#27;[38;5;-25m[AndroidUiautomator2Driver@2336]&amp#27;[0m Waited for 1023 ms so far
&amp#27;[38;5;192m[21edc1c7]&amp#27;[0m&amp#27;[38;5;-25m[AndroidUiautomator2Driver@2336]&amp#27;[0m Matched '/element' to command name 'findElement'
&amp#27;[38;5;192m[21edc1c7]&amp#27;[0m&amp#27;[38;5;-25m[AndroidUiautomator2Driver@2336]&amp#27;[0m Proxying [POST /element] to [POST http://127.0.0.1:8200/session/ec29d363-93a1-405a-b18e-ed0f88bdf279/element] with body: {"strategy":"id","selector":"android:id/text1","context":"","multiple":false}
&amp#27;[38;5;192m[21edc1c7]&amp#27;[0m&amp#27;[38;5;-25m[AndroidUiautomator2Driver@2336]&amp#27;[0m Got response with status 404: {"sessionId":"ec29d363-93a1-405a-b18e-ed0f88bdf279","value":{"error":"no such element","message":"An element could not be located on the page using the given search parameters","stacktrace":"io.appium.uiautomator2.common.exceptions.ElementNotFoundException: An element could not be located on the page using the given search parameters\n\tat io.appium.uiautomator2.handler.FindElement.safeHandle(FindElement.java:63)\n\tat io.appium.uiautomator2.handler.request.SafeRequestHandler.handle(SafeRequestHandler.java:59)\n\tat io.appium.uiautomator2.server.AppiumServlet.handleRequest(AppiumServlet.java:259)\n\tat io.appium.uiautomator2.server.AppiumServlet.handleHttpRequest(AppiumServlet.java:253)\n\tat io.appium.uiautomator2.http.ServerHandler.channelRead(ServerHandler.java:77)\n\tat io.netty.channel.AbstractChannelHandlerContext.invokeChannelRead(AbstractChannelHandlerContext.java:366)\n\tat io.netty.channel.AbstractChannelHandlerContext.invokeChannelRead(AbstractChannelHandlerContext.java:352)\n\tat io.netty.chann...
&amp#27;[38;5;192m[21edc1c7]&amp#27;[0m&amp#27;[38;5;123m[W3C]&amp#27;[0m Matched W3C error code 'no such element' to NoSuchElementError
&amp#27;[38;5;192m[21edc1c7]&amp#27;[0m&amp#27;[38;5;-25m[AndroidUiautomator2Driver@2336]&amp#27;[0m Waited for 1560 ms so far
&amp#27;[38;5;192m[21edc1c7]&amp#27;[0m&amp#27;[38;5;-25m[AndroidUiautomator2Driver@2336]&amp#27;[0m Matched '/element' to command name 'findElement'
&amp#27;[38;5;192m[21edc1c7]&amp#27;[0m&amp#27;[38;5;-25m[AndroidUiautomator2Driver@2336]&amp#27;[0m Proxying [POST /element] to [POST http://127.0.0.1:8200/session/ec29d363-93a1-405a-b18e-ed0f88bdf279/element] with body: {"strategy":"id","selector":"android:id/text1","context":"","multiple":false}
&amp#27;[38;5;192m[21edc1c7]&amp#27;[0m&amp#27;[38;5;-25m[AndroidUiautomator2Driver@2336]&amp#27;[0m Got response with status 404: {"sessionId":"ec29d363-93a1-405a-b18e-ed0f88bdf279","value":{"error":"no such element","message":"An element could not be located on the page using the given search parameters","stacktrace":"io.appium.uiautomator2.common.exceptions.ElementNotFoundException: An element could not be located on the page using the given search parameters\n\tat io.appium.uiautomator2.handler.FindElement.safeHandle(FindElement.java:63)\n\tat io.appium.uiautomator2.handler.request.SafeRequestHandler.handle(SafeRequestHandler.java:59)\n\tat io.appium.uiautomator2.server.AppiumServlet.handleRequest(AppiumServlet.java:259)\n\tat io.appium.uiautomator2.server.AppiumServlet.handleHttpRequest(AppiumServlet.java:253)\n\tat io.appium.uiautomator2.http.ServerHandler.channelRead(ServerHandler.java:77)\n\tat io.netty.channel.AbstractChannelHandlerContext.invokeChannelRead(AbstractChannelHandlerContext.java:366)\n\tat io.netty.channel.AbstractChannelHandlerContext.invokeChannelRead(AbstractChannelHandlerContext.java:352)\n\tat io.netty.chann...
&amp#27;[38;5;192m[21edc1c7]&amp#27;[0m&amp#27;[38;5;123m[W3C]&amp#27;[0m Matched W3C error code 'no such element' to NoSuchElementError
&amp#27;[38;5;192m[21edc1c7]&amp#27;[0m&amp#27;[38;5;-25m[AndroidUiautomator2Driver@2336]&amp#27;[0m Waited for 2089 ms so far
&amp#27;[38;5;192m[21edc1c7]&amp#27;[0m&amp#27;[38;5;-25m[AndroidUiautomator2Driver@2336]&amp#27;[0m Matched '/element' to command name 'findElement'
&amp#27;[38;5;192m[21edc1c7]&amp#27;[0m&amp#27;[38;5;-25m[AndroidUiautomator2Driver@2336]&amp#27;[0m Proxying [POST /element] to [POST http://127.0.0.1:8200/session/ec29d363-93a1-405a-b18e-ed0f88bdf279/element] with body: {"strategy":"id","selector":"android:id/text1","context":"","multiple":false}
&amp#27;[38;5;192m[21edc1c7]&amp#27;[0m&amp#27;[38;5;-25m[AndroidUiautomator2Driver@2336]&amp#27;[0m Got response with status 200: {"sessionId":"ec29d363-93a1-405a-b18e-ed0f88bdf279","value":{"ELEMENT":"00000000-0000-0150-ffff-ffff00000024","element-6066-11e4-a52e-4f735466cecf":"00000000-0000-0150-ffff-ffff00000024"}}
&amp#27;[38;5;192m[21edc1c7]&amp#27;[0m&amp#27;[38;5;-25m[AndroidUiautomator2Driver@2336]&amp#27;[0m Responding to client with driver.findElement() result: {"element-6066-11e4-a52e-4f735466cecf":"00000000-0000-0150-ffff-ffff00000024","ELEMENT":"00000000-0000-0150-ffff-ffff00000024"}
&amp#27;[38;5;192m[21edc1c7]&amp#27;[0m&amp#27;[38;5;86m[HTTP]&amp#27;[0m &amp#27;[37m<-- POST /session/21edc1c7-065d-4901-b63b-5a354eddaf7a/element &amp#27;[39m&amp#27;[32m200&amp#27;[39m &amp#27;[90m3877 ms - 137&amp#27;[39m &amp#27;[90m&amp#27;[39m
&amp#27;[38;5;192m[21edc1c7]&amp#27;[0m&amp#27;[38;5;86m[HTTP]&amp#27;[0m &amp#27;[37m-->&amp#27;[39m &amp#27;[37mPOST&amp#27;[39m &amp#27;[37m/session/21edc1c7-065d-4901-b63b-5a354eddaf7a/element/00000000-0000-0150-ffff-ffff00000024/click&amp#27;[39m &amp#27;[90m{"id":"00000000-0000-0150-ffff-ffff00000024"}&amp#27;[39m
&amp#27;[38;5;192m[21edc1c7]&amp#27;[0m&amp#27;[38;5;-25m[AndroidUiautomator2Driver@2336]&amp#27;[0m Calling AppiumDriver.click() with args: ["00000000-0000-0150-ffff-ffff00000024","21edc1c7-065d-4901-b63b-5a354eddaf7a"]
&amp#27;[38;5;192m[21edc1c7]&amp#27;[0m&amp#27;[38;5;-25m[AndroidUiautomator2Driver@2336]&amp#27;[0m Matched '/element/00000000-0000-0150-ffff-ffff00000024/click' to command name 'click'
&amp#27;[38;5;192m[21edc1c7]&amp#27;[0m&amp#27;[38;5;-25m[AndroidUiautomator2Driver@2336]&amp#27;[0m Proxying [POST /element/00000000-0000-0150-ffff-ffff00000024/click] to [POST http://127.0.0.1:8200/session/ec29d363-93a1-405a-b18e-ed0f88bdf279/element/00000000-0000-0150-ffff-ffff00000024/click] with body: {"element":"00000000-0000-0150-ffff-ffff00000024"}
&amp#27;[38;5;192m[21edc1c7]&amp#27;[0m&amp#27;[38;5;-25m[AndroidUiautomator2Driver@2336]&amp#27;[0m Got response with status 200: {"sessionId":"ec29d363-93a1-405a-b18e-ed0f88bdf279","value":null}
&amp#27;[38;5;192m[21edc1c7]&amp#27;[0m&amp#27;[38;5;-25m[AndroidUiautomator2Driver@2336]&amp#27;[0m Responding to client with driver.click() result: null
&amp#27;[38;5;192m[21edc1c7]&amp#27;[0m&amp#27;[38;5;86m[HTTP]&amp#27;[0m &amp#27;[37m<-- POST /session/21edc1c7-065d-4901-b63b-5a354eddaf7a/element/00000000-0000-0150-ffff-ffff00000024/click &amp#27;[39m&amp#27;[32m200&amp#27;[39m &amp#27;[90m93 ms - 14&amp#27;[39m &amp#27;[90m&amp#27;[39m
&amp#27;[38;5;192m[21edc1c7]&amp#27;[0m&amp#27;[38;5;86m[HTTP]&amp#27;[0m &amp#27;[37m-->&amp#27;[39m &amp#27;[37mPOST&amp#27;[39m &amp#27;[37m/session/21edc1c7-065d-4901-b63b-5a354eddaf7a/element&amp#27;[39m &amp#27;[90m{"value":"new UiScrollable(new UiSelector()).scrollIntoView(text(\"Australia\"));","using":"-android uiautomator"}&amp#27;[39m
&amp#27;[38;5;192m[21edc1c7]&amp#27;[0m&amp#27;[38;5;-25m[AndroidUiautomator2Driver@2336]&amp#27;[0m Calling AppiumDriver.findElement() with args: ["-android uiautomator","new UiScrollable(new UiSelector()).scrollIntoView(text(\"Australia\"));","21edc1c7-065d-4901-b63b-5a354eddaf7a"]
&amp#27;[38;5;192m[21edc1c7]&amp#27;[0m&amp#27;[38;5;-25m[AndroidUiautomator2Driver@2336]&amp#27;[0m Valid locator strategies for this request: xpath, id, class name, accessibility id, css selector, -android uiautomator
&amp#27;[38;5;192m[21edc1c7]&amp#27;[0m&amp#27;[38;5;-25m[AndroidUiautomator2Driver@2336]&amp#27;[0m Waiting up to 15000 ms for condition
&amp#27;[38;5;192m[21edc1c7]&amp#27;[0m&amp#27;[38;5;-25m[AndroidUiautomator2Driver@2336]&amp#27;[0m Matched '/element' to command name 'findElement'
&amp#27;[38;5;192m[21edc1c7]&amp#27;[0m&amp#27;[38;5;-25m[AndroidUiautomator2Driver@2336]&amp#27;[0m Proxying [POST /element] to [POST http://127.0.0.1:8200/session/ec29d363-93a1-405a-b18e-ed0f88bdf279/element] with body: {"strategy":"-android uiautomator","selector":"new UiScrollable(new UiSelector()).scrollIntoView(text(\"Australia\"));","context":"","multiple":false}
&amp#27;[38;5;192m[21edc1c7]&amp#27;[0m&amp#27;[38;5;-25m[AndroidUiautomator2Driver@2336]&amp#27;[0m Got response with status 200: {"sessionId":"ec29d363-93a1-405a-b18e-ed0f88bdf279","value":{"ELEMENT":"00000000-0000-0151-ffff-ffff0000002c","element-6066-11e4-a52e-4f735466cecf":"00000000-0000-0151-ffff-ffff0000002c"}}
&amp#27;[38;5;192m[21edc1c7]&amp#27;[0m&amp#27;[38;5;-25m[AndroidUiautomator2Driver@2336]&amp#27;[0m Responding to client with driver.findElement() result: {"element-6066-11e4-a52e-4f735466cecf":"00000000-0000-0151-ffff-ffff0000002c","ELEMENT":"00000000-0000-0151-ffff-ffff0000002c"}
&amp#27;[38;5;192m[21edc1c7]&amp#27;[0m&amp#27;[38;5;86m[HTTP]&amp#27;[0m &amp#27;[37m<-- POST /session/21edc1c7-065d-4901-b63b-5a354eddaf7a/element &amp#27;[39m&amp#27;[32m200&amp#27;[39m &amp#27;[90m4891 ms - 137&amp#27;[39m &amp#27;[90m&amp#27;[39m
&amp#27;[38;5;192m[21edc1c7]&amp#27;[0m&amp#27;[38;5;86m[HTTP]&amp#27;[0m &amp#27;[37m-->&amp#27;[39m &amp#27;[37mGET&amp#27;[39m &amp#27;[37m/session/21edc1c7-065d-4901-b63b-5a354eddaf7a/context&amp#27;[39m &amp#27;[90m{}&amp#27;[39m
&amp#27;[38;5;192m[21edc1c7]&amp#27;[0m&amp#27;[38;5;-25m[AndroidUiautomator2Driver@2336]&amp#27;[0m Calling AppiumDriver.getCurrentContext() with args: ["21edc1c7-065d-4901-b63b-5a354eddaf7a"]
&amp#27;[38;5;192m[21edc1c7]&amp#27;[0m&amp#27;[38;5;-25m[AndroidUiautomator2Driver@2336]&amp#27;[0m Responding to client with driver.getCurrentContext() result: "NATIVE_APP"
&amp#27;[38;5;192m[21edc1c7]&amp#27;[0m&amp#27;[38;5;86m[HTTP]&amp#27;[0m &amp#27;[37m<-- GET /session/21edc1c7-065d-4901-b63b-5a354eddaf7a/context &amp#27;[39m&amp#27;[32m200&amp#27;[39m &amp#27;[90m3 ms - 22&amp#27;[39m &amp#27;[90m&amp#27;[39m
&amp#27;[38;5;192m[21edc1c7]&amp#27;[0m&amp#27;[38;5;86m[HTTP]&amp#27;[0m &amp#27;[37m-->&amp#27;[39m &amp#27;[37mPOST&amp#27;[39m &amp#27;[37m/session/21edc1c7-065d-4901-b63b-5a354eddaf7a/element&amp#27;[39m &amp#27;[90m{"value":"//android.widget.TextView[@text='Australia']","using":"xpath"}&amp#27;[39m
&amp#27;[38;5;192m[21edc1c7]&amp#27;[0m&amp#27;[38;5;-25m[AndroidUiautomator2Driver@2336]&amp#27;[0m Calling AppiumDriver.findElement() with args: ["xpath","//android.widget.TextView[@text='Australia']","21edc1c7-065d-4901-b63b-5a354eddaf7a"]
&amp#27;[38;5;192m[21edc1c7]&amp#27;[0m&amp#27;[38;5;-25m[AndroidUiautomator2Driver@2336]&amp#27;[0m Valid locator strategies for this request: xpath, id, class name, accessibility id, css selector, -android uiautomator
&amp#27;[38;5;192m[21edc1c7]&amp#27;[0m&amp#27;[38;5;-25m[AndroidUiautomator2Driver@2336]&amp#27;[0m Waiting up to 15000 ms for condition
&amp#27;[38;5;192m[21edc1c7]&amp#27;[0m&amp#27;[38;5;-25m[AndroidUiautomator2Driver@2336]&amp#27;[0m Matched '/element' to command name 'findElement'
&amp#27;[38;5;192m[21edc1c7]&amp#27;[0m&amp#27;[38;5;-25m[AndroidUiautomator2Driver@2336]&amp#27;[0m Proxying [POST /element] to [POST http://127.0.0.1:8200/session/ec29d363-93a1-405a-b18e-ed0f88bdf279/element] with body: {"strategy":"xpath","selector":"//android.widget.TextView[@text='Australia']","context":"","multiple":false}
&amp#27;[38;5;192m[21edc1c7]&amp#27;[0m&amp#27;[38;5;-25m[AndroidUiautomator2Driver@2336]&amp#27;[0m Got response with status 200: {"sessionId":"ec29d363-93a1-405a-b18e-ed0f88bdf279","value":{"ELEMENT":"00000000-0000-0151-ffff-ffff0000002c","element-6066-11e4-a52e-4f735466cecf":"00000000-0000-0151-ffff-ffff0000002c"}}
&amp#27;[38;5;192m[21edc1c7]&amp#27;[0m&amp#27;[38;5;-25m[AndroidUiautomator2Driver@2336]&amp#27;[0m Responding to client with driver.findElement() result: {"element-6066-11e4-a52e-4f735466cecf":"00000000-0000-0151-ffff-ffff0000002c","ELEMENT":"00000000-0000-0151-ffff-ffff0000002c"}
&amp#27;[38;5;192m[21edc1c7]&amp#27;[0m&amp#27;[38;5;86m[HTTP]&amp#27;[0m &amp#27;[37m<-- POST /session/21edc1c7-065d-4901-b63b-5a354eddaf7a/element &amp#27;[39m&amp#27;[32m200&amp#27;[39m &amp#27;[90m642 ms - 137&amp#27;[39m &amp#27;[90m&amp#27;[39m
&amp#27;[38;5;192m[21edc1c7]&amp#27;[0m&amp#27;[38;5;86m[HTTP]&amp#27;[0m &amp#27;[37m-->&amp#27;[39m &amp#27;[37mPOST&amp#27;[39m &amp#27;[37m/session/21edc1c7-065d-4901-b63b-5a354eddaf7a/element/00000000-0000-0151-ffff-ffff0000002c/click&amp#27;[39m &amp#27;[90m{"id":"00000000-0000-0151-ffff-ffff0000002c"}&amp#27;[39m
&amp#27;[38;5;192m[21edc1c7]&amp#27;[0m&amp#27;[38;5;-25m[AndroidUiautomator2Driver@2336]&amp#27;[0m Calling AppiumDriver.click() with args: ["00000000-0000-0151-ffff-ffff0000002c","21edc1c7-065d-4901-b63b-5a354eddaf7a"]
&amp#27;[38;5;192m[21edc1c7]&amp#27;[0m&amp#27;[38;5;-25m[AndroidUiautomator2Driver@2336]&amp#27;[0m Matched '/element/00000000-0000-0151-ffff-ffff0000002c/click' to command name 'click'
&amp#27;[38;5;192m[21edc1c7]&amp#27;[0m&amp#27;[38;5;-25m[AndroidUiautomator2Driver@2336]&amp#27;[0m Proxying [POST /element/00000000-0000-0151-ffff-ffff0000002c/click] to [POST http://127.0.0.1:8200/session/ec29d363-93a1-405a-b18e-ed0f88bdf279/element/00000000-0000-0151-ffff-ffff0000002c/click] with body: {"element":"00000000-0000-0151-ffff-ffff0000002c"}
&amp#27;[38;5;192m[21edc1c7]&amp#27;[0m&amp#27;[38;5;-25m[AndroidUiautomator2Driver@2336]&amp#27;[0m Got response with status 200: {"sessionId":"ec29d363-93a1-405a-b18e-ed0f88bdf279","value":null}
&amp#27;[38;5;192m[21edc1c7]&amp#27;[0m&amp#27;[38;5;-25m[AndroidUiautomator2Driver@2336]&amp#27;[0m Responding to client with driver.click() result: null
&amp#27;[38;5;192m[21edc1c7]&amp#27;[0m&amp#27;[38;5;86m[HTTP]&amp#27;[0m &amp#27;[37m<-- POST /session/21edc1c7-065d-4901-b63b-5a354eddaf7a/element/00000000-0000-0151-ffff-ffff0000002c/click &amp#27;[39m&amp#27;[32m200&amp#27;[39m &amp#27;[90m759 ms - 14&amp#27;[39m &amp#27;[90m&amp#27;[39m
&amp#27;[38;5;192m[21edc1c7]&amp#27;[0m&amp#27;[38;5;86m[HTTP]&amp#27;[0m &amp#27;[37m-->&amp#27;[39m &amp#27;[37mGET&amp#27;[39m &amp#27;[37m/session/21edc1c7-065d-4901-b63b-5a354eddaf7a/context&amp#27;[39m &amp#27;[90m{}&amp#27;[39m
&amp#27;[38;5;192m[21edc1c7]&amp#27;[0m&amp#27;[38;5;-25m[AndroidUiautomator2Driver@2336]&amp#27;[0m Calling AppiumDriver.getCurrentContext() with args: ["21edc1c7-065d-4901-b63b-5a354eddaf7a"]
&amp#27;[38;5;192m[21edc1c7]&amp#27;[0m&amp#27;[38;5;-25m[AndroidUiautomator2Driver@2336]&amp#27;[0m Responding to client with driver.getCurrentContext() result: "NATIVE_APP"
&amp#27;[38;5;192m[21edc1c7]&amp#27;[0m&amp#27;[38;5;86m[HTTP]&amp#27;[0m &amp#27;[37m<-- GET /session/21edc1c7-065d-4901-b63b-5a354eddaf7a/context &amp#27;[39m&amp#27;[32m200&amp#27;[39m &amp#27;[90m1 ms - 22&amp#27;[39m &amp#27;[90m&amp#27;[39m
&amp#27;[38;5;192m[21edc1c7]&amp#27;[0m&amp#27;[38;5;86m[HTTP]&amp#27;[0m &amp#27;[37m-->&amp#27;[39m &amp#27;[37mPOST&amp#27;[39m &amp#27;[37m/session/21edc1c7-065d-4901-b63b-5a354eddaf7a/element&amp#27;[39m &amp#27;[90m{"value":"com.androidsample.generalstore:id/nameField","using":"id"}&amp#27;[39m
&amp#27;[38;5;192m[21edc1c7]&amp#27;[0m&amp#27;[38;5;-25m[AndroidUiautomator2Driver@2336]&amp#27;[0m Calling AppiumDriver.findElement() with args: ["id","com.androidsample.generalstore:id/nameField","21edc1c7-065d-4901-b63b-5a354eddaf7a"]
&amp#27;[38;5;192m[21edc1c7]&amp#27;[0m&amp#27;[38;5;-25m[AndroidUiautomator2Driver@2336]&amp#27;[0m Valid locator strategies for this request: xpath, id, class name, accessibility id, css selector, -android uiautomator
&amp#27;[38;5;192m[21edc1c7]&amp#27;[0m&amp#27;[38;5;-25m[AndroidUiautomator2Driver@2336]&amp#27;[0m Waiting up to 15000 ms for condition
&amp#27;[38;5;192m[21edc1c7]&amp#27;[0m&amp#27;[38;5;-25m[AndroidUiautomator2Driver@2336]&amp#27;[0m Matched '/element' to command name 'findElement'
&amp#27;[38;5;192m[21edc1c7]&amp#27;[0m&amp#27;[38;5;-25m[AndroidUiautomator2Driver@2336]&amp#27;[0m Proxying [POST /element] to [POST http://127.0.0.1:8200/session/ec29d363-93a1-405a-b18e-ed0f88bdf279/element] with body: {"strategy":"id","selector":"com.androidsample.generalstore:id/nameField","context":"","multiple":false}
&amp#27;[38;5;192m[21edc1c7]&amp#27;[0m&amp#27;[38;5;-25m[AndroidUiautomator2Driver@2336]&amp#27;[0m Got response with status 200: {"sessionId":"ec29d363-93a1-405a-b18e-ed0f88bdf279","value":{"ELEMENT":"00000000-0000-0150-ffff-ffff0000001c","element-6066-11e4-a52e-4f735466cecf":"00000000-0000-0150-ffff-ffff0000001c"}}
&amp#27;[38;5;192m[21edc1c7]&amp#27;[0m&amp#27;[38;5;-25m[AndroidUiautomator2Driver@2336]&amp#27;[0m Responding to client with driver.findElement() result: {"element-6066-11e4-a52e-4f735466cecf":"00000000-0000-0150-ffff-ffff0000001c","ELEMENT":"00000000-0000-0150-ffff-ffff0000001c"}
&amp#27;[38;5;192m[21edc1c7]&amp#27;[0m&amp#27;[38;5;86m[HTTP]&amp#27;[0m &amp#27;[37m<-- POST /session/21edc1c7-065d-4901-b63b-5a354eddaf7a/element &amp#27;[39m&amp#27;[32m200&amp#27;[39m &amp#27;[90m19 ms - 137&amp#27;[39m &amp#27;[90m&amp#27;[39m
&amp#27;[38;5;192m[21edc1c7]&amp#27;[0m&amp#27;[38;5;86m[HTTP]&amp#27;[0m &amp#27;[37m-->&amp#27;[39m &amp#27;[37mPOST&amp#27;[39m &amp#27;[37m/session/21edc1c7-065d-4901-b63b-5a354eddaf7a/element/00000000-0000-0150-ffff-ffff0000001c/value&amp#27;[39m &amp#27;[90m{"text":"pranav","value":["p","r","a","n","a","v"],"id":"00000000-0000-0150-ffff-ffff0000001c"}&amp#27;[39m
&amp#27;[38;5;192m[21edc1c7]&amp#27;[0m&amp#27;[38;5;-25m[AndroidUiautomator2Driver@2336]&amp#27;[0m Calling AppiumDriver.setValue() with args: [["p","r","a","n","a","v"],"00000000-0000-0150-ffff-ffff0000001c","21edc1c7-065d-4901-b63b-5a354eddaf7a"]
&amp#27;[38;5;192m[21edc1c7]&amp#27;[0m&amp#27;[38;5;-25m[AndroidUiautomator2Driver@2336]&amp#27;[0m Matched '/element/00000000-0000-0150-ffff-ffff0000001c/value' to command name 'setValue'
&amp#27;[38;5;192m[21edc1c7]&amp#27;[0m&amp#27;[38;5;-25m[AndroidUiautomator2Driver@2336]&amp#27;[0m Added 'value' property ["p","r","a","n","a","v"] to 'setValue' request body
&amp#27;[38;5;192m[21edc1c7]&amp#27;[0m&amp#27;[38;5;-25m[AndroidUiautomator2Driver@2336]&amp#27;[0m Proxying [POST /element/00000000-0000-0150-ffff-ffff0000001c/value] to [POST http://127.0.0.1:8200/session/ec29d363-93a1-405a-b18e-ed0f88bdf279/element/00000000-0000-0150-ffff-ffff0000001c/value] with body: {"elementId":"00000000-0000-0150-ffff-ffff0000001c","text":"pranav","replace":false,"value":["p","r","a","n","a","v"]}
&amp#27;[38;5;192m[21edc1c7]&amp#27;[0m&amp#27;[38;5;-25m[AndroidUiautomator2Driver@2336]&amp#27;[0m Got response with status 200: {"sessionId":"ec29d363-93a1-405a-b18e-ed0f88bdf279","value":null}
&amp#27;[38;5;192m[21edc1c7]&amp#27;[0m&amp#27;[38;5;-25m[AndroidUiautomator2Driver@2336]&amp#27;[0m Responding to client with driver.setValue() result: null
&amp#27;[38;5;192m[21edc1c7]&amp#27;[0m&amp#27;[38;5;86m[HTTP]&amp#27;[0m &amp#27;[37m<-- POST /session/21edc1c7-065d-4901-b63b-5a354eddaf7a/element/00000000-0000-0150-ffff-ffff0000001c/value &amp#27;[39m&amp#27;[32m200&amp#27;[39m &amp#27;[90m554 ms - 14&amp#27;[39m &amp#27;[90m&amp#27;[39m
&amp#27;[38;5;192m[21edc1c7]&amp#27;[0m&amp#27;[38;5;86m[HTTP]&amp#27;[0m &amp#27;[37m-->&amp#27;[39m &amp#27;[37mPOST&amp#27;[39m &amp#27;[37m/session/21edc1c7-065d-4901-b63b-5a354eddaf7a/execute/sync&amp#27;[39m &amp#27;[90m{"script":"mobile: hideKeyboard","args":[]}&amp#27;[39m
&amp#27;[38;5;192m[21edc1c7]&amp#27;[0m&amp#27;[38;5;-25m[AndroidUiautomator2Driver@2336]&amp#27;[0m Calling AppiumDriver.execute() with args: ["mobile: hideKeyboard",[],"21edc1c7-065d-4901-b63b-5a354eddaf7a"]
&amp#27;[38;5;192m[21edc1c7]&amp#27;[0m&amp#27;[38;5;-25m[AndroidUiautomator2Driver@2336]&amp#27;[0m Executing native command 'mobile: hideKeyboard'
&amp#27;[38;5;192m[21edc1c7]&amp#27;[0m&amp#27;[38;5;229m[ADB]&amp#27;[0m Running 'C:\Users\HOME\AppData\Local\Android\Sdk\platform-tools\adb.exe -P 5037 -s emulator-5554 shell dumpsys input_method'
&amp#27;[38;5;192m[21edc1c7]&amp#27;[0m&amp#27;[38;5;229m[ADB]&amp#27;[0m Keyboard has no UI; no closing necessary
&amp#27;[38;5;192m[21edc1c7]&amp#27;[0m&amp#27;[38;5;-25m[AndroidUiautomator2Driver@2336]&amp#27;[0m Responding to client with driver.execute() result: false
&amp#27;[38;5;192m[21edc1c7]&amp#27;[0m&amp#27;[38;5;86m[HTTP]&amp#27;[0m &amp#27;[37m<-- POST /session/21edc1c7-065d-4901-b63b-5a354eddaf7a/execute/sync &amp#27;[39m&amp#27;[32m200&amp#27;[39m &amp#27;[90m392 ms - 15&amp#27;[39m &amp#27;[90m&amp#27;[39m
&amp#27;[38;5;192m[21edc1c7]&amp#27;[0m&amp#27;[38;5;86m[HTTP]&amp#27;[0m &amp#27;[37m-->&amp#27;[39m &amp#27;[37mGET&amp#27;[39m &amp#27;[37m/session/21edc1c7-065d-4901-b63b-5a354eddaf7a/context&amp#27;[39m &amp#27;[90m{}&amp#27;[39m
&amp#27;[38;5;192m[21edc1c7]&amp#27;[0m&amp#27;[38;5;-25m[AndroidUiautomator2Driver@2336]&amp#27;[0m Calling AppiumDriver.getCurrentContext() with args: ["21edc1c7-065d-4901-b63b-5a354eddaf7a"]
&amp#27;[38;5;192m[21edc1c7]&amp#27;[0m&amp#27;[38;5;-25m[AndroidUiautomator2Driver@2336]&amp#27;[0m Responding to client with driver.getCurrentContext() result: "NATIVE_APP"
&amp#27;[38;5;192m[21edc1c7]&amp#27;[0m&amp#27;[38;5;86m[HTTP]&amp#27;[0m &amp#27;[37m<-- GET /session/21edc1c7-065d-4901-b63b-5a354eddaf7a/context &amp#27;[39m&amp#27;[32m200&amp#27;[39m &amp#27;[90m2 ms - 22&amp#27;[39m &amp#27;[90m&amp#27;[39m
&amp#27;[38;5;192m[21edc1c7]&amp#27;[0m&amp#27;[38;5;86m[HTTP]&amp#27;[0m &amp#27;[37m-->&amp#27;[39m &amp#27;[37mPOST&amp#27;[39m &amp#27;[37m/session/21edc1c7-065d-4901-b63b-5a354eddaf7a/element&amp#27;[39m &amp#27;[90m{"value":"com.androidsample.generalstore:id/radioFemale","using":"id"}&amp#27;[39m
&amp#27;[38;5;192m[21edc1c7]&amp#27;[0m&amp#27;[38;5;-25m[AndroidUiautomator2Driver@2336]&amp#27;[0m Calling AppiumDriver.findElement() with args: ["id","com.androidsample.generalstore:id/radioFemale","21edc1c7-065d-4901-b63b-5a354eddaf7a"]
&amp#27;[38;5;192m[21edc1c7]&amp#27;[0m&amp#27;[38;5;-25m[AndroidUiautomator2Driver@2336]&amp#27;[0m Valid locator strategies for this request: xpath, id, class name, accessibility id, css selector, -android uiautomator
&amp#27;[38;5;192m[21edc1c7]&amp#27;[0m&amp#27;[38;5;-25m[AndroidUiautomator2Driver@2336]&amp#27;[0m Waiting up to 15000 ms for condition
&amp#27;[38;5;192m[21edc1c7]&amp#27;[0m&amp#27;[38;5;-25m[AndroidUiautomator2Driver@2336]&amp#27;[0m Matched '/element' to command name 'findElement'
&amp#27;[38;5;192m[21edc1c7]&amp#27;[0m&amp#27;[38;5;-25m[AndroidUiautomator2Driver@2336]&amp#27;[0m Proxying [POST /element] to [POST http://127.0.0.1:8200/session/ec29d363-93a1-405a-b18e-ed0f88bdf279/element] with body: {"strategy":"id","selector":"com.androidsample.generalstore:id/radioFemale","context":"","multiple":false}
&amp#27;[38;5;192m[21edc1c7]&amp#27;[0m&amp#27;[38;5;-25m[AndroidUiautomator2Driver@2336]&amp#27;[0m Got response with status 200: {"sessionId":"ec29d363-93a1-405a-b18e-ed0f88bdf279","value":{"ELEMENT":"00000000-0000-0150-ffff-ffff00000020","element-6066-11e4-a52e-4f735466cecf":"00000000-0000-0150-ffff-ffff00000020"}}
&amp#27;[38;5;192m[21edc1c7]&amp#27;[0m&amp#27;[38;5;-25m[AndroidUiautomator2Driver@2336]&amp#27;[0m Responding to client with driver.findElement() result: {"element-6066-11e4-a52e-4f735466cecf":"00000000-0000-0150-ffff-ffff00000020","ELEMENT":"00000000-0000-0150-ffff-ffff00000020"}
&amp#27;[38;5;192m[21edc1c7]&amp#27;[0m&amp#27;[38;5;86m[HTTP]&amp#27;[0m &amp#27;[37m<-- POST /session/21edc1c7-065d-4901-b63b-5a354eddaf7a/element &amp#27;[39m&amp#27;[32m200&amp#27;[39m &amp#27;[90m98 ms - 137&amp#27;[39m &amp#27;[90m&amp#27;[39m
&amp#27;[38;5;192m[21edc1c7]&amp#27;[0m&amp#27;[38;5;86m[HTTP]&amp#27;[0m &amp#27;[37m-->&amp#27;[39m &amp#27;[37mPOST&amp#27;[39m &amp#27;[37m/session/21edc1c7-065d-4901-b63b-5a354eddaf7a/element/00000000-0000-0150-ffff-ffff00000020/click&amp#27;[39m &amp#27;[90m{"id":"00000000-0000-0150-ffff-ffff00000020"}&amp#27;[39m
&amp#27;[38;5;192m[21edc1c7]&amp#27;[0m&amp#27;[38;5;-25m[AndroidUiautomator2Driver@2336]&amp#27;[0m Calling AppiumDriver.click() with args: ["00000000-0000-0150-ffff-ffff00000020","21edc1c7-065d-4901-b63b-5a354eddaf7a"]
&amp#27;[38;5;192m[21edc1c7]&amp#27;[0m&amp#27;[38;5;-25m[AndroidUiautomator2Driver@2336]&amp#27;[0m Matched '/element/00000000-0000-0150-ffff-ffff00000020/click' to command name 'click'
&amp#27;[38;5;192m[21edc1c7]&amp#27;[0m&amp#27;[38;5;-25m[AndroidUiautomator2Driver@2336]&amp#27;[0m Proxying [POST /element/00000000-0000-0150-ffff-ffff00000020/click] to [POST http://127.0.0.1:8200/session/ec29d363-93a1-405a-b18e-ed0f88bdf279/element/00000000-0000-0150-ffff-ffff00000020/click] with body: {"element":"00000000-0000-0150-ffff-ffff00000020"}
&amp#27;[38;5;192m[21edc1c7]&amp#27;[0m&amp#27;[38;5;-25m[AndroidUiautomator2Driver@2336]&amp#27;[0m Got response with status 200: {"sessionId":"ec29d363-93a1-405a-b18e-ed0f88bdf279","value":null}
&amp#27;[38;5;192m[21edc1c7]&amp#27;[0m&amp#27;[38;5;-25m[AndroidUiautomator2Driver@2336]&amp#27;[0m Responding to client with driver.click() result: null
&amp#27;[38;5;192m[21edc1c7]&amp#27;[0m&amp#27;[38;5;86m[HTTP]&amp#27;[0m &amp#27;[37m<-- POST /session/21edc1c7-065d-4901-b63b-5a354eddaf7a/element/00000000-0000-0150-ffff-ffff00000020/click &amp#27;[39m&amp#27;[32m200&amp#27;[39m &amp#27;[90m685 ms - 14&amp#27;[39m &amp#27;[90m&amp#27;[39m
&amp#27;[38;5;192m[21edc1c7]&amp#27;[0m&amp#27;[38;5;86m[HTTP]&amp#27;[0m &amp#27;[37m-->&amp#27;[39m &amp#27;[37mGET&amp#27;[39m &amp#27;[37m/session/21edc1c7-065d-4901-b63b-5a354eddaf7a/context&amp#27;[39m &amp#27;[90m{}&amp#27;[39m
&amp#27;[38;5;192m[21edc1c7]&amp#27;[0m&amp#27;[38;5;-25m[AndroidUiautomator2Driver@2336]&amp#27;[0m Calling AppiumDriver.getCurrentContext() with args: ["21edc1c7-065d-4901-b63b-5a354eddaf7a"]
&amp#27;[38;5;192m[21edc1c7]&amp#27;[0m&amp#27;[38;5;-25m[AndroidUiautomator2Driver@2336]&amp#27;[0m Responding to client with driver.getCurrentContext() result: "NATIVE_APP"
&amp#27;[38;5;192m[21edc1c7]&amp#27;[0m&amp#27;[38;5;86m[HTTP]&amp#27;[0m &amp#27;[37m<-- GET /session/21edc1c7-065d-4901-b63b-5a354eddaf7a/context &amp#27;[39m&amp#27;[32m200&amp#27;[39m &amp#27;[90m2 ms - 22&amp#27;[39m &amp#27;[90m&amp#27;[39m
&amp#27;[38;5;192m[21edc1c7]&amp#27;[0m&amp#27;[38;5;86m[HTTP]&amp#27;[0m &amp#27;[37m-->&amp#27;[39m &amp#27;[37mPOST&amp#27;[39m &amp#27;[37m/session/21edc1c7-065d-4901-b63b-5a354eddaf7a/element&amp#27;[39m &amp#27;[90m{"value":"com.androidsample.generalstore:id/btnLetsShop","using":"id"}&amp#27;[39m
&amp#27;[38;5;192m[21edc1c7]&amp#27;[0m&amp#27;[38;5;-25m[AndroidUiautomator2Driver@2336]&amp#27;[0m Calling AppiumDriver.findElement() with args: ["id","com.androidsample.generalstore:id/btnLetsShop","21edc1c7-065d-4901-b63b-5a354eddaf7a"]
&amp#27;[38;5;192m[21edc1c7]&amp#27;[0m&amp#27;[38;5;-25m[AndroidUiautomator2Driver@2336]&amp#27;[0m Valid locator strategies for this request: xpath, id, class name, accessibility id, css selector, -android uiautomator
&amp#27;[38;5;192m[21edc1c7]&amp#27;[0m&amp#27;[38;5;-25m[AndroidUiautomator2Driver@2336]&amp#27;[0m Waiting up to 15000 ms for condition
&amp#27;[38;5;192m[21edc1c7]&amp#27;[0m&amp#27;[38;5;-25m[AndroidUiautomator2Driver@2336]&amp#27;[0m Matched '/element' to command name 'findElement'
&amp#27;[38;5;192m[21edc1c7]&amp#27;[0m&amp#27;[38;5;-25m[AndroidUiautomator2Driver@2336]&amp#27;[0m Proxying [POST /element] to [POST http://127.0.0.1:8200/session/ec29d363-93a1-405a-b18e-ed0f88bdf279/element] with body: {"strategy":"id","selector":"com.androidsample.generalstore:id/btnLetsShop","context":"","multiple":false}
&amp#27;[38;5;192m[21edc1c7]&amp#27;[0m&amp#27;[38;5;-25m[AndroidUiautomator2Driver@2336]&amp#27;[0m Got response with status 200: {"sessionId":"ec29d363-93a1-405a-b18e-ed0f88bdf279","value":{"ELEMENT":"00000000-0000-0150-ffff-ffff00000021","element-6066-11e4-a52e-4f735466cecf":"00000000-0000-0150-ffff-ffff00000021"}}
&amp#27;[38;5;192m[21edc1c7]&amp#27;[0m&amp#27;[38;5;-25m[AndroidUiautomator2Driver@2336]&amp#27;[0m Responding to client with driver.findElement() result: {"element-6066-11e4-a52e-4f735466cecf":"00000000-0000-0150-ffff-ffff00000021","ELEMENT":"00000000-0000-0150-ffff-ffff00000021"}
&amp#27;[38;5;192m[21edc1c7]&amp#27;[0m&amp#27;[38;5;86m[HTTP]&amp#27;[0m &amp#27;[37m<-- POST /session/21edc1c7-065d-4901-b63b-5a354eddaf7a/element &amp#27;[39m&amp#27;[32m200&amp#27;[39m &amp#27;[90m35 ms - 137&amp#27;[39m &amp#27;[90m&amp#27;[39m
&amp#27;[38;5;192m[21edc1c7]&amp#27;[0m&amp#27;[38;5;86m[HTTP]&amp#27;[0m &amp#27;[37m-->&amp#27;[39m &amp#27;[37mPOST&amp#27;[39m &amp#27;[37m/session/21edc1c7-065d-4901-b63b-5a354eddaf7a/element/00000000-0000-0150-ffff-ffff00000021/click&amp#27;[39m &amp#27;[90m{"id":"00000000-0000-0150-ffff-ffff00000021"}&amp#27;[39m
&amp#27;[38;5;192m[21edc1c7]&amp#27;[0m&amp#27;[38;5;-25m[AndroidUiautomator2Driver@2336]&amp#27;[0m Calling AppiumDriver.click() with args: ["00000000-0000-0150-ffff-ffff00000021","21edc1c7-065d-4901-b63b-5a354eddaf7a"]
&amp#27;[38;5;192m[21edc1c7]&amp#27;[0m&amp#27;[38;5;-25m[AndroidUiautomator2Driver@2336]&amp#27;[0m Matched '/element/00000000-0000-0150-ffff-ffff00000021/click' to command name 'click'
&amp#27;[38;5;192m[21edc1c7]&amp#27;[0m&amp#27;[38;5;-25m[AndroidUiautomator2Driver@2336]&amp#27;[0m Proxying [POST /element/00000000-0000-0150-ffff-ffff00000021/click] to [POST http://127.0.0.1:8200/session/ec29d363-93a1-405a-b18e-ed0f88bdf279/element/00000000-0000-0150-ffff-ffff00000021/click] with body: {"element":"00000000-0000-0150-ffff-ffff00000021"}
&amp#27;[38;5;192m[21edc1c7]&amp#27;[0m&amp#27;[38;5;-25m[AndroidUiautomator2Driver@2336]&amp#27;[0m Got response with status 200: {"sessionId":"ec29d363-93a1-405a-b18e-ed0f88bdf279","value":null}
&amp#27;[38;5;192m[21edc1c7]&amp#27;[0m&amp#27;[38;5;-25m[AndroidUiautomator2Driver@2336]&amp#27;[0m Responding to client with driver.click() result: null
&amp#27;[38;5;192m[21edc1c7]&amp#27;[0m&amp#27;[38;5;86m[HTTP]&amp#27;[0m &amp#27;[37m<-- POST /session/21edc1c7-065d-4901-b63b-5a354eddaf7a/element/00000000-0000-0150-ffff-ffff00000021/click &amp#27;[39m&amp#27;[32m200&amp#27;[39m &amp#27;[90m96 ms - 14&amp#27;[39m &amp#27;[90m&amp#27;[39m
&amp#27;[38;5;192m[21edc1c7]&amp#27;[0m&amp#27;[38;5;86m[HTTP]&amp#27;[0m &amp#27;[37m-->&amp#27;[39m &amp#27;[37mGET&amp#27;[39m &amp#27;[37m/session/21edc1c7-065d-4901-b63b-5a354eddaf7a/context&amp#27;[39m &amp#27;[90m{}&amp#27;[39m
&amp#27;[38;5;192m[21edc1c7]&amp#27;[0m&amp#27;[38;5;-25m[AndroidUiautomator2Driver@2336]&amp#27;[0m Calling AppiumDriver.getCurrentContext() with args: ["21edc1c7-065d-4901-b63b-5a354eddaf7a"]
&amp#27;[38;5;192m[21edc1c7]&amp#27;[0m&amp#27;[38;5;-25m[AndroidUiautomator2Driver@2336]&amp#27;[0m Responding to client with driver.getCurrentContext() result: "NATIVE_APP"
&amp#27;[38;5;192m[21edc1c7]&amp#27;[0m&amp#27;[38;5;86m[HTTP]&amp#27;[0m &amp#27;[37m<-- GET /session/21edc1c7-065d-4901-b63b-5a354eddaf7a/context &amp#27;[39m&amp#27;[32m200&amp#27;[39m &amp#27;[90m2 ms - 22&amp#27;[39m &amp#27;[90m&amp#27;[39m
&amp#27;[38;5;192m[21edc1c7]&amp#27;[0m&amp#27;[38;5;86m[HTTP]&amp#27;[0m &amp#27;[37m-->&amp#27;[39m &amp#27;[37mPOST&amp#27;[39m &amp#27;[37m/session/21edc1c7-065d-4901-b63b-5a354eddaf7a/element&amp#27;[39m &amp#27;[90m{"value":"(//android.widget.TextView[@resource-id=\"com.androidsample.generalstore:id/productAddCart\"])[1]","using":"xpath"}&amp#27;[39m
&amp#27;[38;5;192m[21edc1c7]&amp#27;[0m&amp#27;[38;5;-25m[AndroidUiautomator2Driver@2336]&amp#27;[0m Calling AppiumDriver.findElement() with args: ["xpath","(//android.widget.TextView[@resource-id=\"com.androidsample.generalstore:id/productAddCart\"])[1]","21edc1c7-065d-4901-b63b-5a354eddaf7a"]
&amp#27;[38;5;192m[21edc1c7]&amp#27;[0m&amp#27;[38;5;-25m[AndroidUiautomator2Driver@2336]&amp#27;[0m Valid locator strategies for this request: xpath, id, class name, accessibility id, css selector, -android uiautomator
&amp#27;[38;5;192m[21edc1c7]&amp#27;[0m&amp#27;[38;5;-25m[AndroidUiautomator2Driver@2336]&amp#27;[0m Waiting up to 15000 ms for condition
&amp#27;[38;5;192m[21edc1c7]&amp#27;[0m&amp#27;[38;5;-25m[AndroidUiautomator2Driver@2336]&amp#27;[0m Matched '/element' to command name 'findElement'
&amp#27;[38;5;192m[21edc1c7]&amp#27;[0m&amp#27;[38;5;-25m[AndroidUiautomator2Driver@2336]&amp#27;[0m Proxying [POST /element] to [POST http://127.0.0.1:8200/session/ec29d363-93a1-405a-b18e-ed0f88bdf279/element] with body: {"strategy":"xpath","selector":"(//android.widget.TextView[@resource-id=\"com.androidsample.generalstore:id/productAddCart\"])[1]","context":"","multiple":false}
&amp#27;[38;5;192m[21edc1c7]&amp#27;[0m&amp#27;[38;5;-25m[AndroidUiautomator2Driver@2336]&amp#27;[0m Got response with status 404: {"sessionId":"ec29d363-93a1-405a-b18e-ed0f88bdf279","value":{"error":"no such element","message":"An element could not be located on the page using the given search parameters","stacktrace":"io.appium.uiautomator2.common.exceptions.ElementNotFoundException: An element could not be located on the page using the given search parameters\n\tat io.appium.uiautomator2.utils.ElementLocationHelpers.findElement(ElementLocationHelpers.java:156)\n\tat io.appium.uiautomator2.handler.FindElement.safeHandle(FindElement.java:60)\n\tat io.appium.uiautomator2.handler.request.SafeRequestHandler.handle(SafeRequestHandler.java:59)\n\tat io.appium.uiautomator2.server.AppiumServlet.handleRequest(AppiumServlet.java:259)\n\tat io.appium.uiautomator2.server.AppiumServlet.handleHttpRequest(AppiumServlet.java:253)\n\tat io.appium.uiautomator2.http.ServerHandler.channelRead(ServerHandler.java:77)\n\tat io.netty.channel.AbstractChannelHandlerContext.invokeChannelRead(AbstractChannelHandlerContext.java:366)\n\tat io.netty.channel.Abstr...
&amp#27;[38;5;192m[21edc1c7]&amp#27;[0m&amp#27;[38;5;123m[W3C]&amp#27;[0m Matched W3C error code 'no such element' to NoSuchElementError
&amp#27;[38;5;192m[21edc1c7]&amp#27;[0m&amp#27;[38;5;-25m[AndroidUiautomator2Driver@2336]&amp#27;[0m Waited for 497 ms so far
&amp#27;[38;5;192m[21edc1c7]&amp#27;[0m&amp#27;[38;5;-25m[AndroidUiautomator2Driver@2336]&amp#27;[0m Matched '/element' to command name 'findElement'
&amp#27;[38;5;192m[21edc1c7]&amp#27;[0m&amp#27;[38;5;-25m[AndroidUiautomator2Driver@2336]&amp#27;[0m Proxying [POST /element] to [POST http://127.0.0.1:8200/session/ec29d363-93a1-405a-b18e-ed0f88bdf279/element] with body: {"strategy":"xpath","selector":"(//android.widget.TextView[@resource-id=\"com.androidsample.generalstore:id/productAddCart\"])[1]","context":"","multiple":false}
&amp#27;[38;5;192m[21edc1c7]&amp#27;[0m&amp#27;[38;5;-25m[AndroidUiautomator2Driver@2336]&amp#27;[0m Got response with status 200: {"sessionId":"ec29d363-93a1-405a-b18e-ed0f88bdf279","value":{"ELEMENT":"00000000-0000-0152-ffff-ffff00000050","element-6066-11e4-a52e-4f735466cecf":"00000000-0000-0152-ffff-ffff00000050"}}
&amp#27;[38;5;192m[21edc1c7]&amp#27;[0m&amp#27;[38;5;-25m[AndroidUiautomator2Driver@2336]&amp#27;[0m Responding to client with driver.findElement() result: {"element-6066-11e4-a52e-4f735466cecf":"00000000-0000-0152-ffff-ffff00000050","ELEMENT":"00000000-0000-0152-ffff-ffff00000050"}
&amp#27;[38;5;192m[21edc1c7]&amp#27;[0m&amp#27;[38;5;86m[HTTP]&amp#27;[0m &amp#27;[37m<-- POST /session/21edc1c7-065d-4901-b63b-5a354eddaf7a/element &amp#27;[39m&amp#27;[32m200&amp#27;[39m &amp#27;[90m1647 ms - 137&amp#27;[39m &amp#27;[90m&amp#27;[39m
&amp#27;[38;5;192m[21edc1c7]&amp#27;[0m&amp#27;[38;5;86m[HTTP]&amp#27;[0m &amp#27;[37m-->&amp#27;[39m &amp#27;[37mPOST&amp#27;[39m &amp#27;[37m/session/21edc1c7-065d-4901-b63b-5a354eddaf7a/element/00000000-0000-0152-ffff-ffff00000050/click&amp#27;[39m &amp#27;[90m{"id":"00000000-0000-0152-ffff-ffff00000050"}&amp#27;[39m
&amp#27;[38;5;192m[21edc1c7]&amp#27;[0m&amp#27;[38;5;-25m[AndroidUiautomator2Driver@2336]&amp#27;[0m Calling AppiumDriver.click() with args: ["00000000-0000-0152-ffff-ffff00000050","21edc1c7-065d-4901-b63b-5a354eddaf7a"]
&amp#27;[38;5;192m[21edc1c7]&amp#27;[0m&amp#27;[38;5;-25m[AndroidUiautomator2Driver@2336]&amp#27;[0m Matched '/element/00000000-0000-0152-ffff-ffff00000050/click' to command name 'click'
&amp#27;[38;5;192m[21edc1c7]&amp#27;[0m&amp#27;[38;5;-25m[AndroidUiautomator2Driver@2336]&amp#27;[0m Proxying [POST /element/00000000-0000-0152-ffff-ffff00000050/click] to [POST http://127.0.0.1:8200/session/ec29d363-93a1-405a-b18e-ed0f88bdf279/element/00000000-0000-0152-ffff-ffff00000050/click] with body: {"element":"00000000-0000-0152-ffff-ffff00000050"}
&amp#27;[38;5;192m[21edc1c7]&amp#27;[0m&amp#27;[38;5;-25m[AndroidUiautomator2Driver@2336]&amp#27;[0m Got response with status 200: {"sessionId":"ec29d363-93a1-405a-b18e-ed0f88bdf279","value":null}
&amp#27;[38;5;192m[21edc1c7]&amp#27;[0m&amp#27;[38;5;-25m[AndroidUiautomator2Driver@2336]&amp#27;[0m Responding to client with driver.click() result: null
&amp#27;[38;5;192m[21edc1c7]&amp#27;[0m&amp#27;[38;5;86m[HTTP]&amp#27;[0m &amp#27;[37m<-- POST /session/21edc1c7-065d-4901-b63b-5a354eddaf7a/element/00000000-0000-0152-ffff-ffff00000050/click &amp#27;[39m&amp#27;[32m200&amp#27;[39m &amp#27;[90m549 ms - 14&amp#27;[39m &amp#27;[90m&amp#27;[39m
&amp#27;[38;5;192m[21edc1c7]&amp#27;[0m&amp#27;[38;5;86m[HTTP]&amp#27;[0m &amp#27;[37m-->&amp#27;[39m &amp#27;[37mPOST&amp#27;[39m &amp#27;[37m/session/21edc1c7-065d-4901-b63b-5a354eddaf7a/element&amp#27;[39m &amp#27;[90m{"value":"new UiScrollable(new UiSelector()).scrollIntoView(text(\"Converse All Star\"));","using":"-android uiautomator"}&amp#27;[39m
&amp#27;[38;5;192m[21edc1c7]&amp#27;[0m&amp#27;[38;5;-25m[AndroidUiautomator2Driver@2336]&amp#27;[0m Calling AppiumDriver.findElement() with args: ["-android uiautomator","new UiScrollable(new UiSelector()).scrollIntoView(text(\"Converse All Star\"));","21edc1c7-065d-4901-b63b-5a354eddaf7a"]
&amp#27;[38;5;192m[21edc1c7]&amp#27;[0m&amp#27;[38;5;-25m[AndroidUiautomator2Driver@2336]&amp#27;[0m Valid locator strategies for this request: xpath, id, class name, accessibility id, css selector, -android uiautomator
&amp#27;[38;5;192m[21edc1c7]&amp#27;[0m&amp#27;[38;5;-25m[AndroidUiautomator2Driver@2336]&amp#27;[0m Waiting up to 15000 ms for condition
&amp#27;[38;5;192m[21edc1c7]&amp#27;[0m&amp#27;[38;5;-25m[AndroidUiautomator2Driver@2336]&amp#27;[0m Matched '/element' to command name 'findElement'
&amp#27;[38;5;192m[21edc1c7]&amp#27;[0m&amp#27;[38;5;-25m[AndroidUiautomator2Driver@2336]&amp#27;[0m Proxying [POST /element] to [POST http://127.0.0.1:8200/session/ec29d363-93a1-405a-b18e-ed0f88bdf279/element] with body: {"strategy":"-android uiautomator","selector":"new UiScrollable(new UiSelector()).scrollIntoView(text(\"Converse All Star\"));","context":"","multiple":false}
&amp#27;[38;5;192m[21edc1c7]&amp#27;[0m&amp#27;[38;5;-25m[AndroidUiautomator2Driver@2336]&amp#27;[0m Got response with status 200: {"sessionId":"ec29d363-93a1-405a-b18e-ed0f88bdf279","value":{"ELEMENT":"00000000-0000-0152-ffff-ffff00000065","element-6066-11e4-a52e-4f735466cecf":"00000000-0000-0152-ffff-ffff00000065"}}
&amp#27;[38;5;192m[21edc1c7]&amp#27;[0m&amp#27;[38;5;-25m[AndroidUiautomator2Driver@2336]&amp#27;[0m Responding to client with driver.findElement() result: {"element-6066-11e4-a52e-4f735466cecf":"00000000-0000-0152-ffff-ffff00000065","ELEMENT":"00000000-0000-0152-ffff-ffff00000065"}
&amp#27;[38;5;192m[21edc1c7]&amp#27;[0m&amp#27;[38;5;86m[HTTP]&amp#27;[0m &amp#27;[37m<-- POST /session/21edc1c7-065d-4901-b63b-5a354eddaf7a/element &amp#27;[39m&amp#27;[32m200&amp#27;[39m &amp#27;[90m2992 ms - 137&amp#27;[39m &amp#27;[90m&amp#27;[39m
&amp#27;[38;5;192m[21edc1c7]&amp#27;[0m&amp#27;[38;5;86m[HTTP]&amp#27;[0m &amp#27;[37m-->&amp#27;[39m &amp#27;[37mGET&amp#27;[39m &amp#27;[37m/session/21edc1c7-065d-4901-b63b-5a354eddaf7a/context&amp#27;[39m &amp#27;[90m{}&amp#27;[39m
&amp#27;[38;5;192m[21edc1c7]&amp#27;[0m&amp#27;[38;5;-25m[AndroidUiautomator2Driver@2336]&amp#27;[0m Calling AppiumDriver.getCurrentContext() with args: ["21edc1c7-065d-4901-b63b-5a354eddaf7a"]
&amp#27;[38;5;192m[21edc1c7]&amp#27;[0m&amp#27;[38;5;-25m[AndroidUiautomator2Driver@2336]&amp#27;[0m Responding to client with driver.getCurrentContext() result: "NATIVE_APP"
&amp#27;[38;5;192m[21edc1c7]&amp#27;[0m&amp#27;[38;5;86m[HTTP]&amp#27;[0m &amp#27;[37m<-- GET /session/21edc1c7-065d-4901-b63b-5a354eddaf7a/context &amp#27;[39m&amp#27;[32m200&amp#27;[39m &amp#27;[90m2 ms - 22&amp#27;[39m &amp#27;[90m&amp#27;[39m
&amp#27;[38;5;192m[21edc1c7]&amp#27;[0m&amp#27;[38;5;86m[HTTP]&amp#27;[0m &amp#27;[37m-->&amp#27;[39m &amp#27;[37mPOST&amp#27;[39m &amp#27;[37m/session/21edc1c7-065d-4901-b63b-5a354eddaf7a/element&amp#27;[39m &amp#27;[90m{"value":"(//android.widget.TextView[@resource-id=\"com.androidsample.generalstore:id/productAddCart\"])[2]","using":"xpath"}&amp#27;[39m
&amp#27;[38;5;192m[21edc1c7]&amp#27;[0m&amp#27;[38;5;-25m[AndroidUiautomator2Driver@2336]&amp#27;[0m Calling AppiumDriver.findElement() with args: ["xpath","(//android.widget.TextView[@resource-id=\"com.androidsample.generalstore:id/productAddCart\"])[2]","21edc1c7-065d-4901-b63b-5a354eddaf7a"]
&amp#27;[38;5;192m[21edc1c7]&amp#27;[0m&amp#27;[38;5;-25m[AndroidUiautomator2Driver@2336]&amp#27;[0m Valid locator strategies for this request: xpath, id, class name, accessibility id, css selector, -android uiautomator
&amp#27;[38;5;192m[21edc1c7]&amp#27;[0m&amp#27;[38;5;-25m[AndroidUiautomator2Driver@2336]&amp#27;[0m Waiting up to 15000 ms for condition
&amp#27;[38;5;192m[21edc1c7]&amp#27;[0m&amp#27;[38;5;-25m[AndroidUiautomator2Driver@2336]&amp#27;[0m Matched '/element' to command name 'findElement'
&amp#27;[38;5;192m[21edc1c7]&amp#27;[0m&amp#27;[38;5;-25m[AndroidUiautomator2Driver@2336]&amp#27;[0m Proxying [POST /element] to [POST http://127.0.0.1:8200/session/ec29d363-93a1-405a-b18e-ed0f88bdf279/element] with body: {"strategy":"xpath","selector":"(//android.widget.TextView[@resource-id=\"com.androidsample.generalstore:id/productAddCart\"])[2]","context":"","multiple":false}
&amp#27;[38;5;192m[21edc1c7]&amp#27;[0m&amp#27;[38;5;-25m[AndroidUiautomator2Driver@2336]&amp#27;[0m Got response with status 200: {"sessionId":"ec29d363-93a1-405a-b18e-ed0f88bdf279","value":{"ELEMENT":"00000000-0000-0152-ffff-ffff00000069","element-6066-11e4-a52e-4f735466cecf":"00000000-0000-0152-ffff-ffff00000069"}}
&amp#27;[38;5;192m[21edc1c7]&amp#27;[0m&amp#27;[38;5;-25m[AndroidUiautomator2Driver@2336]&amp#27;[0m Responding to client with driver.findElement() result: {"element-6066-11e4-a52e-4f735466cecf":"00000000-0000-0152-ffff-ffff00000069","ELEMENT":"00000000-0000-0152-ffff-ffff00000069"}
&amp#27;[38;5;192m[21edc1c7]&amp#27;[0m&amp#27;[38;5;86m[HTTP]&amp#27;[0m &amp#27;[37m<-- POST /session/21edc1c7-065d-4901-b63b-5a354eddaf7a/element &amp#27;[39m&amp#27;[32m200&amp#27;[39m &amp#27;[90m59 ms - 137&amp#27;[39m &amp#27;[90m&amp#27;[39m
&amp#27;[38;5;192m[21edc1c7]&amp#27;[0m&amp#27;[38;5;86m[HTTP]&amp#27;[0m &amp#27;[37m-->&amp#27;[39m &amp#27;[37mPOST&amp#27;[39m &amp#27;[37m/session/21edc1c7-065d-4901-b63b-5a354eddaf7a/element/00000000-0000-0152-ffff-ffff00000069/click&amp#27;[39m &amp#27;[90m{"id":"00000000-0000-0152-ffff-ffff00000069"}&amp#27;[39m
&amp#27;[38;5;192m[21edc1c7]&amp#27;[0m&amp#27;[38;5;-25m[AndroidUiautomator2Driver@2336]&amp#27;[0m Calling AppiumDriver.click() with args: ["00000000-0000-0152-ffff-ffff00000069","21edc1c7-065d-4901-b63b-5a354eddaf7a"]
&amp#27;[38;5;192m[21edc1c7]&amp#27;[0m&amp#27;[38;5;-25m[AndroidUiautomator2Driver@2336]&amp#27;[0m Matched '/element/00000000-0000-0152-ffff-ffff00000069/click' to command name 'click'
&amp#27;[38;5;192m[21edc1c7]&amp#27;[0m&amp#27;[38;5;-25m[AndroidUiautomator2Driver@2336]&amp#27;[0m Proxying [POST /element/00000000-0000-0152-ffff-ffff00000069/click] to [POST http://127.0.0.1:8200/session/ec29d363-93a1-405a-b18e-ed0f88bdf279/element/00000000-0000-0152-ffff-ffff00000069/click] with body: {"element":"00000000-0000-0152-ffff-ffff00000069"}
&amp#27;[38;5;192m[21edc1c7]&amp#27;[0m&amp#27;[38;5;-25m[AndroidUiautomator2Driver@2336]&amp#27;[0m Got response with status 200: {"sessionId":"ec29d363-93a1-405a-b18e-ed0f88bdf279","value":null}
&amp#27;[38;5;192m[21edc1c7]&amp#27;[0m&amp#27;[38;5;-25m[AndroidUiautomator2Driver@2336]&amp#27;[0m Responding to client with driver.click() result: null
&amp#27;[38;5;192m[21edc1c7]&amp#27;[0m&amp#27;[38;5;86m[HTTP]&amp#27;[0m &amp#27;[37m<-- POST /session/21edc1c7-065d-4901-b63b-5a354eddaf7a/element/00000000-0000-0152-ffff-ffff00000069/click &amp#27;[39m&amp#27;[32m200&amp#27;[39m &amp#27;[90m559 ms - 14&amp#27;[39m &amp#27;[90m&amp#27;[39m
&amp#27;[38;5;192m[21edc1c7]&amp#27;[0m&amp#27;[38;5;86m[HTTP]&amp#27;[0m &amp#27;[37m-->&amp#27;[39m &amp#27;[37mGET&amp#27;[39m &amp#27;[37m/session/21edc1c7-065d-4901-b63b-5a354eddaf7a/context&amp#27;[39m &amp#27;[90m{}&amp#27;[39m
&amp#27;[38;5;192m[21edc1c7]&amp#27;[0m&amp#27;[38;5;-25m[AndroidUiautomator2Driver@2336]&amp#27;[0m Calling AppiumDriver.getCurrentContext() with args: ["21edc1c7-065d-4901-b63b-5a354eddaf7a"]
&amp#27;[38;5;192m[21edc1c7]&amp#27;[0m&amp#27;[38;5;-25m[AndroidUiautomator2Driver@2336]&amp#27;[0m Responding to client with driver.getCurrentContext() result: "NATIVE_APP"
&amp#27;[38;5;192m[21edc1c7]&amp#27;[0m&amp#27;[38;5;86m[HTTP]&amp#27;[0m &amp#27;[37m<-- GET /session/21edc1c7-065d-4901-b63b-5a354eddaf7a/context &amp#27;[39m&amp#27;[32m200&amp#27;[39m &amp#27;[90m2 ms - 22&amp#27;[39m &amp#27;[90m&amp#27;[39m
&amp#27;[38;5;192m[21edc1c7]&amp#27;[0m&amp#27;[38;5;86m[HTTP]&amp#27;[0m &amp#27;[37m-->&amp#27;[39m &amp#27;[37mPOST&amp#27;[39m &amp#27;[37m/session/21edc1c7-065d-4901-b63b-5a354eddaf7a/element&amp#27;[39m &amp#27;[90m{"value":"com.androidsample.generalstore:id/appbar_btn_cart","using":"id"}&amp#27;[39m
&amp#27;[38;5;192m[21edc1c7]&amp#27;[0m&amp#27;[38;5;-25m[AndroidUiautomator2Driver@2336]&amp#27;[0m Calling AppiumDriver.findElement() with args: ["id","com.androidsample.generalstore:id/appbar_btn_cart","21edc1c7-065d-4901-b63b-5a354eddaf7a"]
&amp#27;[38;5;192m[21edc1c7]&amp#27;[0m&amp#27;[38;5;-25m[AndroidUiautomator2Driver@2336]&amp#27;[0m Valid locator strategies for this request: xpath, id, class name, accessibility id, css selector, -android uiautomator
&amp#27;[38;5;192m[21edc1c7]&amp#27;[0m&amp#27;[38;5;-25m[AndroidUiautomator2Driver@2336]&amp#27;[0m Waiting up to 15000 ms for condition
&amp#27;[38;5;192m[21edc1c7]&amp#27;[0m&amp#27;[38;5;-25m[AndroidUiautomator2Driver@2336]&amp#27;[0m Matched '/element' to command name 'findElement'
&amp#27;[38;5;192m[21edc1c7]&amp#27;[0m&amp#27;[38;5;-25m[AndroidUiautomator2Driver@2336]&amp#27;[0m Proxying [POST /element] to [POST http://127.0.0.1:8200/session/ec29d363-93a1-405a-b18e-ed0f88bdf279/element] with body: {"strategy":"id","selector":"com.androidsample.generalstore:id/appbar_btn_cart","context":"","multiple":false}
&amp#27;[38;5;192m[21edc1c7]&amp#27;[0m&amp#27;[38;5;-25m[AndroidUiautomator2Driver@2336]&amp#27;[0m Got response with status 200: {"sessionId":"ec29d363-93a1-405a-b18e-ed0f88bdf279","value":{"ELEMENT":"00000000-0000-0152-ffff-ffff00000043","element-6066-11e4-a52e-4f735466cecf":"00000000-0000-0152-ffff-ffff00000043"}}
&amp#27;[38;5;192m[21edc1c7]&amp#27;[0m&amp#27;[38;5;-25m[AndroidUiautomator2Driver@2336]&amp#27;[0m Responding to client with driver.findElement() result: {"element-6066-11e4-a52e-4f735466cecf":"00000000-0000-0152-ffff-ffff00000043","ELEMENT":"00000000-0000-0152-ffff-ffff00000043"}
&amp#27;[38;5;192m[21edc1c7]&amp#27;[0m&amp#27;[38;5;86m[HTTP]&amp#27;[0m &amp#27;[37m<-- POST /session/21edc1c7-065d-4901-b63b-5a354eddaf7a/element &amp#27;[39m&amp#27;[32m200&amp#27;[39m &amp#27;[90m18 ms - 137&amp#27;[39m &amp#27;[90m&amp#27;[39m
&amp#27;[38;5;192m[21edc1c7]&amp#27;[0m&amp#27;[38;5;86m[HTTP]&amp#27;[0m &amp#27;[37m-->&amp#27;[39m &amp#27;[37mPOST&amp#27;[39m &amp#27;[37m/session/21edc1c7-065d-4901-b63b-5a354eddaf7a/element/00000000-0000-0152-ffff-ffff00000043/click&amp#27;[39m &amp#27;[90m{"id":"00000000-0000-0152-ffff-ffff00000043"}&amp#27;[39m
&amp#27;[38;5;192m[21edc1c7]&amp#27;[0m&amp#27;[38;5;-25m[AndroidUiautomator2Driver@2336]&amp#27;[0m Calling AppiumDriver.click() with args: ["00000000-0000-0152-ffff-ffff00000043","21edc1c7-065d-4901-b63b-5a354eddaf7a"]
&amp#27;[38;5;192m[21edc1c7]&amp#27;[0m&amp#27;[38;5;-25m[AndroidUiautomator2Driver@2336]&amp#27;[0m Matched '/element/00000000-0000-0152-ffff-ffff00000043/click' to command name 'click'
&amp#27;[38;5;192m[21edc1c7]&amp#27;[0m&amp#27;[38;5;-25m[AndroidUiautomator2Driver@2336]&amp#27;[0m Proxying [POST /element/00000000-0000-0152-ffff-ffff00000043/click] to [POST http://127.0.0.1:8200/session/ec29d363-93a1-405a-b18e-ed0f88bdf279/element/00000000-0000-0152-ffff-ffff00000043/click] with body: {"element":"00000000-0000-0152-ffff-ffff00000043"}
&amp#27;[38;5;192m[21edc1c7]&amp#27;[0m&amp#27;[38;5;-25m[AndroidUiautomator2Driver@2336]&amp#27;[0m Got response with status 200: {"sessionId":"ec29d363-93a1-405a-b18e-ed0f88bdf279","value":null}
&amp#27;[38;5;192m[21edc1c7]&amp#27;[0m&amp#27;[38;5;-25m[AndroidUiautomator2Driver@2336]&amp#27;[0m Responding to client with driver.click() result: null
&amp#27;[38;5;192m[21edc1c7]&amp#27;[0m&amp#27;[38;5;86m[HTTP]&amp#27;[0m &amp#27;[37m<-- POST /session/21edc1c7-065d-4901-b63b-5a354eddaf7a/element/00000000-0000-0152-ffff-ffff00000043/click &amp#27;[39m&amp#27;[32m200&amp#27;[39m &amp#27;[90m86 ms - 14&amp#27;[39m &amp#27;[90m&amp#27;[39m
&amp#27;[38;5;192m[21edc1c7]&amp#27;[0m&amp#27;[38;5;86m[HTTP]&amp#27;[0m &amp#27;[37m-->&amp#27;[39m &amp#27;[37mGET&amp#27;[39m &amp#27;[37m/session/21edc1c7-065d-4901-b63b-5a354eddaf7a/context&amp#27;[39m &amp#27;[90m{}&amp#27;[39m
&amp#27;[38;5;192m[21edc1c7]&amp#27;[0m&amp#27;[38;5;-25m[AndroidUiautomator2Driver@2336]&amp#27;[0m Calling AppiumDriver.getCurrentContext() with args: ["21edc1c7-065d-4901-b63b-5a354eddaf7a"]
&amp#27;[38;5;192m[21edc1c7]&amp#27;[0m&amp#27;[38;5;-25m[AndroidUiautomator2Driver@2336]&amp#27;[0m Responding to client with driver.getCurrentContext() result: "NATIVE_APP"
&amp#27;[38;5;192m[21edc1c7]&amp#27;[0m&amp#27;[38;5;86m[HTTP]&amp#27;[0m &amp#27;[37m<-- GET /session/21edc1c7-065d-4901-b63b-5a354eddaf7a/context &amp#27;[39m&amp#27;[32m200&amp#27;[39m &amp#27;[90m2 ms - 22&amp#27;[39m &amp#27;[90m&amp#27;[39m
&amp#27;[38;5;192m[21edc1c7]&amp#27;[0m&amp#27;[38;5;86m[HTTP]&amp#27;[0m &amp#27;[37m-->&amp#27;[39m &amp#27;[37mPOST&amp#27;[39m &amp#27;[37m/session/21edc1c7-065d-4901-b63b-5a354eddaf7a/element&amp#27;[39m &amp#27;[90m{"value":"com.androidsample.generalstore:id/totalAmountLbl","using":"id"}&amp#27;[39m
&amp#27;[38;5;192m[21edc1c7]&amp#27;[0m&amp#27;[38;5;-25m[AndroidUiautomator2Driver@2336]&amp#27;[0m Calling AppiumDriver.findElement() with args: ["id","com.androidsample.generalstore:id/totalAmountLbl","21edc1c7-065d-4901-b63b-5a354eddaf7a"]
&amp#27;[38;5;192m[21edc1c7]&amp#27;[0m&amp#27;[38;5;-25m[AndroidUiautomator2Driver@2336]&amp#27;[0m Valid locator strategies for this request: xpath, id, class name, accessibility id, css selector, -android uiautomator
&amp#27;[38;5;192m[21edc1c7]&amp#27;[0m&amp#27;[38;5;-25m[AndroidUiautomator2Driver@2336]&amp#27;[0m Waiting up to 15000 ms for condition
&amp#27;[38;5;192m[21edc1c7]&amp#27;[0m&amp#27;[38;5;-25m[AndroidUiautomator2Driver@2336]&amp#27;[0m Matched '/element' to command name 'findElement'
&amp#27;[38;5;192m[21edc1c7]&amp#27;[0m&amp#27;[38;5;-25m[AndroidUiautomator2Driver@2336]&amp#27;[0m Proxying [POST /element] to [POST http://127.0.0.1:8200/session/ec29d363-93a1-405a-b18e-ed0f88bdf279/element] with body: {"strategy":"id","selector":"com.androidsample.generalstore:id/totalAmountLbl","context":"","multiple":false}
&amp#27;[38;5;192m[21edc1c7]&amp#27;[0m&amp#27;[38;5;-25m[AndroidUiautomator2Driver@2336]&amp#27;[0m Got response with status 200: {"sessionId":"ec29d363-93a1-405a-b18e-ed0f88bdf279","value":{"ELEMENT":"00000000-0000-0153-ffff-ffff00000089","element-6066-11e4-a52e-4f735466cecf":"00000000-0000-0153-ffff-ffff00000089"}}
&amp#27;[38;5;192m[21edc1c7]&amp#27;[0m&amp#27;[38;5;-25m[AndroidUiautomator2Driver@2336]&amp#27;[0m Responding to client with driver.findElement() result: {"element-6066-11e4-a52e-4f735466cecf":"00000000-0000-0153-ffff-ffff00000089","ELEMENT":"00000000-0000-0153-ffff-ffff00000089"}
&amp#27;[38;5;192m[21edc1c7]&amp#27;[0m&amp#27;[38;5;86m[HTTP]&amp#27;[0m &amp#27;[37m<-- POST /session/21edc1c7-065d-4901-b63b-5a354eddaf7a/element &amp#27;[39m&amp#27;[32m200&amp#27;[39m &amp#27;[90m1337 ms - 137&amp#27;[39m &amp#27;[90m&amp#27;[39m
&amp#27;[38;5;192m[21edc1c7]&amp#27;[0m&amp#27;[38;5;86m[HTTP]&amp#27;[0m &amp#27;[37m-->&amp#27;[39m &amp#27;[37mGET&amp#27;[39m &amp#27;[37m/session/21edc1c7-065d-4901-b63b-5a354eddaf7a/element/00000000-0000-0153-ffff-ffff00000089/text&amp#27;[39m &amp#27;[90m{}&amp#27;[39m
&amp#27;[38;5;192m[21edc1c7]&amp#27;[0m&amp#27;[38;5;-25m[AndroidUiautomator2Driver@2336]&amp#27;[0m Driver proxy active, passing request on via HTTP proxy
&amp#27;[38;5;192m[21edc1c7]&amp#27;[0m&amp#27;[38;5;-25m[AndroidUiautomator2Driver@2336]&amp#27;[0m Matched '/session/21edc1c7-065d-4901-b63b-5a354eddaf7a/element/00000000-0000-0153-ffff-ffff00000089/text' to command name 'getText'
&amp#27;[38;5;192m[21edc1c7]&amp#27;[0m&amp#27;[38;5;-25m[AndroidUiautomator2Driver@2336]&amp#27;[0m Proxying [GET /session/21edc1c7-065d-4901-b63b-5a354eddaf7a/element/00000000-0000-0153-ffff-ffff00000089/text] to [GET http://127.0.0.1:8200/session/ec29d363-93a1-405a-b18e-ed0f88bdf279/element/00000000-0000-0153-ffff-ffff00000089/text] with no body
&amp#27;[38;5;192m[21edc1c7]&amp#27;[0m&amp#27;[38;5;-25m[AndroidUiautomator2Driver@2336]&amp#27;[0m Got response with status 200: {"sessionId":"ec29d363-93a1-405a-b18e-ed0f88bdf279","value":"$ 215.97"}
&amp#27;[38;5;192m[21edc1c7]&amp#27;[0m&amp#27;[38;5;-25m[AndroidUiautomator2Driver@2336]&amp#27;[0m Replacing sessionId ec29d363-93a1-405a-b18e-ed0f88bdf279 with 21edc1c7-065d-4901-b63b-5a354eddaf7a
&amp#27;[38;5;192m[21edc1c7]&amp#27;[0m&amp#27;[38;5;86m[HTTP]&amp#27;[0m &amp#27;[37m<-- GET /session/21edc1c7-065d-4901-b63b-5a354eddaf7a/element/00000000-0000-0153-ffff-ffff00000089/text &amp#27;[39m&amp#27;[32m200&amp#27;[39m &amp#27;[90m18 ms - 71&amp#27;[39m &amp#27;[90m&amp#27;[39m
&amp#27;[38;5;192m[21edc1c7]&amp#27;[0m&amp#27;[38;5;86m[HTTP]&amp#27;[0m &amp#27;[37m-->&amp#27;[39m &amp#27;[37mGET&amp#27;[39m &amp#27;[37m/session/21edc1c7-065d-4901-b63b-5a354eddaf7a/context&amp#27;[39m &amp#27;[90m{}&amp#27;[39m
&amp#27;[38;5;192m[21edc1c7]&amp#27;[0m&amp#27;[38;5;-25m[AndroidUiautomator2Driver@2336]&amp#27;[0m Calling AppiumDriver.getCurrentContext() with args: ["21edc1c7-065d-4901-b63b-5a354eddaf7a"]
&amp#27;[38;5;192m[21edc1c7]&amp#27;[0m&amp#27;[38;5;-25m[AndroidUiautomator2Driver@2336]&amp#27;[0m Responding to client with driver.getCurrentContext() result: "NATIVE_APP"
&amp#27;[38;5;192m[21edc1c7]&amp#27;[0m&amp#27;[38;5;86m[HTTP]&amp#27;[0m &amp#27;[37m<-- GET /session/21edc1c7-065d-4901-b63b-5a354eddaf7a/context &amp#27;[39m&amp#27;[32m200&amp#27;[39m &amp#27;[90m2 ms - 22&amp#27;[39m &amp#27;[90m&amp#27;[39m
&amp#27;[38;5;192m[21edc1c7]&amp#27;[0m&amp#27;[38;5;86m[HTTP]&amp#27;[0m &amp#27;[37m-->&amp#27;[39m &amp#27;[37mPOST&amp#27;[39m &amp#27;[37m/session/21edc1c7-065d-4901-b63b-5a354eddaf7a/element&amp#27;[39m &amp#27;[90m{"value":"com.androidsample.generalstore:id/termsButton","using":"id"}&amp#27;[39m
&amp#27;[38;5;192m[21edc1c7]&amp#27;[0m&amp#27;[38;5;-25m[AndroidUiautomator2Driver@2336]&amp#27;[0m Calling AppiumDriver.findElement() with args: ["id","com.androidsample.generalstore:id/termsButton","21edc1c7-065d-4901-b63b-5a354eddaf7a"]
&amp#27;[38;5;192m[21edc1c7]&amp#27;[0m&amp#27;[38;5;-25m[AndroidUiautomator2Driver@2336]&amp#27;[0m Valid locator strategies for this request: xpath, id, class name, accessibility id, css selector, -android uiautomator
&amp#27;[38;5;192m[21edc1c7]&amp#27;[0m&amp#27;[38;5;-25m[AndroidUiautomator2Driver@2336]&amp#27;[0m Waiting up to 15000 ms for condition
&amp#27;[38;5;192m[21edc1c7]&amp#27;[0m&amp#27;[38;5;-25m[AndroidUiautomator2Driver@2336]&amp#27;[0m Matched '/element' to command name 'findElement'
&amp#27;[38;5;192m[21edc1c7]&amp#27;[0m&amp#27;[38;5;-25m[AndroidUiautomator2Driver@2336]&amp#27;[0m Proxying [POST /element] to [POST http://127.0.0.1:8200/session/ec29d363-93a1-405a-b18e-ed0f88bdf279/element] with body: {"strategy":"id","selector":"com.androidsample.generalstore:id/termsButton","context":"","multiple":false}
&amp#27;[38;5;192m[21edc1c7]&amp#27;[0m&amp#27;[38;5;-25m[AndroidUiautomator2Driver@2336]&amp#27;[0m Got response with status 200: {"sessionId":"ec29d363-93a1-405a-b18e-ed0f88bdf279","value":{"ELEMENT":"00000000-0000-0153-ffff-ffff0000008c","element-6066-11e4-a52e-4f735466cecf":"00000000-0000-0153-ffff-ffff0000008c"}}
&amp#27;[38;5;192m[21edc1c7]&amp#27;[0m&amp#27;[38;5;-25m[AndroidUiautomator2Driver@2336]&amp#27;[0m Responding to client with driver.findElement() result: {"element-6066-11e4-a52e-4f735466cecf":"00000000-0000-0153-ffff-ffff0000008c","ELEMENT":"00000000-0000-0153-ffff-ffff0000008c"}
&amp#27;[38;5;192m[21edc1c7]&amp#27;[0m&amp#27;[38;5;86m[HTTP]&amp#27;[0m &amp#27;[37m<-- POST /session/21edc1c7-065d-4901-b63b-5a354eddaf7a/element &amp#27;[39m&amp#27;[32m200&amp#27;[39m &amp#27;[90m21 ms - 137&amp#27;[39m &amp#27;[90m&amp#27;[39m
&amp#27;[38;5;192m[21edc1c7]&amp#27;[0m&amp#27;[38;5;86m[HTTP]&amp#27;[0m &amp#27;[37m-->&amp#27;[39m &amp#27;[37mPOST&amp#27;[39m &amp#27;[37m/session/21edc1c7-065d-4901-b63b-5a354eddaf7a/execute/sync&amp#27;[39m &amp#27;[90m{"script":"mobile: longClickGesture","args":[{"elementId":"00000000-0000-0153-ffff-ffff0000008c","duration":2000}]}&amp#27;[39m
&amp#27;[38;5;192m[21edc1c7]&amp#27;[0m&amp#27;[38;5;-25m[AndroidUiautomator2Driver@2336]&amp#27;[0m Calling AppiumDriver.execute() with args: ["mobile: longClickGesture",[{"elementId":"00000000-0000-0153-ffff-ffff0000008c","duration":2000}],"21edc1c7-065d-4901-b63b-5a354eddaf7a"]
&amp#27;[38;5;192m[21edc1c7]&amp#27;[0m&amp#27;[38;5;-25m[AndroidUiautomator2Driver@2336]&amp#27;[0m Executing native command 'mobile: longClickGesture'
&amp#27;[38;5;192m[21edc1c7]&amp#27;[0m&amp#27;[38;5;-25m[AndroidUiautomator2Driver@2336]&amp#27;[0m Proxying [POST /appium/gestures/long_click] to [POST http://127.0.0.1:8200/session/ec29d363-93a1-405a-b18e-ed0f88bdf279/appium/gestures/long_click] with body: {"origin":{"ELEMENT":"00000000-0000-0153-ffff-ffff0000008c","element-6066-11e4-a52e-4f735466cecf":"00000000-0000-0153-ffff-ffff0000008c"},"duration":2000}
&amp#27;[38;5;192m[21edc1c7]&amp#27;[0m&amp#27;[38;5;-25m[AndroidUiautomator2Driver@2336]&amp#27;[0m Got response with status 200: {"sessionId":"ec29d363-93a1-405a-b18e-ed0f88bdf279","value":null}
&amp#27;[38;5;192m[21edc1c7]&amp#27;[0m&amp#27;[38;5;-25m[AndroidUiautomator2Driver@2336]&amp#27;[0m Responding to client with driver.execute() result: null
&amp#27;[38;5;192m[21edc1c7]&amp#27;[0m&amp#27;[38;5;86m[HTTP]&amp#27;[0m &amp#27;[37m<-- POST /session/21edc1c7-065d-4901-b63b-5a354eddaf7a/execute/sync &amp#27;[39m&amp#27;[32m200&amp#27;[39m &amp#27;[90m2894 ms - 14&amp#27;[39m &amp#27;[90m&amp#27;[39m
&amp#27;[38;5;192m[21edc1c7]&amp#27;[0m&amp#27;[38;5;86m[HTTP]&amp#27;[0m &amp#27;[37m-->&amp#27;[39m &amp#27;[37mGET&amp#27;[39m &amp#27;[37m/session/21edc1c7-065d-4901-b63b-5a354eddaf7a/context&amp#27;[39m &amp#27;[90m{}&amp#27;[39m
&amp#27;[38;5;192m[21edc1c7]&amp#27;[0m&amp#27;[38;5;-25m[AndroidUiautomator2Driver@2336]&amp#27;[0m Calling AppiumDriver.getCurrentContext() with args: ["21edc1c7-065d-4901-b63b-5a354eddaf7a"]
&amp#27;[38;5;192m[21edc1c7]&amp#27;[0m&amp#27;[38;5;-25m[AndroidUiautomator2Driver@2336]&amp#27;[0m Responding to client with driver.getCurrentContext() result: "NATIVE_APP"
&amp#27;[38;5;192m[21edc1c7]&amp#27;[0m&amp#27;[38;5;86m[HTTP]&amp#27;[0m &amp#27;[37m<-- GET /session/21edc1c7-065d-4901-b63b-5a354eddaf7a/context &amp#27;[39m&amp#27;[32m200&amp#27;[39m &amp#27;[90m2 ms - 22&amp#27;[39m &amp#27;[90m&amp#27;[39m
&amp#27;[38;5;192m[21edc1c7]&amp#27;[0m&amp#27;[38;5;86m[HTTP]&amp#27;[0m &amp#27;[37m-->&amp#27;[39m &amp#27;[37mPOST&amp#27;[39m &amp#27;[37m/session/21edc1c7-065d-4901-b63b-5a354eddaf7a/element&amp#27;[39m &amp#27;[90m{"value":"com.androidsample.generalstore:id/alertTitle","using":"id"}&amp#27;[39m
&amp#27;[38;5;192m[21edc1c7]&amp#27;[0m&amp#27;[38;5;-25m[AndroidUiautomator2Driver@2336]&amp#27;[0m Calling AppiumDriver.findElement() with args: ["id","com.androidsample.generalstore:id/alertTitle","21edc1c7-065d-4901-b63b-5a354eddaf7a"]
&amp#27;[38;5;192m[21edc1c7]&amp#27;[0m&amp#27;[38;5;-25m[AndroidUiautomator2Driver@2336]&amp#27;[0m Valid locator strategies for this request: xpath, id, class name, accessibility id, css selector, -android uiautomator
&amp#27;[38;5;192m[21edc1c7]&amp#27;[0m&amp#27;[38;5;-25m[AndroidUiautomator2Driver@2336]&amp#27;[0m Waiting up to 15000 ms for condition
&amp#27;[38;5;192m[21edc1c7]&amp#27;[0m&amp#27;[38;5;-25m[AndroidUiautomator2Driver@2336]&amp#27;[0m Matched '/element' to command name 'findElement'
&amp#27;[38;5;192m[21edc1c7]&amp#27;[0m&amp#27;[38;5;-25m[AndroidUiautomator2Driver@2336]&amp#27;[0m Proxying [POST /element] to [POST http://127.0.0.1:8200/session/ec29d363-93a1-405a-b18e-ed0f88bdf279/element] with body: {"strategy":"id","selector":"com.androidsample.generalstore:id/alertTitle","context":"","multiple":false}
&amp#27;[38;5;192m[21edc1c7]&amp#27;[0m&amp#27;[38;5;-25m[AndroidUiautomator2Driver@2336]&amp#27;[0m Got response with status 200: {"sessionId":"ec29d363-93a1-405a-b18e-ed0f88bdf279","value":{"ELEMENT":"00000000-0000-0154-ffff-ffff000000a9","element-6066-11e4-a52e-4f735466cecf":"00000000-0000-0154-ffff-ffff000000a9"}}
&amp#27;[38;5;192m[21edc1c7]&amp#27;[0m&amp#27;[38;5;-25m[AndroidUiautomator2Driver@2336]&amp#27;[0m Responding to client with driver.findElement() result: {"element-6066-11e4-a52e-4f735466cecf":"00000000-0000-0154-ffff-ffff000000a9","ELEMENT":"00000000-0000-0154-ffff-ffff000000a9"}
&amp#27;[38;5;192m[21edc1c7]&amp#27;[0m&amp#27;[38;5;86m[HTTP]&amp#27;[0m &amp#27;[37m<-- POST /session/21edc1c7-065d-4901-b63b-5a354eddaf7a/element &amp#27;[39m&amp#27;[32m200&amp#27;[39m &amp#27;[90m23 ms - 137&amp#27;[39m &amp#27;[90m&amp#27;[39m
&amp#27;[38;5;192m[21edc1c7]&amp#27;[0m&amp#27;[38;5;86m[HTTP]&amp#27;[0m &amp#27;[37m-->&amp#27;[39m &amp#27;[37mGET&amp#27;[39m &amp#27;[37m/session/21edc1c7-065d-4901-b63b-5a354eddaf7a/element/00000000-0000-0154-ffff-ffff000000a9/text&amp#27;[39m &amp#27;[90m{}&amp#27;[39m
&amp#27;[38;5;192m[21edc1c7]&amp#27;[0m&amp#27;[38;5;-25m[AndroidUiautomator2Driver@2336]&amp#27;[0m Driver proxy active, passing request on via HTTP proxy
&amp#27;[38;5;192m[21edc1c7]&amp#27;[0m&amp#27;[38;5;-25m[AndroidUiautomator2Driver@2336]&amp#27;[0m Matched '/session/21edc1c7-065d-4901-b63b-5a354eddaf7a/element/00000000-0000-0154-ffff-ffff000000a9/text' to command name 'getText'
&amp#27;[38;5;192m[21edc1c7]&amp#27;[0m&amp#27;[38;5;-25m[AndroidUiautomator2Driver@2336]&amp#27;[0m Proxying [GET /session/21edc1c7-065d-4901-b63b-5a354eddaf7a/element/00000000-0000-0154-ffff-ffff000000a9/text] to [GET http://127.0.0.1:8200/session/ec29d363-93a1-405a-b18e-ed0f88bdf279/element/00000000-0000-0154-ffff-ffff000000a9/text] with no body
&amp#27;[38;5;192m[21edc1c7]&amp#27;[0m&amp#27;[38;5;-25m[AndroidUiautomator2Driver@2336]&amp#27;[0m Got response with status 200: {"sessionId":"ec29d363-93a1-405a-b18e-ed0f88bdf279","value":"Terms Of Conditions"}
&amp#27;[38;5;192m[21edc1c7]&amp#27;[0m&amp#27;[38;5;-25m[AndroidUiautomator2Driver@2336]&amp#27;[0m Replacing sessionId ec29d363-93a1-405a-b18e-ed0f88bdf279 with 21edc1c7-065d-4901-b63b-5a354eddaf7a
&amp#27;[38;5;192m[21edc1c7]&amp#27;[0m&amp#27;[38;5;86m[HTTP]&amp#27;[0m &amp#27;[37m<-- GET /session/21edc1c7-065d-4901-b63b-5a354eddaf7a/element/00000000-0000-0154-ffff-ffff000000a9/text &amp#27;[39m&amp#27;[32m200&amp#27;[39m &amp#27;[90m14 ms - 82&amp#27;[39m &amp#27;[90m&amp#27;[39m
&amp#27;[38;5;192m[21edc1c7]&amp#27;[0m&amp#27;[38;5;86m[HTTP]&amp#27;[0m &amp#27;[37m-->&amp#27;[39m &amp#27;[37mGET&amp#27;[39m &amp#27;[37m/session/21edc1c7-065d-4901-b63b-5a354eddaf7a/context&amp#27;[39m &amp#27;[90m{}&amp#27;[39m
&amp#27;[38;5;192m[21edc1c7]&amp#27;[0m&amp#27;[38;5;-25m[AndroidUiautomator2Driver@2336]&amp#27;[0m Calling AppiumDriver.getCurrentContext() with args: ["21edc1c7-065d-4901-b63b-5a354eddaf7a"]
&amp#27;[38;5;192m[21edc1c7]&amp#27;[0m&amp#27;[38;5;-25m[AndroidUiautomator2Driver@2336]&amp#27;[0m Responding to client with driver.getCurrentContext() result: "NATIVE_APP"
&amp#27;[38;5;192m[21edc1c7]&amp#27;[0m&amp#27;[38;5;86m[HTTP]&amp#27;[0m &amp#27;[37m<-- GET /session/21edc1c7-065d-4901-b63b-5a354eddaf7a/context &amp#27;[39m&amp#27;[32m200&amp#27;[39m &amp#27;[90m2 ms - 22&amp#27;[39m &amp#27;[90m&amp#27;[39m
&amp#27;[38;5;192m[21edc1c7]&amp#27;[0m&amp#27;[38;5;86m[HTTP]&amp#27;[0m &amp#27;[37m-->&amp#27;[39m &amp#27;[37mPOST&amp#27;[39m &amp#27;[37m/session/21edc1c7-065d-4901-b63b-5a354eddaf7a/element&amp#27;[39m &amp#27;[90m{"value":"android:id/button1","using":"id"}&amp#27;[39m
&amp#27;[38;5;192m[21edc1c7]&amp#27;[0m&amp#27;[38;5;-25m[AndroidUiautomator2Driver@2336]&amp#27;[0m Calling AppiumDriver.findElement() with args: ["id","android:id/button1","21edc1c7-065d-4901-b63b-5a354eddaf7a"]
&amp#27;[38;5;192m[21edc1c7]&amp#27;[0m&amp#27;[38;5;-25m[AndroidUiautomator2Driver@2336]&amp#27;[0m Valid locator strategies for this request: xpath, id, class name, accessibility id, css selector, -android uiautomator
&amp#27;[38;5;192m[21edc1c7]&amp#27;[0m&amp#27;[38;5;-25m[AndroidUiautomator2Driver@2336]&amp#27;[0m Waiting up to 15000 ms for condition
&amp#27;[38;5;192m[21edc1c7]&amp#27;[0m&amp#27;[38;5;-25m[AndroidUiautomator2Driver@2336]&amp#27;[0m Matched '/element' to command name 'findElement'
&amp#27;[38;5;192m[21edc1c7]&amp#27;[0m&amp#27;[38;5;-25m[AndroidUiautomator2Driver@2336]&amp#27;[0m Proxying [POST /element] to [POST http://127.0.0.1:8200/session/ec29d363-93a1-405a-b18e-ed0f88bdf279/element] with body: {"strategy":"id","selector":"android:id/button1","context":"","multiple":false}
&amp#27;[38;5;192m[21edc1c7]&amp#27;[0m&amp#27;[38;5;-25m[AndroidUiautomator2Driver@2336]&amp#27;[0m Got response with status 200: {"sessionId":"ec29d363-93a1-405a-b18e-ed0f88bdf279","value":{"ELEMENT":"00000000-0000-0154-ffff-ffff000000b8","element-6066-11e4-a52e-4f735466cecf":"00000000-0000-0154-ffff-ffff000000b8"}}
&amp#27;[38;5;192m[21edc1c7]&amp#27;[0m&amp#27;[38;5;-25m[AndroidUiautomator2Driver@2336]&amp#27;[0m Responding to client with driver.findElement() result: {"element-6066-11e4-a52e-4f735466cecf":"00000000-0000-0154-ffff-ffff000000b8","ELEMENT":"00000000-0000-0154-ffff-ffff000000b8"}
&amp#27;[38;5;192m[21edc1c7]&amp#27;[0m&amp#27;[38;5;86m[HTTP]&amp#27;[0m &amp#27;[37m<-- POST /session/21edc1c7-065d-4901-b63b-5a354eddaf7a/element &amp#27;[39m&amp#27;[32m200&amp#27;[39m &amp#27;[90m19 ms - 137&amp#27;[39m &amp#27;[90m&amp#27;[39m
&amp#27;[38;5;192m[21edc1c7]&amp#27;[0m&amp#27;[38;5;86m[HTTP]&amp#27;[0m &amp#27;[37m-->&amp#27;[39m &amp#27;[37mPOST&amp#27;[39m &amp#27;[37m/session/21edc1c7-065d-4901-b63b-5a354eddaf7a/element/00000000-0000-0154-ffff-ffff000000b8/click&amp#27;[39m &amp#27;[90m{"id":"00000000-0000-0154-ffff-ffff000000b8"}&amp#27;[39m
&amp#27;[38;5;192m[21edc1c7]&amp#27;[0m&amp#27;[38;5;-25m[AndroidUiautomator2Driver@2336]&amp#27;[0m Calling AppiumDriver.click() with args: ["00000000-0000-0154-ffff-ffff000000b8","21edc1c7-065d-4901-b63b-5a354eddaf7a"]
&amp#27;[38;5;192m[21edc1c7]&amp#27;[0m&amp#27;[38;5;-25m[AndroidUiautomator2Driver@2336]&amp#27;[0m Matched '/element/00000000-0000-0154-ffff-ffff000000b8/click' to command name 'click'
&amp#27;[38;5;192m[21edc1c7]&amp#27;[0m&amp#27;[38;5;-25m[AndroidUiautomator2Driver@2336]&amp#27;[0m Proxying [POST /element/00000000-0000-0154-ffff-ffff000000b8/click] to [POST http://127.0.0.1:8200/session/ec29d363-93a1-405a-b18e-ed0f88bdf279/element/00000000-0000-0154-ffff-ffff000000b8/click] with body: {"element":"00000000-0000-0154-ffff-ffff000000b8"}
&amp#27;[38;5;192m[21edc1c7]&amp#27;[0m&amp#27;[38;5;-25m[AndroidUiautomator2Driver@2336]&amp#27;[0m Got response with status 200: {"sessionId":"ec29d363-93a1-405a-b18e-ed0f88bdf279","value":null}
&amp#27;[38;5;192m[21edc1c7]&amp#27;[0m&amp#27;[38;5;-25m[AndroidUiautomator2Driver@2336]&amp#27;[0m Responding to client with driver.click() result: null
&amp#27;[38;5;192m[21edc1c7]&amp#27;[0m&amp#27;[38;5;86m[HTTP]&amp#27;[0m &amp#27;[37m<-- POST /session/21edc1c7-065d-4901-b63b-5a354eddaf7a/element/00000000-0000-0154-ffff-ffff000000b8/click &amp#27;[39m&amp#27;[32m200&amp#27;[39m &amp#27;[90m65 ms - 14&amp#27;[39m &amp#27;[90m&amp#27;[39m
&amp#27;[38;5;192m[21edc1c7]&amp#27;[0m&amp#27;[38;5;86m[HTTP]&amp#27;[0m &amp#27;[37m-->&amp#27;[39m &amp#27;[37mGET&amp#27;[39m &amp#27;[37m/session/21edc1c7-065d-4901-b63b-5a354eddaf7a/context&amp#27;[39m &amp#27;[90m{}&amp#27;[39m
&amp#27;[38;5;192m[21edc1c7]&amp#27;[0m&amp#27;[38;5;-25m[AndroidUiautomator2Driver@2336]&amp#27;[0m Calling AppiumDriver.getCurrentContext() with args: ["21edc1c7-065d-4901-b63b-5a354eddaf7a"]
&amp#27;[38;5;192m[21edc1c7]&amp#27;[0m&amp#27;[38;5;-25m[AndroidUiautomator2Driver@2336]&amp#27;[0m Responding to client with driver.getCurrentContext() result: "NATIVE_APP"
&amp#27;[38;5;192m[21edc1c7]&amp#27;[0m&amp#27;[38;5;86m[HTTP]&amp#27;[0m &amp#27;[37m<-- GET /session/21edc1c7-065d-4901-b63b-5a354eddaf7a/context &amp#27;[39m&amp#27;[32m200&amp#27;[39m &amp#27;[90m3 ms - 22&amp#27;[39m &amp#27;[90m&amp#27;[39m
&amp#27;[38;5;192m[21edc1c7]&amp#27;[0m&amp#27;[38;5;86m[HTTP]&amp#27;[0m &amp#27;[37m-->&amp#27;[39m &amp#27;[37mPOST&amp#27;[39m &amp#27;[37m/session/21edc1c7-065d-4901-b63b-5a354eddaf7a/element&amp#27;[39m &amp#27;[90m{"value":"//android.widget.CheckBox[@text=\"Send me e-mails on discounts related to selected products in future\"]","using":"xpath"}&amp#27;[39m
&amp#27;[38;5;192m[21edc1c7]&amp#27;[0m&amp#27;[38;5;-25m[AndroidUiautomator2Driver@2336]&amp#27;[0m Calling AppiumDriver.findElement() with args: ["xpath","//android.widget.CheckBox[@text=\"Send me e-mails on discounts related to selected products in future\"]","21edc1c7-065d-4901-b63b-5a354eddaf7a"]
&amp#27;[38;5;192m[21edc1c7]&amp#27;[0m&amp#27;[38;5;-25m[AndroidUiautomator2Driver@2336]&amp#27;[0m Valid locator strategies for this request: xpath, id, class name, accessibility id, css selector, -android uiautomator
&amp#27;[38;5;192m[21edc1c7]&amp#27;[0m&amp#27;[38;5;-25m[AndroidUiautomator2Driver@2336]&amp#27;[0m Waiting up to 15000 ms for condition
&amp#27;[38;5;192m[21edc1c7]&amp#27;[0m&amp#27;[38;5;-25m[AndroidUiautomator2Driver@2336]&amp#27;[0m Matched '/element' to command name 'findElement'
&amp#27;[38;5;192m[21edc1c7]&amp#27;[0m&amp#27;[38;5;-25m[AndroidUiautomator2Driver@2336]&amp#27;[0m Proxying [POST /element] to [POST http://127.0.0.1:8200/session/ec29d363-93a1-405a-b18e-ed0f88bdf279/element] with body: {"strategy":"xpath","selector":"//android.widget.CheckBox[@text=\"Send me e-mails on discounts related to selected products in future\"]","context":"","multiple":false}
&amp#27;[38;5;192m[21edc1c7]&amp#27;[0m&amp#27;[38;5;-25m[AndroidUiautomator2Driver@2336]&amp#27;[0m Got response with status 200: {"sessionId":"ec29d363-93a1-405a-b18e-ed0f88bdf279","value":{"ELEMENT":"00000000-0000-0153-ffff-ffff0000008a","element-6066-11e4-a52e-4f735466cecf":"00000000-0000-0153-ffff-ffff0000008a"}}
&amp#27;[38;5;192m[21edc1c7]&amp#27;[0m&amp#27;[38;5;-25m[AndroidUiautomator2Driver@2336]&amp#27;[0m Responding to client with driver.findElement() result: {"element-6066-11e4-a52e-4f735466cecf":"00000000-0000-0153-ffff-ffff0000008a","ELEMENT":"00000000-0000-0153-ffff-ffff0000008a"}
&amp#27;[38;5;192m[21edc1c7]&amp#27;[0m&amp#27;[38;5;86m[HTTP]&amp#27;[0m &amp#27;[37m<-- POST /session/21edc1c7-065d-4901-b63b-5a354eddaf7a/element &amp#27;[39m&amp#27;[32m200&amp#27;[39m &amp#27;[90m140 ms - 137&amp#27;[39m &amp#27;[90m&amp#27;[39m
&amp#27;[38;5;192m[21edc1c7]&amp#27;[0m&amp#27;[38;5;86m[HTTP]&amp#27;[0m &amp#27;[37m-->&amp#27;[39m &amp#27;[37mPOST&amp#27;[39m &amp#27;[37m/session/21edc1c7-065d-4901-b63b-5a354eddaf7a/element/00000000-0000-0153-ffff-ffff0000008a/click&amp#27;[39m &amp#27;[90m{"id":"00000000-0000-0153-ffff-ffff0000008a"}&amp#27;[39m
&amp#27;[38;5;192m[21edc1c7]&amp#27;[0m&amp#27;[38;5;-25m[AndroidUiautomator2Driver@2336]&amp#27;[0m Calling AppiumDriver.click() with args: ["00000000-0000-0153-ffff-ffff0000008a","21edc1c7-065d-4901-b63b-5a354eddaf7a"]
&amp#27;[38;5;192m[21edc1c7]&amp#27;[0m&amp#27;[38;5;-25m[AndroidUiautomator2Driver@2336]&amp#27;[0m Matched '/element/00000000-0000-0153-ffff-ffff0000008a/click' to command name 'click'
&amp#27;[38;5;192m[21edc1c7]&amp#27;[0m&amp#27;[38;5;-25m[AndroidUiautomator2Driver@2336]&amp#27;[0m Proxying [POST /element/00000000-0000-0153-ffff-ffff0000008a/click] to [POST http://127.0.0.1:8200/session/ec29d363-93a1-405a-b18e-ed0f88bdf279/element/00000000-0000-0153-ffff-ffff0000008a/click] with body: {"element":"00000000-0000-0153-ffff-ffff0000008a"}
&amp#27;[38;5;192m[21edc1c7]&amp#27;[0m&amp#27;[38;5;-25m[AndroidUiautomator2Driver@2336]&amp#27;[0m Got response with status 200: {"sessionId":"ec29d363-93a1-405a-b18e-ed0f88bdf279","value":null}
&amp#27;[38;5;192m[21edc1c7]&amp#27;[0m&amp#27;[38;5;-25m[AndroidUiautomator2Driver@2336]&amp#27;[0m Responding to client with driver.click() result: null
&amp#27;[38;5;192m[21edc1c7]&amp#27;[0m&amp#27;[38;5;86m[HTTP]&amp#27;[0m &amp#27;[37m<-- POST /session/21edc1c7-065d-4901-b63b-5a354eddaf7a/element/00000000-0000-0153-ffff-ffff0000008a/click &amp#27;[39m&amp#27;[32m200&amp#27;[39m &amp#27;[90m479 ms - 14&amp#27;[39m &amp#27;[90m&amp#27;[39m
&amp#27;[38;5;192m[21edc1c7]&amp#27;[0m&amp#27;[38;5;86m[HTTP]&amp#27;[0m &amp#27;[37m-->&amp#27;[39m &amp#27;[37mGET&amp#27;[39m &amp#27;[37m/session/21edc1c7-065d-4901-b63b-5a354eddaf7a/context&amp#27;[39m &amp#27;[90m{}&amp#27;[39m
&amp#27;[38;5;192m[21edc1c7]&amp#27;[0m&amp#27;[38;5;-25m[AndroidUiautomator2Driver@2336]&amp#27;[0m Calling AppiumDriver.getCurrentContext() with args: ["21edc1c7-065d-4901-b63b-5a354eddaf7a"]
&amp#27;[38;5;192m[21edc1c7]&amp#27;[0m&amp#27;[38;5;-25m[AndroidUiautomator2Driver@2336]&amp#27;[0m Responding to client with driver.getCurrentContext() result: "NATIVE_APP"
&amp#27;[38;5;192m[21edc1c7]&amp#27;[0m&amp#27;[38;5;86m[HTTP]&amp#27;[0m &amp#27;[37m<-- GET /session/21edc1c7-065d-4901-b63b-5a354eddaf7a/context &amp#27;[39m&amp#27;[32m200&amp#27;[39m &amp#27;[90m2 ms - 22&amp#27;[39m &amp#27;[90m&amp#27;[39m
&amp#27;[38;5;192m[21edc1c7]&amp#27;[0m&amp#27;[38;5;86m[HTTP]&amp#27;[0m &amp#27;[37m-->&amp#27;[39m &amp#27;[37mPOST&amp#27;[39m &amp#27;[37m/session/21edc1c7-065d-4901-b63b-5a354eddaf7a/element&amp#27;[39m &amp#27;[90m{"value":"com.androidsample.generalstore:id/btnProceed","using":"id"}&amp#27;[39m
&amp#27;[38;5;192m[21edc1c7]&amp#27;[0m&amp#27;[38;5;-25m[AndroidUiautomator2Driver@2336]&amp#27;[0m Calling AppiumDriver.findElement() with args: ["id","com.androidsample.generalstore:id/btnProceed","21edc1c7-065d-4901-b63b-5a354eddaf7a"]
&amp#27;[38;5;192m[21edc1c7]&amp#27;[0m&amp#27;[38;5;-25m[AndroidUiautomator2Driver@2336]&amp#27;[0m Valid locator strategies for this request: xpath, id, class name, accessibility id, css selector, -android uiautomator
&amp#27;[38;5;192m[21edc1c7]&amp#27;[0m&amp#27;[38;5;-25m[AndroidUiautomator2Driver@2336]&amp#27;[0m Waiting up to 15000 ms for condition
&amp#27;[38;5;192m[21edc1c7]&amp#27;[0m&amp#27;[38;5;-25m[AndroidUiautomator2Driver@2336]&amp#27;[0m Matched '/element' to command name 'findElement'
&amp#27;[38;5;192m[21edc1c7]&amp#27;[0m&amp#27;[38;5;-25m[AndroidUiautomator2Driver@2336]&amp#27;[0m Proxying [POST /element] to [POST http://127.0.0.1:8200/session/ec29d363-93a1-405a-b18e-ed0f88bdf279/element] with body: {"strategy":"id","selector":"com.androidsample.generalstore:id/btnProceed","context":"","multiple":false}
&amp#27;[38;5;192m[21edc1c7]&amp#27;[0m&amp#27;[38;5;-25m[AndroidUiautomator2Driver@2336]&amp#27;[0m Got response with status 200: {"sessionId":"ec29d363-93a1-405a-b18e-ed0f88bdf279","value":{"ELEMENT":"00000000-0000-0153-ffff-ffff0000008b","element-6066-11e4-a52e-4f735466cecf":"00000000-0000-0153-ffff-ffff0000008b"}}
&amp#27;[38;5;192m[21edc1c7]&amp#27;[0m&amp#27;[38;5;-25m[AndroidUiautomator2Driver@2336]&amp#27;[0m Responding to client with driver.findElement() result: {"element-6066-11e4-a52e-4f735466cecf":"00000000-0000-0153-ffff-ffff0000008b","ELEMENT":"00000000-0000-0153-ffff-ffff0000008b"}
&amp#27;[38;5;192m[21edc1c7]&amp#27;[0m&amp#27;[38;5;86m[HTTP]&amp#27;[0m &amp#27;[37m<-- POST /session/21edc1c7-065d-4901-b63b-5a354eddaf7a/element &amp#27;[39m&amp#27;[32m200&amp#27;[39m &amp#27;[90m603 ms - 137&amp#27;[39m &amp#27;[90m&amp#27;[39m
&amp#27;[38;5;192m[21edc1c7]&amp#27;[0m&amp#27;[38;5;86m[HTTP]&amp#27;[0m &amp#27;[37m-->&amp#27;[39m &amp#27;[37mPOST&amp#27;[39m &amp#27;[37m/session/21edc1c7-065d-4901-b63b-5a354eddaf7a/element/00000000-0000-0153-ffff-ffff0000008b/click&amp#27;[39m &amp#27;[90m{"id":"00000000-0000-0153-ffff-ffff0000008b"}&amp#27;[39m
&amp#27;[38;5;192m[21edc1c7]&amp#27;[0m&amp#27;[38;5;-25m[AndroidUiautomator2Driver@2336]&amp#27;[0m Calling AppiumDriver.click() with args: ["00000000-0000-0153-ffff-ffff0000008b","21edc1c7-065d-4901-b63b-5a354eddaf7a"]
&amp#27;[38;5;192m[21edc1c7]&amp#27;[0m&amp#27;[38;5;-25m[AndroidUiautomator2Driver@2336]&amp#27;[0m Matched '/element/00000000-0000-0153-ffff-ffff0000008b/click' to command name 'click'
&amp#27;[38;5;192m[21edc1c7]&amp#27;[0m&amp#27;[38;5;-25m[AndroidUiautomator2Driver@2336]&amp#27;[0m Proxying [POST /element/00000000-0000-0153-ffff-ffff0000008b/click] to [POST http://127.0.0.1:8200/session/ec29d363-93a1-405a-b18e-ed0f88bdf279/element/00000000-0000-0153-ffff-ffff0000008b/click] with body: {"element":"00000000-0000-0153-ffff-ffff0000008b"}
&amp#27;[38;5;192m[21edc1c7]&amp#27;[0m&amp#27;[38;5;-25m[AndroidUiautomator2Driver@2336]&amp#27;[0m Got response with status 200: {"sessionId":"ec29d363-93a1-405a-b18e-ed0f88bdf279","value":null}
&amp#27;[38;5;192m[21edc1c7]&amp#27;[0m&amp#27;[38;5;-25m[AndroidUiautomator2Driver@2336]&amp#27;[0m Responding to client with driver.click() result: null
&amp#27;[38;5;192m[21edc1c7]&amp#27;[0m&amp#27;[38;5;86m[HTTP]&amp#27;[0m &amp#27;[37m<-- POST /session/21edc1c7-065d-4901-b63b-5a354eddaf7a/element/00000000-0000-0153-ffff-ffff0000008b/click &amp#27;[39m&amp#27;[32m200&amp#27;[39m &amp#27;[90m89 ms - 14&amp#27;[39m &amp#27;[90m&amp#27;[39m
&amp#27;[38;5;192m[21edc1c7]&amp#27;[0m&amp#27;[38;5;86m[HTTP]&amp#27;[0m &amp#27;[37m-->&amp#27;[39m &amp#27;[37mGET&amp#27;[39m &amp#27;[37m/session/21edc1c7-065d-4901-b63b-5a354eddaf7a/contexts&amp#27;[39m &amp#27;[90m{}&amp#27;[39m
&amp#27;[38;5;192m[21edc1c7]&amp#27;[0m&amp#27;[38;5;-25m[AndroidUiautomator2Driver@2336]&amp#27;[0m Calling AppiumDriver.getContexts() with args: ["21edc1c7-065d-4901-b63b-5a354eddaf7a"]
&amp#27;[38;5;192m[21edc1c7]&amp#27;[0m&amp#27;[38;5;-25m[AndroidUiautomator2Driver@2336]&amp#27;[0m Getting a list of available webviews
&amp#27;[38;5;192m[21edc1c7]&amp#27;[0m&amp#27;[38;5;229m[ADB]&amp#27;[0m Running 'C:\Users\HOME\AppData\Local\Android\Sdk\platform-tools\adb.exe -P 5037 -s emulator-5554 shell cat /proc/net/unix'
&amp#27;[38;5;192m[21edc1c7]&amp#27;[0m&amp#27;[38;5;-25m[AndroidUiautomator2Driver@2336]&amp#27;[0m Parsed 1 active devtools socket: ["@webview_devtools_remote_12697"]
&amp#27;[38;5;192m[21edc1c7]&amp#27;[0m&amp#27;[38;5;-25m[AndroidUiautomator2Driver@2336]&amp#27;[0m Collecting CDP data of 1 webview
&amp#27;[38;5;192m[21edc1c7]&amp#27;[0m&amp#27;[38;5;-25m[AndroidUiautomator2Driver@2336]&amp#27;[0m Forwarding remote port webview_devtools_remote_12697 to a local port in range 10900..11000
&amp#27;[38;5;192m[21edc1c7]&amp#27;[0m&amp#27;[38;5;-25m[AndroidUiautomator2Driver@2336]&amp#27;[0m You could use the 'webviewDevtoolsPort' capability to customize the starting port number
&amp#27;[38;5;192m[21edc1c7]&amp#27;[0m&amp#27;[38;5;229m[ADB]&amp#27;[0m Running 'C:\Users\HOME\AppData\Local\Android\Sdk\platform-tools\adb.exe -P 5037 -s emulator-5554 forward tcp:10900 localabstract:webview_devtools_remote_12697'
&amp#27;[38;5;192m[21edc1c7]&amp#27;[0m&amp#27;[38;5;229m[ADB]&amp#27;[0m Removing forwarded port socket connection: 10900 
&amp#27;[38;5;192m[21edc1c7]&amp#27;[0m&amp#27;[38;5;229m[ADB]&amp#27;[0m Running 'C:\Users\HOME\AppData\Local\Android\Sdk\platform-tools\adb.exe -P 5037 -s emulator-5554 forward --remove tcp:10900'
&amp#27;[38;5;192m[21edc1c7]&amp#27;[0m&amp#27;[38;5;-25m[AndroidUiautomator2Driver@2336]&amp#27;[0m CDP data collection completed
&amp#27;[38;5;192m[21edc1c7]&amp#27;[0m&amp#27;[38;5;-25m[AndroidUiautomator2Driver@2336]&amp#27;[0m WEBVIEW_12697 mapped to pid 12697
&amp#27;[38;5;192m[21edc1c7]&amp#27;[0m&amp#27;[38;5;-25m[AndroidUiautomator2Driver@2336]&amp#27;[0m Getting process name for webview 'WEBVIEW_12697'
&amp#27;[38;5;192m[21edc1c7]&amp#27;[0m&amp#27;[38;5;229m[ADB]&amp#27;[0m Running 'C:\Users\HOME\AppData\Local\Android\Sdk\platform-tools\adb.exe -P 5037 -s emulator-5554 shell ps --help'
&amp#27;[38;5;192m[21edc1c7]&amp#27;[0m&amp#27;[38;5;229m[ADB]&amp#27;[0m Running 'C:\Users\HOME\AppData\Local\Android\Sdk\platform-tools\adb.exe -P 5037 -s emulator-5554 shell ps -A'
&amp#27;[38;5;192m[21edc1c7]&amp#27;[0m&amp#27;[38;5;-25m[AndroidUiautomator2Driver@2336]&amp#27;[0m Got process name: 'com.androidsample.generalstore'
&amp#27;[38;5;192m[21edc1c7]&amp#27;[0m&amp#27;[38;5;-25m[AndroidUiautomator2Driver@2336]&amp#27;[0m Found 1 webview: ["WEBVIEW_com.androidsample.generalstore"]
&amp#27;[38;5;192m[21edc1c7]&amp#27;[0m&amp#27;[38;5;-25m[AndroidUiautomator2Driver@2336]&amp#27;[0m Available contexts: ["NATIVE_APP","WEBVIEW_com.androidsample.generalstore"]
&amp#27;[38;5;192m[21edc1c7]&amp#27;[0m&amp#27;[38;5;-25m[AndroidUiautomator2Driver@2336]&amp#27;[0m Responding to client with driver.getContexts() result: ["NATIVE_APP","WEBVIEW_com.androidsample.generalstore"]
&amp#27;[38;5;192m[21edc1c7]&amp#27;[0m&amp#27;[38;5;86m[HTTP]&amp#27;[0m &amp#27;[37m<-- GET /session/21edc1c7-065d-4901-b63b-5a354eddaf7a/contexts &amp#27;[39m&amp#27;[32m200&amp#27;[39m &amp#27;[90m774 ms - 65&amp#27;[39m &amp#27;[90m&amp#27;[39m
NATIVE_APP
WEBVIEW_com.androidsample.generalstore
&amp#27;[38;5;192m[21edc1c7]&amp#27;[0m&amp#27;[38;5;86m[HTTP]&amp#27;[0m &amp#27;[37m-->&amp#27;[39m &amp#27;[37mPOST&amp#27;[39m &amp#27;[37m/session/21edc1c7-065d-4901-b63b-5a354eddaf7a/context&amp#27;[39m &amp#27;[90m{"name":"WEBVIEW_com.androidsample.generalstore"}&amp#27;[39m
&amp#27;[38;5;192m[21edc1c7]&amp#27;[0m&amp#27;[38;5;-25m[AndroidUiautomator2Driver@2336]&amp#27;[0m Calling AppiumDriver.setContext() with args: ["WEBVIEW_com.androidsample.generalstore","21edc1c7-065d-4901-b63b-5a354eddaf7a"]
&amp#27;[38;5;192m[21edc1c7]&amp#27;[0m&amp#27;[38;5;-25m[AndroidUiautomator2Driver@2336]&amp#27;[0m Getting a list of available webviews
&amp#27;[38;5;192m[21edc1c7]&amp#27;[0m&amp#27;[38;5;229m[ADB]&amp#27;[0m Running 'C:\Users\HOME\AppData\Local\Android\Sdk\platform-tools\adb.exe -P 5037 -s emulator-5554 shell cat /proc/net/unix'
&amp#27;[38;5;192m[21edc1c7]&amp#27;[0m&amp#27;[38;5;-25m[AndroidUiautomator2Driver@2336]&amp#27;[0m Parsed 1 active devtools socket: ["@webview_devtools_remote_12697"]
&amp#27;[38;5;192m[21edc1c7]&amp#27;[0m&amp#27;[38;5;-25m[AndroidUiautomator2Driver@2336]&amp#27;[0m Collecting CDP data of 1 webview
&amp#27;[38;5;192m[21edc1c7]&amp#27;[0m&amp#27;[38;5;-25m[AndroidUiautomator2Driver@2336]&amp#27;[0m Forwarding remote port webview_devtools_remote_12697 to a local port in range 10900..11000
&amp#27;[38;5;192m[21edc1c7]&amp#27;[0m&amp#27;[38;5;-25m[AndroidUiautomator2Driver@2336]&amp#27;[0m You could use the 'webviewDevtoolsPort' capability to customize the starting port number
&amp#27;[38;5;192m[21edc1c7]&amp#27;[0m&amp#27;[38;5;229m[ADB]&amp#27;[0m Running 'C:\Users\HOME\AppData\Local\Android\Sdk\platform-tools\adb.exe -P 5037 -s emulator-5554 forward tcp:10900 localabstract:webview_devtools_remote_12697'
&amp#27;[38;5;192m[21edc1c7]&amp#27;[0m&amp#27;[38;5;229m[ADB]&amp#27;[0m Removing forwarded port socket connection: 10900 
&amp#27;[38;5;192m[21edc1c7]&amp#27;[0m&amp#27;[38;5;229m[ADB]&amp#27;[0m Running 'C:\Users\HOME\AppData\Local\Android\Sdk\platform-tools\adb.exe -P 5037 -s emulator-5554 forward --remove tcp:10900'
&amp#27;[38;5;192m[21edc1c7]&amp#27;[0m&amp#27;[38;5;-25m[AndroidUiautomator2Driver@2336]&amp#27;[0m CDP data collection completed
&amp#27;[38;5;192m[21edc1c7]&amp#27;[0m&amp#27;[38;5;-25m[AndroidUiautomator2Driver@2336]&amp#27;[0m WEBVIEW_12697 mapped to pid 12697
&amp#27;[38;5;192m[21edc1c7]&amp#27;[0m&amp#27;[38;5;-25m[AndroidUiautomator2Driver@2336]&amp#27;[0m Getting process name for webview 'WEBVIEW_12697'
&amp#27;[38;5;192m[21edc1c7]&amp#27;[0m&amp#27;[38;5;229m[ADB]&amp#27;[0m Running 'C:\Users\HOME\AppData\Local\Android\Sdk\platform-tools\adb.exe -P 5037 -s emulator-5554 shell ps -A'
&amp#27;[38;5;192m[21edc1c7]&amp#27;[0m&amp#27;[38;5;-25m[AndroidUiautomator2Driver@2336]&amp#27;[0m Got process name: 'com.androidsample.generalstore'
&amp#27;[38;5;192m[21edc1c7]&amp#27;[0m&amp#27;[38;5;-25m[AndroidUiautomator2Driver@2336]&amp#27;[0m Found 1 webview: ["WEBVIEW_com.androidsample.generalstore"]
&amp#27;[38;5;192m[21edc1c7]&amp#27;[0m&amp#27;[38;5;-25m[AndroidUiautomator2Driver@2336]&amp#27;[0m Available contexts: ["NATIVE_APP","WEBVIEW_com.androidsample.generalstore"]
&amp#27;[38;5;192m[21edc1c7]&amp#27;[0m&amp#27;[38;5;-25m[AndroidUiautomator2Driver@2336]&amp#27;[0m Connecting to chrome-backed webview context 'WEBVIEW_com.androidsample.generalstore'
&amp#27;[38;5;192m[21edc1c7]&amp#27;[0m&amp#27;[38;5;-25m[AndroidUiautomator2Driver@2336]&amp#27;[0m A port was not given, using random free port: 63967
&amp#27;[38;5;192m[21edc1c7]&amp#27;[0m&amp#27;[38;5;-25m[AndroidUiautomator2Driver@2336]&amp#27;[0m Passing web view details to the Chromedriver constructor: {
  "info": {
    "Android-Package": "com.androidsample.generalstore",
    "Browser": "Chrome/124.0.6367.219",
    "Protocol-Version": "1.3",
    "User-Agent": "Mozilla/5.0 (Linux; Android 15; sdk_gphone64_x86_64 Build/AP31.240617.003; wv) AppleWebKit/537.36 (KHTML, like Gecko) Version/4.0 Chrome/124.0.6367.219 Mobile Safari/537.36",
    "V8-Version": "12.4.254.16",
    "WebKit-Version": "537.36 (@7741f71cbce3b7dfe3eb5890976d2596364b0733)",
    "webSocketDebuggerUrl": "ws://127.0.0.1:10900/devtools/browser"
  },
  "process": {
    "name": "com.androidsample.generalstore",
    "id": "12697"
  }
}
&amp#27;[38;5;192m[21edc1c7]&amp#27;[0m&amp#27;[38;5;-25m[AndroidUiautomator2Driver@2336]&amp#27;[0m Automated Chromedriver download is disabled. Use 'chromedriver_autodownload' server feature to enable it
&amp#27;[38;5;192m[21edc1c7]&amp#27;[0m&amp#27;[38;5;-25m[AndroidUiautomator2Driver@2336]&amp#27;[0m Precalculated Chromedriver capabilities: {
  "androidPackage": "com.androidsample.generalstore",
  "androidUseRunningApp": true,
  "androidProcess": "com.androidsample.generalstore",
  "androidDeviceSerial": "emulator-5554"
}
&amp#27;[38;5;192m[21edc1c7]&amp#27;[0m&amp#27;[38;5;-25m[AndroidUiautomator2Driver@2336]&amp#27;[0m Before starting chromedriver, androidPackage is 'com.androidsample.generalstore'
&amp#27;[38;5;192m[21edc1c7]&amp#27;[0m&amp#27;[38;5;214m[Chromedriver@7690]&amp#27;[0m Changed state to 'starting'
&amp#27;[38;5;192m[21edc1c7]&amp#27;[0m&amp#27;[38;5;214m[Chromedriver@7690]&amp#27;[0m Using the static Chromedriver->Chrome mapping
&amp#27;[38;5;192m[21edc1c7]&amp#27;[0m&amp#27;[38;5;214m[Chromedriver@7690]&amp#27;[0m The most recent known Chrome version: 126.0.6478
&amp#27;[38;5;192m[21edc1c7]&amp#27;[0m&amp#27;[38;5;214m[Chromedriver@7690]&amp#27;[0m Found 2 executables in 'C:\Users\HOME\.appium\node_modules\appium-uiautomator2-driver\node_modules\appium-chromedriver\chromedriver\win'
&amp#27;[38;5;192m[21edc1c7]&amp#27;[0m&amp#27;[38;5;214m[Chromedriver@7690]&amp#27;[0m The following Chromedriver executables were found:
&amp#27;[38;5;192m[21edc1c7]&amp#27;[0m&amp#27;[38;5;214m[Chromedriver@7690]&amp#27;[0m     'C:\Users\HOME\.appium\node_modules\appium-uiautomator2-driver\node_modules\appium-chromedriver\chromedriver\win\chromedriver-win64_v126.0.6478.182.exe' (version '126.0.6478.182', minimum Chrome version '126.0.6478')
&amp#27;[38;5;192m[21edc1c7]&amp#27;[0m&amp#27;[38;5;214m[Chromedriver@7690]&amp#27;[0m     'C:\Users\HOME\.appium\node_modules\appium-uiautomator2-driver\node_modules\appium-chromedriver\chromedriver\win\chromedriver-win64_v124.0.6367.207.exe' (version '124.0.6367.207', minimum Chrome version '124.0.6367')
&amp#27;[38;5;192m[21edc1c7]&amp#27;[0m&amp#27;[38;5;214m[Chromedriver@7690]&amp#27;[0m Browser version in the supplied details: Chrome/124.0.6367.219
&amp#27;[38;5;192m[21edc1c7]&amp#27;[0m&amp#27;[38;5;214m[Chromedriver@7690]&amp#27;[0m Found Chrome bundle 'undefined' version '124.0.6367'
&amp#27;[38;5;192m[21edc1c7]&amp#27;[0m&amp#27;[38;5;214m[Chromedriver@7690]&amp#27;[0m Found 1 executable capable of automating Chrome '124.0.6367'.
Choosing the most recent, 'C:\Users\HOME\.appium\node_modules\appium-uiautomator2-driver\node_modules\appium-chromedriver\chromedriver\win\chromedriver-win64_v124.0.6367.207.exe'.
&amp#27;[38;5;192m[21edc1c7]&amp#27;[0m&amp#27;[38;5;214m[Chromedriver@7690]&amp#27;[0m If a specific version is required, specify it with the `chromedriverExecutable`desired capability.
&amp#27;[38;5;192m[21edc1c7]&amp#27;[0m&amp#27;[38;5;214m[Chromedriver@7690]&amp#27;[0m Set chromedriver binary as: C:\Users\HOME\.appium\node_modules\appium-uiautomator2-driver\node_modules\appium-chromedriver\chromedriver\win\chromedriver-win64_v124.0.6367.207.exe
&amp#27;[38;5;192m[21edc1c7]&amp#27;[0m&amp#27;[38;5;214m[Chromedriver@7690]&amp#27;[0m Killing any old chromedrivers, running: wmic process where "commandline like '%chromedriver.exe%--port=63967%'" delete
&amp#27;[38;5;192m[21edc1c7]&amp#27;[0m&amp#27;[38;5;214m[Chromedriver@7690]&amp#27;[0m Successfully cleaned up old chromedrivers
&amp#27;[38;5;192m[21edc1c7]&amp#27;[0m&amp#27;[38;5;214m[Chromedriver@7690]&amp#27;[0m Cleaning this device's adb forwarded port socket connections: emulator-5554
&amp#27;[38;5;192m[21edc1c7]&amp#27;[0m&amp#27;[38;5;229m[ADB]&amp#27;[0m List forwarding ports
&amp#27;[38;5;192m[21edc1c7]&amp#27;[0m&amp#27;[38;5;229m[ADB]&amp#27;[0m Running 'C:\Users\HOME\AppData\Local\Android\Sdk\platform-tools\adb.exe -P 5037 -s emulator-5554 forward --list'
&amp#27;[38;5;192m[21edc1c7]&amp#27;[0m&amp#27;[38;5;214m[Chromedriver@7690]&amp#27;[0m Spawning chromedriver with: C:\Users\HOME\.appium\node_modules\appium-uiautomator2-driver\node_modules\appium-chromedriver\chromedriver\win\chromedriver-win64_v124.0.6367.207.exe --port=63967 --adb-port=5037 --verbose
&amp#27;[38;5;192m[21edc1c7]&amp#27;[0m&amp#27;[38;5;214m[Chromedriver@7690]&amp#27;[0m ChromeDriver version: '124.0.6367.207'
&amp#27;[38;5;192m[21edc1c7]&amp#27;[0m&amp#27;[38;5;214m[Chromedriver@7690]&amp#27;[0m Set ChromeDriver communication protocol to W3C
&amp#27;[38;5;192m[21edc1c7]&amp#27;[0m&amp#27;[38;5;214m[Chromedriver@7690]&amp#27;[0m Matched '/status' to command name 'getStatus'
&amp#27;[38;5;192m[21edc1c7]&amp#27;[0m&amp#27;[38;5;214m[Chromedriver@7690]&amp#27;[0m Proxying [GET /status] to [GET http://127.0.0.1:63967/status] with no body
&amp#27;[38;5;192m[21edc1c7]&amp#27;[0m&amp#27;[38;5;214m[Chromedriver@7690]&amp#27;[0m connect ECONNREFUSED 127.0.0.1:63967
&amp#27;[38;5;192m[21edc1c7]&amp#27;[0m&amp#27;[38;5;214m[Chromedriver@7690]&amp#27;[0m Matched '/status' to command name 'getStatus'
&amp#27;[38;5;192m[21edc1c7]&amp#27;[0m&amp#27;[38;5;214m[Chromedriver@7690]&amp#27;[0m Proxying [GET /status] to [GET http://127.0.0.1:63967/status] with no body
&amp#27;[38;5;192m[21edc1c7]&amp#27;[0m&amp#27;[38;5;214m[Chromedriver@7690]&amp#27;[0m Got response with status 200: {"value":{"build":{"version":"124.0.6367.207 (a9001a6e39fbaa559510ca866052950457dd4e6b-refs/branch-heads/6367_201@{#3})"},"message":"ChromeDriver ready for new sessions.","os":{"arch":"x86_64","name":"Windows NT","version":"10.0.22631"},"ready":true}}
&amp#27;[38;5;192m[21edc1c7]&amp#27;[0m&amp#27;[38;5;214m[Chromedriver@7690]&amp#27;[0m Starting W3C Chromedriver session with capabilities: {
  "capabilities": {
    "alwaysMatch": {
      "goog:chromeOptions": {
        "androidPackage": "com.androidsample.generalstore",
        "androidUseRunningApp": true,
        "androidProcess": "com.androidsample.generalstore",
        "androidDeviceSerial": "emulator-5554"
      },
      "goog:loggingPrefs": {
        "browser": "ALL"
      }
    }
  }
}
&amp#27;[38;5;192m[21edc1c7]&amp#27;[0m&amp#27;[38;5;214m[Chromedriver@7690]&amp#27;[0m Matched '/session' to command name 'createSession'
&amp#27;[38;5;192m[21edc1c7]&amp#27;[0m&amp#27;[38;5;214m[Chromedriver@7690]&amp#27;[0m Proxying [POST /session] to [POST http://127.0.0.1:63967/session] with body: {"capabilities":{"alwaysMatch":{"goog:chromeOptions":{"androidPackage":"com.androidsample.generalstore","androidUseRunningApp":true,"androidProcess":"com.androidsample.generalstore","androidDeviceSerial":"emulator-5554"},"goog:loggingPrefs":{"browser":"ALL"}}}}
&amp#27;[38;5;192m[21edc1c7]&amp#27;[0m&amp#27;[38;5;214m[Chromedriver@7690]&amp#27;[0m Webview version: 'Chrome/124.0.6367.219'
&amp#27;[38;5;192m[21edc1c7]&amp#27;[0m&amp#27;[38;5;214m[Chromedriver@7690]&amp#27;[0m Got response with status 200: {"value":{"capabilities":{"acceptInsecureCerts":false,"browserName":"chrome","browserVersion":"124.0.6367.219","chrome":{"chromedriverVersion":"124.0.6367.207 (a9001a6e39fbaa559510ca866052950457dd4e6b-refs/branch-heads/6367_201@{#3})"},"fedcm:accounts":true,"goog:chromeOptions":{"debuggerAddress":"localhost:63977"},"pageLoadStrategy":"normal","platformName":"android","proxy":{},"setWindowRect":false,"strictFileInteractability":false,"timeouts":{"implicit":0,"pageLoad":300000,"script":30000},"unhandledPromptBehavior":"dismiss and notify","webauthn:extension:credBlob":false,"webauthn:extension:largeBlob":false,"webauthn:extension:minPinLength":false,"webauthn:extension:prf":false,"webauthn:virtualAuthenticators":false},"sessionId":"62aba5a5882211b821023bf4f7362f10"}}
&amp#27;[38;5;192m[21edc1c7]&amp#27;[0m&amp#27;[38;5;214m[Chromedriver@7690]&amp#27;[0m Determined the downstream protocol as 'W3C'
&amp#27;[38;5;192m[21edc1c7]&amp#27;[0m&amp#27;[38;5;214m[Chromedriver@7690]&amp#27;[0m Changed state to 'online'
&amp#27;[38;5;192m[21edc1c7]&amp#27;[0m&amp#27;[38;5;-25m[AndroidUiautomator2Driver@2336]&amp#27;[0m Responding to client with driver.setContext() result: null
&amp#27;[38;5;192m[21edc1c7]&amp#27;[0m&amp#27;[38;5;86m[HTTP]&amp#27;[0m &amp#27;[37m<-- POST /session/21edc1c7-065d-4901-b63b-5a354eddaf7a/context &amp#27;[39m&amp#27;[32m200&amp#27;[39m &amp#27;[90m2478 ms - 14&amp#27;[39m &amp#27;[90m&amp#27;[39m
&amp#27;[38;5;192m[21edc1c7]&amp#27;[0m&amp#27;[38;5;86m[HTTP]&amp#27;[0m &amp#27;[37m-->&amp#27;[39m &amp#27;[37mPOST&amp#27;[39m &amp#27;[37m/session/21edc1c7-065d-4901-b63b-5a354eddaf7a/element&amp#27;[39m &amp#27;[90m{"value":"q","using":"name"}&amp#27;[39m
&amp#27;[38;5;192m[21edc1c7]&amp#27;[0m&amp#27;[38;5;-25m[AndroidUiautomator2Driver@2336]&amp#27;[0m Driver proxy active, passing request on via HTTP proxy
&amp#27;[38;5;192m[21edc1c7]&amp#27;[0m&amp#27;[38;5;214m[Chromedriver@7690]&amp#27;[0m Matched '/session/21edc1c7-065d-4901-b63b-5a354eddaf7a/element' to command name 'findElement'
&amp#27;[38;5;192m[21edc1c7]&amp#27;[0m&amp#27;[38;5;214m[Chromedriver@7690]&amp#27;[0m Proxying [POST /session/21edc1c7-065d-4901-b63b-5a354eddaf7a/element] to [POST http://127.0.0.1:63967/session/62aba5a5882211b821023bf4f7362f10/element] with body: {"value":"q","using":"name"}
&amp#27;[38;5;192m[21edc1c7]&amp#27;[0m&amp#27;[38;5;214m[Chromedriver@7690]&amp#27;[0m Got response with status 400: {"value":{"error":"invalid argument","message":"invalid argument: invalid locator\n  (Session info: chrome=124.0.6367.219)","stacktrace":"\tGetHandleVerifier [0x00007FF7D4D91522+60802]\n\t(No symbol) [0x00007FF7D4D0AC22]\n\t(No symbol) [0x00007FF7D4BC7CE4]\n\t(No symbol) [0x00007FF7D4C163E8]\n\t(No symbol) [0x00007FF7D4C16E1C]\n\t(No symbol) [0x00007FF7D4C5CE37]\n\t(No symbol) [0x00007FF7D4C3ABBF]\n\t(No symbol) [0x00007FF7D4C5A224]\n\t(No symbol) [0x00007FF7D4C3A923]\n\t(No symbol) [0x00007FF7D4C08FEC]\n\t(No symbol) [0x00007FF7D4C09C21]\n\tGetHandleVerifier [0x00007FF7D50941BD+3217949]\n\tGetHandleVerifier [0x00007FF7D50D6157+3488183]\n\tGetHandleVerifier [0x00007FF7D50CF0DF+3459391]\n\tGetHandleVerifier [0x00007FF7D4E4B8E6+823622]\n\t(No symbol) [0x00007FF7D4D15FBF]\n\t(No symbol) [0x00007FF7D4D10EE4]\n\t(No symbol) [0x00007FF7D4D11072]\n\t(No symbol) [0x00007FF7D4D018C4]\n\tBaseThreadInitThunk [0x00007FFA9DDB257D+29]\n\tRtlUserThreadStart [0x00007FFA9E94AF28+40]\n"}}
&amp#27;[38;5;192m[21edc1c7]&amp#27;[0m&amp#27;[38;5;123m[W3C]&amp#27;[0m Matched W3C error code 'invalid argument' to InvalidArgumentError
&amp#27;[38;5;192m[21edc1c7]&amp#27;[0m&amp#27;[38;5;86m[HTTP]&amp#27;[0m &amp#27;[37m<-- POST /session/21edc1c7-065d-4901-b63b-5a354eddaf7a/element &amp#27;[39m&amp#27;[33m400&amp#27;[39m &amp#27;[90m2344 ms - 985&amp#27;[39m &amp#27;[90m&amp#27;[39m
&amp#27;[38;5;192m[21edc1c7]&amp#27;[0m&amp#27;[38;5;86m[HTTP]&amp#27;[0m &amp#27;[37m-->&amp#27;[39m &amp#27;[37mPOST&amp#27;[39m &amp#27;[37m/session/21edc1c7-065d-4901-b63b-5a354eddaf7a/element&amp#27;[39m &amp#27;[90m{"value":"*[name='q']","using":"css selector"}&amp#27;[39m
&amp#27;[38;5;192m[21edc1c7]&amp#27;[0m&amp#27;[38;5;-25m[AndroidUiautomator2Driver@2336]&amp#27;[0m Driver proxy active, passing request on via HTTP proxy
&amp#27;[38;5;192m[21edc1c7]&amp#27;[0m&amp#27;[38;5;214m[Chromedriver@7690]&amp#27;[0m Matched '/session/21edc1c7-065d-4901-b63b-5a354eddaf7a/element' to command name 'findElement'
&amp#27;[38;5;192m[21edc1c7]&amp#27;[0m&amp#27;[38;5;214m[Chromedriver@7690]&amp#27;[0m Proxying [POST /session/21edc1c7-065d-4901-b63b-5a354eddaf7a/element] to [POST http://127.0.0.1:63967/session/62aba5a5882211b821023bf4f7362f10/element] with body: {"value":"*[name='q']","using":"css selector"}
&amp#27;[38;5;192m[21edc1c7]&amp#27;[0m&amp#27;[38;5;214m[Chromedriver@7690]&amp#27;[0m Got response with status 200: {"value":{"element-6066-11e4-a52e-4f735466cecf":"f.C8E376FD4B7D9E78706D27CF2A1839A5.d.5960D379F9188F7F29B30B9A8BA29A20.e.11"}}
&amp#27;[38;5;192m[21edc1c7]&amp#27;[0m&amp#27;[38;5;86m[HTTP]&amp#27;[0m &amp#27;[37m<-- POST /session/21edc1c7-065d-4901-b63b-5a354eddaf7a/element &amp#27;[39m&amp#27;[32m200&amp#27;[39m &amp#27;[90m353 ms - 213&amp#27;[39m &amp#27;[90m&amp#27;[39m
&amp#27;[38;5;192m[21edc1c7]&amp#27;[0m&amp#27;[38;5;86m[HTTP]&amp#27;[0m &amp#27;[37m-->&amp#27;[39m &amp#27;[37mPOST&amp#27;[39m &amp#27;[37m/session/21edc1c7-065d-4901-b63b-5a354eddaf7a/element/f.C8E376FD4B7D9E78706D27CF2A1839A5.d.5960D379F9188F7F29B30B9A8BA29A20.e.11/value&amp#27;[39m &amp#27;[90m{"text":"voola pranavraj","value":["v","o","o","l","a"," ","p","r","a","n","a","v","r","a","j"],"id":"f.C8E376FD4B7D9E78706D27CF2A1839A5.d.5960D379F9188F7F29B30B9A8BA29A20.e.11"}&amp#27;[39m
&amp#27;[38;5;192m[21edc1c7]&amp#27;[0m&amp#27;[38;5;-25m[AndroidUiautomator2Driver@2336]&amp#27;[0m Driver proxy active, passing request on via HTTP proxy
&amp#27;[38;5;192m[21edc1c7]&amp#27;[0m&amp#27;[38;5;214m[Chromedriver@7690]&amp#27;[0m Matched '/session/21edc1c7-065d-4901-b63b-5a354eddaf7a/element/f.C8E376FD4B7D9E78706D27CF2A1839A5.d.5960D379F9188F7F29B30B9A8BA29A20.e.11/value' to command name 'setValue'
&amp#27;[38;5;192m[21edc1c7]&amp#27;[0m&amp#27;[38;5;214m[Chromedriver@7690]&amp#27;[0m Proxying [POST /session/21edc1c7-065d-4901-b63b-5a354eddaf7a/element/f.C8E376FD4B7D9E78706D27CF2A1839A5.d.5960D379F9188F7F29B30B9A8BA29A20.e.11/value] to [POST http://127.0.0.1:63967/session/62aba5a5882211b821023bf4f7362f10/element/f.C8E376FD4B7D9E78706D27CF2A1839A5.d.5960D379F9188F7F29B30B9A8BA29A20.e.11/value] with body: {"text":"voola pranavraj","value":["v","o","o","l","a"," ","p","r","a","n","a","v","r","a","j"],"id":"f.C8E376FD4B7D9E78706D27CF2A1839A5.d.5960D379F9188F7F29B30B9A8BA29A20.e.11"}
&amp#27;[38;5;192m[21edc1c7]&amp#27;[0m&amp#27;[38;5;214m[Chromedriver@7690]&amp#27;[0m Got response with status 200: {"value":null}
&amp#27;[38;5;192m[21edc1c7]&amp#27;[0m&amp#27;[38;5;86m[HTTP]&amp#27;[0m &amp#27;[37m<-- POST /session/21edc1c7-065d-4901-b63b-5a354eddaf7a/element/f.C8E376FD4B7D9E78706D27CF2A1839A5.d.5960D379F9188F7F29B30B9A8BA29A20.e.11/value &amp#27;[39m&amp#27;[32m200&amp#27;[39m &amp#27;[90m775 ms - 14&amp#27;[39m &amp#27;[90m&amp#27;[39m
&amp#27;[38;5;192m[21edc1c7]&amp#27;[0m&amp#27;[38;5;86m[HTTP]&amp#27;[0m &amp#27;[37m-->&amp#27;[39m &amp#27;[37mPOST&amp#27;[39m &amp#27;[37m/session/21edc1c7-065d-4901-b63b-5a354eddaf7a/element&amp#27;[39m &amp#27;[90m{"value":"*[name='q']","using":"css selector"}&amp#27;[39m
&amp#27;[38;5;192m[21edc1c7]&amp#27;[0m&amp#27;[38;5;-25m[AndroidUiautomator2Driver@2336]&amp#27;[0m Driver proxy active, passing request on via HTTP proxy
&amp#27;[38;5;192m[21edc1c7]&amp#27;[0m&amp#27;[38;5;214m[Chromedriver@7690]&amp#27;[0m Matched '/session/21edc1c7-065d-4901-b63b-5a354eddaf7a/element' to command name 'findElement'
&amp#27;[38;5;192m[21edc1c7]&amp#27;[0m&amp#27;[38;5;214m[Chromedriver@7690]&amp#27;[0m Proxying [POST /session/21edc1c7-065d-4901-b63b-5a354eddaf7a/element] to [POST http://127.0.0.1:63967/session/62aba5a5882211b821023bf4f7362f10/element] with body: {"value":"*[name='q']","using":"css selector"}
&amp#27;[38;5;192m[21edc1c7]&amp#27;[0m&amp#27;[38;5;214m[Chromedriver@7690]&amp#27;[0m Got response with status 200: {"value":{"element-6066-11e4-a52e-4f735466cecf":"f.C8E376FD4B7D9E78706D27CF2A1839A5.d.5960D379F9188F7F29B30B9A8BA29A20.e.11"}}
&amp#27;[38;5;192m[21edc1c7]&amp#27;[0m&amp#27;[38;5;86m[HTTP]&amp#27;[0m &amp#27;[37m<-- POST /session/21edc1c7-065d-4901-b63b-5a354eddaf7a/element &amp#27;[39m&amp#27;[32m200&amp#27;[39m &amp#27;[90m289 ms - 213&amp#27;[39m &amp#27;[90m&amp#27;[39m
&amp#27;[38;5;192m[21edc1c7]&amp#27;[0m&amp#27;[38;5;86m[HTTP]&amp#27;[0m &amp#27;[37m-->&amp#27;[39m &amp#27;[37mPOST&amp#27;[39m &amp#27;[37m/session/21edc1c7-065d-4901-b63b-5a354eddaf7a/element/f.C8E376FD4B7D9E78706D27CF2A1839A5.d.5960D379F9188F7F29B30B9A8BA29A20.e.11/value&amp#27;[39m &amp#27;[90m{"text":"","value":[""],"id":"f.C8E376FD4B7D9E78706D27CF2A1839A5.d.5960D379F9188F7F29B30B9A8BA29A20.e.11"}&amp#27;[39m
&amp#27;[38;5;192m[21edc1c7]&amp#27;[0m&amp#27;[38;5;-25m[AndroidUiautomator2Driver@2336]&amp#27;[0m Driver proxy active, passing request on via HTTP proxy
&amp#27;[38;5;192m[21edc1c7]&amp#27;[0m&amp#27;[38;5;214m[Chromedriver@7690]&amp#27;[0m Matched '/session/21edc1c7-065d-4901-b63b-5a354eddaf7a/element/f.C8E376FD4B7D9E78706D27CF2A1839A5.d.5960D379F9188F7F29B30B9A8BA29A20.e.11/value' to command name 'setValue'
&amp#27;[38;5;192m[21edc1c7]&amp#27;[0m&amp#27;[38;5;214m[Chromedriver@7690]&amp#27;[0m Proxying [POST /session/21edc1c7-065d-4901-b63b-5a354eddaf7a/element/f.C8E376FD4B7D9E78706D27CF2A1839A5.d.5960D379F9188F7F29B30B9A8BA29A20.e.11/value] to [POST http://127.0.0.1:63967/session/62aba5a5882211b821023bf4f7362f10/element/f.C8E376FD4B7D9E78706D27CF2A1839A5.d.5960D379F9188F7F29B30B9A8BA29A20.e.11/value] with body: {"text":"","value":[""],"id":"f.C8E376FD4B7D9E78706D27CF2A1839A5.d.5960D379F9188F7F29B30B9A8BA29A20.e.11"}
&amp#27;[38;5;192m[21edc1c7]&amp#27;[0m&amp#27;[38;5;214m[Chromedriver@7690]&amp#27;[0m Got response with status 200: {"value":null}
&amp#27;[38;5;192m[21edc1c7]&amp#27;[0m&amp#27;[38;5;86m[HTTP]&amp#27;[0m &amp#27;[37m<-- POST /session/21edc1c7-065d-4901-b63b-5a354eddaf7a/element/f.C8E376FD4B7D9E78706D27CF2A1839A5.d.5960D379F9188F7F29B30B9A8BA29A20.e.11/value &amp#27;[39m&amp#27;[32m200&amp#27;[39m &amp#27;[90m522 ms - 14&amp#27;[39m &amp#27;[90m&amp#27;[39m
&amp#27;[38;5;192m[21edc1c7]&amp#27;[0m&amp#27;[38;5;86m[HTTP]&amp#27;[0m &amp#27;[37m-->&amp#27;[39m &amp#27;[37mPOST&amp#27;[39m &amp#27;[37m/session/21edc1c7-065d-4901-b63b-5a354eddaf7a/execute/sync&amp#27;[39m &amp#27;[90m{"script":"mobile: pressKey","args":[{"keycode":4,"isLongPress":true}]}&amp#27;[39m
&amp#27;[38;5;192m[21edc1c7]&amp#27;[0m&amp#27;[38;5;-25m[AndroidUiautomator2Driver@2336]&amp#27;[0m Calling AppiumDriver.execute() with args: ["mobile: pressKey",[{"keycode":4,"isLongPress":true}],"21edc1c7-065d-4901-b63b-5a354eddaf7a"]
&amp#27;[38;5;192m[21edc1c7]&amp#27;[0m&amp#27;[38;5;-25m[AndroidUiautomator2Driver@2336]&amp#27;[0m Executing native command 'mobile: pressKey'
&amp#27;[38;5;192m[21edc1c7]&amp#27;[0m&amp#27;[38;5;-25m[AndroidUiautomator2Driver@2336]&amp#27;[0m Matched '/appium/device/long_press_keycode' to command name 'longPressKeyCode'
&amp#27;[38;5;192m[21edc1c7]&amp#27;[0m&amp#27;[38;5;-25m[AndroidUiautomator2Driver@2336]&amp#27;[0m Proxying [POST /appium/device/long_press_keycode] to [POST http://127.0.0.1:8200/session/ec29d363-93a1-405a-b18e-ed0f88bdf279/appium/device/long_press_keycode] with body: {"keycode":4}
&amp#27;[38;5;192m[21edc1c7]&amp#27;[0m&amp#27;[38;5;-25m[AndroidUiautomator2Driver@2336]&amp#27;[0m Got response with status 200: {"sessionId":"ec29d363-93a1-405a-b18e-ed0f88bdf279","value":null}
&amp#27;[38;5;192m[21edc1c7]&amp#27;[0m&amp#27;[38;5;-25m[AndroidUiautomator2Driver@2336]&amp#27;[0m Responding to client with driver.execute() result: null
&amp#27;[38;5;192m[21edc1c7]&amp#27;[0m&amp#27;[38;5;86m[HTTP]&amp#27;[0m &amp#27;[37m<-- POST /session/21edc1c7-065d-4901-b63b-5a354eddaf7a/execute/sync &amp#27;[39m&amp#27;[32m200&amp#27;[39m &amp#27;[90m1115 ms - 14&amp#27;[39m &amp#27;[90m&amp#27;[39m
&amp#27;[38;5;192m[21edc1c7]&amp#27;[0m&amp#27;[38;5;86m[HTTP]&amp#27;[0m &amp#27;[37m-->&amp#27;[39m &amp#27;[37mPOST&amp#27;[39m &amp#27;[37m/session/21edc1c7-065d-4901-b63b-5a354eddaf7a/context&amp#27;[39m &amp#27;[90m{"name":"NATIVE_APP"}&amp#27;[39m
&amp#27;[38;5;192m[21edc1c7]&amp#27;[0m&amp#27;[38;5;-25m[AndroidUiautomator2Driver@2336]&amp#27;[0m Calling AppiumDriver.setContext() with args: ["NATIVE_APP","21edc1c7-065d-4901-b63b-5a354eddaf7a"]
&amp#27;[38;5;192m[21edc1c7]&amp#27;[0m&amp#27;[38;5;-25m[AndroidUiautomator2Driver@2336]&amp#27;[0m Getting a list of available webviews
&amp#27;[38;5;192m[21edc1c7]&amp#27;[0m&amp#27;[38;5;229m[ADB]&amp#27;[0m Running 'C:\Users\HOME\AppData\Local\Android\Sdk\platform-tools\adb.exe -P 5037 -s emulator-5554 shell cat /proc/net/unix'
&amp#27;[38;5;192m[21edc1c7]&amp#27;[0m&amp#27;[38;5;-25m[AndroidUiautomator2Driver@2336]&amp#27;[0m Parsed 1 active devtools socket: ["@webview_devtools_remote_12697"]
&amp#27;[38;5;192m[21edc1c7]&amp#27;[0m&amp#27;[38;5;-25m[AndroidUiautomator2Driver@2336]&amp#27;[0m Collecting CDP data of 1 webview
&amp#27;[38;5;192m[21edc1c7]&amp#27;[0m&amp#27;[38;5;-25m[AndroidUiautomator2Driver@2336]&amp#27;[0m Forwarding remote port webview_devtools_remote_12697 to a local port in range 10900..11000
&amp#27;[38;5;192m[21edc1c7]&amp#27;[0m&amp#27;[38;5;-25m[AndroidUiautomator2Driver@2336]&amp#27;[0m You could use the 'webviewDevtoolsPort' capability to customize the starting port number
&amp#27;[38;5;192m[21edc1c7]&amp#27;[0m&amp#27;[38;5;229m[ADB]&amp#27;[0m Running 'C:\Users\HOME\AppData\Local\Android\Sdk\platform-tools\adb.exe -P 5037 -s emulator-5554 forward tcp:10900 localabstract:webview_devtools_remote_12697'
&amp#27;[38;5;192m[21edc1c7]&amp#27;[0m&amp#27;[38;5;229m[ADB]&amp#27;[0m Removing forwarded port socket connection: 10900 
&amp#27;[38;5;192m[21edc1c7]&amp#27;[0m&amp#27;[38;5;229m[ADB]&amp#27;[0m Running 'C:\Users\HOME\AppData\Local\Android\Sdk\platform-tools\adb.exe -P 5037 -s emulator-5554 forward --remove tcp:10900'
&amp#27;[38;5;192m[21edc1c7]&amp#27;[0m&amp#27;[38;5;-25m[AndroidUiautomator2Driver@2336]&amp#27;[0m CDP data collection completed
&amp#27;[38;5;192m[21edc1c7]&amp#27;[0m&amp#27;[38;5;-25m[AndroidUiautomator2Driver@2336]&amp#27;[0m WEBVIEW_12697 mapped to pid 12697
&amp#27;[38;5;192m[21edc1c7]&amp#27;[0m&amp#27;[38;5;-25m[AndroidUiautomator2Driver@2336]&amp#27;[0m Getting process name for webview 'WEBVIEW_12697'
&amp#27;[38;5;192m[21edc1c7]&amp#27;[0m&amp#27;[38;5;229m[ADB]&amp#27;[0m Running 'C:\Users\HOME\AppData\Local\Android\Sdk\platform-tools\adb.exe -P 5037 -s emulator-5554 shell ps -A'
&amp#27;[38;5;192m[21edc1c7]&amp#27;[0m&amp#27;[38;5;-25m[AndroidUiautomator2Driver@2336]&amp#27;[0m Got process name: 'com.androidsample.generalstore'
&amp#27;[38;5;192m[21edc1c7]&amp#27;[0m&amp#27;[38;5;-25m[AndroidUiautomator2Driver@2336]&amp#27;[0m Found 1 webview: ["WEBVIEW_com.androidsample.generalstore"]
&amp#27;[38;5;192m[21edc1c7]&amp#27;[0m&amp#27;[38;5;-25m[AndroidUiautomator2Driver@2336]&amp#27;[0m Available contexts: ["NATIVE_APP","WEBVIEW_com.androidsample.generalstore"]
&amp#27;[38;5;192m[21edc1c7]&amp#27;[0m&amp#27;[38;5;-25m[AndroidUiautomator2Driver@2336]&amp#27;[0m Responding to client with driver.setContext() result: null
&amp#27;[38;5;192m[21edc1c7]&amp#27;[0m&amp#27;[38;5;86m[HTTP]&amp#27;[0m &amp#27;[37m<-- POST /session/21edc1c7-065d-4901-b63b-5a354eddaf7a/context &amp#27;[39m&amp#27;[32m200&amp#27;[39m &amp#27;[90m774 ms - 14&amp#27;[39m &amp#27;[90m&amp#27;[39m
]]></system-out>
  </testcase>
  <testcase name="ecommerce_Test3_switch_from_Apps_to_Webbrowser[Argentina, pranav, male](2)" classname="Pranavraj.AppiumFrameWorkDesign.eCommerce_Hybrid" time="26.619">
    <system-out><![CDATA[&amp#27;[38;5;192m[21edc1c7]&amp#27;[0m&amp#27;[38;5;86m[HTTP]&amp#27;[0m &amp#27;[37m-->&amp#27;[39m &amp#27;[37mPOST&amp#27;[39m &amp#27;[37m/session/21edc1c7-065d-4901-b63b-5a354eddaf7a/execute/sync&amp#27;[39m &amp#27;[90m{"script":"mobile: startActivity","args":[{"intent":"com.androidsample.generalstore/com.androidsample.generalstore.SplashActivity"}]}&amp#27;[39m
&amp#27;[38;5;192m[21edc1c7]&amp#27;[0m&amp#27;[38;5;-25m[AndroidUiautomator2Driver@2336]&amp#27;[0m Calling AppiumDriver.execute() with args: ["mobile: startActivity",[{"intent":"com.androidsample.generalstore/com.androidsample.generalstore.SplashActivity"}],"21edc1c7-065d-4901-b63b-5a354eddaf7a"]
&amp#27;[38;5;192m[21edc1c7]&amp#27;[0m&amp#27;[38;5;-25m[AndroidUiautomator2Driver@2336]&amp#27;[0m Executing native command 'mobile: startActivity'
&amp#27;[38;5;192m[21edc1c7]&amp#27;[0m&amp#27;[38;5;229m[ADB]&amp#27;[0m Running 'C:\Users\HOME\AppData\Local\Android\Sdk\platform-tools\adb.exe -P 5037 -s emulator-5554 shell am start-activity com.androidsample.generalstore/com.androidsample.generalstore.SplashActivity'
&amp#27;[38;5;192m[21edc1c7]&amp#27;[0m&amp#27;[38;5;-25m[AndroidUiautomator2Driver@2336]&amp#27;[0m Responding to client with driver.execute() result: "Starting: Intent { act=android.intent.action.MAIN cat=[android.intent.category.LAUNCHER] cmp=com.androidsample.generalstore/.SplashActivity }"
&amp#27;[38;5;192m[21edc1c7]&amp#27;[0m&amp#27;[38;5;86m[HTTP]&amp#27;[0m &amp#27;[37m<-- POST /session/21edc1c7-065d-4901-b63b-5a354eddaf7a/execute/sync &amp#27;[39m&amp#27;[32m200&amp#27;[39m &amp#27;[90m126 ms - 153&amp#27;[39m &amp#27;[90m&amp#27;[39m
&amp#27;[38;5;192m[21edc1c7]&amp#27;[0m&amp#27;[38;5;86m[HTTP]&amp#27;[0m &amp#27;[37m-->&amp#27;[39m &amp#27;[37mGET&amp#27;[39m &amp#27;[37m/session/21edc1c7-065d-4901-b63b-5a354eddaf7a/context&amp#27;[39m &amp#27;[90m{}&amp#27;[39m
&amp#27;[38;5;192m[21edc1c7]&amp#27;[0m&amp#27;[38;5;-25m[AndroidUiautomator2Driver@2336]&amp#27;[0m Calling AppiumDriver.getCurrentContext() with args: ["21edc1c7-065d-4901-b63b-5a354eddaf7a"]
&amp#27;[38;5;192m[21edc1c7]&amp#27;[0m&amp#27;[38;5;-25m[AndroidUiautomator2Driver@2336]&amp#27;[0m Responding to client with driver.getCurrentContext() result: "NATIVE_APP"
&amp#27;[38;5;192m[21edc1c7]&amp#27;[0m&amp#27;[38;5;86m[HTTP]&amp#27;[0m &amp#27;[37m<-- GET /session/21edc1c7-065d-4901-b63b-5a354eddaf7a/context &amp#27;[39m&amp#27;[32m200&amp#27;[39m &amp#27;[90m2 ms - 22&amp#27;[39m &amp#27;[90m&amp#27;[39m
&amp#27;[38;5;192m[21edc1c7]&amp#27;[0m&amp#27;[38;5;86m[HTTP]&amp#27;[0m &amp#27;[37m-->&amp#27;[39m &amp#27;[37mPOST&amp#27;[39m &amp#27;[37m/session/21edc1c7-065d-4901-b63b-5a354eddaf7a/element&amp#27;[39m &amp#27;[90m{"value":"android:id/text1","using":"id"}&amp#27;[39m
&amp#27;[38;5;192m[21edc1c7]&amp#27;[0m&amp#27;[38;5;-25m[AndroidUiautomator2Driver@2336]&amp#27;[0m Calling AppiumDriver.findElement() with args: ["id","android:id/text1","21edc1c7-065d-4901-b63b-5a354eddaf7a"]
&amp#27;[38;5;192m[21edc1c7]&amp#27;[0m&amp#27;[38;5;-25m[AndroidUiautomator2Driver@2336]&amp#27;[0m Valid locator strategies for this request: xpath, id, class name, accessibility id, css selector, -android uiautomator
&amp#27;[38;5;192m[21edc1c7]&amp#27;[0m&amp#27;[38;5;-25m[AndroidUiautomator2Driver@2336]&amp#27;[0m Waiting up to 15000 ms for condition
&amp#27;[38;5;192m[21edc1c7]&amp#27;[0m&amp#27;[38;5;-25m[AndroidUiautomator2Driver@2336]&amp#27;[0m Matched '/element' to command name 'findElement'
&amp#27;[38;5;192m[21edc1c7]&amp#27;[0m&amp#27;[38;5;-25m[AndroidUiautomator2Driver@2336]&amp#27;[0m Proxying [POST /element] to [POST http://127.0.0.1:8200/session/ec29d363-93a1-405a-b18e-ed0f88bdf279/element] with body: {"strategy":"id","selector":"android:id/text1","context":"","multiple":false}
&amp#27;[38;5;192m[21edc1c7]&amp#27;[0m&amp#27;[38;5;-25m[AndroidUiautomator2Driver@2336]&amp#27;[0m Got response with status 200: {"sessionId":"ec29d363-93a1-405a-b18e-ed0f88bdf279","value":{"ELEMENT":"00000000-0000-0157-ffff-ffff000000e1","element-6066-11e4-a52e-4f735466cecf":"00000000-0000-0157-ffff-ffff000000e1"}}
&amp#27;[38;5;192m[21edc1c7]&amp#27;[0m&amp#27;[38;5;-25m[AndroidUiautomator2Driver@2336]&amp#27;[0m Responding to client with driver.findElement() result: {"element-6066-11e4-a52e-4f735466cecf":"00000000-0000-0157-ffff-ffff000000e1","ELEMENT":"00000000-0000-0157-ffff-ffff000000e1"}
&amp#27;[38;5;192m[21edc1c7]&amp#27;[0m&amp#27;[38;5;86m[HTTP]&amp#27;[0m &amp#27;[37m<-- POST /session/21edc1c7-065d-4901-b63b-5a354eddaf7a/element &amp#27;[39m&amp#27;[32m200&amp#27;[39m &amp#27;[90m76 ms - 137&amp#27;[39m &amp#27;[90m&amp#27;[39m
&amp#27;[38;5;192m[21edc1c7]&amp#27;[0m&amp#27;[38;5;86m[HTTP]&amp#27;[0m &amp#27;[37m-->&amp#27;[39m &amp#27;[37mPOST&amp#27;[39m &amp#27;[37m/session/21edc1c7-065d-4901-b63b-5a354eddaf7a/element/00000000-0000-0157-ffff-ffff000000e1/click&amp#27;[39m &amp#27;[90m{"id":"00000000-0000-0157-ffff-ffff000000e1"}&amp#27;[39m
&amp#27;[38;5;192m[21edc1c7]&amp#27;[0m&amp#27;[38;5;-25m[AndroidUiautomator2Driver@2336]&amp#27;[0m Calling AppiumDriver.click() with args: ["00000000-0000-0157-ffff-ffff000000e1","21edc1c7-065d-4901-b63b-5a354eddaf7a"]
&amp#27;[38;5;192m[21edc1c7]&amp#27;[0m&amp#27;[38;5;-25m[AndroidUiautomator2Driver@2336]&amp#27;[0m Matched '/element/00000000-0000-0157-ffff-ffff000000e1/click' to command name 'click'
&amp#27;[38;5;192m[21edc1c7]&amp#27;[0m&amp#27;[38;5;-25m[AndroidUiautomator2Driver@2336]&amp#27;[0m Proxying [POST /element/00000000-0000-0157-ffff-ffff000000e1/click] to [POST http://127.0.0.1:8200/session/ec29d363-93a1-405a-b18e-ed0f88bdf279/element/00000000-0000-0157-ffff-ffff000000e1/click] with body: {"element":"00000000-0000-0157-ffff-ffff000000e1"}
&amp#27;[38;5;192m[21edc1c7]&amp#27;[0m&amp#27;[38;5;-25m[AndroidUiautomator2Driver@2336]&amp#27;[0m Got response with status 200: {"sessionId":"ec29d363-93a1-405a-b18e-ed0f88bdf279","value":null}
&amp#27;[38;5;192m[21edc1c7]&amp#27;[0m&amp#27;[38;5;-25m[AndroidUiautomator2Driver@2336]&amp#27;[0m Responding to client with driver.click() result: null
&amp#27;[38;5;192m[21edc1c7]&amp#27;[0m&amp#27;[38;5;86m[HTTP]&amp#27;[0m &amp#27;[37m<-- POST /session/21edc1c7-065d-4901-b63b-5a354eddaf7a/element/00000000-0000-0157-ffff-ffff000000e1/click &amp#27;[39m&amp#27;[32m200&amp#27;[39m &amp#27;[90m64 ms - 14&amp#27;[39m &amp#27;[90m&amp#27;[39m
&amp#27;[38;5;192m[21edc1c7]&amp#27;[0m&amp#27;[38;5;86m[HTTP]&amp#27;[0m &amp#27;[37m-->&amp#27;[39m &amp#27;[37mPOST&amp#27;[39m &amp#27;[37m/session/21edc1c7-065d-4901-b63b-5a354eddaf7a/element&amp#27;[39m &amp#27;[90m{"value":"new UiScrollable(new UiSelector()).scrollIntoView(text(\"Argentina\"));","using":"-android uiautomator"}&amp#27;[39m
&amp#27;[38;5;192m[21edc1c7]&amp#27;[0m&amp#27;[38;5;-25m[AndroidUiautomator2Driver@2336]&amp#27;[0m Calling AppiumDriver.findElement() with args: ["-android uiautomator","new UiScrollable(new UiSelector()).scrollIntoView(text(\"Argentina\"));","21edc1c7-065d-4901-b63b-5a354eddaf7a"]
&amp#27;[38;5;192m[21edc1c7]&amp#27;[0m&amp#27;[38;5;-25m[AndroidUiautomator2Driver@2336]&amp#27;[0m Valid locator strategies for this request: xpath, id, class name, accessibility id, css selector, -android uiautomator
&amp#27;[38;5;192m[21edc1c7]&amp#27;[0m&amp#27;[38;5;-25m[AndroidUiautomator2Driver@2336]&amp#27;[0m Waiting up to 15000 ms for condition
&amp#27;[38;5;192m[21edc1c7]&amp#27;[0m&amp#27;[38;5;-25m[AndroidUiautomator2Driver@2336]&amp#27;[0m Matched '/element' to command name 'findElement'
&amp#27;[38;5;192m[21edc1c7]&amp#27;[0m&amp#27;[38;5;-25m[AndroidUiautomator2Driver@2336]&amp#27;[0m Proxying [POST /element] to [POST http://127.0.0.1:8200/session/ec29d363-93a1-405a-b18e-ed0f88bdf279/element] with body: {"strategy":"-android uiautomator","selector":"new UiScrollable(new UiSelector()).scrollIntoView(text(\"Argentina\"));","context":"","multiple":false}
&amp#27;[38;5;192m[21edc1c7]&amp#27;[0m&amp#27;[38;5;-25m[AndroidUiautomator2Driver@2336]&amp#27;[0m Got response with status 200: {"sessionId":"ec29d363-93a1-405a-b18e-ed0f88bdf279","value":{"ELEMENT":"00000000-0000-0158-ffff-ffff000000e6","element-6066-11e4-a52e-4f735466cecf":"00000000-0000-0158-ffff-ffff000000e6"}}
&amp#27;[38;5;192m[21edc1c7]&amp#27;[0m&amp#27;[38;5;-25m[AndroidUiautomator2Driver@2336]&amp#27;[0m Responding to client with driver.findElement() result: {"element-6066-11e4-a52e-4f735466cecf":"00000000-0000-0158-ffff-ffff000000e6","ELEMENT":"00000000-0000-0158-ffff-ffff000000e6"}
&amp#27;[38;5;192m[21edc1c7]&amp#27;[0m&amp#27;[38;5;86m[HTTP]&amp#27;[0m &amp#27;[37m<-- POST /session/21edc1c7-065d-4901-b63b-5a354eddaf7a/element &amp#27;[39m&amp#27;[32m200&amp#27;[39m &amp#27;[90m5222 ms - 137&amp#27;[39m &amp#27;[90m&amp#27;[39m
&amp#27;[38;5;192m[21edc1c7]&amp#27;[0m&amp#27;[38;5;86m[HTTP]&amp#27;[0m &amp#27;[37m-->&amp#27;[39m &amp#27;[37mGET&amp#27;[39m &amp#27;[37m/session/21edc1c7-065d-4901-b63b-5a354eddaf7a/context&amp#27;[39m &amp#27;[90m{}&amp#27;[39m
&amp#27;[38;5;192m[21edc1c7]&amp#27;[0m&amp#27;[38;5;-25m[AndroidUiautomator2Driver@2336]&amp#27;[0m Calling AppiumDriver.getCurrentContext() with args: ["21edc1c7-065d-4901-b63b-5a354eddaf7a"]
&amp#27;[38;5;192m[21edc1c7]&amp#27;[0m&amp#27;[38;5;-25m[AndroidUiautomator2Driver@2336]&amp#27;[0m Responding to client with driver.getCurrentContext() result: "NATIVE_APP"
&amp#27;[38;5;192m[21edc1c7]&amp#27;[0m&amp#27;[38;5;86m[HTTP]&amp#27;[0m &amp#27;[37m<-- GET /session/21edc1c7-065d-4901-b63b-5a354eddaf7a/context &amp#27;[39m&amp#27;[32m200&amp#27;[39m &amp#27;[90m3 ms - 22&amp#27;[39m &amp#27;[90m&amp#27;[39m
&amp#27;[38;5;192m[21edc1c7]&amp#27;[0m&amp#27;[38;5;86m[HTTP]&amp#27;[0m &amp#27;[37m-->&amp#27;[39m &amp#27;[37mPOST&amp#27;[39m &amp#27;[37m/session/21edc1c7-065d-4901-b63b-5a354eddaf7a/element&amp#27;[39m &amp#27;[90m{"value":"//android.widget.TextView[@text='Australia']","using":"xpath"}&amp#27;[39m
&amp#27;[38;5;192m[21edc1c7]&amp#27;[0m&amp#27;[38;5;-25m[AndroidUiautomator2Driver@2336]&amp#27;[0m Calling AppiumDriver.findElement() with args: ["xpath","//android.widget.TextView[@text='Australia']","21edc1c7-065d-4901-b63b-5a354eddaf7a"]
&amp#27;[38;5;192m[21edc1c7]&amp#27;[0m&amp#27;[38;5;-25m[AndroidUiautomator2Driver@2336]&amp#27;[0m Valid locator strategies for this request: xpath, id, class name, accessibility id, css selector, -android uiautomator
&amp#27;[38;5;192m[21edc1c7]&amp#27;[0m&amp#27;[38;5;-25m[AndroidUiautomator2Driver@2336]&amp#27;[0m Waiting up to 15000 ms for condition
&amp#27;[38;5;192m[21edc1c7]&amp#27;[0m&amp#27;[38;5;-25m[AndroidUiautomator2Driver@2336]&amp#27;[0m Matched '/element' to command name 'findElement'
&amp#27;[38;5;192m[21edc1c7]&amp#27;[0m&amp#27;[38;5;-25m[AndroidUiautomator2Driver@2336]&amp#27;[0m Proxying [POST /element] to [POST http://127.0.0.1:8200/session/ec29d363-93a1-405a-b18e-ed0f88bdf279/element] with body: {"strategy":"xpath","selector":"//android.widget.TextView[@text='Australia']","context":"","multiple":false}
&amp#27;[38;5;192m[21edc1c7]&amp#27;[0m&amp#27;[38;5;-25m[AndroidUiautomator2Driver@2336]&amp#27;[0m Got response with status 200: {"sessionId":"ec29d363-93a1-405a-b18e-ed0f88bdf279","value":{"ELEMENT":"00000000-0000-0158-ffff-ffff000000e9","element-6066-11e4-a52e-4f735466cecf":"00000000-0000-0158-ffff-ffff000000e9"}}
&amp#27;[38;5;192m[21edc1c7]&amp#27;[0m&amp#27;[38;5;-25m[AndroidUiautomator2Driver@2336]&amp#27;[0m Responding to client with driver.findElement() result: {"element-6066-11e4-a52e-4f735466cecf":"00000000-0000-0158-ffff-ffff000000e9","ELEMENT":"00000000-0000-0158-ffff-ffff000000e9"}
&amp#27;[38;5;192m[21edc1c7]&amp#27;[0m&amp#27;[38;5;86m[HTTP]&amp#27;[0m &amp#27;[37m<-- POST /session/21edc1c7-065d-4901-b63b-5a354eddaf7a/element &amp#27;[39m&amp#27;[32m200&amp#27;[39m &amp#27;[90m61 ms - 137&amp#27;[39m &amp#27;[90m&amp#27;[39m
&amp#27;[38;5;192m[21edc1c7]&amp#27;[0m&amp#27;[38;5;86m[HTTP]&amp#27;[0m &amp#27;[37m-->&amp#27;[39m &amp#27;[37mPOST&amp#27;[39m &amp#27;[37m/session/21edc1c7-065d-4901-b63b-5a354eddaf7a/element/00000000-0000-0158-ffff-ffff000000e9/click&amp#27;[39m &amp#27;[90m{"id":"00000000-0000-0158-ffff-ffff000000e9"}&amp#27;[39m
&amp#27;[38;5;192m[21edc1c7]&amp#27;[0m&amp#27;[38;5;-25m[AndroidUiautomator2Driver@2336]&amp#27;[0m Calling AppiumDriver.click() with args: ["00000000-0000-0158-ffff-ffff000000e9","21edc1c7-065d-4901-b63b-5a354eddaf7a"]
&amp#27;[38;5;192m[21edc1c7]&amp#27;[0m&amp#27;[38;5;-25m[AndroidUiautomator2Driver@2336]&amp#27;[0m Matched '/element/00000000-0000-0158-ffff-ffff000000e9/click' to command name 'click'
&amp#27;[38;5;192m[21edc1c7]&amp#27;[0m&amp#27;[38;5;-25m[AndroidUiautomator2Driver@2336]&amp#27;[0m Proxying [POST /element/00000000-0000-0158-ffff-ffff000000e9/click] to [POST http://127.0.0.1:8200/session/ec29d363-93a1-405a-b18e-ed0f88bdf279/element/00000000-0000-0158-ffff-ffff000000e9/click] with body: {"element":"00000000-0000-0158-ffff-ffff000000e9"}
&amp#27;[38;5;192m[21edc1c7]&amp#27;[0m&amp#27;[38;5;-25m[AndroidUiautomator2Driver@2336]&amp#27;[0m Got response with status 200: {"sessionId":"ec29d363-93a1-405a-b18e-ed0f88bdf279","value":null}
&amp#27;[38;5;192m[21edc1c7]&amp#27;[0m&amp#27;[38;5;-25m[AndroidUiautomator2Driver@2336]&amp#27;[0m Responding to client with driver.click() result: null
&amp#27;[38;5;192m[21edc1c7]&amp#27;[0m&amp#27;[38;5;86m[HTTP]&amp#27;[0m &amp#27;[37m<-- POST /session/21edc1c7-065d-4901-b63b-5a354eddaf7a/element/00000000-0000-0158-ffff-ffff000000e9/click &amp#27;[39m&amp#27;[32m200&amp#27;[39m &amp#27;[90m729 ms - 14&amp#27;[39m &amp#27;[90m&amp#27;[39m
&amp#27;[38;5;192m[21edc1c7]&amp#27;[0m&amp#27;[38;5;86m[HTTP]&amp#27;[0m &amp#27;[37m-->&amp#27;[39m &amp#27;[37mGET&amp#27;[39m &amp#27;[37m/session/21edc1c7-065d-4901-b63b-5a354eddaf7a/context&amp#27;[39m &amp#27;[90m{}&amp#27;[39m
&amp#27;[38;5;192m[21edc1c7]&amp#27;[0m&amp#27;[38;5;-25m[AndroidUiautomator2Driver@2336]&amp#27;[0m Calling AppiumDriver.getCurrentContext() with args: ["21edc1c7-065d-4901-b63b-5a354eddaf7a"]
&amp#27;[38;5;192m[21edc1c7]&amp#27;[0m&amp#27;[38;5;-25m[AndroidUiautomator2Driver@2336]&amp#27;[0m Responding to client with driver.getCurrentContext() result: "NATIVE_APP"
&amp#27;[38;5;192m[21edc1c7]&amp#27;[0m&amp#27;[38;5;86m[HTTP]&amp#27;[0m &amp#27;[37m<-- GET /session/21edc1c7-065d-4901-b63b-5a354eddaf7a/context &amp#27;[39m&amp#27;[32m200&amp#27;[39m &amp#27;[90m2 ms - 22&amp#27;[39m &amp#27;[90m&amp#27;[39m
&amp#27;[38;5;192m[21edc1c7]&amp#27;[0m&amp#27;[38;5;86m[HTTP]&amp#27;[0m &amp#27;[37m-->&amp#27;[39m &amp#27;[37mPOST&amp#27;[39m &amp#27;[37m/session/21edc1c7-065d-4901-b63b-5a354eddaf7a/element&amp#27;[39m &amp#27;[90m{"value":"com.androidsample.generalstore:id/nameField","using":"id"}&amp#27;[39m
&amp#27;[38;5;192m[21edc1c7]&amp#27;[0m&amp#27;[38;5;-25m[AndroidUiautomator2Driver@2336]&amp#27;[0m Calling AppiumDriver.findElement() with args: ["id","com.androidsample.generalstore:id/nameField","21edc1c7-065d-4901-b63b-5a354eddaf7a"]
&amp#27;[38;5;192m[21edc1c7]&amp#27;[0m&amp#27;[38;5;-25m[AndroidUiautomator2Driver@2336]&amp#27;[0m Valid locator strategies for this request: xpath, id, class name, accessibility id, css selector, -android uiautomator
&amp#27;[38;5;192m[21edc1c7]&amp#27;[0m&amp#27;[38;5;-25m[AndroidUiautomator2Driver@2336]&amp#27;[0m Waiting up to 15000 ms for condition
&amp#27;[38;5;192m[21edc1c7]&amp#27;[0m&amp#27;[38;5;-25m[AndroidUiautomator2Driver@2336]&amp#27;[0m Matched '/element' to command name 'findElement'
&amp#27;[38;5;192m[21edc1c7]&amp#27;[0m&amp#27;[38;5;-25m[AndroidUiautomator2Driver@2336]&amp#27;[0m Proxying [POST /element] to [POST http://127.0.0.1:8200/session/ec29d363-93a1-405a-b18e-ed0f88bdf279/element] with body: {"strategy":"id","selector":"com.androidsample.generalstore:id/nameField","context":"","multiple":false}
&amp#27;[38;5;192m[21edc1c7]&amp#27;[0m&amp#27;[38;5;-25m[AndroidUiautomator2Driver@2336]&amp#27;[0m Got response with status 200: {"sessionId":"ec29d363-93a1-405a-b18e-ed0f88bdf279","value":{"ELEMENT":"00000000-0000-0157-ffff-ffff000000d9","element-6066-11e4-a52e-4f735466cecf":"00000000-0000-0157-ffff-ffff000000d9"}}
&amp#27;[38;5;192m[21edc1c7]&amp#27;[0m&amp#27;[38;5;-25m[AndroidUiautomator2Driver@2336]&amp#27;[0m Responding to client with driver.findElement() result: {"element-6066-11e4-a52e-4f735466cecf":"00000000-0000-0157-ffff-ffff000000d9","ELEMENT":"00000000-0000-0157-ffff-ffff000000d9"}
&amp#27;[38;5;192m[21edc1c7]&amp#27;[0m&amp#27;[38;5;86m[HTTP]&amp#27;[0m &amp#27;[37m<-- POST /session/21edc1c7-065d-4901-b63b-5a354eddaf7a/element &amp#27;[39m&amp#27;[32m200&amp#27;[39m &amp#27;[90m22 ms - 137&amp#27;[39m &amp#27;[90m&amp#27;[39m
&amp#27;[38;5;192m[21edc1c7]&amp#27;[0m&amp#27;[38;5;86m[HTTP]&amp#27;[0m &amp#27;[37m-->&amp#27;[39m &amp#27;[37mPOST&amp#27;[39m &amp#27;[37m/session/21edc1c7-065d-4901-b63b-5a354eddaf7a/element/00000000-0000-0157-ffff-ffff000000d9/value&amp#27;[39m &amp#27;[90m{"text":"pranav","value":["p","r","a","n","a","v"],"id":"00000000-0000-0157-ffff-ffff000000d9"}&amp#27;[39m
&amp#27;[38;5;192m[21edc1c7]&amp#27;[0m&amp#27;[38;5;-25m[AndroidUiautomator2Driver@2336]&amp#27;[0m Calling AppiumDriver.setValue() with args: [["p","r","a","n","a","v"],"00000000-0000-0157-ffff-ffff000000d9","21edc1c7-065d-4901-b63b-5a354eddaf7a"]
&amp#27;[38;5;192m[21edc1c7]&amp#27;[0m&amp#27;[38;5;-25m[AndroidUiautomator2Driver@2336]&amp#27;[0m Matched '/element/00000000-0000-0157-ffff-ffff000000d9/value' to command name 'setValue'
&amp#27;[38;5;192m[21edc1c7]&amp#27;[0m&amp#27;[38;5;-25m[AndroidUiautomator2Driver@2336]&amp#27;[0m Added 'value' property ["p","r","a","n","a","v"] to 'setValue' request body
&amp#27;[38;5;192m[21edc1c7]&amp#27;[0m&amp#27;[38;5;-25m[AndroidUiautomator2Driver@2336]&amp#27;[0m Proxying [POST /element/00000000-0000-0157-ffff-ffff000000d9/value] to [POST http://127.0.0.1:8200/session/ec29d363-93a1-405a-b18e-ed0f88bdf279/element/00000000-0000-0157-ffff-ffff000000d9/value] with body: {"elementId":"00000000-0000-0157-ffff-ffff000000d9","text":"pranav","replace":false,"value":["p","r","a","n","a","v"]}
&amp#27;[38;5;192m[21edc1c7]&amp#27;[0m&amp#27;[38;5;-25m[AndroidUiautomator2Driver@2336]&amp#27;[0m Got response with status 200: {"sessionId":"ec29d363-93a1-405a-b18e-ed0f88bdf279","value":null}
&amp#27;[38;5;192m[21edc1c7]&amp#27;[0m&amp#27;[38;5;-25m[AndroidUiautomator2Driver@2336]&amp#27;[0m Responding to client with driver.setValue() result: null
&amp#27;[38;5;192m[21edc1c7]&amp#27;[0m&amp#27;[38;5;86m[HTTP]&amp#27;[0m &amp#27;[37m<-- POST /session/21edc1c7-065d-4901-b63b-5a354eddaf7a/element/00000000-0000-0157-ffff-ffff000000d9/value &amp#27;[39m&amp#27;[32m200&amp#27;[39m &amp#27;[90m547 ms - 14&amp#27;[39m &amp#27;[90m&amp#27;[39m
&amp#27;[38;5;192m[21edc1c7]&amp#27;[0m&amp#27;[38;5;86m[HTTP]&amp#27;[0m &amp#27;[37m-->&amp#27;[39m &amp#27;[37mPOST&amp#27;[39m &amp#27;[37m/session/21edc1c7-065d-4901-b63b-5a354eddaf7a/execute/sync&amp#27;[39m &amp#27;[90m{"script":"mobile: hideKeyboard","args":[]}&amp#27;[39m
&amp#27;[38;5;192m[21edc1c7]&amp#27;[0m&amp#27;[38;5;-25m[AndroidUiautomator2Driver@2336]&amp#27;[0m Calling AppiumDriver.execute() with args: ["mobile: hideKeyboard",[],"21edc1c7-065d-4901-b63b-5a354eddaf7a"]
&amp#27;[38;5;192m[21edc1c7]&amp#27;[0m&amp#27;[38;5;-25m[AndroidUiautomator2Driver@2336]&amp#27;[0m Executing native command 'mobile: hideKeyboard'
&amp#27;[38;5;192m[21edc1c7]&amp#27;[0m&amp#27;[38;5;229m[ADB]&amp#27;[0m Running 'C:\Users\HOME\AppData\Local\Android\Sdk\platform-tools\adb.exe -P 5037 -s emulator-5554 shell dumpsys input_method'
&amp#27;[38;5;192m[21edc1c7]&amp#27;[0m&amp#27;[38;5;229m[ADB]&amp#27;[0m Keyboard has no UI; no closing necessary
&amp#27;[38;5;192m[21edc1c7]&amp#27;[0m&amp#27;[38;5;-25m[AndroidUiautomator2Driver@2336]&amp#27;[0m Responding to client with driver.execute() result: false
&amp#27;[38;5;192m[21edc1c7]&amp#27;[0m&amp#27;[38;5;86m[HTTP]&amp#27;[0m &amp#27;[37m<-- POST /session/21edc1c7-065d-4901-b63b-5a354eddaf7a/execute/sync &amp#27;[39m&amp#27;[32m200&amp#27;[39m &amp#27;[90m334 ms - 15&amp#27;[39m &amp#27;[90m&amp#27;[39m
&amp#27;[38;5;192m[21edc1c7]&amp#27;[0m&amp#27;[38;5;86m[HTTP]&amp#27;[0m &amp#27;[37m-->&amp#27;[39m &amp#27;[37mGET&amp#27;[39m &amp#27;[37m/session/21edc1c7-065d-4901-b63b-5a354eddaf7a/context&amp#27;[39m &amp#27;[90m{}&amp#27;[39m
&amp#27;[38;5;192m[21edc1c7]&amp#27;[0m&amp#27;[38;5;-25m[AndroidUiautomator2Driver@2336]&amp#27;[0m Calling AppiumDriver.getCurrentContext() with args: ["21edc1c7-065d-4901-b63b-5a354eddaf7a"]
&amp#27;[38;5;192m[21edc1c7]&amp#27;[0m&amp#27;[38;5;-25m[AndroidUiautomator2Driver@2336]&amp#27;[0m Responding to client with driver.getCurrentContext() result: "NATIVE_APP"
&amp#27;[38;5;192m[21edc1c7]&amp#27;[0m&amp#27;[38;5;86m[HTTP]&amp#27;[0m &amp#27;[37m<-- GET /session/21edc1c7-065d-4901-b63b-5a354eddaf7a/context &amp#27;[39m&amp#27;[32m200&amp#27;[39m &amp#27;[90m1 ms - 22&amp#27;[39m &amp#27;[90m&amp#27;[39m
&amp#27;[38;5;192m[21edc1c7]&amp#27;[0m&amp#27;[38;5;86m[HTTP]&amp#27;[0m &amp#27;[37m-->&amp#27;[39m &amp#27;[37mPOST&amp#27;[39m &amp#27;[37m/session/21edc1c7-065d-4901-b63b-5a354eddaf7a/element&amp#27;[39m &amp#27;[90m{"value":"com.androidsample.generalstore:id/radioMale","using":"id"}&amp#27;[39m
&amp#27;[38;5;192m[21edc1c7]&amp#27;[0m&amp#27;[38;5;-25m[AndroidUiautomator2Driver@2336]&amp#27;[0m Calling AppiumDriver.findElement() with args: ["id","com.androidsample.generalstore:id/radioMale","21edc1c7-065d-4901-b63b-5a354eddaf7a"]
&amp#27;[38;5;192m[21edc1c7]&amp#27;[0m&amp#27;[38;5;-25m[AndroidUiautomator2Driver@2336]&amp#27;[0m Valid locator strategies for this request: xpath, id, class name, accessibility id, css selector, -android uiautomator
&amp#27;[38;5;192m[21edc1c7]&amp#27;[0m&amp#27;[38;5;-25m[AndroidUiautomator2Driver@2336]&amp#27;[0m Waiting up to 15000 ms for condition
&amp#27;[38;5;192m[21edc1c7]&amp#27;[0m&amp#27;[38;5;-25m[AndroidUiautomator2Driver@2336]&amp#27;[0m Matched '/element' to command name 'findElement'
&amp#27;[38;5;192m[21edc1c7]&amp#27;[0m&amp#27;[38;5;-25m[AndroidUiautomator2Driver@2336]&amp#27;[0m Proxying [POST /element] to [POST http://127.0.0.1:8200/session/ec29d363-93a1-405a-b18e-ed0f88bdf279/element] with body: {"strategy":"id","selector":"com.androidsample.generalstore:id/radioMale","context":"","multiple":false}
&amp#27;[38;5;192m[21edc1c7]&amp#27;[0m&amp#27;[38;5;-25m[AndroidUiautomator2Driver@2336]&amp#27;[0m Got response with status 200: {"sessionId":"ec29d363-93a1-405a-b18e-ed0f88bdf279","value":{"ELEMENT":"00000000-0000-0157-ffff-ffff000000dc","element-6066-11e4-a52e-4f735466cecf":"00000000-0000-0157-ffff-ffff000000dc"}}
&amp#27;[38;5;192m[21edc1c7]&amp#27;[0m&amp#27;[38;5;-25m[AndroidUiautomator2Driver@2336]&amp#27;[0m Responding to client with driver.findElement() result: {"element-6066-11e4-a52e-4f735466cecf":"00000000-0000-0157-ffff-ffff000000dc","ELEMENT":"00000000-0000-0157-ffff-ffff000000dc"}
&amp#27;[38;5;192m[21edc1c7]&amp#27;[0m&amp#27;[38;5;86m[HTTP]&amp#27;[0m &amp#27;[37m<-- POST /session/21edc1c7-065d-4901-b63b-5a354eddaf7a/element &amp#27;[39m&amp#27;[32m200&amp#27;[39m &amp#27;[90m167 ms - 137&amp#27;[39m &amp#27;[90m&amp#27;[39m
&amp#27;[38;5;192m[21edc1c7]&amp#27;[0m&amp#27;[38;5;86m[HTTP]&amp#27;[0m &amp#27;[37m-->&amp#27;[39m &amp#27;[37mPOST&amp#27;[39m &amp#27;[37m/session/21edc1c7-065d-4901-b63b-5a354eddaf7a/element/00000000-0000-0157-ffff-ffff000000dc/click&amp#27;[39m &amp#27;[90m{"id":"00000000-0000-0157-ffff-ffff000000dc"}&amp#27;[39m
&amp#27;[38;5;192m[21edc1c7]&amp#27;[0m&amp#27;[38;5;-25m[AndroidUiautomator2Driver@2336]&amp#27;[0m Calling AppiumDriver.click() with args: ["00000000-0000-0157-ffff-ffff000000dc","21edc1c7-065d-4901-b63b-5a354eddaf7a"]
&amp#27;[38;5;192m[21edc1c7]&amp#27;[0m&amp#27;[38;5;-25m[AndroidUiautomator2Driver@2336]&amp#27;[0m Matched '/element/00000000-0000-0157-ffff-ffff000000dc/click' to command name 'click'
&amp#27;[38;5;192m[21edc1c7]&amp#27;[0m&amp#27;[38;5;-25m[AndroidUiautomator2Driver@2336]&amp#27;[0m Proxying [POST /element/00000000-0000-0157-ffff-ffff000000dc/click] to [POST http://127.0.0.1:8200/session/ec29d363-93a1-405a-b18e-ed0f88bdf279/element/00000000-0000-0157-ffff-ffff000000dc/click] with body: {"element":"00000000-0000-0157-ffff-ffff000000dc"}
&amp#27;[38;5;192m[21edc1c7]&amp#27;[0m&amp#27;[38;5;-25m[AndroidUiautomator2Driver@2336]&amp#27;[0m Got response with status 200: {"sessionId":"ec29d363-93a1-405a-b18e-ed0f88bdf279","value":null}
&amp#27;[38;5;192m[21edc1c7]&amp#27;[0m&amp#27;[38;5;-25m[AndroidUiautomator2Driver@2336]&amp#27;[0m Responding to client with driver.click() result: null
&amp#27;[38;5;192m[21edc1c7]&amp#27;[0m&amp#27;[38;5;86m[HTTP]&amp#27;[0m &amp#27;[37m<-- POST /session/21edc1c7-065d-4901-b63b-5a354eddaf7a/element/00000000-0000-0157-ffff-ffff000000dc/click &amp#27;[39m&amp#27;[32m200&amp#27;[39m &amp#27;[90m74 ms - 14&amp#27;[39m &amp#27;[90m&amp#27;[39m
&amp#27;[38;5;192m[21edc1c7]&amp#27;[0m&amp#27;[38;5;86m[HTTP]&amp#27;[0m &amp#27;[37m-->&amp#27;[39m &amp#27;[37mGET&amp#27;[39m &amp#27;[37m/session/21edc1c7-065d-4901-b63b-5a354eddaf7a/context&amp#27;[39m &amp#27;[90m{}&amp#27;[39m
&amp#27;[38;5;192m[21edc1c7]&amp#27;[0m&amp#27;[38;5;-25m[AndroidUiautomator2Driver@2336]&amp#27;[0m Calling AppiumDriver.getCurrentContext() with args: ["21edc1c7-065d-4901-b63b-5a354eddaf7a"]
&amp#27;[38;5;192m[21edc1c7]&amp#27;[0m&amp#27;[38;5;-25m[AndroidUiautomator2Driver@2336]&amp#27;[0m Responding to client with driver.getCurrentContext() result: "NATIVE_APP"
&amp#27;[38;5;192m[21edc1c7]&amp#27;[0m&amp#27;[38;5;86m[HTTP]&amp#27;[0m &amp#27;[37m<-- GET /session/21edc1c7-065d-4901-b63b-5a354eddaf7a/context &amp#27;[39m&amp#27;[32m200&amp#27;[39m &amp#27;[90m1 ms - 22&amp#27;[39m &amp#27;[90m&amp#27;[39m
&amp#27;[38;5;192m[21edc1c7]&amp#27;[0m&amp#27;[38;5;86m[HTTP]&amp#27;[0m &amp#27;[37m-->&amp#27;[39m &amp#27;[37mPOST&amp#27;[39m &amp#27;[37m/session/21edc1c7-065d-4901-b63b-5a354eddaf7a/element&amp#27;[39m &amp#27;[90m{"value":"com.androidsample.generalstore:id/btnLetsShop","using":"id"}&amp#27;[39m
&amp#27;[38;5;192m[21edc1c7]&amp#27;[0m&amp#27;[38;5;-25m[AndroidUiautomator2Driver@2336]&amp#27;[0m Calling AppiumDriver.findElement() with args: ["id","com.androidsample.generalstore:id/btnLetsShop","21edc1c7-065d-4901-b63b-5a354eddaf7a"]
&amp#27;[38;5;192m[21edc1c7]&amp#27;[0m&amp#27;[38;5;-25m[AndroidUiautomator2Driver@2336]&amp#27;[0m Valid locator strategies for this request: xpath, id, class name, accessibility id, css selector, -android uiautomator
&amp#27;[38;5;192m[21edc1c7]&amp#27;[0m&amp#27;[38;5;-25m[AndroidUiautomator2Driver@2336]&amp#27;[0m Waiting up to 15000 ms for condition
&amp#27;[38;5;192m[21edc1c7]&amp#27;[0m&amp#27;[38;5;-25m[AndroidUiautomator2Driver@2336]&amp#27;[0m Matched '/element' to command name 'findElement'
&amp#27;[38;5;192m[21edc1c7]&amp#27;[0m&amp#27;[38;5;-25m[AndroidUiautomator2Driver@2336]&amp#27;[0m Proxying [POST /element] to [POST http://127.0.0.1:8200/session/ec29d363-93a1-405a-b18e-ed0f88bdf279/element] with body: {"strategy":"id","selector":"com.androidsample.generalstore:id/btnLetsShop","context":"","multiple":false}
&amp#27;[38;5;192m[21edc1c7]&amp#27;[0m&amp#27;[38;5;-25m[AndroidUiautomator2Driver@2336]&amp#27;[0m Got response with status 200: {"sessionId":"ec29d363-93a1-405a-b18e-ed0f88bdf279","value":{"ELEMENT":"00000000-0000-0157-ffff-ffff000000de","element-6066-11e4-a52e-4f735466cecf":"00000000-0000-0157-ffff-ffff000000de"}}
&amp#27;[38;5;192m[21edc1c7]&amp#27;[0m&amp#27;[38;5;-25m[AndroidUiautomator2Driver@2336]&amp#27;[0m Responding to client with driver.findElement() result: {"element-6066-11e4-a52e-4f735466cecf":"00000000-0000-0157-ffff-ffff000000de","ELEMENT":"00000000-0000-0157-ffff-ffff000000de"}
&amp#27;[38;5;192m[21edc1c7]&amp#27;[0m&amp#27;[38;5;86m[HTTP]&amp#27;[0m &amp#27;[37m<-- POST /session/21edc1c7-065d-4901-b63b-5a354eddaf7a/element &amp#27;[39m&amp#27;[32m200&amp#27;[39m &amp#27;[90m530 ms - 137&amp#27;[39m &amp#27;[90m&amp#27;[39m
&amp#27;[38;5;192m[21edc1c7]&amp#27;[0m&amp#27;[38;5;86m[HTTP]&amp#27;[0m &amp#27;[37m-->&amp#27;[39m &amp#27;[37mPOST&amp#27;[39m &amp#27;[37m/session/21edc1c7-065d-4901-b63b-5a354eddaf7a/element/00000000-0000-0157-ffff-ffff000000de/click&amp#27;[39m &amp#27;[90m{"id":"00000000-0000-0157-ffff-ffff000000de"}&amp#27;[39m
&amp#27;[38;5;192m[21edc1c7]&amp#27;[0m&amp#27;[38;5;-25m[AndroidUiautomator2Driver@2336]&amp#27;[0m Calling AppiumDriver.click() with args: ["00000000-0000-0157-ffff-ffff000000de","21edc1c7-065d-4901-b63b-5a354eddaf7a"]
&amp#27;[38;5;192m[21edc1c7]&amp#27;[0m&amp#27;[38;5;-25m[AndroidUiautomator2Driver@2336]&amp#27;[0m Matched '/element/00000000-0000-0157-ffff-ffff000000de/click' to command name 'click'
&amp#27;[38;5;192m[21edc1c7]&amp#27;[0m&amp#27;[38;5;-25m[AndroidUiautomator2Driver@2336]&amp#27;[0m Proxying [POST /element/00000000-0000-0157-ffff-ffff000000de/click] to [POST http://127.0.0.1:8200/session/ec29d363-93a1-405a-b18e-ed0f88bdf279/element/00000000-0000-0157-ffff-ffff000000de/click] with body: {"element":"00000000-0000-0157-ffff-ffff000000de"}
&amp#27;[38;5;192m[21edc1c7]&amp#27;[0m&amp#27;[38;5;-25m[AndroidUiautomator2Driver@2336]&amp#27;[0m Got response with status 200: {"sessionId":"ec29d363-93a1-405a-b18e-ed0f88bdf279","value":null}
&amp#27;[38;5;192m[21edc1c7]&amp#27;[0m&amp#27;[38;5;-25m[AndroidUiautomator2Driver@2336]&amp#27;[0m Responding to client with driver.click() result: null
&amp#27;[38;5;192m[21edc1c7]&amp#27;[0m&amp#27;[38;5;86m[HTTP]&amp#27;[0m &amp#27;[37m<-- POST /session/21edc1c7-065d-4901-b63b-5a354eddaf7a/element/00000000-0000-0157-ffff-ffff000000de/click &amp#27;[39m&amp#27;[32m200&amp#27;[39m &amp#27;[90m89 ms - 14&amp#27;[39m &amp#27;[90m&amp#27;[39m
&amp#27;[38;5;192m[21edc1c7]&amp#27;[0m&amp#27;[38;5;86m[HTTP]&amp#27;[0m &amp#27;[37m-->&amp#27;[39m &amp#27;[37mGET&amp#27;[39m &amp#27;[37m/session/21edc1c7-065d-4901-b63b-5a354eddaf7a/context&amp#27;[39m &amp#27;[90m{}&amp#27;[39m
&amp#27;[38;5;192m[21edc1c7]&amp#27;[0m&amp#27;[38;5;-25m[AndroidUiautomator2Driver@2336]&amp#27;[0m Calling AppiumDriver.getCurrentContext() with args: ["21edc1c7-065d-4901-b63b-5a354eddaf7a"]
&amp#27;[38;5;192m[21edc1c7]&amp#27;[0m&amp#27;[38;5;-25m[AndroidUiautomator2Driver@2336]&amp#27;[0m Responding to client with driver.getCurrentContext() result: "NATIVE_APP"
&amp#27;[38;5;192m[21edc1c7]&amp#27;[0m&amp#27;[38;5;86m[HTTP]&amp#27;[0m &amp#27;[37m<-- GET /session/21edc1c7-065d-4901-b63b-5a354eddaf7a/context &amp#27;[39m&amp#27;[32m200&amp#27;[39m &amp#27;[90m2 ms - 22&amp#27;[39m &amp#27;[90m&amp#27;[39m
&amp#27;[38;5;192m[21edc1c7]&amp#27;[0m&amp#27;[38;5;86m[HTTP]&amp#27;[0m &amp#27;[37m-->&amp#27;[39m &amp#27;[37mPOST&amp#27;[39m &amp#27;[37m/session/21edc1c7-065d-4901-b63b-5a354eddaf7a/element&amp#27;[39m &amp#27;[90m{"value":"(//android.widget.TextView[@resource-id=\"com.androidsample.generalstore:id/productAddCart\"])[1]","using":"xpath"}&amp#27;[39m
&amp#27;[38;5;192m[21edc1c7]&amp#27;[0m&amp#27;[38;5;-25m[AndroidUiautomator2Driver@2336]&amp#27;[0m Calling AppiumDriver.findElement() with args: ["xpath","(//android.widget.TextView[@resource-id=\"com.androidsample.generalstore:id/productAddCart\"])[1]","21edc1c7-065d-4901-b63b-5a354eddaf7a"]
&amp#27;[38;5;192m[21edc1c7]&amp#27;[0m&amp#27;[38;5;-25m[AndroidUiautomator2Driver@2336]&amp#27;[0m Valid locator strategies for this request: xpath, id, class name, accessibility id, css selector, -android uiautomator
&amp#27;[38;5;192m[21edc1c7]&amp#27;[0m&amp#27;[38;5;-25m[AndroidUiautomator2Driver@2336]&amp#27;[0m Waiting up to 15000 ms for condition
&amp#27;[38;5;192m[21edc1c7]&amp#27;[0m&amp#27;[38;5;-25m[AndroidUiautomator2Driver@2336]&amp#27;[0m Matched '/element' to command name 'findElement'
&amp#27;[38;5;192m[21edc1c7]&amp#27;[0m&amp#27;[38;5;-25m[AndroidUiautomator2Driver@2336]&amp#27;[0m Proxying [POST /element] to [POST http://127.0.0.1:8200/session/ec29d363-93a1-405a-b18e-ed0f88bdf279/element] with body: {"strategy":"xpath","selector":"(//android.widget.TextView[@resource-id=\"com.androidsample.generalstore:id/productAddCart\"])[1]","context":"","multiple":false}
&amp#27;[38;5;192m[21edc1c7]&amp#27;[0m&amp#27;[38;5;-25m[AndroidUiautomator2Driver@2336]&amp#27;[0m Got response with status 404: {"sessionId":"ec29d363-93a1-405a-b18e-ed0f88bdf279","value":{"error":"no such element","message":"An element could not be located on the page using the given search parameters","stacktrace":"io.appium.uiautomator2.common.exceptions.ElementNotFoundException: An element could not be located on the page using the given search parameters\n\tat io.appium.uiautomator2.utils.ElementLocationHelpers.findElement(ElementLocationHelpers.java:156)\n\tat io.appium.uiautomator2.handler.FindElement.safeHandle(FindElement.java:60)\n\tat io.appium.uiautomator2.handler.request.SafeRequestHandler.handle(SafeRequestHandler.java:59)\n\tat io.appium.uiautomator2.server.AppiumServlet.handleRequest(AppiumServlet.java:259)\n\tat io.appium.uiautomator2.server.AppiumServlet.handleHttpRequest(AppiumServlet.java:253)\n\tat io.appium.uiautomator2.http.ServerHandler.channelRead(ServerHandler.java:77)\n\tat io.netty.channel.AbstractChannelHandlerContext.invokeChannelRead(AbstractChannelHandlerContext.java:366)\n\tat io.netty.channel.Abstr...
&amp#27;[38;5;192m[21edc1c7]&amp#27;[0m&amp#27;[38;5;123m[W3C]&amp#27;[0m Matched W3C error code 'no such element' to NoSuchElementError
&amp#27;[38;5;192m[21edc1c7]&amp#27;[0m&amp#27;[38;5;-25m[AndroidUiautomator2Driver@2336]&amp#27;[0m Waited for 377 ms so far
&amp#27;[38;5;192m[21edc1c7]&amp#27;[0m&amp#27;[38;5;-25m[AndroidUiautomator2Driver@2336]&amp#27;[0m Matched '/element' to command name 'findElement'
&amp#27;[38;5;192m[21edc1c7]&amp#27;[0m&amp#27;[38;5;-25m[AndroidUiautomator2Driver@2336]&amp#27;[0m Proxying [POST /element] to [POST http://127.0.0.1:8200/session/ec29d363-93a1-405a-b18e-ed0f88bdf279/element] with body: {"strategy":"xpath","selector":"(//android.widget.TextView[@resource-id=\"com.androidsample.generalstore:id/productAddCart\"])[1]","context":"","multiple":false}
&amp#27;[38;5;192m[21edc1c7]&amp#27;[0m&amp#27;[38;5;-25m[AndroidUiautomator2Driver@2336]&amp#27;[0m Got response with status 200: {"sessionId":"ec29d363-93a1-405a-b18e-ed0f88bdf279","value":{"ELEMENT":"00000000-0000-0159-ffff-ffff0000010d","element-6066-11e4-a52e-4f735466cecf":"00000000-0000-0159-ffff-ffff0000010d"}}
&amp#27;[38;5;192m[21edc1c7]&amp#27;[0m&amp#27;[38;5;-25m[AndroidUiautomator2Driver@2336]&amp#27;[0m Responding to client with driver.findElement() result: {"element-6066-11e4-a52e-4f735466cecf":"00000000-0000-0159-ffff-ffff0000010d","ELEMENT":"00000000-0000-0159-ffff-ffff0000010d"}
&amp#27;[38;5;192m[21edc1c7]&amp#27;[0m&amp#27;[38;5;86m[HTTP]&amp#27;[0m &amp#27;[37m<-- POST /session/21edc1c7-065d-4901-b63b-5a354eddaf7a/element &amp#27;[39m&amp#27;[32m200&amp#27;[39m &amp#27;[90m1541 ms - 137&amp#27;[39m &amp#27;[90m&amp#27;[39m
&amp#27;[38;5;192m[21edc1c7]&amp#27;[0m&amp#27;[38;5;86m[HTTP]&amp#27;[0m &amp#27;[37m-->&amp#27;[39m &amp#27;[37mPOST&amp#27;[39m &amp#27;[37m/session/21edc1c7-065d-4901-b63b-5a354eddaf7a/element/00000000-0000-0159-ffff-ffff0000010d/click&amp#27;[39m &amp#27;[90m{"id":"00000000-0000-0159-ffff-ffff0000010d"}&amp#27;[39m
&amp#27;[38;5;192m[21edc1c7]&amp#27;[0m&amp#27;[38;5;-25m[AndroidUiautomator2Driver@2336]&amp#27;[0m Calling AppiumDriver.click() with args: ["00000000-0000-0159-ffff-ffff0000010d","21edc1c7-065d-4901-b63b-5a354eddaf7a"]
&amp#27;[38;5;192m[21edc1c7]&amp#27;[0m&amp#27;[38;5;-25m[AndroidUiautomator2Driver@2336]&amp#27;[0m Matched '/element/00000000-0000-0159-ffff-ffff0000010d/click' to command name 'click'
&amp#27;[38;5;192m[21edc1c7]&amp#27;[0m&amp#27;[38;5;-25m[AndroidUiautomator2Driver@2336]&amp#27;[0m Proxying [POST /element/00000000-0000-0159-ffff-ffff0000010d/click] to [POST http://127.0.0.1:8200/session/ec29d363-93a1-405a-b18e-ed0f88bdf279/element/00000000-0000-0159-ffff-ffff0000010d/click] with body: {"element":"00000000-0000-0159-ffff-ffff0000010d"}
&amp#27;[38;5;192m[21edc1c7]&amp#27;[0m&amp#27;[38;5;-25m[AndroidUiautomator2Driver@2336]&amp#27;[0m Got response with status 200: {"sessionId":"ec29d363-93a1-405a-b18e-ed0f88bdf279","value":null}
&amp#27;[38;5;192m[21edc1c7]&amp#27;[0m&amp#27;[38;5;-25m[AndroidUiautomator2Driver@2336]&amp#27;[0m Responding to client with driver.click() result: null
&amp#27;[38;5;192m[21edc1c7]&amp#27;[0m&amp#27;[38;5;86m[HTTP]&amp#27;[0m &amp#27;[37m<-- POST /session/21edc1c7-065d-4901-b63b-5a354eddaf7a/element/00000000-0000-0159-ffff-ffff0000010d/click &amp#27;[39m&amp#27;[32m200&amp#27;[39m &amp#27;[90m557 ms - 14&amp#27;[39m &amp#27;[90m&amp#27;[39m
&amp#27;[38;5;192m[21edc1c7]&amp#27;[0m&amp#27;[38;5;86m[HTTP]&amp#27;[0m &amp#27;[37m-->&amp#27;[39m &amp#27;[37mPOST&amp#27;[39m &amp#27;[37m/session/21edc1c7-065d-4901-b63b-5a354eddaf7a/element&amp#27;[39m &amp#27;[90m{"value":"new UiScrollable(new UiSelector()).scrollIntoView(text(\"Converse All Star\"));","using":"-android uiautomator"}&amp#27;[39m
&amp#27;[38;5;192m[21edc1c7]&amp#27;[0m&amp#27;[38;5;-25m[AndroidUiautomator2Driver@2336]&amp#27;[0m Calling AppiumDriver.findElement() with args: ["-android uiautomator","new UiScrollable(new UiSelector()).scrollIntoView(text(\"Converse All Star\"));","21edc1c7-065d-4901-b63b-5a354eddaf7a"]
&amp#27;[38;5;192m[21edc1c7]&amp#27;[0m&amp#27;[38;5;-25m[AndroidUiautomator2Driver@2336]&amp#27;[0m Valid locator strategies for this request: xpath, id, class name, accessibility id, css selector, -android uiautomator
&amp#27;[38;5;192m[21edc1c7]&amp#27;[0m&amp#27;[38;5;-25m[AndroidUiautomator2Driver@2336]&amp#27;[0m Waiting up to 15000 ms for condition
&amp#27;[38;5;192m[21edc1c7]&amp#27;[0m&amp#27;[38;5;-25m[AndroidUiautomator2Driver@2336]&amp#27;[0m Matched '/element' to command name 'findElement'
&amp#27;[38;5;192m[21edc1c7]&amp#27;[0m&amp#27;[38;5;-25m[AndroidUiautomator2Driver@2336]&amp#27;[0m Proxying [POST /element] to [POST http://127.0.0.1:8200/session/ec29d363-93a1-405a-b18e-ed0f88bdf279/element] with body: {"strategy":"-android uiautomator","selector":"new UiScrollable(new UiSelector()).scrollIntoView(text(\"Converse All Star\"));","context":"","multiple":false}
&amp#27;[38;5;192m[21edc1c7]&amp#27;[0m&amp#27;[38;5;-25m[AndroidUiautomator2Driver@2336]&amp#27;[0m Got response with status 200: {"sessionId":"ec29d363-93a1-405a-b18e-ed0f88bdf279","value":{"ELEMENT":"00000000-0000-0159-ffff-ffff00000122","element-6066-11e4-a52e-4f735466cecf":"00000000-0000-0159-ffff-ffff00000122"}}
&amp#27;[38;5;192m[21edc1c7]&amp#27;[0m&amp#27;[38;5;-25m[AndroidUiautomator2Driver@2336]&amp#27;[0m Responding to client with driver.findElement() result: {"element-6066-11e4-a52e-4f735466cecf":"00000000-0000-0159-ffff-ffff00000122","ELEMENT":"00000000-0000-0159-ffff-ffff00000122"}
&amp#27;[38;5;192m[21edc1c7]&amp#27;[0m&amp#27;[38;5;86m[HTTP]&amp#27;[0m &amp#27;[37m<-- POST /session/21edc1c7-065d-4901-b63b-5a354eddaf7a/element &amp#27;[39m&amp#27;[32m200&amp#27;[39m &amp#27;[90m3237 ms - 137&amp#27;[39m &amp#27;[90m&amp#27;[39m
&amp#27;[38;5;192m[21edc1c7]&amp#27;[0m&amp#27;[38;5;86m[HTTP]&amp#27;[0m &amp#27;[37m-->&amp#27;[39m &amp#27;[37mGET&amp#27;[39m &amp#27;[37m/session/21edc1c7-065d-4901-b63b-5a354eddaf7a/context&amp#27;[39m &amp#27;[90m{}&amp#27;[39m
&amp#27;[38;5;192m[21edc1c7]&amp#27;[0m&amp#27;[38;5;-25m[AndroidUiautomator2Driver@2336]&amp#27;[0m Calling AppiumDriver.getCurrentContext() with args: ["21edc1c7-065d-4901-b63b-5a354eddaf7a"]
&amp#27;[38;5;192m[21edc1c7]&amp#27;[0m&amp#27;[38;5;-25m[AndroidUiautomator2Driver@2336]&amp#27;[0m Responding to client with driver.getCurrentContext() result: "NATIVE_APP"
&amp#27;[38;5;192m[21edc1c7]&amp#27;[0m&amp#27;[38;5;86m[HTTP]&amp#27;[0m &amp#27;[37m<-- GET /session/21edc1c7-065d-4901-b63b-5a354eddaf7a/context &amp#27;[39m&amp#27;[32m200&amp#27;[39m &amp#27;[90m1 ms - 22&amp#27;[39m &amp#27;[90m&amp#27;[39m
&amp#27;[38;5;192m[21edc1c7]&amp#27;[0m&amp#27;[38;5;86m[HTTP]&amp#27;[0m &amp#27;[37m-->&amp#27;[39m &amp#27;[37mPOST&amp#27;[39m &amp#27;[37m/session/21edc1c7-065d-4901-b63b-5a354eddaf7a/element&amp#27;[39m &amp#27;[90m{"value":"(//android.widget.TextView[@resource-id=\"com.androidsample.generalstore:id/productAddCart\"])[2]","using":"xpath"}&amp#27;[39m
&amp#27;[38;5;192m[21edc1c7]&amp#27;[0m&amp#27;[38;5;-25m[AndroidUiautomator2Driver@2336]&amp#27;[0m Calling AppiumDriver.findElement() with args: ["xpath","(//android.widget.TextView[@resource-id=\"com.androidsample.generalstore:id/productAddCart\"])[2]","21edc1c7-065d-4901-b63b-5a354eddaf7a"]
&amp#27;[38;5;192m[21edc1c7]&amp#27;[0m&amp#27;[38;5;-25m[AndroidUiautomator2Driver@2336]&amp#27;[0m Valid locator strategies for this request: xpath, id, class name, accessibility id, css selector, -android uiautomator
&amp#27;[38;5;192m[21edc1c7]&amp#27;[0m&amp#27;[38;5;-25m[AndroidUiautomator2Driver@2336]&amp#27;[0m Waiting up to 15000 ms for condition
&amp#27;[38;5;192m[21edc1c7]&amp#27;[0m&amp#27;[38;5;-25m[AndroidUiautomator2Driver@2336]&amp#27;[0m Matched '/element' to command name 'findElement'
&amp#27;[38;5;192m[21edc1c7]&amp#27;[0m&amp#27;[38;5;-25m[AndroidUiautomator2Driver@2336]&amp#27;[0m Proxying [POST /element] to [POST http://127.0.0.1:8200/session/ec29d363-93a1-405a-b18e-ed0f88bdf279/element] with body: {"strategy":"xpath","selector":"(//android.widget.TextView[@resource-id=\"com.androidsample.generalstore:id/productAddCart\"])[2]","context":"","multiple":false}
&amp#27;[38;5;192m[21edc1c7]&amp#27;[0m&amp#27;[38;5;-25m[AndroidUiautomator2Driver@2336]&amp#27;[0m Got response with status 200: {"sessionId":"ec29d363-93a1-405a-b18e-ed0f88bdf279","value":{"ELEMENT":"00000000-0000-0159-ffff-ffff00000126","element-6066-11e4-a52e-4f735466cecf":"00000000-0000-0159-ffff-ffff00000126"}}
&amp#27;[38;5;192m[21edc1c7]&amp#27;[0m&amp#27;[38;5;-25m[AndroidUiautomator2Driver@2336]&amp#27;[0m Responding to client with driver.findElement() result: {"element-6066-11e4-a52e-4f735466cecf":"00000000-0000-0159-ffff-ffff00000126","ELEMENT":"00000000-0000-0159-ffff-ffff00000126"}
&amp#27;[38;5;192m[21edc1c7]&amp#27;[0m&amp#27;[38;5;86m[HTTP]&amp#27;[0m &amp#27;[37m<-- POST /session/21edc1c7-065d-4901-b63b-5a354eddaf7a/element &amp#27;[39m&amp#27;[32m200&amp#27;[39m &amp#27;[90m53 ms - 137&amp#27;[39m &amp#27;[90m&amp#27;[39m
&amp#27;[38;5;192m[21edc1c7]&amp#27;[0m&amp#27;[38;5;86m[HTTP]&amp#27;[0m &amp#27;[37m-->&amp#27;[39m &amp#27;[37mPOST&amp#27;[39m &amp#27;[37m/session/21edc1c7-065d-4901-b63b-5a354eddaf7a/element/00000000-0000-0159-ffff-ffff00000126/click&amp#27;[39m &amp#27;[90m{"id":"00000000-0000-0159-ffff-ffff00000126"}&amp#27;[39m
&amp#27;[38;5;192m[21edc1c7]&amp#27;[0m&amp#27;[38;5;-25m[AndroidUiautomator2Driver@2336]&amp#27;[0m Calling AppiumDriver.click() with args: ["00000000-0000-0159-ffff-ffff00000126","21edc1c7-065d-4901-b63b-5a354eddaf7a"]
&amp#27;[38;5;192m[21edc1c7]&amp#27;[0m&amp#27;[38;5;-25m[AndroidUiautomator2Driver@2336]&amp#27;[0m Matched '/element/00000000-0000-0159-ffff-ffff00000126/click' to command name 'click'
&amp#27;[38;5;192m[21edc1c7]&amp#27;[0m&amp#27;[38;5;-25m[AndroidUiautomator2Driver@2336]&amp#27;[0m Proxying [POST /element/00000000-0000-0159-ffff-ffff00000126/click] to [POST http://127.0.0.1:8200/session/ec29d363-93a1-405a-b18e-ed0f88bdf279/element/00000000-0000-0159-ffff-ffff00000126/click] with body: {"element":"00000000-0000-0159-ffff-ffff00000126"}
&amp#27;[38;5;192m[21edc1c7]&amp#27;[0m&amp#27;[38;5;-25m[AndroidUiautomator2Driver@2336]&amp#27;[0m Got response with status 200: {"sessionId":"ec29d363-93a1-405a-b18e-ed0f88bdf279","value":null}
&amp#27;[38;5;192m[21edc1c7]&amp#27;[0m&amp#27;[38;5;-25m[AndroidUiautomator2Driver@2336]&amp#27;[0m Responding to client with driver.click() result: null
&amp#27;[38;5;192m[21edc1c7]&amp#27;[0m&amp#27;[38;5;86m[HTTP]&amp#27;[0m &amp#27;[37m<-- POST /session/21edc1c7-065d-4901-b63b-5a354eddaf7a/element/00000000-0000-0159-ffff-ffff00000126/click &amp#27;[39m&amp#27;[32m200&amp#27;[39m &amp#27;[90m539 ms - 14&amp#27;[39m &amp#27;[90m&amp#27;[39m
&amp#27;[38;5;192m[21edc1c7]&amp#27;[0m&amp#27;[38;5;86m[HTTP]&amp#27;[0m &amp#27;[37m-->&amp#27;[39m &amp#27;[37mGET&amp#27;[39m &amp#27;[37m/session/21edc1c7-065d-4901-b63b-5a354eddaf7a/context&amp#27;[39m &amp#27;[90m{}&amp#27;[39m
&amp#27;[38;5;192m[21edc1c7]&amp#27;[0m&amp#27;[38;5;-25m[AndroidUiautomator2Driver@2336]&amp#27;[0m Calling AppiumDriver.getCurrentContext() with args: ["21edc1c7-065d-4901-b63b-5a354eddaf7a"]
&amp#27;[38;5;192m[21edc1c7]&amp#27;[0m&amp#27;[38;5;-25m[AndroidUiautomator2Driver@2336]&amp#27;[0m Responding to client with driver.getCurrentContext() result: "NATIVE_APP"
&amp#27;[38;5;192m[21edc1c7]&amp#27;[0m&amp#27;[38;5;86m[HTTP]&amp#27;[0m &amp#27;[37m<-- GET /session/21edc1c7-065d-4901-b63b-5a354eddaf7a/context &amp#27;[39m&amp#27;[32m200&amp#27;[39m &amp#27;[90m2 ms - 22&amp#27;[39m &amp#27;[90m&amp#27;[39m
&amp#27;[38;5;192m[21edc1c7]&amp#27;[0m&amp#27;[38;5;86m[HTTP]&amp#27;[0m &amp#27;[37m-->&amp#27;[39m &amp#27;[37mPOST&amp#27;[39m &amp#27;[37m/session/21edc1c7-065d-4901-b63b-5a354eddaf7a/element&amp#27;[39m &amp#27;[90m{"value":"com.androidsample.generalstore:id/appbar_btn_cart","using":"id"}&amp#27;[39m
&amp#27;[38;5;192m[21edc1c7]&amp#27;[0m&amp#27;[38;5;-25m[AndroidUiautomator2Driver@2336]&amp#27;[0m Calling AppiumDriver.findElement() with args: ["id","com.androidsample.generalstore:id/appbar_btn_cart","21edc1c7-065d-4901-b63b-5a354eddaf7a"]
&amp#27;[38;5;192m[21edc1c7]&amp#27;[0m&amp#27;[38;5;-25m[AndroidUiautomator2Driver@2336]&amp#27;[0m Valid locator strategies for this request: xpath, id, class name, accessibility id, css selector, -android uiautomator
&amp#27;[38;5;192m[21edc1c7]&amp#27;[0m&amp#27;[38;5;-25m[AndroidUiautomator2Driver@2336]&amp#27;[0m Waiting up to 15000 ms for condition
&amp#27;[38;5;192m[21edc1c7]&amp#27;[0m&amp#27;[38;5;-25m[AndroidUiautomator2Driver@2336]&amp#27;[0m Matched '/element' to command name 'findElement'
&amp#27;[38;5;192m[21edc1c7]&amp#27;[0m&amp#27;[38;5;-25m[AndroidUiautomator2Driver@2336]&amp#27;[0m Proxying [POST /element] to [POST http://127.0.0.1:8200/session/ec29d363-93a1-405a-b18e-ed0f88bdf279/element] with body: {"strategy":"id","selector":"com.androidsample.generalstore:id/appbar_btn_cart","context":"","multiple":false}
&amp#27;[38;5;192m[21edc1c7]&amp#27;[0m&amp#27;[38;5;-25m[AndroidUiautomator2Driver@2336]&amp#27;[0m Got response with status 200: {"sessionId":"ec29d363-93a1-405a-b18e-ed0f88bdf279","value":{"ELEMENT":"00000000-0000-0159-ffff-ffff00000100","element-6066-11e4-a52e-4f735466cecf":"00000000-0000-0159-ffff-ffff00000100"}}
&amp#27;[38;5;192m[21edc1c7]&amp#27;[0m&amp#27;[38;5;-25m[AndroidUiautomator2Driver@2336]&amp#27;[0m Responding to client with driver.findElement() result: {"element-6066-11e4-a52e-4f735466cecf":"00000000-0000-0159-ffff-ffff00000100","ELEMENT":"00000000-0000-0159-ffff-ffff00000100"}
&amp#27;[38;5;192m[21edc1c7]&amp#27;[0m&amp#27;[38;5;86m[HTTP]&amp#27;[0m &amp#27;[37m<-- POST /session/21edc1c7-065d-4901-b63b-5a354eddaf7a/element &amp#27;[39m&amp#27;[32m200&amp#27;[39m &amp#27;[90m19 ms - 137&amp#27;[39m &amp#27;[90m&amp#27;[39m
&amp#27;[38;5;192m[21edc1c7]&amp#27;[0m&amp#27;[38;5;86m[HTTP]&amp#27;[0m &amp#27;[37m-->&amp#27;[39m &amp#27;[37mPOST&amp#27;[39m &amp#27;[37m/session/21edc1c7-065d-4901-b63b-5a354eddaf7a/element/00000000-0000-0159-ffff-ffff00000100/click&amp#27;[39m &amp#27;[90m{"id":"00000000-0000-0159-ffff-ffff00000100"}&amp#27;[39m
&amp#27;[38;5;192m[21edc1c7]&amp#27;[0m&amp#27;[38;5;-25m[AndroidUiautomator2Driver@2336]&amp#27;[0m Calling AppiumDriver.click() with args: ["00000000-0000-0159-ffff-ffff00000100","21edc1c7-065d-4901-b63b-5a354eddaf7a"]
&amp#27;[38;5;192m[21edc1c7]&amp#27;[0m&amp#27;[38;5;-25m[AndroidUiautomator2Driver@2336]&amp#27;[0m Matched '/element/00000000-0000-0159-ffff-ffff00000100/click' to command name 'click'
&amp#27;[38;5;192m[21edc1c7]&amp#27;[0m&amp#27;[38;5;-25m[AndroidUiautomator2Driver@2336]&amp#27;[0m Proxying [POST /element/00000000-0000-0159-ffff-ffff00000100/click] to [POST http://127.0.0.1:8200/session/ec29d363-93a1-405a-b18e-ed0f88bdf279/element/00000000-0000-0159-ffff-ffff00000100/click] with body: {"element":"00000000-0000-0159-ffff-ffff00000100"}
&amp#27;[38;5;192m[21edc1c7]&amp#27;[0m&amp#27;[38;5;-25m[AndroidUiautomator2Driver@2336]&amp#27;[0m Got response with status 200: {"sessionId":"ec29d363-93a1-405a-b18e-ed0f88bdf279","value":null}
&amp#27;[38;5;192m[21edc1c7]&amp#27;[0m&amp#27;[38;5;-25m[AndroidUiautomator2Driver@2336]&amp#27;[0m Responding to client with driver.click() result: null
&amp#27;[38;5;192m[21edc1c7]&amp#27;[0m&amp#27;[38;5;86m[HTTP]&amp#27;[0m &amp#27;[37m<-- POST /session/21edc1c7-065d-4901-b63b-5a354eddaf7a/element/00000000-0000-0159-ffff-ffff00000100/click &amp#27;[39m&amp#27;[32m200&amp#27;[39m &amp#27;[90m84 ms - 14&amp#27;[39m &amp#27;[90m&amp#27;[39m
&amp#27;[38;5;192m[21edc1c7]&amp#27;[0m&amp#27;[38;5;86m[HTTP]&amp#27;[0m &amp#27;[37m-->&amp#27;[39m &amp#27;[37mGET&amp#27;[39m &amp#27;[37m/session/21edc1c7-065d-4901-b63b-5a354eddaf7a/context&amp#27;[39m &amp#27;[90m{}&amp#27;[39m
&amp#27;[38;5;192m[21edc1c7]&amp#27;[0m&amp#27;[38;5;-25m[AndroidUiautomator2Driver@2336]&amp#27;[0m Calling AppiumDriver.getCurrentContext() with args: ["21edc1c7-065d-4901-b63b-5a354eddaf7a"]
&amp#27;[38;5;192m[21edc1c7]&amp#27;[0m&amp#27;[38;5;-25m[AndroidUiautomator2Driver@2336]&amp#27;[0m Responding to client with driver.getCurrentContext() result: "NATIVE_APP"
&amp#27;[38;5;192m[21edc1c7]&amp#27;[0m&amp#27;[38;5;86m[HTTP]&amp#27;[0m &amp#27;[37m<-- GET /session/21edc1c7-065d-4901-b63b-5a354eddaf7a/context &amp#27;[39m&amp#27;[32m200&amp#27;[39m &amp#27;[90m3 ms - 22&amp#27;[39m &amp#27;[90m&amp#27;[39m
&amp#27;[38;5;192m[21edc1c7]&amp#27;[0m&amp#27;[38;5;86m[HTTP]&amp#27;[0m &amp#27;[37m-->&amp#27;[39m &amp#27;[37mPOST&amp#27;[39m &amp#27;[37m/session/21edc1c7-065d-4901-b63b-5a354eddaf7a/element&amp#27;[39m &amp#27;[90m{"value":"com.androidsample.generalstore:id/totalAmountLbl","using":"id"}&amp#27;[39m
&amp#27;[38;5;192m[21edc1c7]&amp#27;[0m&amp#27;[38;5;-25m[AndroidUiautomator2Driver@2336]&amp#27;[0m Calling AppiumDriver.findElement() with args: ["id","com.androidsample.generalstore:id/totalAmountLbl","21edc1c7-065d-4901-b63b-5a354eddaf7a"]
&amp#27;[38;5;192m[21edc1c7]&amp#27;[0m&amp#27;[38;5;-25m[AndroidUiautomator2Driver@2336]&amp#27;[0m Valid locator strategies for this request: xpath, id, class name, accessibility id, css selector, -android uiautomator
&amp#27;[38;5;192m[21edc1c7]&amp#27;[0m&amp#27;[38;5;-25m[AndroidUiautomator2Driver@2336]&amp#27;[0m Waiting up to 15000 ms for condition
&amp#27;[38;5;192m[21edc1c7]&amp#27;[0m&amp#27;[38;5;-25m[AndroidUiautomator2Driver@2336]&amp#27;[0m Matched '/element' to command name 'findElement'
&amp#27;[38;5;192m[21edc1c7]&amp#27;[0m&amp#27;[38;5;-25m[AndroidUiautomator2Driver@2336]&amp#27;[0m Proxying [POST /element] to [POST http://127.0.0.1:8200/session/ec29d363-93a1-405a-b18e-ed0f88bdf279/element] with body: {"strategy":"id","selector":"com.androidsample.generalstore:id/totalAmountLbl","context":"","multiple":false}
&amp#27;[38;5;192m[21edc1c7]&amp#27;[0m&amp#27;[38;5;-25m[AndroidUiautomator2Driver@2336]&amp#27;[0m Got response with status 404: {"sessionId":"ec29d363-93a1-405a-b18e-ed0f88bdf279","value":{"error":"no such element","message":"An element could not be located on the page using the given search parameters","stacktrace":"io.appium.uiautomator2.common.exceptions.ElementNotFoundException: An element could not be located on the page using the given search parameters\n\tat io.appium.uiautomator2.handler.FindElement.safeHandle(FindElement.java:63)\n\tat io.appium.uiautomator2.handler.request.SafeRequestHandler.handle(SafeRequestHandler.java:59)\n\tat io.appium.uiautomator2.server.AppiumServlet.handleRequest(AppiumServlet.java:259)\n\tat io.appium.uiautomator2.server.AppiumServlet.handleHttpRequest(AppiumServlet.java:253)\n\tat io.appium.uiautomator2.http.ServerHandler.channelRead(ServerHandler.java:77)\n\tat io.netty.channel.AbstractChannelHandlerContext.invokeChannelRead(AbstractChannelHandlerContext.java:366)\n\tat io.netty.channel.AbstractChannelHandlerContext.invokeChannelRead(AbstractChannelHandlerContext.java:352)\n\tat io.netty.chann...
&amp#27;[38;5;192m[21edc1c7]&amp#27;[0m&amp#27;[38;5;123m[W3C]&amp#27;[0m Matched W3C error code 'no such element' to NoSuchElementError
&amp#27;[38;5;192m[21edc1c7]&amp#27;[0m&amp#27;[38;5;-25m[AndroidUiautomator2Driver@2336]&amp#27;[0m Waited for 32 ms so far
&amp#27;[38;5;192m[21edc1c7]&amp#27;[0m&amp#27;[38;5;-25m[AndroidUiautomator2Driver@2336]&amp#27;[0m Matched '/element' to command name 'findElement'
&amp#27;[38;5;192m[21edc1c7]&amp#27;[0m&amp#27;[38;5;-25m[AndroidUiautomator2Driver@2336]&amp#27;[0m Proxying [POST /element] to [POST http://127.0.0.1:8200/session/ec29d363-93a1-405a-b18e-ed0f88bdf279/element] with body: {"strategy":"id","selector":"com.androidsample.generalstore:id/totalAmountLbl","context":"","multiple":false}
&amp#27;[38;5;192m[21edc1c7]&amp#27;[0m&amp#27;[38;5;-25m[AndroidUiautomator2Driver@2336]&amp#27;[0m Got response with status 200: {"sessionId":"ec29d363-93a1-405a-b18e-ed0f88bdf279","value":{"ELEMENT":"00000000-0000-015a-ffff-ffff00000146","element-6066-11e4-a52e-4f735466cecf":"00000000-0000-015a-ffff-ffff00000146"}}
&amp#27;[38;5;192m[21edc1c7]&amp#27;[0m&amp#27;[38;5;-25m[AndroidUiautomator2Driver@2336]&amp#27;[0m Responding to client with driver.findElement() result: {"element-6066-11e4-a52e-4f735466cecf":"00000000-0000-015a-ffff-ffff00000146","ELEMENT":"00000000-0000-015a-ffff-ffff00000146"}
&amp#27;[38;5;192m[21edc1c7]&amp#27;[0m&amp#27;[38;5;86m[HTTP]&amp#27;[0m &amp#27;[37m<-- POST /session/21edc1c7-065d-4901-b63b-5a354eddaf7a/element &amp#27;[39m&amp#27;[32m200&amp#27;[39m &amp#27;[90m1325 ms - 137&amp#27;[39m &amp#27;[90m&amp#27;[39m
&amp#27;[38;5;192m[21edc1c7]&amp#27;[0m&amp#27;[38;5;86m[HTTP]&amp#27;[0m &amp#27;[37m-->&amp#27;[39m &amp#27;[37mGET&amp#27;[39m &amp#27;[37m/session/21edc1c7-065d-4901-b63b-5a354eddaf7a/element/00000000-0000-015a-ffff-ffff00000146/text&amp#27;[39m &amp#27;[90m{}&amp#27;[39m
&amp#27;[38;5;192m[21edc1c7]&amp#27;[0m&amp#27;[38;5;-25m[AndroidUiautomator2Driver@2336]&amp#27;[0m Driver proxy active, passing request on via HTTP proxy
&amp#27;[38;5;192m[21edc1c7]&amp#27;[0m&amp#27;[38;5;-25m[AndroidUiautomator2Driver@2336]&amp#27;[0m Matched '/session/21edc1c7-065d-4901-b63b-5a354eddaf7a/element/00000000-0000-015a-ffff-ffff00000146/text' to command name 'getText'
&amp#27;[38;5;192m[21edc1c7]&amp#27;[0m&amp#27;[38;5;-25m[AndroidUiautomator2Driver@2336]&amp#27;[0m Proxying [GET /session/21edc1c7-065d-4901-b63b-5a354eddaf7a/element/00000000-0000-015a-ffff-ffff00000146/text] to [GET http://127.0.0.1:8200/session/ec29d363-93a1-405a-b18e-ed0f88bdf279/element/00000000-0000-015a-ffff-ffff00000146/text] with no body
&amp#27;[38;5;192m[21edc1c7]&amp#27;[0m&amp#27;[38;5;-25m[AndroidUiautomator2Driver@2336]&amp#27;[0m Got response with status 200: {"sessionId":"ec29d363-93a1-405a-b18e-ed0f88bdf279","value":"$ 215.97"}
&amp#27;[38;5;192m[21edc1c7]&amp#27;[0m&amp#27;[38;5;-25m[AndroidUiautomator2Driver@2336]&amp#27;[0m Replacing sessionId ec29d363-93a1-405a-b18e-ed0f88bdf279 with 21edc1c7-065d-4901-b63b-5a354eddaf7a
&amp#27;[38;5;192m[21edc1c7]&amp#27;[0m&amp#27;[38;5;86m[HTTP]&amp#27;[0m &amp#27;[37m<-- GET /session/21edc1c7-065d-4901-b63b-5a354eddaf7a/element/00000000-0000-015a-ffff-ffff00000146/text &amp#27;[39m&amp#27;[32m200&amp#27;[39m &amp#27;[90m14 ms - 71&amp#27;[39m &amp#27;[90m&amp#27;[39m
&amp#27;[38;5;192m[21edc1c7]&amp#27;[0m&amp#27;[38;5;86m[HTTP]&amp#27;[0m &amp#27;[37m-->&amp#27;[39m &amp#27;[37mGET&amp#27;[39m &amp#27;[37m/session/21edc1c7-065d-4901-b63b-5a354eddaf7a/context&amp#27;[39m &amp#27;[90m{}&amp#27;[39m
&amp#27;[38;5;192m[21edc1c7]&amp#27;[0m&amp#27;[38;5;-25m[AndroidUiautomator2Driver@2336]&amp#27;[0m Calling AppiumDriver.getCurrentContext() with args: ["21edc1c7-065d-4901-b63b-5a354eddaf7a"]
&amp#27;[38;5;192m[21edc1c7]&amp#27;[0m&amp#27;[38;5;-25m[AndroidUiautomator2Driver@2336]&amp#27;[0m Responding to client with driver.getCurrentContext() result: "NATIVE_APP"
&amp#27;[38;5;192m[21edc1c7]&amp#27;[0m&amp#27;[38;5;86m[HTTP]&amp#27;[0m &amp#27;[37m<-- GET /session/21edc1c7-065d-4901-b63b-5a354eddaf7a/context &amp#27;[39m&amp#27;[32m200&amp#27;[39m &amp#27;[90m1 ms - 22&amp#27;[39m &amp#27;[90m&amp#27;[39m
&amp#27;[38;5;192m[21edc1c7]&amp#27;[0m&amp#27;[38;5;86m[HTTP]&amp#27;[0m &amp#27;[37m-->&amp#27;[39m &amp#27;[37mPOST&amp#27;[39m &amp#27;[37m/session/21edc1c7-065d-4901-b63b-5a354eddaf7a/element&amp#27;[39m &amp#27;[90m{"value":"com.androidsample.generalstore:id/termsButton","using":"id"}&amp#27;[39m
&amp#27;[38;5;192m[21edc1c7]&amp#27;[0m&amp#27;[38;5;-25m[AndroidUiautomator2Driver@2336]&amp#27;[0m Calling AppiumDriver.findElement() with args: ["id","com.androidsample.generalstore:id/termsButton","21edc1c7-065d-4901-b63b-5a354eddaf7a"]
&amp#27;[38;5;192m[21edc1c7]&amp#27;[0m&amp#27;[38;5;-25m[AndroidUiautomator2Driver@2336]&amp#27;[0m Valid locator strategies for this request: xpath, id, class name, accessibility id, css selector, -android uiautomator
&amp#27;[38;5;192m[21edc1c7]&amp#27;[0m&amp#27;[38;5;-25m[AndroidUiautomator2Driver@2336]&amp#27;[0m Waiting up to 15000 ms for condition
&amp#27;[38;5;192m[21edc1c7]&amp#27;[0m&amp#27;[38;5;-25m[AndroidUiautomator2Driver@2336]&amp#27;[0m Matched '/element' to command name 'findElement'
&amp#27;[38;5;192m[21edc1c7]&amp#27;[0m&amp#27;[38;5;-25m[AndroidUiautomator2Driver@2336]&amp#27;[0m Proxying [POST /element] to [POST http://127.0.0.1:8200/session/ec29d363-93a1-405a-b18e-ed0f88bdf279/element] with body: {"strategy":"id","selector":"com.androidsample.generalstore:id/termsButton","context":"","multiple":false}
&amp#27;[38;5;192m[21edc1c7]&amp#27;[0m&amp#27;[38;5;-25m[AndroidUiautomator2Driver@2336]&amp#27;[0m Got response with status 200: {"sessionId":"ec29d363-93a1-405a-b18e-ed0f88bdf279","value":{"ELEMENT":"00000000-0000-015a-ffff-ffff00000149","element-6066-11e4-a52e-4f735466cecf":"00000000-0000-015a-ffff-ffff00000149"}}
&amp#27;[38;5;192m[21edc1c7]&amp#27;[0m&amp#27;[38;5;-25m[AndroidUiautomator2Driver@2336]&amp#27;[0m Responding to client with driver.findElement() result: {"element-6066-11e4-a52e-4f735466cecf":"00000000-0000-015a-ffff-ffff00000149","ELEMENT":"00000000-0000-015a-ffff-ffff00000149"}
&amp#27;[38;5;192m[21edc1c7]&amp#27;[0m&amp#27;[38;5;86m[HTTP]&amp#27;[0m &amp#27;[37m<-- POST /session/21edc1c7-065d-4901-b63b-5a354eddaf7a/element &amp#27;[39m&amp#27;[32m200&amp#27;[39m &amp#27;[90m36 ms - 137&amp#27;[39m &amp#27;[90m&amp#27;[39m
&amp#27;[38;5;192m[21edc1c7]&amp#27;[0m&amp#27;[38;5;86m[HTTP]&amp#27;[0m &amp#27;[37m-->&amp#27;[39m &amp#27;[37mPOST&amp#27;[39m &amp#27;[37m/session/21edc1c7-065d-4901-b63b-5a354eddaf7a/execute/sync&amp#27;[39m &amp#27;[90m{"script":"mobile: longClickGesture","args":[{"elementId":"00000000-0000-015a-ffff-ffff00000149","duration":2000}]}&amp#27;[39m
&amp#27;[38;5;192m[21edc1c7]&amp#27;[0m&amp#27;[38;5;-25m[AndroidUiautomator2Driver@2336]&amp#27;[0m Calling AppiumDriver.execute() with args: ["mobile: longClickGesture",[{"elementId":"00000000-0000-015a-ffff-ffff00000149","duration":2000}],"21edc1c7-065d-4901-b63b-5a354eddaf7a"]
&amp#27;[38;5;192m[21edc1c7]&amp#27;[0m&amp#27;[38;5;-25m[AndroidUiautomator2Driver@2336]&amp#27;[0m Executing native command 'mobile: longClickGesture'
&amp#27;[38;5;192m[21edc1c7]&amp#27;[0m&amp#27;[38;5;-25m[AndroidUiautomator2Driver@2336]&amp#27;[0m Proxying [POST /appium/gestures/long_click] to [POST http://127.0.0.1:8200/session/ec29d363-93a1-405a-b18e-ed0f88bdf279/appium/gestures/long_click] with body: {"origin":{"ELEMENT":"00000000-0000-015a-ffff-ffff00000149","element-6066-11e4-a52e-4f735466cecf":"00000000-0000-015a-ffff-ffff00000149"},"duration":2000}
&amp#27;[38;5;192m[21edc1c7]&amp#27;[0m&amp#27;[38;5;-25m[AndroidUiautomator2Driver@2336]&amp#27;[0m Got response with status 200: {"sessionId":"ec29d363-93a1-405a-b18e-ed0f88bdf279","value":null}
&amp#27;[38;5;192m[21edc1c7]&amp#27;[0m&amp#27;[38;5;-25m[AndroidUiautomator2Driver@2336]&amp#27;[0m Responding to client with driver.execute() result: null
&amp#27;[38;5;192m[21edc1c7]&amp#27;[0m&amp#27;[38;5;86m[HTTP]&amp#27;[0m &amp#27;[37m<-- POST /session/21edc1c7-065d-4901-b63b-5a354eddaf7a/execute/sync &amp#27;[39m&amp#27;[32m200&amp#27;[39m &amp#27;[90m2931 ms - 14&amp#27;[39m &amp#27;[90m&amp#27;[39m
&amp#27;[38;5;192m[21edc1c7]&amp#27;[0m&amp#27;[38;5;86m[HTTP]&amp#27;[0m &amp#27;[37m-->&amp#27;[39m &amp#27;[37mGET&amp#27;[39m &amp#27;[37m/session/21edc1c7-065d-4901-b63b-5a354eddaf7a/context&amp#27;[39m &amp#27;[90m{}&amp#27;[39m
&amp#27;[38;5;192m[21edc1c7]&amp#27;[0m&amp#27;[38;5;-25m[AndroidUiautomator2Driver@2336]&amp#27;[0m Calling AppiumDriver.getCurrentContext() with args: ["21edc1c7-065d-4901-b63b-5a354eddaf7a"]
&amp#27;[38;5;192m[21edc1c7]&amp#27;[0m&amp#27;[38;5;-25m[AndroidUiautomator2Driver@2336]&amp#27;[0m Responding to client with driver.getCurrentContext() result: "NATIVE_APP"
&amp#27;[38;5;192m[21edc1c7]&amp#27;[0m&amp#27;[38;5;86m[HTTP]&amp#27;[0m &amp#27;[37m<-- GET /session/21edc1c7-065d-4901-b63b-5a354eddaf7a/context &amp#27;[39m&amp#27;[32m200&amp#27;[39m &amp#27;[90m1 ms - 22&amp#27;[39m &amp#27;[90m&amp#27;[39m
&amp#27;[38;5;192m[21edc1c7]&amp#27;[0m&amp#27;[38;5;86m[HTTP]&amp#27;[0m &amp#27;[37m-->&amp#27;[39m &amp#27;[37mPOST&amp#27;[39m &amp#27;[37m/session/21edc1c7-065d-4901-b63b-5a354eddaf7a/element&amp#27;[39m &amp#27;[90m{"value":"com.androidsample.generalstore:id/alertTitle","using":"id"}&amp#27;[39m
&amp#27;[38;5;192m[21edc1c7]&amp#27;[0m&amp#27;[38;5;-25m[AndroidUiautomator2Driver@2336]&amp#27;[0m Calling AppiumDriver.findElement() with args: ["id","com.androidsample.generalstore:id/alertTitle","21edc1c7-065d-4901-b63b-5a354eddaf7a"]
&amp#27;[38;5;192m[21edc1c7]&amp#27;[0m&amp#27;[38;5;-25m[AndroidUiautomator2Driver@2336]&amp#27;[0m Valid locator strategies for this request: xpath, id, class name, accessibility id, css selector, -android uiautomator
&amp#27;[38;5;192m[21edc1c7]&amp#27;[0m&amp#27;[38;5;-25m[AndroidUiautomator2Driver@2336]&amp#27;[0m Waiting up to 15000 ms for condition
&amp#27;[38;5;192m[21edc1c7]&amp#27;[0m&amp#27;[38;5;-25m[AndroidUiautomator2Driver@2336]&amp#27;[0m Matched '/element' to command name 'findElement'
&amp#27;[38;5;192m[21edc1c7]&amp#27;[0m&amp#27;[38;5;-25m[AndroidUiautomator2Driver@2336]&amp#27;[0m Proxying [POST /element] to [POST http://127.0.0.1:8200/session/ec29d363-93a1-405a-b18e-ed0f88bdf279/element] with body: {"strategy":"id","selector":"com.androidsample.generalstore:id/alertTitle","context":"","multiple":false}
&amp#27;[38;5;192m[21edc1c7]&amp#27;[0m&amp#27;[38;5;-25m[AndroidUiautomator2Driver@2336]&amp#27;[0m Got response with status 200: {"sessionId":"ec29d363-93a1-405a-b18e-ed0f88bdf279","value":{"ELEMENT":"00000000-0000-015b-ffff-ffff00000166","element-6066-11e4-a52e-4f735466cecf":"00000000-0000-015b-ffff-ffff00000166"}}
&amp#27;[38;5;192m[21edc1c7]&amp#27;[0m&amp#27;[38;5;-25m[AndroidUiautomator2Driver@2336]&amp#27;[0m Responding to client with driver.findElement() result: {"element-6066-11e4-a52e-4f735466cecf":"00000000-0000-015b-ffff-ffff00000166","ELEMENT":"00000000-0000-015b-ffff-ffff00000166"}
&amp#27;[38;5;192m[21edc1c7]&amp#27;[0m&amp#27;[38;5;86m[HTTP]&amp#27;[0m &amp#27;[37m<-- POST /session/21edc1c7-065d-4901-b63b-5a354eddaf7a/element &amp#27;[39m&amp#27;[32m200&amp#27;[39m &amp#27;[90m17 ms - 137&amp#27;[39m &amp#27;[90m&amp#27;[39m
&amp#27;[38;5;192m[21edc1c7]&amp#27;[0m&amp#27;[38;5;86m[HTTP]&amp#27;[0m &amp#27;[37m-->&amp#27;[39m &amp#27;[37mGET&amp#27;[39m &amp#27;[37m/session/21edc1c7-065d-4901-b63b-5a354eddaf7a/element/00000000-0000-015b-ffff-ffff00000166/text&amp#27;[39m &amp#27;[90m{}&amp#27;[39m
&amp#27;[38;5;192m[21edc1c7]&amp#27;[0m&amp#27;[38;5;-25m[AndroidUiautomator2Driver@2336]&amp#27;[0m Driver proxy active, passing request on via HTTP proxy
&amp#27;[38;5;192m[21edc1c7]&amp#27;[0m&amp#27;[38;5;-25m[AndroidUiautomator2Driver@2336]&amp#27;[0m Matched '/session/21edc1c7-065d-4901-b63b-5a354eddaf7a/element/00000000-0000-015b-ffff-ffff00000166/text' to command name 'getText'
&amp#27;[38;5;192m[21edc1c7]&amp#27;[0m&amp#27;[38;5;-25m[AndroidUiautomator2Driver@2336]&amp#27;[0m Proxying [GET /session/21edc1c7-065d-4901-b63b-5a354eddaf7a/element/00000000-0000-015b-ffff-ffff00000166/text] to [GET http://127.0.0.1:8200/session/ec29d363-93a1-405a-b18e-ed0f88bdf279/element/00000000-0000-015b-ffff-ffff00000166/text] with no body
&amp#27;[38;5;192m[21edc1c7]&amp#27;[0m&amp#27;[38;5;-25m[AndroidUiautomator2Driver@2336]&amp#27;[0m Got response with status 200: {"sessionId":"ec29d363-93a1-405a-b18e-ed0f88bdf279","value":"Terms Of Conditions"}
&amp#27;[38;5;192m[21edc1c7]&amp#27;[0m&amp#27;[38;5;-25m[AndroidUiautomator2Driver@2336]&amp#27;[0m Replacing sessionId ec29d363-93a1-405a-b18e-ed0f88bdf279 with 21edc1c7-065d-4901-b63b-5a354eddaf7a
&amp#27;[38;5;192m[21edc1c7]&amp#27;[0m&amp#27;[38;5;86m[HTTP]&amp#27;[0m &amp#27;[37m<-- GET /session/21edc1c7-065d-4901-b63b-5a354eddaf7a/element/00000000-0000-015b-ffff-ffff00000166/text &amp#27;[39m&amp#27;[32m200&amp#27;[39m &amp#27;[90m13 ms - 82&amp#27;[39m &amp#27;[90m&amp#27;[39m
&amp#27;[38;5;192m[21edc1c7]&amp#27;[0m&amp#27;[38;5;86m[HTTP]&amp#27;[0m &amp#27;[37m-->&amp#27;[39m &amp#27;[37mGET&amp#27;[39m &amp#27;[37m/session/21edc1c7-065d-4901-b63b-5a354eddaf7a/context&amp#27;[39m &amp#27;[90m{}&amp#27;[39m
&amp#27;[38;5;192m[21edc1c7]&amp#27;[0m&amp#27;[38;5;-25m[AndroidUiautomator2Driver@2336]&amp#27;[0m Calling AppiumDriver.getCurrentContext() with args: ["21edc1c7-065d-4901-b63b-5a354eddaf7a"]
&amp#27;[38;5;192m[21edc1c7]&amp#27;[0m&amp#27;[38;5;-25m[AndroidUiautomator2Driver@2336]&amp#27;[0m Responding to client with driver.getCurrentContext() result: "NATIVE_APP"
&amp#27;[38;5;192m[21edc1c7]&amp#27;[0m&amp#27;[38;5;86m[HTTP]&amp#27;[0m &amp#27;[37m<-- GET /session/21edc1c7-065d-4901-b63b-5a354eddaf7a/context &amp#27;[39m&amp#27;[32m200&amp#27;[39m &amp#27;[90m1 ms - 22&amp#27;[39m &amp#27;[90m&amp#27;[39m
&amp#27;[38;5;192m[21edc1c7]&amp#27;[0m&amp#27;[38;5;86m[HTTP]&amp#27;[0m &amp#27;[37m-->&amp#27;[39m &amp#27;[37mPOST&amp#27;[39m &amp#27;[37m/session/21edc1c7-065d-4901-b63b-5a354eddaf7a/element&amp#27;[39m &amp#27;[90m{"value":"android:id/button1","using":"id"}&amp#27;[39m
&amp#27;[38;5;192m[21edc1c7]&amp#27;[0m&amp#27;[38;5;-25m[AndroidUiautomator2Driver@2336]&amp#27;[0m Calling AppiumDriver.findElement() with args: ["id","android:id/button1","21edc1c7-065d-4901-b63b-5a354eddaf7a"]
&amp#27;[38;5;192m[21edc1c7]&amp#27;[0m&amp#27;[38;5;-25m[AndroidUiautomator2Driver@2336]&amp#27;[0m Valid locator strategies for this request: xpath, id, class name, accessibility id, css selector, -android uiautomator
&amp#27;[38;5;192m[21edc1c7]&amp#27;[0m&amp#27;[38;5;-25m[AndroidUiautomator2Driver@2336]&amp#27;[0m Waiting up to 15000 ms for condition
&amp#27;[38;5;192m[21edc1c7]&amp#27;[0m&amp#27;[38;5;-25m[AndroidUiautomator2Driver@2336]&amp#27;[0m Matched '/element' to command name 'findElement'
&amp#27;[38;5;192m[21edc1c7]&amp#27;[0m&amp#27;[38;5;-25m[AndroidUiautomator2Driver@2336]&amp#27;[0m Proxying [POST /element] to [POST http://127.0.0.1:8200/session/ec29d363-93a1-405a-b18e-ed0f88bdf279/element] with body: {"strategy":"id","selector":"android:id/button1","context":"","multiple":false}
&amp#27;[38;5;192m[21edc1c7]&amp#27;[0m&amp#27;[38;5;-25m[AndroidUiautomator2Driver@2336]&amp#27;[0m Got response with status 200: {"sessionId":"ec29d363-93a1-405a-b18e-ed0f88bdf279","value":{"ELEMENT":"00000000-0000-015b-ffff-ffff00000175","element-6066-11e4-a52e-4f735466cecf":"00000000-0000-015b-ffff-ffff00000175"}}
&amp#27;[38;5;192m[21edc1c7]&amp#27;[0m&amp#27;[38;5;-25m[AndroidUiautomator2Driver@2336]&amp#27;[0m Responding to client with driver.findElement() result: {"element-6066-11e4-a52e-4f735466cecf":"00000000-0000-015b-ffff-ffff00000175","ELEMENT":"00000000-0000-015b-ffff-ffff00000175"}
&amp#27;[38;5;192m[21edc1c7]&amp#27;[0m&amp#27;[38;5;86m[HTTP]&amp#27;[0m &amp#27;[37m<-- POST /session/21edc1c7-065d-4901-b63b-5a354eddaf7a/element &amp#27;[39m&amp#27;[32m200&amp#27;[39m &amp#27;[90m22 ms - 137&amp#27;[39m &amp#27;[90m&amp#27;[39m
&amp#27;[38;5;192m[21edc1c7]&amp#27;[0m&amp#27;[38;5;86m[HTTP]&amp#27;[0m &amp#27;[37m-->&amp#27;[39m &amp#27;[37mPOST&amp#27;[39m &amp#27;[37m/session/21edc1c7-065d-4901-b63b-5a354eddaf7a/element/00000000-0000-015b-ffff-ffff00000175/click&amp#27;[39m &amp#27;[90m{"id":"00000000-0000-015b-ffff-ffff00000175"}&amp#27;[39m
&amp#27;[38;5;192m[21edc1c7]&amp#27;[0m&amp#27;[38;5;-25m[AndroidUiautomator2Driver@2336]&amp#27;[0m Calling AppiumDriver.click() with args: ["00000000-0000-015b-ffff-ffff00000175","21edc1c7-065d-4901-b63b-5a354eddaf7a"]
&amp#27;[38;5;192m[21edc1c7]&amp#27;[0m&amp#27;[38;5;-25m[AndroidUiautomator2Driver@2336]&amp#27;[0m Matched '/element/00000000-0000-015b-ffff-ffff00000175/click' to command name 'click'
&amp#27;[38;5;192m[21edc1c7]&amp#27;[0m&amp#27;[38;5;-25m[AndroidUiautomator2Driver@2336]&amp#27;[0m Proxying [POST /element/00000000-0000-015b-ffff-ffff00000175/click] to [POST http://127.0.0.1:8200/session/ec29d363-93a1-405a-b18e-ed0f88bdf279/element/00000000-0000-015b-ffff-ffff00000175/click] with body: {"element":"00000000-0000-015b-ffff-ffff00000175"}
&amp#27;[38;5;192m[21edc1c7]&amp#27;[0m&amp#27;[38;5;-25m[AndroidUiautomator2Driver@2336]&amp#27;[0m Got response with status 200: {"sessionId":"ec29d363-93a1-405a-b18e-ed0f88bdf279","value":null}
&amp#27;[38;5;192m[21edc1c7]&amp#27;[0m&amp#27;[38;5;-25m[AndroidUiautomator2Driver@2336]&amp#27;[0m Responding to client with driver.click() result: null
&amp#27;[38;5;192m[21edc1c7]&amp#27;[0m&amp#27;[38;5;86m[HTTP]&amp#27;[0m &amp#27;[37m<-- POST /session/21edc1c7-065d-4901-b63b-5a354eddaf7a/element/00000000-0000-015b-ffff-ffff00000175/click &amp#27;[39m&amp#27;[32m200&amp#27;[39m &amp#27;[90m85 ms - 14&amp#27;[39m &amp#27;[90m&amp#27;[39m
&amp#27;[38;5;192m[21edc1c7]&amp#27;[0m&amp#27;[38;5;86m[HTTP]&amp#27;[0m &amp#27;[37m-->&amp#27;[39m &amp#27;[37mGET&amp#27;[39m &amp#27;[37m/session/21edc1c7-065d-4901-b63b-5a354eddaf7a/context&amp#27;[39m &amp#27;[90m{}&amp#27;[39m
&amp#27;[38;5;192m[21edc1c7]&amp#27;[0m&amp#27;[38;5;-25m[AndroidUiautomator2Driver@2336]&amp#27;[0m Calling AppiumDriver.getCurrentContext() with args: ["21edc1c7-065d-4901-b63b-5a354eddaf7a"]
&amp#27;[38;5;192m[21edc1c7]&amp#27;[0m&amp#27;[38;5;-25m[AndroidUiautomator2Driver@2336]&amp#27;[0m Responding to client with driver.getCurrentContext() result: "NATIVE_APP"
&amp#27;[38;5;192m[21edc1c7]&amp#27;[0m&amp#27;[38;5;86m[HTTP]&amp#27;[0m &amp#27;[37m<-- GET /session/21edc1c7-065d-4901-b63b-5a354eddaf7a/context &amp#27;[39m&amp#27;[32m200&amp#27;[39m &amp#27;[90m2 ms - 22&amp#27;[39m &amp#27;[90m&amp#27;[39m
&amp#27;[38;5;192m[21edc1c7]&amp#27;[0m&amp#27;[38;5;86m[HTTP]&amp#27;[0m &amp#27;[37m-->&amp#27;[39m &amp#27;[37mPOST&amp#27;[39m &amp#27;[37m/session/21edc1c7-065d-4901-b63b-5a354eddaf7a/element&amp#27;[39m &amp#27;[90m{"value":"//android.widget.CheckBox[@text=\"Send me e-mails on discounts related to selected products in future\"]","using":"xpath"}&amp#27;[39m
&amp#27;[38;5;192m[21edc1c7]&amp#27;[0m&amp#27;[38;5;-25m[AndroidUiautomator2Driver@2336]&amp#27;[0m Calling AppiumDriver.findElement() with args: ["xpath","//android.widget.CheckBox[@text=\"Send me e-mails on discounts related to selected products in future\"]","21edc1c7-065d-4901-b63b-5a354eddaf7a"]
&amp#27;[38;5;192m[21edc1c7]&amp#27;[0m&amp#27;[38;5;-25m[AndroidUiautomator2Driver@2336]&amp#27;[0m Valid locator strategies for this request: xpath, id, class name, accessibility id, css selector, -android uiautomator
&amp#27;[38;5;192m[21edc1c7]&amp#27;[0m&amp#27;[38;5;-25m[AndroidUiautomator2Driver@2336]&amp#27;[0m Waiting up to 15000 ms for condition
&amp#27;[38;5;192m[21edc1c7]&amp#27;[0m&amp#27;[38;5;-25m[AndroidUiautomator2Driver@2336]&amp#27;[0m Matched '/element' to command name 'findElement'
&amp#27;[38;5;192m[21edc1c7]&amp#27;[0m&amp#27;[38;5;-25m[AndroidUiautomator2Driver@2336]&amp#27;[0m Proxying [POST /element] to [POST http://127.0.0.1:8200/session/ec29d363-93a1-405a-b18e-ed0f88bdf279/element] with body: {"strategy":"xpath","selector":"//android.widget.CheckBox[@text=\"Send me e-mails on discounts related to selected products in future\"]","context":"","multiple":false}
&amp#27;[38;5;192m[21edc1c7]&amp#27;[0m&amp#27;[38;5;-25m[AndroidUiautomator2Driver@2336]&amp#27;[0m Got response with status 200: {"sessionId":"ec29d363-93a1-405a-b18e-ed0f88bdf279","value":{"ELEMENT":"00000000-0000-015a-ffff-ffff00000147","element-6066-11e4-a52e-4f735466cecf":"00000000-0000-015a-ffff-ffff00000147"}}
&amp#27;[38;5;192m[21edc1c7]&amp#27;[0m&amp#27;[38;5;-25m[AndroidUiautomator2Driver@2336]&amp#27;[0m Responding to client with driver.findElement() result: {"element-6066-11e4-a52e-4f735466cecf":"00000000-0000-015a-ffff-ffff00000147","ELEMENT":"00000000-0000-015a-ffff-ffff00000147"}
&amp#27;[38;5;192m[21edc1c7]&amp#27;[0m&amp#27;[38;5;86m[HTTP]&amp#27;[0m &amp#27;[37m<-- POST /session/21edc1c7-065d-4901-b63b-5a354eddaf7a/element &amp#27;[39m&amp#27;[32m200&amp#27;[39m &amp#27;[90m130 ms - 137&amp#27;[39m &amp#27;[90m&amp#27;[39m
&amp#27;[38;5;192m[21edc1c7]&amp#27;[0m&amp#27;[38;5;86m[HTTP]&amp#27;[0m &amp#27;[37m-->&amp#27;[39m &amp#27;[37mPOST&amp#27;[39m &amp#27;[37m/session/21edc1c7-065d-4901-b63b-5a354eddaf7a/element/00000000-0000-015a-ffff-ffff00000147/click&amp#27;[39m &amp#27;[90m{"id":"00000000-0000-015a-ffff-ffff00000147"}&amp#27;[39m
&amp#27;[38;5;192m[21edc1c7]&amp#27;[0m&amp#27;[38;5;-25m[AndroidUiautomator2Driver@2336]&amp#27;[0m Calling AppiumDriver.click() with args: ["00000000-0000-015a-ffff-ffff00000147","21edc1c7-065d-4901-b63b-5a354eddaf7a"]
&amp#27;[38;5;192m[21edc1c7]&amp#27;[0m&amp#27;[38;5;-25m[AndroidUiautomator2Driver@2336]&amp#27;[0m Matched '/element/00000000-0000-015a-ffff-ffff00000147/click' to command name 'click'
&amp#27;[38;5;192m[21edc1c7]&amp#27;[0m&amp#27;[38;5;-25m[AndroidUiautomator2Driver@2336]&amp#27;[0m Proxying [POST /element/00000000-0000-015a-ffff-ffff00000147/click] to [POST http://127.0.0.1:8200/session/ec29d363-93a1-405a-b18e-ed0f88bdf279/element/00000000-0000-015a-ffff-ffff00000147/click] with body: {"element":"00000000-0000-015a-ffff-ffff00000147"}
&amp#27;[38;5;192m[21edc1c7]&amp#27;[0m&amp#27;[38;5;-25m[AndroidUiautomator2Driver@2336]&amp#27;[0m Got response with status 200: {"sessionId":"ec29d363-93a1-405a-b18e-ed0f88bdf279","value":null}
&amp#27;[38;5;192m[21edc1c7]&amp#27;[0m&amp#27;[38;5;-25m[AndroidUiautomator2Driver@2336]&amp#27;[0m Responding to client with driver.click() result: null
&amp#27;[38;5;192m[21edc1c7]&amp#27;[0m&amp#27;[38;5;86m[HTTP]&amp#27;[0m &amp#27;[37m<-- POST /session/21edc1c7-065d-4901-b63b-5a354eddaf7a/element/00000000-0000-015a-ffff-ffff00000147/click &amp#27;[39m&amp#27;[32m200&amp#27;[39m &amp#27;[90m491 ms - 14&amp#27;[39m &amp#27;[90m&amp#27;[39m
&amp#27;[38;5;192m[21edc1c7]&amp#27;[0m&amp#27;[38;5;86m[HTTP]&amp#27;[0m &amp#27;[37m-->&amp#27;[39m &amp#27;[37mGET&amp#27;[39m &amp#27;[37m/session/21edc1c7-065d-4901-b63b-5a354eddaf7a/context&amp#27;[39m &amp#27;[90m{}&amp#27;[39m
&amp#27;[38;5;192m[21edc1c7]&amp#27;[0m&amp#27;[38;5;-25m[AndroidUiautomator2Driver@2336]&amp#27;[0m Calling AppiumDriver.getCurrentContext() with args: ["21edc1c7-065d-4901-b63b-5a354eddaf7a"]
&amp#27;[38;5;192m[21edc1c7]&amp#27;[0m&amp#27;[38;5;-25m[AndroidUiautomator2Driver@2336]&amp#27;[0m Responding to client with driver.getCurrentContext() result: "NATIVE_APP"
&amp#27;[38;5;192m[21edc1c7]&amp#27;[0m&amp#27;[38;5;86m[HTTP]&amp#27;[0m &amp#27;[37m<-- GET /session/21edc1c7-065d-4901-b63b-5a354eddaf7a/context &amp#27;[39m&amp#27;[32m200&amp#27;[39m &amp#27;[90m1 ms - 22&amp#27;[39m &amp#27;[90m&amp#27;[39m
&amp#27;[38;5;192m[21edc1c7]&amp#27;[0m&amp#27;[38;5;86m[HTTP]&amp#27;[0m &amp#27;[37m-->&amp#27;[39m &amp#27;[37mPOST&amp#27;[39m &amp#27;[37m/session/21edc1c7-065d-4901-b63b-5a354eddaf7a/element&amp#27;[39m &amp#27;[90m{"value":"com.androidsample.generalstore:id/btnProceed","using":"id"}&amp#27;[39m
&amp#27;[38;5;192m[21edc1c7]&amp#27;[0m&amp#27;[38;5;-25m[AndroidUiautomator2Driver@2336]&amp#27;[0m Calling AppiumDriver.findElement() with args: ["id","com.androidsample.generalstore:id/btnProceed","21edc1c7-065d-4901-b63b-5a354eddaf7a"]
&amp#27;[38;5;192m[21edc1c7]&amp#27;[0m&amp#27;[38;5;-25m[AndroidUiautomator2Driver@2336]&amp#27;[0m Valid locator strategies for this request: xpath, id, class name, accessibility id, css selector, -android uiautomator
&amp#27;[38;5;192m[21edc1c7]&amp#27;[0m&amp#27;[38;5;-25m[AndroidUiautomator2Driver@2336]&amp#27;[0m Waiting up to 15000 ms for condition
&amp#27;[38;5;192m[21edc1c7]&amp#27;[0m&amp#27;[38;5;-25m[AndroidUiautomator2Driver@2336]&amp#27;[0m Matched '/element' to command name 'findElement'
&amp#27;[38;5;192m[21edc1c7]&amp#27;[0m&amp#27;[38;5;-25m[AndroidUiautomator2Driver@2336]&amp#27;[0m Proxying [POST /element] to [POST http://127.0.0.1:8200/session/ec29d363-93a1-405a-b18e-ed0f88bdf279/element] with body: {"strategy":"id","selector":"com.androidsample.generalstore:id/btnProceed","context":"","multiple":false}
&amp#27;[38;5;192m[21edc1c7]&amp#27;[0m&amp#27;[38;5;-25m[AndroidUiautomator2Driver@2336]&amp#27;[0m Got response with status 200: {"sessionId":"ec29d363-93a1-405a-b18e-ed0f88bdf279","value":{"ELEMENT":"00000000-0000-015a-ffff-ffff00000148","element-6066-11e4-a52e-4f735466cecf":"00000000-0000-015a-ffff-ffff00000148"}}
&amp#27;[38;5;192m[21edc1c7]&amp#27;[0m&amp#27;[38;5;-25m[AndroidUiautomator2Driver@2336]&amp#27;[0m Responding to client with driver.findElement() result: {"element-6066-11e4-a52e-4f735466cecf":"00000000-0000-015a-ffff-ffff00000148","ELEMENT":"00000000-0000-015a-ffff-ffff00000148"}
&amp#27;[38;5;192m[21edc1c7]&amp#27;[0m&amp#27;[38;5;86m[HTTP]&amp#27;[0m &amp#27;[37m<-- POST /session/21edc1c7-065d-4901-b63b-5a354eddaf7a/element &amp#27;[39m&amp#27;[32m200&amp#27;[39m &amp#27;[90m738 ms - 137&amp#27;[39m &amp#27;[90m&amp#27;[39m
&amp#27;[38;5;192m[21edc1c7]&amp#27;[0m&amp#27;[38;5;86m[HTTP]&amp#27;[0m &amp#27;[37m-->&amp#27;[39m &amp#27;[37mPOST&amp#27;[39m &amp#27;[37m/session/21edc1c7-065d-4901-b63b-5a354eddaf7a/element/00000000-0000-015a-ffff-ffff00000148/click&amp#27;[39m &amp#27;[90m{"id":"00000000-0000-015a-ffff-ffff00000148"}&amp#27;[39m
&amp#27;[38;5;192m[21edc1c7]&amp#27;[0m&amp#27;[38;5;-25m[AndroidUiautomator2Driver@2336]&amp#27;[0m Calling AppiumDriver.click() with args: ["00000000-0000-015a-ffff-ffff00000148","21edc1c7-065d-4901-b63b-5a354eddaf7a"]
&amp#27;[38;5;192m[21edc1c7]&amp#27;[0m&amp#27;[38;5;-25m[AndroidUiautomator2Driver@2336]&amp#27;[0m Matched '/element/00000000-0000-015a-ffff-ffff00000148/click' to command name 'click'
&amp#27;[38;5;192m[21edc1c7]&amp#27;[0m&amp#27;[38;5;-25m[AndroidUiautomator2Driver@2336]&amp#27;[0m Proxying [POST /element/00000000-0000-015a-ffff-ffff00000148/click] to [POST http://127.0.0.1:8200/session/ec29d363-93a1-405a-b18e-ed0f88bdf279/element/00000000-0000-015a-ffff-ffff00000148/click] with body: {"element":"00000000-0000-015a-ffff-ffff00000148"}
&amp#27;[38;5;192m[21edc1c7]&amp#27;[0m&amp#27;[38;5;-25m[AndroidUiautomator2Driver@2336]&amp#27;[0m Got response with status 200: {"sessionId":"ec29d363-93a1-405a-b18e-ed0f88bdf279","value":null}
&amp#27;[38;5;192m[21edc1c7]&amp#27;[0m&amp#27;[38;5;-25m[AndroidUiautomator2Driver@2336]&amp#27;[0m Responding to client with driver.click() result: null
&amp#27;[38;5;192m[21edc1c7]&amp#27;[0m&amp#27;[38;5;86m[HTTP]&amp#27;[0m &amp#27;[37m<-- POST /session/21edc1c7-065d-4901-b63b-5a354eddaf7a/element/00000000-0000-015a-ffff-ffff00000148/click &amp#27;[39m&amp#27;[32m200&amp#27;[39m &amp#27;[90m84 ms - 14&amp#27;[39m &amp#27;[90m&amp#27;[39m
&amp#27;[38;5;192m[21edc1c7]&amp#27;[0m&amp#27;[38;5;86m[HTTP]&amp#27;[0m &amp#27;[37m-->&amp#27;[39m &amp#27;[37mGET&amp#27;[39m &amp#27;[37m/session/21edc1c7-065d-4901-b63b-5a354eddaf7a/contexts&amp#27;[39m &amp#27;[90m{}&amp#27;[39m
&amp#27;[38;5;192m[21edc1c7]&amp#27;[0m&amp#27;[38;5;-25m[AndroidUiautomator2Driver@2336]&amp#27;[0m Calling AppiumDriver.getContexts() with args: ["21edc1c7-065d-4901-b63b-5a354eddaf7a"]
&amp#27;[38;5;192m[21edc1c7]&amp#27;[0m&amp#27;[38;5;-25m[AndroidUiautomator2Driver@2336]&amp#27;[0m Getting a list of available webviews
&amp#27;[38;5;192m[21edc1c7]&amp#27;[0m&amp#27;[38;5;229m[ADB]&amp#27;[0m Running 'C:\Users\HOME\AppData\Local\Android\Sdk\platform-tools\adb.exe -P 5037 -s emulator-5554 shell cat /proc/net/unix'
&amp#27;[38;5;192m[21edc1c7]&amp#27;[0m&amp#27;[38;5;-25m[AndroidUiautomator2Driver@2336]&amp#27;[0m Parsed 1 active devtools socket: ["@webview_devtools_remote_12697"]
&amp#27;[38;5;192m[21edc1c7]&amp#27;[0m&amp#27;[38;5;-25m[AndroidUiautomator2Driver@2336]&amp#27;[0m Collecting CDP data of 1 webview
&amp#27;[38;5;192m[21edc1c7]&amp#27;[0m&amp#27;[38;5;-25m[AndroidUiautomator2Driver@2336]&amp#27;[0m Forwarding remote port webview_devtools_remote_12697 to a local port in range 10900..11000
&amp#27;[38;5;192m[21edc1c7]&amp#27;[0m&amp#27;[38;5;-25m[AndroidUiautomator2Driver@2336]&amp#27;[0m You could use the 'webviewDevtoolsPort' capability to customize the starting port number
&amp#27;[38;5;192m[21edc1c7]&amp#27;[0m&amp#27;[38;5;229m[ADB]&amp#27;[0m Running 'C:\Users\HOME\AppData\Local\Android\Sdk\platform-tools\adb.exe -P 5037 -s emulator-5554 forward tcp:10900 localabstract:webview_devtools_remote_12697'
&amp#27;[38;5;192m[21edc1c7]&amp#27;[0m&amp#27;[38;5;229m[ADB]&amp#27;[0m Removing forwarded port socket connection: 10900 
&amp#27;[38;5;192m[21edc1c7]&amp#27;[0m&amp#27;[38;5;229m[ADB]&amp#27;[0m Running 'C:\Users\HOME\AppData\Local\Android\Sdk\platform-tools\adb.exe -P 5037 -s emulator-5554 forward --remove tcp:10900'
&amp#27;[38;5;192m[21edc1c7]&amp#27;[0m&amp#27;[38;5;-25m[AndroidUiautomator2Driver@2336]&amp#27;[0m CDP data collection completed
&amp#27;[38;5;192m[21edc1c7]&amp#27;[0m&amp#27;[38;5;-25m[AndroidUiautomator2Driver@2336]&amp#27;[0m WEBVIEW_12697 mapped to pid 12697
&amp#27;[38;5;192m[21edc1c7]&amp#27;[0m&amp#27;[38;5;-25m[AndroidUiautomator2Driver@2336]&amp#27;[0m Getting process name for webview 'WEBVIEW_12697'
&amp#27;[38;5;192m[21edc1c7]&amp#27;[0m&amp#27;[38;5;229m[ADB]&amp#27;[0m Running 'C:\Users\HOME\AppData\Local\Android\Sdk\platform-tools\adb.exe -P 5037 -s emulator-5554 shell ps -A'
&amp#27;[38;5;192m[21edc1c7]&amp#27;[0m&amp#27;[38;5;-25m[AndroidUiautomator2Driver@2336]&amp#27;[0m Got process name: 'com.androidsample.generalstore'
&amp#27;[38;5;192m[21edc1c7]&amp#27;[0m&amp#27;[38;5;-25m[AndroidUiautomator2Driver@2336]&amp#27;[0m Found 1 webview: ["WEBVIEW_com.androidsample.generalstore"]
&amp#27;[38;5;192m[21edc1c7]&amp#27;[0m&amp#27;[38;5;-25m[AndroidUiautomator2Driver@2336]&amp#27;[0m Available contexts: ["NATIVE_APP","WEBVIEW_com.androidsample.generalstore"]
&amp#27;[38;5;192m[21edc1c7]&amp#27;[0m&amp#27;[38;5;-25m[AndroidUiautomator2Driver@2336]&amp#27;[0m Responding to client with driver.getContexts() result: ["NATIVE_APP","WEBVIEW_com.androidsample.generalstore"]
&amp#27;[38;5;192m[21edc1c7]&amp#27;[0m&amp#27;[38;5;86m[HTTP]&amp#27;[0m &amp#27;[37m<-- GET /session/21edc1c7-065d-4901-b63b-5a354eddaf7a/contexts &amp#27;[39m&amp#27;[32m200&amp#27;[39m &amp#27;[90m356 ms - 65&amp#27;[39m &amp#27;[90m&amp#27;[39m
NATIVE_APP
WEBVIEW_com.androidsample.generalstore
&amp#27;[38;5;192m[21edc1c7]&amp#27;[0m&amp#27;[38;5;86m[HTTP]&amp#27;[0m &amp#27;[37m-->&amp#27;[39m &amp#27;[37mPOST&amp#27;[39m &amp#27;[37m/session/21edc1c7-065d-4901-b63b-5a354eddaf7a/context&amp#27;[39m &amp#27;[90m{"name":"WEBVIEW_com.androidsample.generalstore"}&amp#27;[39m
&amp#27;[38;5;192m[21edc1c7]&amp#27;[0m&amp#27;[38;5;-25m[AndroidUiautomator2Driver@2336]&amp#27;[0m Calling AppiumDriver.setContext() with args: ["WEBVIEW_com.androidsample.generalstore","21edc1c7-065d-4901-b63b-5a354eddaf7a"]
&amp#27;[38;5;192m[21edc1c7]&amp#27;[0m&amp#27;[38;5;-25m[AndroidUiautomator2Driver@2336]&amp#27;[0m Getting a list of available webviews
&amp#27;[38;5;192m[21edc1c7]&amp#27;[0m&amp#27;[38;5;229m[ADB]&amp#27;[0m Running 'C:\Users\HOME\AppData\Local\Android\Sdk\platform-tools\adb.exe -P 5037 -s emulator-5554 shell cat /proc/net/unix'
&amp#27;[38;5;192m[21edc1c7]&amp#27;[0m&amp#27;[38;5;-25m[AndroidUiautomator2Driver@2336]&amp#27;[0m Parsed 1 active devtools socket: ["@webview_devtools_remote_12697"]
&amp#27;[38;5;192m[21edc1c7]&amp#27;[0m&amp#27;[38;5;-25m[AndroidUiautomator2Driver@2336]&amp#27;[0m Collecting CDP data of 1 webview
&amp#27;[38;5;192m[21edc1c7]&amp#27;[0m&amp#27;[38;5;-25m[AndroidUiautomator2Driver@2336]&amp#27;[0m Forwarding remote port webview_devtools_remote_12697 to a local port in range 10900..11000
&amp#27;[38;5;192m[21edc1c7]&amp#27;[0m&amp#27;[38;5;-25m[AndroidUiautomator2Driver@2336]&amp#27;[0m You could use the 'webviewDevtoolsPort' capability to customize the starting port number
&amp#27;[38;5;192m[21edc1c7]&amp#27;[0m&amp#27;[38;5;229m[ADB]&amp#27;[0m Running 'C:\Users\HOME\AppData\Local\Android\Sdk\platform-tools\adb.exe -P 5037 -s emulator-5554 forward tcp:10900 localabstract:webview_devtools_remote_12697'
&amp#27;[38;5;192m[21edc1c7]&amp#27;[0m&amp#27;[38;5;229m[ADB]&amp#27;[0m Removing forwarded port socket connection: 10900 
&amp#27;[38;5;192m[21edc1c7]&amp#27;[0m&amp#27;[38;5;229m[ADB]&amp#27;[0m Running 'C:\Users\HOME\AppData\Local\Android\Sdk\platform-tools\adb.exe -P 5037 -s emulator-5554 forward --remove tcp:10900'
&amp#27;[38;5;192m[21edc1c7]&amp#27;[0m&amp#27;[38;5;-25m[AndroidUiautomator2Driver@2336]&amp#27;[0m CDP data collection completed
&amp#27;[38;5;192m[21edc1c7]&amp#27;[0m&amp#27;[38;5;-25m[AndroidUiautomator2Driver@2336]&amp#27;[0m WEBVIEW_12697 mapped to pid 12697
&amp#27;[38;5;192m[21edc1c7]&amp#27;[0m&amp#27;[38;5;-25m[AndroidUiautomator2Driver@2336]&amp#27;[0m Getting process name for webview 'WEBVIEW_12697'
&amp#27;[38;5;192m[21edc1c7]&amp#27;[0m&amp#27;[38;5;229m[ADB]&amp#27;[0m Running 'C:\Users\HOME\AppData\Local\Android\Sdk\platform-tools\adb.exe -P 5037 -s emulator-5554 shell ps -A'
&amp#27;[38;5;192m[21edc1c7]&amp#27;[0m&amp#27;[38;5;-25m[AndroidUiautomator2Driver@2336]&amp#27;[0m Got process name: 'com.androidsample.generalstore'
&amp#27;[38;5;192m[21edc1c7]&amp#27;[0m&amp#27;[38;5;-25m[AndroidUiautomator2Driver@2336]&amp#27;[0m Found 1 webview: ["WEBVIEW_com.androidsample.generalstore"]
&amp#27;[38;5;192m[21edc1c7]&amp#27;[0m&amp#27;[38;5;-25m[AndroidUiautomator2Driver@2336]&amp#27;[0m Available contexts: ["NATIVE_APP","WEBVIEW_com.androidsample.generalstore"]
&amp#27;[38;5;192m[21edc1c7]&amp#27;[0m&amp#27;[38;5;-25m[AndroidUiautomator2Driver@2336]&amp#27;[0m Connecting to chrome-backed webview context 'WEBVIEW_com.androidsample.generalstore'
&amp#27;[38;5;192m[21edc1c7]&amp#27;[0m&amp#27;[38;5;-25m[AndroidUiautomator2Driver@2336]&amp#27;[0m Found existing Chromedriver for context 'WEBVIEW_com.androidsample.generalstore'. Using it.
&amp#27;[38;5;192m[21edc1c7]&amp#27;[0m&amp#27;[38;5;214m[Chromedriver@7690]&amp#27;[0m Matched '/url' to command name 'getUrl'
&amp#27;[38;5;192m[21edc1c7]&amp#27;[0m&amp#27;[38;5;214m[Chromedriver@7690]&amp#27;[0m Proxying [GET /url] to [GET http://127.0.0.1:63967/session/62aba5a5882211b821023bf4f7362f10/url] with no body
&amp#27;[38;5;192m[21edc1c7]&amp#27;[0m&amp#27;[38;5;214m[Chromedriver@7690]&amp#27;[0m Got response with status 404: {"value":{"error":"no such window","message":"no such window: target window already closed\nfrom unknown error: web view not found\n  (Session info: chrome=124.0.6367.219)","stacktrace":"\tGetHandleVerifier [0x00007FF7D4D91522+60802]\n\t(No symbol) [0x00007FF7D4D0AC22]\n\t(No symbol) [0x00007FF7D4BC7CE4]\n\t(No symbol) [0x00007FF7D4B9DFDF]\n\t(No symbol) [0x00007FF7D4C41E57]\n\t(No symbol) [0x00007FF7D4C598D1]\n\t(No symbol) [0x00007FF7D4C3A923]\n\t(No symbol) [0x00007FF7D4C08FEC]\n\t(No symbol) [0x00007FF7D4C09C21]\n\tGetHandleVerifier [0x00007FF7D50941BD+3217949]\n\tGetHandleVerifier [0x00007FF7D50D6157+3488183]\n\tGetHandleVerifier [0x00007FF7D50CF0DF+3459391]\n\tGetHandleVerifier [0x00007FF7D4E4B8E6+823622]\n\t(No symbol) [0x00007FF7D4D15FBF]\n\t(No symbol) [0x00007FF7D4D10EE4]\n\t(No symbol) [0x00007FF7D4D11072]\n\t(No symbol) [0x00007FF7D4D018C4]\n\tBaseThreadInitThunk [0x00007FFA9DDB257D+29]\n\tRtlUserThreadStart [0x00007FFA9E94AF28+40]\n"}}
&amp#27;[38;5;192m[21edc1c7]&amp#27;[0m&amp#27;[38;5;123m[W3C]&amp#27;[0m Matched W3C error code 'no such window' to NoSuchWindowError
&amp#27;[38;5;192m[21edc1c7]&amp#27;[0m&amp#27;[38;5;-25m[AndroidUiautomator2Driver@2336]&amp#27;[0m ChromeDriver is not associated with a window. Re-initializing the session.
&amp#27;[38;5;192m[21edc1c7]&amp#27;[0m&amp#27;[38;5;214m[Chromedriver@7690]&amp#27;[0m Restarting chromedriver
&amp#27;[38;5;192m[21edc1c7]&amp#27;[0m&amp#27;[38;5;214m[Chromedriver@7690]&amp#27;[0m Changed state to 'restarting'
&amp#27;[38;5;192m[21edc1c7]&amp#27;[0m&amp#27;[38;5;214m[Chromedriver@7690]&amp#27;[0m Matched '' to command name 'deleteSession'
&amp#27;[38;5;192m[21edc1c7]&amp#27;[0m&amp#27;[38;5;214m[Chromedriver@7690]&amp#27;[0m Proxying [DELETE /] to [DELETE http://127.0.0.1:63967/session/62aba5a5882211b821023bf4f7362f10] with no body
&amp#27;[38;5;192m[21edc1c7]&amp#27;[0m&amp#27;[38;5;214m[Chromedriver@7690]&amp#27;[0m Got response with status 200: {"value":null}
&amp#27;[38;5;192m[21edc1c7]&amp#27;[0m&amp#27;[38;5;214m[Chromedriver@7690]&amp#27;[0m Killing any old chromedrivers, running: wmic process where "commandline like '%chromedriver.exe%--port=63967%'" delete
&amp#27;[38;5;192m[21edc1c7]&amp#27;[0m&amp#27;[38;5;214m[Chromedriver@7690]&amp#27;[0m Successfully cleaned up old chromedrivers
&amp#27;[38;5;192m[21edc1c7]&amp#27;[0m&amp#27;[38;5;214m[Chromedriver@7690]&amp#27;[0m Cleaning this device's adb forwarded port socket connections: emulator-5554
&amp#27;[38;5;192m[21edc1c7]&amp#27;[0m&amp#27;[38;5;229m[ADB]&amp#27;[0m List forwarding ports
&amp#27;[38;5;192m[21edc1c7]&amp#27;[0m&amp#27;[38;5;229m[ADB]&amp#27;[0m Running 'C:\Users\HOME\AppData\Local\Android\Sdk\platform-tools\adb.exe -P 5037 -s emulator-5554 forward --list'
&amp#27;[38;5;192m[21edc1c7]&amp#27;[0m&amp#27;[38;5;214m[Chromedriver@7690]&amp#27;[0m Spawning chromedriver with: C:\Users\HOME\.appium\node_modules\appium-uiautomator2-driver\node_modules\appium-chromedriver\chromedriver\win\chromedriver-win64_v124.0.6367.207.exe --port=63967 --adb-port=5037 --verbose
&amp#27;[38;5;192m[21edc1c7]&amp#27;[0m&amp#27;[38;5;214m[Chromedriver@7690]&amp#27;[0m Set ChromeDriver communication protocol to W3C
&amp#27;[38;5;192m[21edc1c7]&amp#27;[0m&amp#27;[38;5;214m[Chromedriver@7690]&amp#27;[0m Matched '/status' to command name 'getStatus'
&amp#27;[38;5;192m[21edc1c7]&amp#27;[0m&amp#27;[38;5;214m[Chromedriver@7690]&amp#27;[0m Proxying [GET /status] to [GET http://127.0.0.1:63967/status] with no body
&amp#27;[38;5;192m[21edc1c7]&amp#27;[0m&amp#27;[38;5;214m[Chromedriver@7690]&amp#27;[0m connect ECONNREFUSED 127.0.0.1:63967
&amp#27;[38;5;192m[21edc1c7]&amp#27;[0m&amp#27;[38;5;214m[Chromedriver@7690]&amp#27;[0m Matched '/status' to command name 'getStatus'
&amp#27;[38;5;192m[21edc1c7]&amp#27;[0m&amp#27;[38;5;214m[Chromedriver@7690]&amp#27;[0m Proxying [GET /status] to [GET http://127.0.0.1:63967/status] with no body
&amp#27;[38;5;192m[21edc1c7]&amp#27;[0m&amp#27;[38;5;214m[Chromedriver@7690]&amp#27;[0m Got response with status 200: {"value":{"build":{"version":"124.0.6367.207 (a9001a6e39fbaa559510ca866052950457dd4e6b-refs/branch-heads/6367_201@{#3})"},"message":"ChromeDriver ready for new sessions.","os":{"arch":"x86_64","name":"Windows NT","version":"10.0.22631"},"ready":true}}
&amp#27;[38;5;192m[21edc1c7]&amp#27;[0m&amp#27;[38;5;214m[Chromedriver@7690]&amp#27;[0m Starting W3C Chromedriver session with capabilities: {
  "capabilities": {
    "alwaysMatch": {
      "goog:chromeOptions": {
        "androidPackage": "com.androidsample.generalstore",
        "androidUseRunningApp": true,
        "androidProcess": "com.androidsample.generalstore",
        "androidDeviceSerial": "emulator-5554"
      },
      "goog:loggingPrefs": {
        "browser": "ALL"
      }
    }
  }
}
&amp#27;[38;5;192m[21edc1c7]&amp#27;[0m&amp#27;[38;5;214m[Chromedriver@7690]&amp#27;[0m Matched '/session' to command name 'createSession'
&amp#27;[38;5;192m[21edc1c7]&amp#27;[0m&amp#27;[38;5;214m[Chromedriver@7690]&amp#27;[0m Proxying [POST /session] to [POST http://127.0.0.1:63967/session] with body: {"capabilities":{"alwaysMatch":{"goog:chromeOptions":{"androidPackage":"com.androidsample.generalstore","androidUseRunningApp":true,"androidProcess":"com.androidsample.generalstore","androidDeviceSerial":"emulator-5554"},"goog:loggingPrefs":{"browser":"ALL"}}}}
&amp#27;[38;5;192m[21edc1c7]&amp#27;[0m&amp#27;[38;5;214m[Chromedriver@7690]&amp#27;[0m Webview version: 'Chrome/124.0.6367.219'
&amp#27;[38;5;192m[21edc1c7]&amp#27;[0m&amp#27;[38;5;214m[Chromedriver@7690]&amp#27;[0m Got response with status 200: {"value":{"capabilities":{"acceptInsecureCerts":false,"browserName":"chrome","browserVersion":"124.0.6367.219","chrome":{"chromedriverVersion":"124.0.6367.207 (a9001a6e39fbaa559510ca866052950457dd4e6b-refs/branch-heads/6367_201@{#3})"},"fedcm:accounts":true,"goog:chromeOptions":{"debuggerAddress":"localhost:64056"},"pageLoadStrategy":"normal","platformName":"android","proxy":{},"setWindowRect":false,"strictFileInteractability":false,"timeouts":{"implicit":0,"pageLoad":300000,"script":30000},"unhandledPromptBehavior":"dismiss and notify","webauthn:extension:credBlob":false,"webauthn:extension:largeBlob":false,"webauthn:extension:minPinLength":false,"webauthn:extension:prf":false,"webauthn:virtualAuthenticators":false},"sessionId":"e67f93834e41d4ea76cdf2f4b3e5e409"}}
&amp#27;[38;5;192m[21edc1c7]&amp#27;[0m&amp#27;[38;5;214m[Chromedriver@7690]&amp#27;[0m Determined the downstream protocol as 'W3C'
&amp#27;[38;5;192m[21edc1c7]&amp#27;[0m&amp#27;[38;5;214m[Chromedriver@7690]&amp#27;[0m Changed state to 'online'
&amp#27;[38;5;192m[21edc1c7]&amp#27;[0m&amp#27;[38;5;-25m[AndroidUiautomator2Driver@2336]&amp#27;[0m Responding to client with driver.setContext() result: null
&amp#27;[38;5;192m[21edc1c7]&amp#27;[0m&amp#27;[38;5;86m[HTTP]&amp#27;[0m &amp#27;[37m<-- POST /session/21edc1c7-065d-4901-b63b-5a354eddaf7a/context &amp#27;[39m&amp#27;[32m200&amp#27;[39m &amp#27;[90m1514 ms - 14&amp#27;[39m &amp#27;[90m&amp#27;[39m
&amp#27;[38;5;192m[21edc1c7]&amp#27;[0m&amp#27;[38;5;86m[HTTP]&amp#27;[0m &amp#27;[37m-->&amp#27;[39m &amp#27;[37mPOST&amp#27;[39m &amp#27;[37m/session/21edc1c7-065d-4901-b63b-5a354eddaf7a/element&amp#27;[39m &amp#27;[90m{"value":"*[name='q']","using":"css selector"}&amp#27;[39m
&amp#27;[38;5;192m[21edc1c7]&amp#27;[0m&amp#27;[38;5;-25m[AndroidUiautomator2Driver@2336]&amp#27;[0m Driver proxy active, passing request on via HTTP proxy
&amp#27;[38;5;192m[21edc1c7]&amp#27;[0m&amp#27;[38;5;214m[Chromedriver@7690]&amp#27;[0m Matched '/session/21edc1c7-065d-4901-b63b-5a354eddaf7a/element' to command name 'findElement'
&amp#27;[38;5;192m[21edc1c7]&amp#27;[0m&amp#27;[38;5;214m[Chromedriver@7690]&amp#27;[0m Proxying [POST /session/21edc1c7-065d-4901-b63b-5a354eddaf7a/element] to [POST http://127.0.0.1:63967/session/e67f93834e41d4ea76cdf2f4b3e5e409/element] with body: {"value":"*[name='q']","using":"css selector"}
&amp#27;[38;5;192m[21edc1c7]&amp#27;[0m&amp#27;[38;5;214m[Chromedriver@7690]&amp#27;[0m Got response with status 200: {"value":{"element-6066-11e4-a52e-4f735466cecf":"f.B012F3496AD589103B8CFF6AA769D6D1.d.6F0B4096463B53DD4661AD04E185F919.e.6"}}
&amp#27;[38;5;192m[21edc1c7]&amp#27;[0m&amp#27;[38;5;86m[HTTP]&amp#27;[0m &amp#27;[37m<-- POST /session/21edc1c7-065d-4901-b63b-5a354eddaf7a/element &amp#27;[39m&amp#27;[32m200&amp#27;[39m &amp#27;[90m167 ms - 211&amp#27;[39m &amp#27;[90m&amp#27;[39m
&amp#27;[38;5;192m[21edc1c7]&amp#27;[0m&amp#27;[38;5;86m[HTTP]&amp#27;[0m &amp#27;[37m-->&amp#27;[39m &amp#27;[37mPOST&amp#27;[39m &amp#27;[37m/session/21edc1c7-065d-4901-b63b-5a354eddaf7a/element/f.B012F3496AD589103B8CFF6AA769D6D1.d.6F0B4096463B53DD4661AD04E185F919.e.6/value&amp#27;[39m &amp#27;[90m{"text":"voola pranavraj","value":["v","o","o","l","a"," ","p","r","a","n","a","v","r","a","j"],"id":"f.B012F3496AD589103B8CFF6AA769D6D1.d.6F0B4096463B53DD4661AD04E185F919.e.6"}&amp#27;[39m
&amp#27;[38;5;192m[21edc1c7]&amp#27;[0m&amp#27;[38;5;-25m[AndroidUiautomator2Driver@2336]&amp#27;[0m Driver proxy active, passing request on via HTTP proxy
&amp#27;[38;5;192m[21edc1c7]&amp#27;[0m&amp#27;[38;5;214m[Chromedriver@7690]&amp#27;[0m Matched '/session/21edc1c7-065d-4901-b63b-5a354eddaf7a/element/f.B012F3496AD589103B8CFF6AA769D6D1.d.6F0B4096463B53DD4661AD04E185F919.e.6/value' to command name 'setValue'
&amp#27;[38;5;192m[21edc1c7]&amp#27;[0m&amp#27;[38;5;214m[Chromedriver@7690]&amp#27;[0m Proxying [POST /session/21edc1c7-065d-4901-b63b-5a354eddaf7a/element/f.B012F3496AD589103B8CFF6AA769D6D1.d.6F0B4096463B53DD4661AD04E185F919.e.6/value] to [POST http://127.0.0.1:63967/session/e67f93834e41d4ea76cdf2f4b3e5e409/element/f.B012F3496AD589103B8CFF6AA769D6D1.d.6F0B4096463B53DD4661AD04E185F919.e.6/value] with body: {"text":"voola pranavraj","value":["v","o","o","l","a"," ","p","r","a","n","a","v","r","a","j"],"id":"f.B012F3496AD589103B8CFF6AA769D6D1.d.6F0B4096463B53DD4661AD04E185F919.e.6"}
&amp#27;[38;5;192m[21edc1c7]&amp#27;[0m&amp#27;[38;5;214m[Chromedriver@7690]&amp#27;[0m Got response with status 200: {"value":null}
&amp#27;[38;5;192m[21edc1c7]&amp#27;[0m&amp#27;[38;5;86m[HTTP]&amp#27;[0m &amp#27;[37m<-- POST /session/21edc1c7-065d-4901-b63b-5a354eddaf7a/element/f.B012F3496AD589103B8CFF6AA769D6D1.d.6F0B4096463B53DD4661AD04E185F919.e.6/value &amp#27;[39m&amp#27;[32m200&amp#27;[39m &amp#27;[90m563 ms - 14&amp#27;[39m &amp#27;[90m&amp#27;[39m
&amp#27;[38;5;192m[21edc1c7]&amp#27;[0m&amp#27;[38;5;86m[HTTP]&amp#27;[0m &amp#27;[37m-->&amp#27;[39m &amp#27;[37mPOST&amp#27;[39m &amp#27;[37m/session/21edc1c7-065d-4901-b63b-5a354eddaf7a/element&amp#27;[39m &amp#27;[90m{"value":"*[name='q']","using":"css selector"}&amp#27;[39m
&amp#27;[38;5;192m[21edc1c7]&amp#27;[0m&amp#27;[38;5;-25m[AndroidUiautomator2Driver@2336]&amp#27;[0m Driver proxy active, passing request on via HTTP proxy
&amp#27;[38;5;192m[21edc1c7]&amp#27;[0m&amp#27;[38;5;214m[Chromedriver@7690]&amp#27;[0m Matched '/session/21edc1c7-065d-4901-b63b-5a354eddaf7a/element' to command name 'findElement'
&amp#27;[38;5;192m[21edc1c7]&amp#27;[0m&amp#27;[38;5;214m[Chromedriver@7690]&amp#27;[0m Proxying [POST /session/21edc1c7-065d-4901-b63b-5a354eddaf7a/element] to [POST http://127.0.0.1:63967/session/e67f93834e41d4ea76cdf2f4b3e5e409/element] with body: {"value":"*[name='q']","using":"css selector"}
&amp#27;[38;5;192m[21edc1c7]&amp#27;[0m&amp#27;[38;5;214m[Chromedriver@7690]&amp#27;[0m Got response with status 200: {"value":{"element-6066-11e4-a52e-4f735466cecf":"f.B012F3496AD589103B8CFF6AA769D6D1.d.6F0B4096463B53DD4661AD04E185F919.e.6"}}
&amp#27;[38;5;192m[21edc1c7]&amp#27;[0m&amp#27;[38;5;86m[HTTP]&amp#27;[0m &amp#27;[37m<-- POST /session/21edc1c7-065d-4901-b63b-5a354eddaf7a/element &amp#27;[39m&amp#27;[32m200&amp#27;[39m &amp#27;[90m166 ms - 211&amp#27;[39m &amp#27;[90m&amp#27;[39m
&amp#27;[38;5;192m[21edc1c7]&amp#27;[0m&amp#27;[38;5;86m[HTTP]&amp#27;[0m &amp#27;[37m-->&amp#27;[39m &amp#27;[37mPOST&amp#27;[39m &amp#27;[37m/session/21edc1c7-065d-4901-b63b-5a354eddaf7a/element/f.B012F3496AD589103B8CFF6AA769D6D1.d.6F0B4096463B53DD4661AD04E185F919.e.6/value&amp#27;[39m &amp#27;[90m{"text":"","value":[""],"id":"f.B012F3496AD589103B8CFF6AA769D6D1.d.6F0B4096463B53DD4661AD04E185F919.e.6"}&amp#27;[39m
&amp#27;[38;5;192m[21edc1c7]&amp#27;[0m&amp#27;[38;5;-25m[AndroidUiautomator2Driver@2336]&amp#27;[0m Driver proxy active, passing request on via HTTP proxy
&amp#27;[38;5;192m[21edc1c7]&amp#27;[0m&amp#27;[38;5;214m[Chromedriver@7690]&amp#27;[0m Matched '/session/21edc1c7-065d-4901-b63b-5a354eddaf7a/element/f.B012F3496AD589103B8CFF6AA769D6D1.d.6F0B4096463B53DD4661AD04E185F919.e.6/value' to command name 'setValue'
&amp#27;[38;5;192m[21edc1c7]&amp#27;[0m&amp#27;[38;5;214m[Chromedriver@7690]&amp#27;[0m Proxying [POST /session/21edc1c7-065d-4901-b63b-5a354eddaf7a/element/f.B012F3496AD589103B8CFF6AA769D6D1.d.6F0B4096463B53DD4661AD04E185F919.e.6/value] to [POST http://127.0.0.1:63967/session/e67f93834e41d4ea76cdf2f4b3e5e409/element/f.B012F3496AD589103B8CFF6AA769D6D1.d.6F0B4096463B53DD4661AD04E185F919.e.6/value] with body: {"text":"","value":[""],"id":"f.B012F3496AD589103B8CFF6AA769D6D1.d.6F0B4096463B53DD4661AD04E185F919.e.6"}
&amp#27;[38;5;192m[21edc1c7]&amp#27;[0m&amp#27;[38;5;214m[Chromedriver@7690]&amp#27;[0m Got response with status 200: {"value":null}
&amp#27;[38;5;192m[21edc1c7]&amp#27;[0m&amp#27;[38;5;86m[HTTP]&amp#27;[0m &amp#27;[37m<-- POST /session/21edc1c7-065d-4901-b63b-5a354eddaf7a/element/f.B012F3496AD589103B8CFF6AA769D6D1.d.6F0B4096463B53DD4661AD04E185F919.e.6/value &amp#27;[39m&amp#27;[32m200&amp#27;[39m &amp#27;[90m272 ms - 14&amp#27;[39m &amp#27;[90m&amp#27;[39m
&amp#27;[38;5;192m[21edc1c7]&amp#27;[0m&amp#27;[38;5;86m[HTTP]&amp#27;[0m &amp#27;[37m-->&amp#27;[39m &amp#27;[37mPOST&amp#27;[39m &amp#27;[37m/session/21edc1c7-065d-4901-b63b-5a354eddaf7a/execute/sync&amp#27;[39m &amp#27;[90m{"script":"mobile: pressKey","args":[{"keycode":4,"isLongPress":true}]}&amp#27;[39m
&amp#27;[38;5;192m[21edc1c7]&amp#27;[0m&amp#27;[38;5;-25m[AndroidUiautomator2Driver@2336]&amp#27;[0m Calling AppiumDriver.execute() with args: ["mobile: pressKey",[{"keycode":4,"isLongPress":true}],"21edc1c7-065d-4901-b63b-5a354eddaf7a"]
&amp#27;[38;5;192m[21edc1c7]&amp#27;[0m&amp#27;[38;5;-25m[AndroidUiautomator2Driver@2336]&amp#27;[0m Executing native command 'mobile: pressKey'
&amp#27;[38;5;192m[21edc1c7]&amp#27;[0m&amp#27;[38;5;-25m[AndroidUiautomator2Driver@2336]&amp#27;[0m Matched '/appium/device/long_press_keycode' to command name 'longPressKeyCode'
&amp#27;[38;5;192m[21edc1c7]&amp#27;[0m&amp#27;[38;5;-25m[AndroidUiautomator2Driver@2336]&amp#27;[0m Proxying [POST /appium/device/long_press_keycode] to [POST http://127.0.0.1:8200/session/ec29d363-93a1-405a-b18e-ed0f88bdf279/appium/device/long_press_keycode] with body: {"keycode":4}
&amp#27;[38;5;192m[21edc1c7]&amp#27;[0m&amp#27;[38;5;-25m[AndroidUiautomator2Driver@2336]&amp#27;[0m Got response with status 200: {"sessionId":"ec29d363-93a1-405a-b18e-ed0f88bdf279","value":null}
&amp#27;[38;5;192m[21edc1c7]&amp#27;[0m&amp#27;[38;5;-25m[AndroidUiautomator2Driver@2336]&amp#27;[0m Responding to client with driver.execute() result: null
&amp#27;[38;5;192m[21edc1c7]&amp#27;[0m&amp#27;[38;5;86m[HTTP]&amp#27;[0m &amp#27;[37m<-- POST /session/21edc1c7-065d-4901-b63b-5a354eddaf7a/execute/sync &amp#27;[39m&amp#27;[32m200&amp#27;[39m &amp#27;[90m1212 ms - 14&amp#27;[39m &amp#27;[90m&amp#27;[39m
&amp#27;[38;5;192m[21edc1c7]&amp#27;[0m&amp#27;[38;5;86m[HTTP]&amp#27;[0m &amp#27;[37m-->&amp#27;[39m &amp#27;[37mPOST&amp#27;[39m &amp#27;[37m/session/21edc1c7-065d-4901-b63b-5a354eddaf7a/context&amp#27;[39m &amp#27;[90m{"name":"NATIVE_APP"}&amp#27;[39m
&amp#27;[38;5;192m[21edc1c7]&amp#27;[0m&amp#27;[38;5;-25m[AndroidUiautomator2Driver@2336]&amp#27;[0m Calling AppiumDriver.setContext() with args: ["NATIVE_APP","21edc1c7-065d-4901-b63b-5a354eddaf7a"]
&amp#27;[38;5;192m[21edc1c7]&amp#27;[0m&amp#27;[38;5;-25m[AndroidUiautomator2Driver@2336]&amp#27;[0m Getting a list of available webviews
&amp#27;[38;5;192m[21edc1c7]&amp#27;[0m&amp#27;[38;5;229m[ADB]&amp#27;[0m Running 'C:\Users\HOME\AppData\Local\Android\Sdk\platform-tools\adb.exe -P 5037 -s emulator-5554 shell cat /proc/net/unix'
&amp#27;[38;5;192m[21edc1c7]&amp#27;[0m&amp#27;[38;5;-25m[AndroidUiautomator2Driver@2336]&amp#27;[0m Parsed 1 active devtools socket: ["@webview_devtools_remote_12697"]
&amp#27;[38;5;192m[21edc1c7]&amp#27;[0m&amp#27;[38;5;-25m[AndroidUiautomator2Driver@2336]&amp#27;[0m Collecting CDP data of 1 webview
&amp#27;[38;5;192m[21edc1c7]&amp#27;[0m&amp#27;[38;5;-25m[AndroidUiautomator2Driver@2336]&amp#27;[0m Forwarding remote port webview_devtools_remote_12697 to a local port in range 10900..11000
&amp#27;[38;5;192m[21edc1c7]&amp#27;[0m&amp#27;[38;5;-25m[AndroidUiautomator2Driver@2336]&amp#27;[0m You could use the 'webviewDevtoolsPort' capability to customize the starting port number
&amp#27;[38;5;192m[21edc1c7]&amp#27;[0m&amp#27;[38;5;229m[ADB]&amp#27;[0m Running 'C:\Users\HOME\AppData\Local\Android\Sdk\platform-tools\adb.exe -P 5037 -s emulator-5554 forward tcp:10900 localabstract:webview_devtools_remote_12697'
&amp#27;[38;5;192m[21edc1c7]&amp#27;[0m&amp#27;[38;5;229m[ADB]&amp#27;[0m Removing forwarded port socket connection: 10900 
&amp#27;[38;5;192m[21edc1c7]&amp#27;[0m&amp#27;[38;5;229m[ADB]&amp#27;[0m Running 'C:\Users\HOME\AppData\Local\Android\Sdk\platform-tools\adb.exe -P 5037 -s emulator-5554 forward --remove tcp:10900'
&amp#27;[38;5;192m[21edc1c7]&amp#27;[0m&amp#27;[38;5;-25m[AndroidUiautomator2Driver@2336]&amp#27;[0m CDP data collection completed
&amp#27;[38;5;192m[21edc1c7]&amp#27;[0m&amp#27;[38;5;-25m[AndroidUiautomator2Driver@2336]&amp#27;[0m WEBVIEW_12697 mapped to pid 12697
&amp#27;[38;5;192m[21edc1c7]&amp#27;[0m&amp#27;[38;5;-25m[AndroidUiautomator2Driver@2336]&amp#27;[0m Getting process name for webview 'WEBVIEW_12697'
&amp#27;[38;5;192m[21edc1c7]&amp#27;[0m&amp#27;[38;5;229m[ADB]&amp#27;[0m Running 'C:\Users\HOME\AppData\Local\Android\Sdk\platform-tools\adb.exe -P 5037 -s emulator-5554 shell ps -A'
&amp#27;[38;5;192m[21edc1c7]&amp#27;[0m&amp#27;[38;5;-25m[AndroidUiautomator2Driver@2336]&amp#27;[0m Got process name: 'com.androidsample.generalstore'
&amp#27;[38;5;192m[21edc1c7]&amp#27;[0m&amp#27;[38;5;-25m[AndroidUiautomator2Driver@2336]&amp#27;[0m Found 1 webview: ["WEBVIEW_com.androidsample.generalstore"]
&amp#27;[38;5;192m[21edc1c7]&amp#27;[0m&amp#27;[38;5;-25m[AndroidUiautomator2Driver@2336]&amp#27;[0m Available contexts: ["NATIVE_APP","WEBVIEW_com.androidsample.generalstore"]
&amp#27;[38;5;192m[21edc1c7]&amp#27;[0m&amp#27;[38;5;-25m[AndroidUiautomator2Driver@2336]&amp#27;[0m Responding to client with driver.setContext() result: null
&amp#27;[38;5;192m[21edc1c7]&amp#27;[0m&amp#27;[38;5;86m[HTTP]&amp#27;[0m &amp#27;[37m<-- POST /session/21edc1c7-065d-4901-b63b-5a354eddaf7a/context &amp#27;[39m&amp#27;[32m200&amp#27;[39m &amp#27;[90m316 ms - 14&amp#27;[39m &amp#27;[90m&amp#27;[39m
]]></system-out>
  </testcase>
</testsuite>