<?xml version="1.0" encoding="UTF-8"?>
<!-- Generated by org.testng.reporters.JUnitReportReporter -->
<testsuite hostname="Lucky" failures="0" tests="2" name="Pranavraj.AppiumFrameWorkDesign.eCommerce" time="57.309" errors="0" timestamp="2024-08-06T13:41:24 IST" skipped="0">
  <testcase classname="Pranavraj.AppiumFrameWorkDesign.eCommerce" name="ecommerce_Test3_switch_from_Apps_to_Webbrowser" time="26.016"/>
  <testcase classname="Pranavraj.AppiumFrameWorkDesign.eCommerce" name="ecommerce_Test3_switch_from_Apps_to_Webbrowser" time="31.293"/>
</testsuite> <!-- Pranavraj.AppiumFrameWorkDesign.eCommerce -->
