<?xml version="1.0" encoding="UTF-8"?>
<!-- Generated by org.testng.reporters.JUnitReportReporter -->
<testsuite hostname="Lucky" failures="0" tests="2" name="Pranavraj.AppiumFrameWorkDesign.eCommerce_Hybrid" time="57.416" errors="0" timestamp="2024-08-06T14:05:02 IST" skipped="0">
  <testcase classname="Pranavraj.AppiumFrameWorkDesign.eCommerce_Hybrid" name="ecommerce_Test3_switch_from_Apps_to_Webbrowser" time="30.380"/>
  <testcase classname="Pranavraj.AppiumFrameWorkDesign.eCommerce_Hybrid" name="ecommerce_Test3_switch_from_Apps_to_Webbrowser" time="27.036"/>
</testsuite> <!-- Pranavraj.AppiumFrameWorkDesign.eCommerce_Hybrid -->
