<?xml version="1.0" encoding="UTF-8"?>
<!-- Generated by org.testng.reporters.JUnitReportReporter -->
<testsuite hostname="Lucky" failures="0" tests="1" name="Pranavraj.AppiumFrameWorkDesign.eCommerceWithoutPageObject" time="23.041" errors="0" timestamp="2024-08-06T13:41:24 IST" skipped="0">
  <testcase classname="Pranavraj.AppiumFrameWorkDesign.eCommerceWithoutPageObject" name="ecommerce_Test3_switch_from_Apps_to_Webbrowser" time="23.041"/>
</testsuite> <!-- Pranavraj.AppiumFrameWorkDesign.eCommerceWithoutPageObject -->
