<?xml version="1.0" encoding="UTF-8"?>
<!-- Generated by org.testng.reporters.JUnitReportReporter -->
<testsuite hostname="Lucky" failures="0" tests="2" name="Pranavraj.AppiumFrameWorkDesign.eCommerce_Hybrid" time="62.436" errors="0" timestamp="2024-08-06T15:34:15 IST" skipped="0">
  <testcase classname="Pranavraj.AppiumFrameWorkDesign.eCommerce_Hybrid" name="ecommerce_Test3_switch_from_Apps_to_Webbrowser" time="26.750"/>
  <testcase classname="Pranavraj.AppiumFrameWorkDesign.eCommerce_Hybrid" name="ecommerce_Test3_switch_from_Apps_to_Webbrowser" time="35.686"/>
</testsuite> <!-- Pranavraj.AppiumFrameWorkDesign.eCommerce_Hybrid -->
